=================  iMuzaMusic v1.0 - Tue Feb 28 14:55:08 IST 2017 ==================
14:55:08	Attempting connection to MS Access DB
14:55:08	DB File: C:\Users\nisan\Documents\Git\HandsInAirLatest\sources\MM_DB.accdb
14:55:10	Successfully connected to MS Access DB.
14:55:10	Opening Login Window through iWindow
14:55:12	Selected Debug Quick Login Feature for Yaris
14:55:12	Logging in...
14:55:12	Submitted from DEBUG Window
14:55:12	User: AG004 Password: 616asfsaf
14:55:12	Attempting login using AG004/616asfsaf
14:55:12	Agent logged in
14:55:12	Initiating main UI
14:55:12	Aquiring menu for AG004 Auth: Agent
14:55:12	Selected Debug Quick Login Feature for Yaris
14:55:12	Logging in...
14:55:12	Submitted from DEBUG Window
14:55:12	User: AG004 Password: 616asfsaf
14:55:12	Attempting login using AG004/616asfsaf
14:55:12	Agent logged in
14:55:12	Initiating main UI
14:55:12	Aquiring menu for AG004 Auth: Agent
14:55:13	Logging out Hands In Air
14:55:19	Added show to ShowList (PF009 Rihanna)
14:55:19	Added show to ShowList (PF006 Rihanna)
14:55:20	Added show to ShowList (PF009 Rihanna)
14:55:20	Added show to ShowList (PF006 Rihanna)
14:55:22	Added show to ShowList (PF009 Rihanna)
14:55:22	Added show to ShowList (PF006 Rihanna)
14:55:24	Added show to ShowList (PF009 Rihanna)
14:55:24	Added show to ShowList (PF006 Rihanna)
14:55:29	Logging out Hands In Air
