=================  iMuzaMusic v1.0 - Tue Feb 28 14:08:56 IST 2017 ==================
14:08:56	Attempting connection to MS Access DB
14:08:56	DB File: C:\Users\nisan\Documents\Git\HandsInAirLatest\sources\MM_DB.accdb
14:08:58	Successfully connected to MS Access DB.
14:08:58	Opening Login Window through iWindow
14:09:03	Submitted
14:09:03	User:  Password: Password
14:09:03	Attempting login using /Password
14:09:03	Submitted
14:09:03	User:  Password: Password
14:09:03	Attempting login using /Password
14:09:03	Submitted
14:09:03	User:  Password: Password
14:09:03	Attempting login using /Password
14:09:03	Submitted
14:09:03	User:  Password: Password
14:09:03	Attempting login using /Password
14:09:04	Submitted
14:09:04	User:  Password: Password
14:09:04	Attempting login using /Password
14:09:04	Submitted
14:09:04	User:  Password: Password
14:09:04	Attempting login using /Password
14:09:04	Submitted
14:09:04	User:  Password: Password
14:09:04	Attempting login using /Password
