=================  iMuzaMusic v1.0 - Tue Feb 28 16:55:52 IST 2017 ==================
16:55:52	Attempting connection to MS Access DB
16:55:52	DB File: C:\Users\nisan\Documents\Git\HandsInAirLatest\sources\MM_DB.accdb
16:55:54	Successfully connected to MS Access DB.
16:55:54	Opening Login Window through iWindow
16:55:54	Submitted
16:55:54	User: CU0123 Password: eg2j0g
16:55:54	Attempting login using CU0123/eg2j0g
16:55:54	test
16:55:54	Customer logged in
16:55:54	Initiating main UI
16:55:54	Aquiring menu for CU0123 Auth: Customer
16:55:55	Creating birthday card for customer: Rafi
16:56:07	Selected Debug Quick Login Feature for Nisan
16:56:07	Logging in...
16:56:07	Submitted from DEBUG Window
16:56:07	User: RE001 Password: admin
16:56:07	Attempting login using RE001/admin
16:56:07	Artist logged in
16:56:07	Initiating main UI
16:56:07	Aquiring menu for RE001 Auth: Representative
16:56:07	Selected Debug Quick Login Feature for Nisan
16:56:07	Logging in...
16:56:07	Submitted from DEBUG Window
16:56:07	User: RE001 Password: admin
16:56:07	Attempting login using RE001/admin
16:56:07	Artist logged in
16:56:07	Initiating main UI
16:56:07	Aquiring menu for RE001 Auth: Representative
16:56:08	DF: 2/28/2017 04:56:08 PM
16:56:08	TS: 2017-02-28 16:56:08.095 TST: 1488293768095 dd: 2017-02-28 ddt: 1488293768095
16:56:08	Pulling data for Max_Allowed_Showtime
16:56:08	Executing Query: SELECT TOP 1 GlobalSettings.Key, GlobalSettings.Value
FROM GlobalSettings
GROUP BY GlobalSettings.Key, GlobalSettings.Value
HAVING (((GlobalSettings.Key) In ("Max_Allowed_Showtime")) AND (LAST(GlobalSettings.dateUpdated<=#2/28/2017 04:56:08 PM#)))
ORDER BY Last(GlobalSettings.dateUpdated) DESC
16:56:08	Pulling data for Location_Commission
16:56:08	Executing Query: SELECT TOP 1 GlobalSettings.Key, GlobalSettings.Value
FROM GlobalSettings
GROUP BY GlobalSettings.Key, GlobalSettings.Value
HAVING (((GlobalSettings.Key) In ("Location_Commission")) AND (LAST(GlobalSettings.dateUpdated<=#2/28/2017 04:56:08 PM#)))
ORDER BY Last(GlobalSettings.dateUpdated) DESC
16:56:08	Pulling data for Show_Approval_Timeout
16:56:08	Executing Query: SELECT TOP 1 GlobalSettings.Key, GlobalSettings.Value
FROM GlobalSettings
GROUP BY GlobalSettings.Key, GlobalSettings.Value
HAVING (((GlobalSettings.Key) In ("Show_Approval_Timeout")) AND (LAST(GlobalSettings.dateUpdated<=#2/28/2017 04:56:08 PM#)))
ORDER BY Last(GlobalSettings.dateUpdated) DESC
16:56:08	Pulling data for Show_Addon_Commission
16:56:08	Executing Query: SELECT TOP 1 GlobalSettings.Key, GlobalSettings.Value
FROM GlobalSettings
GROUP BY GlobalSettings.Key, GlobalSettings.Value
HAVING (((GlobalSettings.Key) In ("Show_Addon_Commission")) AND (LAST(GlobalSettings.dateUpdated<=#2/28/2017 04:56:08 PM#)))
ORDER BY Last(GlobalSettings.dateUpdated) DESC
16:56:08	Pulling data for Artist_Commission
16:56:08	Executing Query: SELECT TOP 1 GlobalSettings.Key, GlobalSettings.Value
FROM GlobalSettings
GROUP BY GlobalSettings.Key, GlobalSettings.Value
HAVING (((GlobalSettings.Key) In ("Artist_Commission")) AND (LAST(GlobalSettings.dateUpdated<=#2/28/2017 04:56:08 PM#)))
ORDER BY Last(GlobalSettings.dateUpdated) DESC
16:56:08	Pulling data for Birthday_Card
16:56:08	Executing Query: SELECT TOP 1 GlobalSettings.Key, GlobalSettings.Value
FROM GlobalSettings
GROUP BY GlobalSettings.Key, GlobalSettings.Value
HAVING (((GlobalSettings.Key) In ("Birthday_Card")) AND (LAST(GlobalSettings.dateUpdated<=#2/28/2017 04:56:08 PM#)))
ORDER BY Last(GlobalSettings.dateUpdated) DESC
16:56:08	Pulling data for Max_Addon_Commission
16:56:08	Executing Query: SELECT TOP 1 GlobalSettings.Key, GlobalSettings.Value
FROM GlobalSettings
GROUP BY GlobalSettings.Key, GlobalSettings.Value
HAVING (((GlobalSettings.Key) In ("Max_Addon_Commission")) AND (LAST(GlobalSettings.dateUpdated<=#2/28/2017 04:56:08 PM#)))
ORDER BY Last(GlobalSettings.dateUpdated) DESC
16:56:08	Pulling data for Presale_Discount
16:56:08	Executing Query: SELECT TOP 1 GlobalSettings.Key, GlobalSettings.Value
FROM GlobalSettings
GROUP BY GlobalSettings.Key, GlobalSettings.Value
HAVING (((GlobalSettings.Key) In ("Presale_Discount")) AND (LAST(GlobalSettings.dateUpdated<=#2/28/2017 04:56:08 PM#)))
ORDER BY Last(GlobalSettings.dateUpdated) DESC
16:56:08	Pulling data for Regular_Tickets_Sale
16:56:08	Executing Query: SELECT TOP 1 GlobalSettings.Key, GlobalSettings.Value
FROM GlobalSettings
GROUP BY GlobalSettings.Key, GlobalSettings.Value
HAVING (((GlobalSettings.Key) In ("Regular_Tickets_Sale")) AND (LAST(GlobalSettings.dateUpdated<=#2/28/2017 04:56:08 PM#)))
ORDER BY Last(GlobalSettings.dateUpdated) DESC
16:56:08	Pulling data for Max_Presale_Tickets
16:56:08	Executing Query: SELECT TOP 1 GlobalSettings.Key, GlobalSettings.Value
FROM GlobalSettings
GROUP BY GlobalSettings.Key, GlobalSettings.Value
HAVING (((GlobalSettings.Key) In ("Max_Presale_Tickets")) AND (LAST(GlobalSettings.dateUpdated<=#2/28/2017 04:56:08 PM#)))
ORDER BY Last(GlobalSettings.dateUpdated) DESC
16:56:08	Pulling data for Minimum_Days_Before_Presale
16:56:08	Executing Query: SELECT TOP 1 GlobalSettings.Key, GlobalSettings.Value
FROM GlobalSettings
GROUP BY GlobalSettings.Key, GlobalSettings.Value
HAVING (((GlobalSettings.Key) In ("Minimum_Days_Before_Presale")) AND (LAST(GlobalSettings.dateUpdated<=#2/28/2017 04:56:08 PM#)))
ORDER BY Last(GlobalSettings.dateUpdated) DESC
16:56:08	GOT TXT: asd22asd

asd
ad
sa
d
16:56:08	Max_Allowed_Showtime: 2
16:56:08	Location_Commission: 20
16:56:08	Show_Approval_Timeout: 7
16:56:08	Show_Addon_Commission: 10
16:56:08	Artist_Commission: 60
16:56:08	Birthday_Card: asd22asd

asd
ad
sa
d
16:56:08	Max_Addon_Commission: 8
16:56:08	Presale_Discount: 10
16:56:08	Regular_Tickets_Sale: 14
16:56:08	Max_Presale_Tickets: 4
16:56:08	Minimum_Days_Before_Presale: 21
16:57:09	Starting to update global settings
16:57:09	Sending UPDATE Query: INSERT INTO GlobalSettings(Key, Value, Comment, dateUpdated) VALUES ("Max_Allowed_Showtime","2","Updated By RE001", Now())
16:57:09	Sending UPDATE Query: INSERT INTO GlobalSettings(Key, Value, Comment, dateUpdated) VALUES ("Location_Commission","20","Updated By RE001", Now())
16:57:09	Sending UPDATE Query: INSERT INTO GlobalSettings(Key, Value, Comment, dateUpdated) VALUES ("Show_Approval_Timeout","7","Updated By RE001", Now())
16:57:09	Sending UPDATE Query: INSERT INTO GlobalSettings(Key, Value, Comment, dateUpdated) VALUES ("Show_Addon_Commission","10","Updated By RE001", Now())
16:57:09	Sending UPDATE Query: INSERT INTO GlobalSettings(Key, Value, Comment, dateUpdated) VALUES ("Artist_Commission","60","Updated By RE001", Now())
16:57:09	Sending UPDATE Query: INSERT INTO GlobalSettings(Key, Value, Comment, dateUpdated) VALUES ("Max_Addon_Commission","8","Updated By RE001", Now())
16:57:09	Sending UPDATE Query: INSERT INTO GlobalSettings(Key, Value, Comment, dateUpdated) VALUES ("Presale_Discount","10","Updated By RE001", Now())
16:57:09	Sending UPDATE Query: INSERT INTO GlobalSettings(Key, Value, Comment, dateUpdated) VALUES ("Regular_Tickets_Sale","14","Updated By RE001", Now())
16:57:09	Sending UPDATE Query: INSERT INTO GlobalSettings(Key, Value, Comment, dateUpdated) VALUES ("Max_Presale_Tickets","4","Updated By RE001", Now())
16:57:09	Sending UPDATE Query: INSERT INTO GlobalSettings(Key, Value, Comment, dateUpdated) VALUES ("Minimum_Days_Before_Presale","21","Updated By RE001", Now())
16:57:09	Sending UPDATE Query: INSERT INTO BDayCards (txt) values ("Dear {name},
We have identified you have a birthday on {date}.
iMuzaMusic wishes you a happy birthday and reaching the age of {age}.

Below are signartures of your favorite artists!")
16:57:09	Sending UPDATE Query: INSERT INTO GlobalSettings(Key, Value, Comment, dateUpdated) VALUES ("Birthday_Card",6,"Updated By RE001", Now())
16:57:16	Selected Debug Quick Login Feature for Nisan
16:57:16	Logging in...
16:57:16	Submitted from DEBUG Window
16:57:16	User: CU012 Password: eog32g34
16:57:16	Attempting login using CU012/eog32g34
16:57:16	test
16:57:16	Customer logged in
16:57:16	Initiating main UI
16:57:16	Aquiring menu for CU012 Auth: Customer
16:57:16	Selected Debug Quick Login Feature for Nisan
16:57:16	Logging in...
16:57:16	Submitted from DEBUG Window
16:57:16	User: CU012 Password: eog32g34
16:57:16	Attempting login using CU012/eog32g34
16:57:16	test
16:57:16	Customer logged in
16:57:16	Initiating main UI
16:57:16	Aquiring menu for CU012 Auth: Customer
16:57:17	Creating birthday card for customer: Nisan
