=================  iMuzaMusic v1.0 - Sat Feb 18 02:27:31 IST 2017 ==================
02:27:31	Attempting connection to MS Access DB
02:27:31	DB File: C:\Users\Administrator\Documents\NetBeansProjects2\HandsInAir\sources\MM_DB.accdb
02:27:33	Successfully connected to MS Access DB.
02:27:33	Opening Login Window through iWindow
02:27:34	Submitted
02:27:34	User: AG001 Password: asf230g2
02:27:34	Attempting login using AG001/asf230g2
02:27:34	Agent logged in
02:27:34	Initiating main UI
02:27:37	PF001 Drake Rotshild 2016-12-29
02:27:37	Getting unevaluated and evaluated artists for artist AR002
02:27:43	Logging out..
02:27:43	Successfully logged out
02:27:43	Submitted
02:27:43	User: AG001 Password: asf230g2
02:27:43	Attempting login using AG001/asf230g2
02:27:43	Agent logged in
02:27:43	Initiating main UI
02:27:43	Activating login screen
02:27:45	Submitted
02:27:45	User: AG001 Password: asf230g2
02:27:45	Attempting login using AG001/asf230g2
02:27:45	Agent logged in
02:27:45	Initiating main UI
02:27:46	Quitting MuzaMusic
