=================  iMuzaMusic v1.0 - Mon Feb 20 00:29:43 IST 2017 ==================
00:29:43	Attempting connection to MS Access DB
00:29:43	DB File: C:\Users\nisan\Documents\Git\HandsInAirLatest\sources\MM_DB.accdb
00:29:44	Successfully connected to MS Access DB.
00:29:44	Opening Login Window through iWindow
00:29:45	Submitted
00:29:45	User: AG001 Password: asf230g2
00:29:45	Attempting login using AG001/asf230g2
00:29:45	Agent logged in
00:29:45	Initiating main UI
00:29:46	Removing Barbarosa from favorited list
00:29:46	Removing Rotshild from favorited list
00:29:46	Removing Ha Beer from favorited list
00:29:46	Removing Sleek from favorited list
00:29:46	Removing OpenHouse from favorited list
00:29:46	Found 5 favorited locations
00:29:53	Sending UPDATE Query: INSERT INTO AgentPreferLocation (AgentID, LocationID) values ("AG001","LC002")
00:29:53	Removing Barbarosa from favorited list
00:29:53	Removing Rotshild from favorited list
00:29:53	Removing Ha Beer from favorited list
00:29:53	Removing Sleek from favorited list
00:29:53	Removing OpenHouse from favorited list
00:29:53	Found 5 favorited locations
