=================  iMuzaMusic v1.0 - Wed Feb 22 04:28:00 IST 2017 ==================
04:28:00	Attempting connection to MS Access DB
04:28:00	DB File: C:\Users\Administrator\Documents\NetBeansProjects2\HandsInAir\sources\MM_DB.accdb
04:28:03	Successfully connected to MS Access DB.
04:28:03	Opening Login Window through iWindow
04:28:04	Submitted
04:28:04	User: AG001 Password: asf230g2
04:28:04	Attempting login using AG001/asf230g2
04:28:04	Agent logged in
04:28:04	Initiating main UI
04:28:06	Returning next ID for Artist - AR232
04:28:40	Getting unevaluated and evaluated artists for artist AR004
04:28:45	Sending UPDATE Query: DELETE FROM ArtistLikes WHERE ArtistID in("AR004")
04:28:45	Successfully wiped artist evaluation (AR004 AR004
04:28:45	Sending UPDATE Query: INSERT INTO ArtistLikes (ArtistID, LikeID) VALUES ('AR004',"AR005")
04:28:45	Sending UPDATE Query: INSERT INTO ArtistLikes (ArtistID, LikeID) VALUES ('AR004',"AR231")
04:28:48	Removing Rotshild from favorited list
04:28:48	Removing Ha Beer from favorited list
04:28:48	Removing Sleek from favorited list
04:28:48	Found 3 favorited locations
