=================  iMuzaMusic v1.0 - Tue Feb 28 12:40:53 IST 2017 ==================
12:40:53	Attempting connection to MS Access DB
12:40:53	DB File: C:\Users\nisan\Documents\Git\HandsInAirLatest\sources\MM_DB.accdb
12:40:54	Successfully connected to MS Access DB.
12:40:54	Opening Login Window through iWindow
12:40:54	Submitted
12:40:54	User: RE001 Password: admin
12:40:54	Attempting login using RE001/admin
12:40:54	Artist logged in
12:40:54	Initiating main UI
12:40:54	Aquiring menu for RE001 Auth: Representative
12:40:55	Logging out..
12:40:55	Successfully logged out
12:40:55	Submitted
12:40:55	User: RE001 Password: admin
12:40:55	Attempting login using RE001/admin
12:40:55	Artist logged in
12:40:55	Initiating main UI
12:40:55	Aquiring menu for RE001 Auth: Representative
12:40:55	Activating login screen
12:40:57	Submitted
12:40:57	User: AG001 Password: admin
12:40:57	Attempting login using AG001/admin
12:40:57	Agent logged in
12:40:57	Initiating main UI
12:40:57	Aquiring menu for AG001 Auth: Agent
12:41:01	Importing XML from iRecord System
12:41:01	Successfully imported 8 artists sessions from iRecord.
12:41:01	Adding session date occupied: 2017-01-02 00:00:00.0
12:41:01	Adding session date occupied: 2017-01-25 00:00:00.0
12:41:01	Adding session date occupied: 2017-01-11 00:00:00.0
12:41:01	Adding session date occupied: 2017-01-10 00:00:00.0
12:41:01	Adding session date occupied: 2017-01-05 00:00:00.0
12:41:01	Adding session date occupied: 2017-01-06 00:00:00.0
12:41:01	Adding session date occupied: 2017-01-07 00:00:00.0
12:41:01	Adding session date occupied: 2017-01-20 00:00:00.0
12:41:01	Adding session date occupied: 2017-01-12 00:00:00.0
12:41:01	Adding session date occupied: 2017-01-18 00:00:00.0
12:41:01	Adding session date occupied: 2017-01-13 00:00:00.0
12:41:01	Adding session date occupied: 2017-01-04 00:00:00.0
12:41:01	Adding session date occupied: 2017-01-26 00:00:00.0
12:41:01	Adding session date occupied: 2017-01-24 00:00:00.0
12:41:01	Adding session date occupied: 2017-01-03 00:00:00.0
12:41:01	Adding session date occupied: 2017-01-17 00:00:00.0
12:41:01	Adding session date occupied: 2017-01-09 00:00:00.0
12:41:01	Adding session date occupied: 2017-02-22 00:00:00.0
12:41:02	Importing XML from iRecord System
12:41:02	Successfully imported 8 artists sessions from iRecord.
12:41:07	Creating Show..
12:41:07	Starting to insert show PF009 with 2 sub artists
12:41:07	Sending UPDATE Query: INSERT INTO Shows (pID, pStartDate, pTicketPrice, pMinAge, pStatus, iLocation, iMainArtist, pDateCreated) VALUES ('PF009',"2017-02-14 00:00:00.0",'0.0','0','Awaiting Approval','LC004','AR004',"2017-02-28 12:41:07.242")
12:41:07	Sending UPDATE Query: INSERT INTO ShowsToArtists(ShowID, ArtistID, Status) values ("PF009","AR231", 1)
12:41:07	Sending UPDATE Query: INSERT INTO ShowsToArtists(ShowID, ArtistID, Status) values ("PF009","AR005", 2)
