=================  iMuzaMusic v1.0 - Mon Feb 27 14:42:56 IST 2017 ==================
14:42:56	Attempting connection to MS Access DB
14:42:56	DB File: C:\Users\nisan\Documents\Git\HandsInAirLatest\sources\MM_DB.accdb
14:42:57	Successfully connected to MS Access DB.
14:42:57	Opening Login Window through iWindow
14:42:57	Submitted
14:42:57	User: AG001 Password: admin
14:42:57	Attempting login using AG001/admin
14:42:57	Agent logged in
14:42:58	Initiating main UI
14:42:58	Aquiring menu for AG001 Auth: Agent
14:43:03	Importing XML from iRecord System
14:43:03	Successfully imported 7 artists sessions from iRecord.
14:43:05	Importing XML from iRecord System
14:43:05	Successfully imported 7 artists sessions from iRecord.
14:43:05	Removing sub artist Rihanna because artist isn't available at 2017-01-24 00:00:00.0
14:43:09	Importing XML from iRecord System
14:43:09	Successfully imported 7 artists sessions from iRecord.
14:43:09	Removing sub artist Rihanna because artist isn't available at 2017-01-25 00:00:00.0
14:43:14	Importing XML from iRecord System
14:43:14	Successfully imported 7 artists sessions from iRecord.
14:43:14	Removing sub artist Rihanna because artist isn't available at 2017-01-26 00:00:00.0
14:43:17	Importing XML from iRecord System
14:43:17	Successfully imported 7 artists sessions from iRecord.
14:43:22	Importing XML from iRecord System
14:43:22	Successfully imported 7 artists sessions from iRecord.
14:43:24	Importing XML from iRecord System
14:43:24	Successfully imported 7 artists sessions from iRecord.
14:43:24	Removing sub artist Rihanna because artist isn't available at 2017-01-26 00:00:00.0
