=================  iMuzaMusic v1.0 - Sun Feb 26 08:25:59 IST 2017 ==================
08:25:59	Attempting connection to MS Access DB
08:25:59	DB File: C:\Users\Administrator\Documents\NetBeansProjects2\HandsInAir\sources\MM_DB.accdb
08:26:01	Successfully connected to MS Access DB.
08:26:01	Opening Login Window through iWindow
08:26:02	Submitted
08:26:02	User: RE001 Password: admin
08:26:02	Attempting login using RE001/admin
08:26:02	Artist logged in
08:26:02	Initiating main UI
08:26:02	Aquiring menu for RE001 Auth: Representative
08:26:05	Current last ID is: RE006
08:26:05	Returning next ID for Representative - RE007
08:26:10	Exit command identified
08:26:10	Exporting XML for iRecord
08:26:10	Aquiring stream result
08:26:10	Transforming result
08:26:10	Successfully exported HIA-Artist-Data.xml file for iRecord System.
08:26:10	Aquiring stream result
08:26:10	Transforming result
08:26:10	Successfully exported HIA-Artist-Sessions.xml file for iRecord System.
08:26:10	Quitting MuzaMusic
