=================  iMuzaMusic v1.0 - Wed Feb 22 01:46:30 IST 2017 ==================
01:46:30	Attempting connection to MS Access DB
01:46:30	DB File: C:\Users\Administrator\Documents\NetBeansProjects2\HandsInAir\sources\MM_DB.accdb
01:46:33	Successfully connected to MS Access DB.
01:46:33	Opening Login Window through iWindow
01:46:33	Submitted
01:46:33	User: LR001 Password: 2ef92hf
01:46:33	Attempting login using LR001/2ef92hf
01:46:33	Location Represantative logged in
01:46:33	Initiating main UI
01:46:35	Added show to ShowList (PF045 Justin Bieber)
01:46:35	Added show to ShowList (PF018 Shawn Mendes)
01:46:35	Added show to ShowList (PF017 Justin Bieber)
01:46:35	Added show to ShowList (PF019 Shawn Mendes)
01:46:35	Refreshing show info (PF045)
01:46:35	Starting to refresh show details..
01:46:36	Refreshing show info (PF018)
01:46:36	Starting to refresh show details..
01:46:36	Refreshing show info (PF017)
01:46:36	Starting to refresh show details..
01:46:37	Refreshing show info (PF018)
01:46:37	Starting to refresh show details..
01:46:37	Refreshing show info (PF045)
01:46:37	Starting to refresh show details..
01:46:38	Refreshing show info (PF018)
01:46:38	Starting to refresh show details..
01:46:40	Refreshing show info (PF045)
01:46:40	Starting to refresh show details..
01:46:44	Refreshing show info (PF017)
01:46:44	Starting to refresh show details..
01:46:49	Logging out..
01:46:49	Successfully logged out
01:46:49	Submitted
01:46:49	User: LR001 Password: 2ef92hf
01:46:49	Attempting login using LR001/2ef92hf
01:46:49	Location Represantative logged in
01:46:49	Initiating main UI
01:46:49	Activating login screen
01:46:56	Submitted
01:46:56	User: CU0123 Password: eg2j0g
01:46:56	Attempting login using CU0123/eg2j0g
01:46:56	test
01:46:56	Customer logged in
01:46:56	Initiating main UI
01:46:57	Added show to ShowList (PF030 Justin Bieber)
01:46:58	Refreshing show info (PF030)
01:46:58	Starting to refresh show details..
01:47:01	Added show to ShowList (PF030 Justin Bieber)
01:47:02	Refreshing show info (PF030)
01:47:02	Starting to refresh show details..
01:47:09	Quitting MuzaMusic
