=================  iMuzaMusic v1.0 - Wed Feb 22 01:59:46 IST 2017 ==================
01:59:46	Attempting connection to MS Access DB
01:59:46	DB File: C:\Users\Administrator\Documents\NetBeansProjects2\HandsInAir\sources\MM_DB.accdb
01:59:48	Successfully connected to MS Access DB.
01:59:48	Opening Login Window through iWindow
01:59:49	Submitted
01:59:49	User: LR001 Password: 2ef92hf
01:59:49	Attempting login using LR001/2ef92hf
01:59:49	Location Represantative logged in
01:59:49	Initiating main UI
01:59:50	Added show to ShowList (PF045 Justin Bieber)
01:59:50	Added show to ShowList (PF018 Shawn Mendes)
01:59:50	Added show to ShowList (PF017 Justin Bieber)
01:59:50	Added show to ShowList (PF019 Shawn Mendes)
01:59:50	Refreshing show info (PF045)
01:59:50	Starting to refresh show details..
01:59:51	Refreshing show info (PF018)
01:59:51	Starting to refresh show details..
01:59:52	Refreshing show info (PF017)
01:59:52	Starting to refresh show details..
01:59:52	Refreshing show info (PF019)
01:59:52	Starting to refresh show details..
01:59:53	Refreshing show info (PF017)
01:59:53	Starting to refresh show details..
01:59:54	Refreshing show info (PF018)
01:59:54	Starting to refresh show details..
01:59:54	Refreshing show info (PF045)
01:59:54	Starting to refresh show details..
01:59:55	Quitting MuzaMusic
