=================  iMuzaMusic v1.0 - Thu Feb 23 16:11:41 IST 2017 ==================
16:11:41	Attempting connection to MS Access DB
16:11:41	DB File: C:\Users\nisan\Documents\Git\HandsInAirLatest\sources\MM_DB.accdb
16:11:42	Successfully connected to MS Access DB.
16:11:42	Opening Login Window through iWindow
16:11:42	Submitted
16:11:42	User: LR001 Password: 2ef92hf
16:11:42	Attempting login using LR001/2ef92hf
16:11:42	Location Represantative logged in
16:11:42	Initiating main UI
16:11:42	Aquiring menu for LR001 Auth: Location Representative
16:11:43	Aquiring location details for LRep LR001
16:11:43	Found open location Barbarosa
16:11:49	Aquiring location details for LRep LR001
16:11:49	Found open location Barbarosa
16:11:49	Aquiring location details for LRep LR001
16:11:49	Found open location Barbarosa
16:11:50	Aquiring location details for LRep LR001
16:11:50	Found open location Barbarosa
16:11:50	Aquiring location details for LRep LR001
16:11:50	Found open location Barbarosa
16:11:50	Aquiring location details for LRep LR001
16:11:50	Found open location Barbarosa
16:11:54	Quitting MuzaMusic
