=================  iMuzaMusic v1.0 - Sun Feb 26 18:09:22 IST 2017 ==================
18:09:22	Attempting connection to MS Access DB
18:09:22	DB File: C:\Users\nisan\Documents\Git\HandsInAirLatest\sources\MM_DB.accdb
18:09:24	Successfully connected to MS Access DB.
18:09:24	Opening Login Window through iWindow
18:09:24	Submitted
18:09:24	User: RE001 Password: admin
18:09:24	Attempting login using RE001/admin
18:09:24	Artist logged in
18:09:24	Initiating main UI
18:09:24	Aquiring menu for RE001 Auth: Representative
18:09:25	TS: 2017-02-26 18:09:25.384 TST: 1488125365384 dd: 2017-02-26 ddt: 1488125365384
18:09:25	Pulling data for Max_Allowed_Showtime
18:09:25	Executing Query: SELECT TOP 1 GlobalSettings.Key, GlobalSettings.Value
FROM GlobalSettings
GROUP BY GlobalSettings.Key, GlobalSettings.Value
HAVING (((GlobalSettings.Key) In ("Max_Allowed_Showtime")) AND (LAST(GlobalSettings.dateUpdated<#2/26/2017#)))
ORDER BY Last(GlobalSettings.dateUpdated) DESC
18:09:25	Pulling data for Location_Commission
18:09:25	Executing Query: SELECT TOP 1 GlobalSettings.Key, GlobalSettings.Value
FROM GlobalSettings
GROUP BY GlobalSettings.Key, GlobalSettings.Value
HAVING (((GlobalSettings.Key) In ("Location_Commission")) AND (LAST(GlobalSettings.dateUpdated<#2/26/2017#)))
ORDER BY Last(GlobalSettings.dateUpdated) DESC
18:09:25	Pulling data for Show_Approval_Timeout
18:09:25	Executing Query: SELECT TOP 1 GlobalSettings.Key, GlobalSettings.Value
FROM GlobalSettings
GROUP BY GlobalSettings.Key, GlobalSettings.Value
HAVING (((GlobalSettings.Key) In ("Show_Approval_Timeout")) AND (LAST(GlobalSettings.dateUpdated<#2/26/2017#)))
ORDER BY Last(GlobalSettings.dateUpdated) DESC
18:09:25	Pulling data for Show_Addon_Commission
18:09:25	Executing Query: SELECT TOP 1 GlobalSettings.Key, GlobalSettings.Value
FROM GlobalSettings
GROUP BY GlobalSettings.Key, GlobalSettings.Value
HAVING (((GlobalSettings.Key) In ("Show_Addon_Commission")) AND (LAST(GlobalSettings.dateUpdated<#2/26/2017#)))
ORDER BY Last(GlobalSettings.dateUpdated) DESC
18:09:25	Pulling data for Artist_Commission
18:09:25	Executing Query: SELECT TOP 1 GlobalSettings.Key, GlobalSettings.Value
FROM GlobalSettings
GROUP BY GlobalSettings.Key, GlobalSettings.Value
HAVING (((GlobalSettings.Key) In ("Artist_Commission")) AND (LAST(GlobalSettings.dateUpdated<#2/26/2017#)))
ORDER BY Last(GlobalSettings.dateUpdated) DESC
18:09:25	Pulling data for Birthday_Card
18:09:25	Executing Query: SELECT TOP 1 GlobalSettings.Key, GlobalSettings.Value
FROM GlobalSettings
GROUP BY GlobalSettings.Key, GlobalSettings.Value
HAVING (((GlobalSettings.Key) In ("Birthday_Card")) AND (LAST(GlobalSettings.dateUpdated<#2/26/2017#)))
ORDER BY Last(GlobalSettings.dateUpdated) DESC
18:09:25	Pulling data for Max_Addon_Commission
18:09:25	Executing Query: SELECT TOP 1 GlobalSettings.Key, GlobalSettings.Value
FROM GlobalSettings
GROUP BY GlobalSettings.Key, GlobalSettings.Value
HAVING (((GlobalSettings.Key) In ("Max_Addon_Commission")) AND (LAST(GlobalSettings.dateUpdated<#2/26/2017#)))
ORDER BY Last(GlobalSettings.dateUpdated) DESC
18:09:25	Pulling data for Presale_Discount
18:09:25	Executing Query: SELECT TOP 1 GlobalSettings.Key, GlobalSettings.Value
FROM GlobalSettings
GROUP BY GlobalSettings.Key, GlobalSettings.Value
HAVING (((GlobalSettings.Key) In ("Presale_Discount")) AND (LAST(GlobalSettings.dateUpdated<#2/26/2017#)))
ORDER BY Last(GlobalSettings.dateUpdated) DESC
18:09:25	Pulling data for Regular_Tickets_Sale
18:09:25	Executing Query: SELECT TOP 1 GlobalSettings.Key, GlobalSettings.Value
FROM GlobalSettings
GROUP BY GlobalSettings.Key, GlobalSettings.Value
HAVING (((GlobalSettings.Key) In ("Regular_Tickets_Sale")) AND (LAST(GlobalSettings.dateUpdated<#2/26/2017#)))
ORDER BY Last(GlobalSettings.dateUpdated) DESC
18:09:25	Pulling data for Max_Presale_Tickets
18:09:25	Executing Query: SELECT TOP 1 GlobalSettings.Key, GlobalSettings.Value
FROM GlobalSettings
GROUP BY GlobalSettings.Key, GlobalSettings.Value
HAVING (((GlobalSettings.Key) In ("Max_Presale_Tickets")) AND (LAST(GlobalSettings.dateUpdated<#2/26/2017#)))
ORDER BY Last(GlobalSettings.dateUpdated) DESC
18:09:25	Pulling data for Minimum_Days_Before_Presale
18:09:25	Executing Query: SELECT TOP 1 GlobalSettings.Key, GlobalSettings.Value
FROM GlobalSettings
GROUP BY GlobalSettings.Key, GlobalSettings.Value
HAVING (((GlobalSettings.Key) In ("Minimum_Days_Before_Presale")) AND (LAST(GlobalSettings.dateUpdated<#2/26/2017#)))
ORDER BY Last(GlobalSettings.dateUpdated) DESC
18:09:25	Max_Allowed_Showtime: 2
18:09:25	Location_Commission: 20
18:09:25	Show_Approval_Timeout: 7
18:09:25	Show_Addon_Commission: 2
18:09:25	Artist_Commission: 12
18:09:25	Birthday_Card: 
18:09:25	Max_Addon_Commission: 8
18:09:25	Presale_Discount: 10
18:09:25	Regular_Tickets_Sale: 14
18:09:25	Max_Presale_Tickets: 4
18:09:25	Minimum_Days_Before_Presale: 21
18:10:22	Starting to update global settings
18:10:22	Sending UPDATE Query: INSERT INTO GlobalSettings(Key, Value, Comment, dateUpdated) VALUES ("Max_Allowed_Showtime","3","Updated By RE001", 2017-02-26 18:10:22.31)
18:10:22	Sending UPDATE Query: INSERT INTO GlobalSettings(Key, Value, Comment, dateUpdated) VALUES ("Location_Commission","25","Updated By RE001", 2017-02-26 18:10:22.31)
18:10:22	Sending UPDATE Query: INSERT INTO GlobalSettings(Key, Value, Comment, dateUpdated) VALUES ("Show_Approval_Timeout","8","Updated By RE001", 2017-02-26 18:10:22.31)
18:10:22	Sending UPDATE Query: INSERT INTO GlobalSettings(Key, Value, Comment, dateUpdated) VALUES ("Show_Addon_Commission","15","Updated By RE001", 2017-02-26 18:10:22.31)
18:10:22	Sending UPDATE Query: INSERT INTO GlobalSettings(Key, Value, Comment, dateUpdated) VALUES ("Artist_Commission","17","Updated By RE001", 2017-02-26 18:10:22.31)
18:10:22	Sending UPDATE Query: INSERT INTO GlobalSettings(Key, Value, Comment, dateUpdated) VALUES ("Max_Addon_Commission","13","Updated By RE001", 2017-02-26 18:10:22.31)
18:10:22	Sending UPDATE Query: INSERT INTO GlobalSettings(Key, Value, Comment, dateUpdated) VALUES ("Presale_Discount","15","Updated By RE001", 2017-02-26 18:10:22.31)
18:10:22	Sending UPDATE Query: INSERT INTO GlobalSettings(Key, Value, Comment, dateUpdated) VALUES ("Regular_Tickets_Sale","15","Updated By RE001", 2017-02-26 18:10:22.31)
18:10:22	Sending UPDATE Query: INSERT INTO GlobalSettings(Key, Value, Comment, dateUpdated) VALUES ("Max_Presale_Tickets","5","Updated By RE001", 2017-02-26 18:10:22.31)
18:10:22	Sending UPDATE Query: INSERT INTO GlobalSettings(Key, Value, Comment, dateUpdated) VALUES ("Minimum_Days_Before_Presale","22","Updated By RE001", 2017-02-26 18:10:22.31)
