=================  iMuzaMusic v1.0 - Tue Feb 28 13:54:03 IST 2017 ==================
13:54:03	Attempting connection to MS Access DB
13:54:03	DB File: C:\Users\nisan\Documents\Git\HandsInAirLatest\sources\MM_DB.accdb
13:54:04	Successfully connected to MS Access DB.
13:54:04	Opening Login Window through iWindow
13:54:09	Submitted
13:54:09	User: Username Password: Password
13:54:09	Attempting login using Username/Password
13:54:10	Submitted
13:54:10	User: Username Password: Password
13:54:10	Attempting login using Username/Password
13:54:10	Submitted
13:54:10	User: Username Password: Password
13:54:10	Attempting login using Username/Password
13:54:10	Submitted
13:54:10	User: Username Password: Password
13:54:10	Attempting login using Username/Password
13:54:11	Submitted
13:54:11	User: Username Password: Password
13:54:11	Attempting login using Username/Password
13:54:14	Submitted
13:54:14	User: RE001 Password: admin
13:54:14	Attempting login using RE001/admin
13:54:14	Artist logged in
13:54:14	Initiating main UI
13:54:14	Aquiring menu for RE001 Auth: Representative
13:54:16	Sending Report Query with Year: 2017
