=================  iMuzaMusic v1.0 - Wed Feb 22 00:49:27 IST 2017 ==================
00:49:27	Attempting connection to MS Access DB
00:49:27	DB File: C:\Users\Administrator\Documents\NetBeansProjects2\HandsInAir\sources\MM_DB.accdb
00:49:29	Successfully connected to MS Access DB.
00:49:29	Opening Login Window through iWindow
00:49:30	Submitted
00:49:30	User: LR001 Password: 2ef92hf
00:49:30	Attempting login using LR001/2ef92hf
00:49:30	Location Represantative logged in
00:49:30	Initiating main UI
00:49:31	Added show to ShowList (PF005 Sia)
00:49:31	Added show to ShowList (PF002 Justin Bieber)
00:49:31	Added show to ShowList (PF016 Rihanna)
00:49:31	Added show to ShowList (PF015 Rihanna)
00:49:31	Added show to ShowList (PF051 Justin Bieber)
00:49:31	Added show to ShowList (PF048 Rihanna)
00:49:31	Added show to ShowList (PF011 Shawn Mendes)
00:49:31	Added show to ShowList (PF013 Shawn Mendes)
00:49:31	Added show to ShowList (PF012 Shawn Mendes)
00:49:31	Added show to ShowList (PF009 Shawn Mendes)
00:49:35	Quitting MuzaMusic
