=================  iMuzaMusic v1.0 - Tue Feb 28 16:27:42 IST 2017 ==================
16:27:42	Attempting connection to MS Access DB
16:27:42	DB File: C:\Users\nisan\Documents\Git\HandsInAirLatest\sources\MM_DB.accdb
16:27:44	Successfully connected to MS Access DB.
16:27:44	Opening Login Window through iWindow
16:27:49	Selected Debug Quick Login Feature for Nisan
16:27:49	Logging in...
16:27:49	Submitted from DEBUG Window
16:27:49	User: CU012 Password: eog32g34
16:27:49	Attempting login using CU012/eog32g34
16:27:49	test
16:27:49	Customer logged in
16:27:49	Initiating main UI
16:27:49	Aquiring menu for CU012 Auth: Customer
16:27:49	Selected Debug Quick Login Feature for Nisan
16:27:49	Logging in...
16:27:49	Submitted from DEBUG Window
16:27:49	User: CU012 Password: eog32g34
16:27:49	Attempting login using CU012/eog32g34
16:27:49	test
16:27:49	Customer logged in
16:27:49	Initiating main UI
16:27:49	Aquiring menu for CU012 Auth: Customer
