=================  iMuzaMusic v1.0 - Tue Feb 28 18:03:57 IST 2017 ==================
18:03:57	Attempting connection to MS Access DB
18:03:57	DB File: C:\Users\nisan\Documents\Git\HandsInAirLatest\sources\MM_DB.accdb
18:03:58	Successfully connected to MS Access DB.
18:03:59	Opening Login Window through iWindow
18:04:02	Selected Debug Quick Login Feature for Rafi
18:04:02	Logging in...
18:04:02	Submitted from DEBUG Window
18:04:02	User: CU0123 Password: eg2j0g
18:04:02	Attempting login using CU0123/eg2j0g
18:04:02	test
18:04:02	Customer logged in
18:04:02	Initiating main UI
18:04:02	Aquiring menu for CU0123 Auth: Customer
18:04:02	Selected Debug Quick Login Feature for Rafi
18:04:02	Logging in...
18:04:02	Submitted from DEBUG Window
18:04:02	User: CU0123 Password: eg2j0g
18:04:02	Attempting login using CU0123/eg2j0g
18:04:02	test
18:04:02	Customer logged in
18:04:02	Initiating main UI
18:04:02	Aquiring menu for CU0123 Auth: Customer
18:04:03	Creating birthday card for customer: Rafi
18:04:03	Added signarture file of artist AR007
