=================  iMuzaMusic v1.0 - Tue Feb 28 12:03:43 IST 2017 ==================
12:03:43	Attempting connection to MS Access DB
12:03:43	DB File: C:\Users\nisan\Documents\Git\HandsInAirLatest\sources\MM_DB.accdb
12:03:44	Successfully connected to MS Access DB.
12:03:44	Opening Login Window through iWindow
12:03:45	Submitted
12:03:45	User: RE001 Password: admin
12:03:45	Attempting login using RE001/admin
12:03:45	Artist logged in
12:03:45	Initiating main UI
12:03:45	Aquiring menu for RE001 Auth: Representative
12:03:47	DF: 2/28/2017 12:03:47 PM
12:03:47	TS: 2017-02-28 12:03:47.219 TST: 1488276227219 dd: 2017-02-28 ddt: 1488276227219
12:03:47	Pulling data for Max_Allowed_Showtime
12:03:47	Executing Query: SELECT TOP 1 GlobalSettings.Key, GlobalSettings.Value
FROM GlobalSettings
GROUP BY GlobalSettings.Key, GlobalSettings.Value
HAVING (((GlobalSettings.Key) In ("Max_Allowed_Showtime")) AND (LAST(GlobalSettings.dateUpdated<=#2/28/2017 12:03:47 PM#)))
ORDER BY Last(GlobalSettings.dateUpdated) DESC
12:03:47	Pulling data for Location_Commission
12:03:47	Executing Query: SELECT TOP 1 GlobalSettings.Key, GlobalSettings.Value
FROM GlobalSettings
GROUP BY GlobalSettings.Key, GlobalSettings.Value
HAVING (((GlobalSettings.Key) In ("Location_Commission")) AND (LAST(GlobalSettings.dateUpdated<=#2/28/2017 12:03:47 PM#)))
ORDER BY Last(GlobalSettings.dateUpdated) DESC
12:03:47	Pulling data for Show_Approval_Timeout
12:03:47	Executing Query: SELECT TOP 1 GlobalSettings.Key, GlobalSettings.Value
FROM GlobalSettings
GROUP BY GlobalSettings.Key, GlobalSettings.Value
HAVING (((GlobalSettings.Key) In ("Show_Approval_Timeout")) AND (LAST(GlobalSettings.dateUpdated<=#2/28/2017 12:03:47 PM#)))
ORDER BY Last(GlobalSettings.dateUpdated) DESC
12:03:47	Pulling data for Show_Addon_Commission
12:03:47	Executing Query: SELECT TOP 1 GlobalSettings.Key, GlobalSettings.Value
FROM GlobalSettings
GROUP BY GlobalSettings.Key, GlobalSettings.Value
HAVING (((GlobalSettings.Key) In ("Show_Addon_Commission")) AND (LAST(GlobalSettings.dateUpdated<=#2/28/2017 12:03:47 PM#)))
ORDER BY Last(GlobalSettings.dateUpdated) DESC
12:03:47	Pulling data for Artist_Commission
12:03:47	Executing Query: SELECT TOP 1 GlobalSettings.Key, GlobalSettings.Value
FROM GlobalSettings
GROUP BY GlobalSettings.Key, GlobalSettings.Value
HAVING (((GlobalSettings.Key) In ("Artist_Commission")) AND (LAST(GlobalSettings.dateUpdated<=#2/28/2017 12:03:47 PM#)))
ORDER BY Last(GlobalSettings.dateUpdated) DESC
12:03:47	Pulling data for Birthday_Card
12:03:47	Executing Query: SELECT TOP 1 GlobalSettings.Key, GlobalSettings.Value
FROM GlobalSettings
GROUP BY GlobalSettings.Key, GlobalSettings.Value
HAVING (((GlobalSettings.Key) In ("Birthday_Card")) AND (LAST(GlobalSettings.dateUpdated<=#2/28/2017 12:03:47 PM#)))
ORDER BY Last(GlobalSettings.dateUpdated) DESC
12:03:47	Pulling data for Max_Addon_Commission
12:03:47	Executing Query: SELECT TOP 1 GlobalSettings.Key, GlobalSettings.Value
FROM GlobalSettings
GROUP BY GlobalSettings.Key, GlobalSettings.Value
HAVING (((GlobalSettings.Key) In ("Max_Addon_Commission")) AND (LAST(GlobalSettings.dateUpdated<=#2/28/2017 12:03:47 PM#)))
ORDER BY Last(GlobalSettings.dateUpdated) DESC
12:03:47	Pulling data for Presale_Discount
12:03:47	Executing Query: SELECT TOP 1 GlobalSettings.Key, GlobalSettings.Value
FROM GlobalSettings
GROUP BY GlobalSettings.Key, GlobalSettings.Value
HAVING (((GlobalSettings.Key) In ("Presale_Discount")) AND (LAST(GlobalSettings.dateUpdated<=#2/28/2017 12:03:47 PM#)))
ORDER BY Last(GlobalSettings.dateUpdated) DESC
12:03:47	Pulling data for Regular_Tickets_Sale
12:03:47	Executing Query: SELECT TOP 1 GlobalSettings.Key, GlobalSettings.Value
FROM GlobalSettings
GROUP BY GlobalSettings.Key, GlobalSettings.Value
HAVING (((GlobalSettings.Key) In ("Regular_Tickets_Sale")) AND (LAST(GlobalSettings.dateUpdated<=#2/28/2017 12:03:47 PM#)))
ORDER BY Last(GlobalSettings.dateUpdated) DESC
12:03:47	Pulling data for Max_Presale_Tickets
12:03:47	Executing Query: SELECT TOP 1 GlobalSettings.Key, GlobalSettings.Value
FROM GlobalSettings
GROUP BY GlobalSettings.Key, GlobalSettings.Value
HAVING (((GlobalSettings.Key) In ("Max_Presale_Tickets")) AND (LAST(GlobalSettings.dateUpdated<=#2/28/2017 12:03:47 PM#)))
ORDER BY Last(GlobalSettings.dateUpdated) DESC
12:03:47	Pulling data for Minimum_Days_Before_Presale
12:03:47	Executing Query: SELECT TOP 1 GlobalSettings.Key, GlobalSettings.Value
FROM GlobalSettings
GROUP BY GlobalSettings.Key, GlobalSettings.Value
HAVING (((GlobalSettings.Key) In ("Minimum_Days_Before_Presale")) AND (LAST(GlobalSettings.dateUpdated<=#2/28/2017 12:03:47 PM#)))
ORDER BY Last(GlobalSettings.dateUpdated) DESC
12:03:47	Max_Allowed_Showtime: 2
12:03:47	Location_Commission: 20
12:03:47	Show_Approval_Timeout: 7
12:03:47	Show_Addon_Commission: 2
12:03:47	Artist_Commission: 10
12:03:47	Birthday_Card: 
12:03:47	Max_Addon_Commission: 8
12:03:47	Presale_Discount: 10
12:03:47	Regular_Tickets_Sale: 14
12:03:47	Max_Presale_Tickets: 4
12:03:47	Minimum_Days_Before_Presale: 21
12:03:53	Starting to update global settings
12:03:53	Sending UPDATE Query: INSERT INTO GlobalSettings(Key, Value, Comment, dateUpdated) VALUES ("Max_Allowed_Showtime","2","Updated By RE001", Now())
12:03:53	Sending UPDATE Query: INSERT INTO GlobalSettings(Key, Value, Comment, dateUpdated) VALUES ("Location_Commission","20","Updated By RE001", Now())
12:03:53	Sending UPDATE Query: INSERT INTO GlobalSettings(Key, Value, Comment, dateUpdated) VALUES ("Show_Approval_Timeout","7","Updated By RE001", Now())
12:03:53	Sending UPDATE Query: INSERT INTO GlobalSettings(Key, Value, Comment, dateUpdated) VALUES ("Show_Addon_Commission","10","Updated By RE001", Now())
12:03:53	Sending UPDATE Query: INSERT INTO GlobalSettings(Key, Value, Comment, dateUpdated) VALUES ("Artist_Commission","30","Updated By RE001", Now())
12:03:53	Sending UPDATE Query: INSERT INTO GlobalSettings(Key, Value, Comment, dateUpdated) VALUES ("Max_Addon_Commission","8","Updated By RE001", Now())
12:03:53	Sending UPDATE Query: INSERT INTO GlobalSettings(Key, Value, Comment, dateUpdated) VALUES ("Presale_Discount","10","Updated By RE001", Now())
12:03:53	Sending UPDATE Query: INSERT INTO GlobalSettings(Key, Value, Comment, dateUpdated) VALUES ("Birthday_Card","asdad","Updated By RE001", Now())
12:03:53	Sending UPDATE Query: INSERT INTO GlobalSettings(Key, Value, Comment, dateUpdated) VALUES ("Regular_Tickets_Sale","14","Updated By RE001", Now())
12:03:53	Sending UPDATE Query: INSERT INTO GlobalSettings(Key, Value, Comment, dateUpdated) VALUES ("Max_Presale_Tickets","4","Updated By RE001", Now())
12:03:53	Sending UPDATE Query: INSERT INTO GlobalSettings(Key, Value, Comment, dateUpdated) VALUES ("Minimum_Days_Before_Presale","21","Updated By RE001", Now())
12:04:44	Exit command identified
12:04:44	Exporting XML for iRecord
12:04:44	Aquiring stream result
12:04:44	Transforming result
12:04:44	Successfully exported HIA-Artist-Data.xml file for iRecord System.
12:04:44	Aquiring stream result
12:04:44	Transforming result
12:04:44	Successfully exported HIA-Artist-Sessions.xml file for iRecord System.
12:04:44	Quitting MuzaMusic
