=================  iMuzaMusic v1.0 - Tue Feb 28 17:56:44 IST 2017 ==================
17:56:44	Attempting connection to MS Access DB
17:56:44	DB File: C:\Users\nisan\Documents\Git\HandsInAirLatest\sources\MM_DB.accdb
17:56:45	Successfully connected to MS Access DB.
17:56:45	Opening Login Window through iWindow
17:56:54	Selected Debug Quick Login Feature for Danny
17:56:54	Logging in...
17:56:54	Submitted from DEBUG Window
17:56:54	User: AG002 Password: 290egh20
17:56:54	Attempting login using AG002/290egh20
17:56:54	Agent logged in
17:56:54	Initiating main UI
17:56:54	Aquiring menu for AG002 Auth: Agent
17:56:54	Selected Debug Quick Login Feature for Danny
17:56:54	Logging in...
17:56:54	Submitted from DEBUG Window
17:56:54	User: AG002 Password: 290egh20
17:56:54	Attempting login using AG002/290egh20
17:56:54	Agent logged in
17:56:54	Initiating main UI
17:56:54	Aquiring menu for AG002 Auth: Agent
