=================  iMuzaMusic v1.0 - Sat Jan 21 05:23:53 IST 2017 ==================
05:23:53	Attempting connection to MS Access DB
05:23:53	DB File: C:\Users\Administrator\Documents\NetBeansProjects\HandsInAirTMP\sources\MM_DB.accdb
05:23:55	Successfully connected to MS Access DB.
05:23:55	Opening Login Window through iWindow
<?xml version="1.0" encoding="UTF-8" standalone="no"?>
<HandsInAirXML>
  <DateCreated>Sat Jan 21 05:23:55 IST 2017</DateCreated>
  <Artist ID="AR002">
    <Session timestamp="1484085600000">10 Jan 2017 22:00:00 GMT</Session>
    <Session timestamp="1483048800000">29 Dec 2016 22:00:00 GMT</Session>
  </Artist>
  <Artist ID="AR003"/>
  <Artist ID="AR004"/>
  <Artist ID="AR005">
    <Session timestamp="1476046800000">9 Oct 2016 21:00:00 GMT</Session>
    <Session timestamp="1482962400000">28 Dec 2016 22:00:00 GMT</Session>
  </Artist>
  <Artist ID="AR007"/>
  <Artist ID="AR231">
    <Session timestamp="1482962400000">28 Dec 2016 22:00:00 GMT</Session>
  </Artist>
</HandsInAirXML>
