=================  iMuzaMusic v1.0 - Tue Feb 28 12:34:26 IST 2017 ==================
12:34:26	Attempting connection to MS Access DB
12:34:26	DB File: C:\Users\nisan\Documents\Git\HandsInAirLatest\sources\MM_DB.accdb
12:34:27	Successfully connected to MS Access DB.
12:34:27	Opening Login Window through iWindow
12:34:28	Submitted
12:34:28	User: RE001 Password: admin
12:34:28	Attempting login using RE001/admin
12:34:28	Artist logged in
12:34:28	Initiating main UI
12:34:28	Aquiring menu for RE001 Auth: Representative
12:34:29	Logging out..
12:34:29	Successfully logged out
12:34:29	Submitted
12:34:29	User: RE001 Password: admin
12:34:29	Attempting login using RE001/admin
12:34:29	Artist logged in
12:34:29	Initiating main UI
12:34:29	Aquiring menu for RE001 Auth: Representative
12:34:29	Activating login screen
12:34:31	Submitted
12:34:31	User: AG001 Password: admin
12:34:31	Attempting login using AG001/admin
12:34:31	Agent logged in
12:34:31	Initiating main UI
12:34:31	Aquiring menu for AG001 Auth: Agent
12:34:34	Importing XML from iRecord System
12:34:34	Successfully imported 8 artists sessions from iRecord.
12:34:34	Adding session date occupied: 2017-01-02 00:00:00.0
12:34:34	Adding session date occupied: 2017-01-25 00:00:00.0
12:34:34	Adding session date occupied: 2017-01-11 00:00:00.0
12:34:34	Adding session date occupied: 2017-01-10 00:00:00.0
12:34:34	Adding session date occupied: 2017-01-05 00:00:00.0
12:34:34	Adding session date occupied: 2017-01-06 00:00:00.0
12:34:34	Adding session date occupied: 2017-01-07 00:00:00.0
12:34:34	Adding session date occupied: 2017-01-20 00:00:00.0
12:34:34	Adding session date occupied: 2017-01-12 00:00:00.0
12:34:34	Adding session date occupied: 2017-01-18 00:00:00.0
12:34:34	Adding session date occupied: 2017-01-13 00:00:00.0
12:34:34	Adding session date occupied: 2017-01-04 00:00:00.0
12:34:34	Adding session date occupied: 2017-01-26 00:00:00.0
12:34:34	Adding session date occupied: 2017-01-24 00:00:00.0
12:34:34	Adding session date occupied: 2017-01-03 00:00:00.0
12:34:34	Adding session date occupied: 2017-01-17 00:00:00.0
12:34:34	Adding session date occupied: 2017-01-09 00:00:00.0
12:34:34	Adding session date occupied: 2017-02-22 00:00:00.0
12:34:36	Importing XML from iRecord System
12:34:36	Successfully imported 8 artists sessions from iRecord.
12:34:43	Creating Show..
12:34:43	Starting to insert show PF007 with 2 sub artists
12:34:43	Sending UPDATE Query: INSERT INTO Shows (pID, pStartDate, pTicketPrice, pMinAge, pStatus, iLocation, iMainArtist, pDateCreated) VALUES ('PF007',"2017-02-08 02:00:00.0",'0.0','0','Awaiting Approval','LC002','AR004',"2017-02-28 12:34:43.064")
12:34:43	Sending UPDATE Query: INSERT INTO ShowsToArtists(ShowID, ArtistID, Status) values ("PF007","AR231", 1)
12:34:43	Sending UPDATE Query: INSERT INTO ShowsToArtists(ShowID, ArtistID, Status) values ("PF007","AR005", 1)
12:34:48	PF007 Rihanna Rotshild 2017-02-08
