=================  iMuzaMusic v1.0 - Wed Feb 22 00:36:01 IST 2017 ==================
00:36:01	Attempting connection to MS Access DB
00:36:01	DB File: C:\Users\Administrator\Documents\NetBeansProjects2\HandsInAir\sources\MM_DB.accdb
00:36:04	Successfully connected to MS Access DB.
00:36:04	Opening Login Window through iWindow
00:36:04	Submitted
00:36:04	User: LR001 Password: 2ef92hf
00:36:04	Attempting login using LR001/2ef92hf
00:36:04	Location Represantative logged in
00:36:04	Initiating main UI
00:36:05	Added show to ShowList (PF005 Sia)
00:36:05	Added show to ShowList (PF002 Justin Bieber)
00:36:05	Added show to ShowList (PF016 Rihanna)
00:36:05	Added show to ShowList (PF015 Rihanna)
00:36:05	Added show to ShowList (PF051 Justin Bieber)
00:36:05	Added show to ShowList (PF048 Rihanna)
00:36:05	Added show to ShowList (PF011 Shawn Mendes)
00:36:05	Added show to ShowList (PF013 Shawn Mendes)
00:36:05	Added show to ShowList (PF012 Shawn Mendes)
00:36:05	Added show to ShowList (PF009 Shawn Mendes)
