=================  iMuzaMusic v1.0 - Thu Feb 23 14:39:55 IST 2017 ==================
14:39:55	Attempting connection to MS Access DB
14:39:55	DB File: C:\Users\nisan\Documents\Git\HandsInAirLatest\sources\MM_DB.accdb
14:39:56	Successfully connected to MS Access DB.
14:39:56	Opening Login Window through iWindow
14:39:56	Submitted
14:39:56	User: LR001 Password: 2ef92hf
14:39:56	Attempting login using LR001/2ef92hf
14:39:56	Location Represantative logged in
14:39:56	Initiating main UI
14:39:59	Added show to ShowList (PF018 Shawn Mendes)
14:39:59	Added show to ShowList (PF017 Justin Bieber)
14:39:59	Added show to ShowList (PF019 Shawn Mendes)
14:40:02	Added show to ShowList (PF018 Shawn Mendes)
14:40:02	Added show to ShowList (PF017 Justin Bieber)
14:40:02	Added show to ShowList (PF019 Shawn Mendes)
14:40:03	Refreshing show info (PF019)
14:40:03	Starting to refresh show details..
14:40:03	TEXT BEFORE: 
14:40:03	TEXT AFTER: None
14:40:04	Refreshing show info (PF017)
14:40:04	Starting to refresh show details..
14:40:04	TEXT BEFORE: 
14:40:04	TEXT AFTER: None
14:40:05	Refreshing show info (PF018)
14:40:05	Starting to refresh show details..
14:40:05	TEXT BEFORE: 
14:40:05	TEXT AFTER: None
14:40:06	Added show to ShowList (PF018 Shawn Mendes)
14:40:06	Added show to ShowList (PF017 Justin Bieber)
14:40:06	Added show to ShowList (PF019 Shawn Mendes)
14:40:07	Artist FB: #https://www.facebook.com/justin.bib#
14:40:07	Artist FB: #https://www.facebook.com/shawnm#
14:40:07	Artist FB: #https://www.facebook.com/rihanna#
14:40:07	Artist FB: #https://www.facebook.com/sia#
14:40:07	Artist FB: #https://www.facebook.com/pita#
14:40:07	Artist FB: #https://www.facebook.com/drake#
14:40:07	Artist FB: facebook.com/url
14:40:07	Artist FB: facebook.com
14:40:07	Artist FB: facebook.com
14:40:07	Artist FB: facebook.com
14:40:07	Artist FB: facebook.com
14:40:07	Artist FB: facebook.com/last.aspx
14:40:07	Found 0 favorited artists
