=================  iMuzaMusic v1.0 - Mon Feb 20 01:31:20 IST 2017 ==================
01:31:20	Attempting connection to MS Access DB
01:31:20	DB File: C:\Users\nisan\Documents\Git\HandsInAirLatest\sources\MM_DB.accdb
01:31:22	Successfully connected to MS Access DB.
01:31:22	Opening Login Window through iWindow
01:31:22	Submitted
01:31:22	User: AG001 Password: asf230g2
01:31:22	Attempting login using AG001/asf230g2
01:31:22	Agent logged in
01:31:22	Initiating main UI
01:31:24	Removing Barbarosa from favorited list
01:31:24	Removing Rotshild from favorited list
01:31:24	Removing Sleek from favorited list
01:31:24	Removing OpenHouse from favorited list
01:31:24	Found 4 favorited locations
01:31:41	Removing Barbarosa from favorited list
01:31:41	Removing Rotshild from favorited list
01:31:41	Removing Sleek from favorited list
01:31:41	Removing OpenHouse from favorited list
01:31:41	Found 4 favorited locations
01:31:53	Removing Barbarosa from favorited list
01:31:53	Removing Rotshild from favorited list
01:31:53	Removing Sleek from favorited list
01:31:53	Removing OpenHouse from favorited list
01:31:53	Found 4 favorited locations
01:31:59	Quitting MuzaMusic
