=================  iMuzaMusic v1.0 - Wed Feb 22 19:00:30 IST 2017 ==================
19:00:30	Attempting connection to MS Access DB
19:00:30	DB File: C:\Users\nisan\Documents\Git\HandsInAirLatest\sources\MM_DB.accdb
19:00:32	Successfully connected to MS Access DB.
19:00:32	Opening Login Window through iWindow
19:00:32	Submitted
19:00:32	User: CU0124 Password: 2eg2eg2
19:00:32	Attempting login using CU0124/2eg2eg2
19:00:32	test
19:00:32	Customer logged in
19:00:32	Initiating main UI
19:00:33	Added show to ShowList (PF030 Justin Bieber)
19:00:34	Refreshing show info (PF030)
19:00:34	Starting to refresh show details..
19:00:34	TEXT BEFORE: 
19:00:34	TEXT AFTER: None
19:00:35	Difference between 2017-03-17 and 2017-02-18 is 27 days
19:00:35	Difference between 2017-03-17 and 2017-02-18 is 27 days
19:00:35	Client has 4 tickets left to purchase on Presale
19:00:35	Show PF030 is on PreSale!
19:00:35	Client can purchase presale tickets
