=================  iMuzaMusic v1.0 - Sun Feb 26 18:18:26 IST 2017 ==================
18:18:26	Attempting connection to MS Access DB
18:18:26	DB File: C:\Users\nisan\Documents\Git\HandsInAirLatest\sources\MM_DB.accdb
18:18:27	Successfully connected to MS Access DB.
18:18:27	Opening Login Window through iWindow
18:18:27	Submitted
18:18:27	User: RE001 Password: admin
18:18:27	Attempting login using RE001/admin
18:18:27	Artist logged in
18:18:27	Initiating main UI
18:18:27	Aquiring menu for RE001 Auth: Representative
18:18:28	TS: 2017-02-26 18:18:28.697 TST: 1488125908697 dd: 2017-02-26 ddt: 1488125908697
18:18:28	Pulling data for Max_Allowed_Showtime
18:18:28	Executing Query: SELECT TOP 1 GlobalSettings.Key, GlobalSettings.Value
FROM GlobalSettings
GROUP BY GlobalSettings.Key, GlobalSettings.Value
HAVING (((GlobalSettings.Key) In ("Max_Allowed_Showtime")) AND (LAST(GlobalSettings.dateUpdated<=#2/26/2017 06:18:28#)))
ORDER BY Last(GlobalSettings.dateUpdated) DESC
18:18:28	Pulling data for Location_Commission
18:18:28	Executing Query: SELECT TOP 1 GlobalSettings.Key, GlobalSettings.Value
FROM GlobalSettings
GROUP BY GlobalSettings.Key, GlobalSettings.Value
HAVING (((GlobalSettings.Key) In ("Location_Commission")) AND (LAST(GlobalSettings.dateUpdated<=#2/26/2017 06:18:28#)))
ORDER BY Last(GlobalSettings.dateUpdated) DESC
18:18:28	Pulling data for Show_Approval_Timeout
18:18:28	Executing Query: SELECT TOP 1 GlobalSettings.Key, GlobalSettings.Value
FROM GlobalSettings
GROUP BY GlobalSettings.Key, GlobalSettings.Value
HAVING (((GlobalSettings.Key) In ("Show_Approval_Timeout")) AND (LAST(GlobalSettings.dateUpdated<=#2/26/2017 06:18:28#)))
ORDER BY Last(GlobalSettings.dateUpdated) DESC
18:18:28	Pulling data for Show_Addon_Commission
18:18:28	Executing Query: SELECT TOP 1 GlobalSettings.Key, GlobalSettings.Value
FROM GlobalSettings
GROUP BY GlobalSettings.Key, GlobalSettings.Value
HAVING (((GlobalSettings.Key) In ("Show_Addon_Commission")) AND (LAST(GlobalSettings.dateUpdated<=#2/26/2017 06:18:28#)))
ORDER BY Last(GlobalSettings.dateUpdated) DESC
18:18:28	Pulling data for Artist_Commission
18:18:28	Executing Query: SELECT TOP 1 GlobalSettings.Key, GlobalSettings.Value
FROM GlobalSettings
GROUP BY GlobalSettings.Key, GlobalSettings.Value
HAVING (((GlobalSettings.Key) In ("Artist_Commission")) AND (LAST(GlobalSettings.dateUpdated<=#2/26/2017 06:18:28#)))
ORDER BY Last(GlobalSettings.dateUpdated) DESC
18:18:28	Pulling data for Birthday_Card
18:18:28	Executing Query: SELECT TOP 1 GlobalSettings.Key, GlobalSettings.Value
FROM GlobalSettings
GROUP BY GlobalSettings.Key, GlobalSettings.Value
HAVING (((GlobalSettings.Key) In ("Birthday_Card")) AND (LAST(GlobalSettings.dateUpdated<=#2/26/2017 06:18:28#)))
ORDER BY Last(GlobalSettings.dateUpdated) DESC
18:18:28	Pulling data for Max_Addon_Commission
18:18:28	Executing Query: SELECT TOP 1 GlobalSettings.Key, GlobalSettings.Value
FROM GlobalSettings
GROUP BY GlobalSettings.Key, GlobalSettings.Value
HAVING (((GlobalSettings.Key) In ("Max_Addon_Commission")) AND (LAST(GlobalSettings.dateUpdated<=#2/26/2017 06:18:28#)))
ORDER BY Last(GlobalSettings.dateUpdated) DESC
18:18:28	Pulling data for Presale_Discount
18:18:28	Executing Query: SELECT TOP 1 GlobalSettings.Key, GlobalSettings.Value
FROM GlobalSettings
GROUP BY GlobalSettings.Key, GlobalSettings.Value
HAVING (((GlobalSettings.Key) In ("Presale_Discount")) AND (LAST(GlobalSettings.dateUpdated<=#2/26/2017 06:18:28#)))
ORDER BY Last(GlobalSettings.dateUpdated) DESC
18:18:28	Pulling data for Regular_Tickets_Sale
18:18:28	Executing Query: SELECT TOP 1 GlobalSettings.Key, GlobalSettings.Value
FROM GlobalSettings
GROUP BY GlobalSettings.Key, GlobalSettings.Value
HAVING (((GlobalSettings.Key) In ("Regular_Tickets_Sale")) AND (LAST(GlobalSettings.dateUpdated<=#2/26/2017 06:18:28#)))
ORDER BY Last(GlobalSettings.dateUpdated) DESC
18:18:28	Pulling data for Max_Presale_Tickets
18:18:28	Executing Query: SELECT TOP 1 GlobalSettings.Key, GlobalSettings.Value
FROM GlobalSettings
GROUP BY GlobalSettings.Key, GlobalSettings.Value
HAVING (((GlobalSettings.Key) In ("Max_Presale_Tickets")) AND (LAST(GlobalSettings.dateUpdated<=#2/26/2017 06:18:28#)))
ORDER BY Last(GlobalSettings.dateUpdated) DESC
18:18:28	Pulling data for Minimum_Days_Before_Presale
18:18:28	Executing Query: SELECT TOP 1 GlobalSettings.Key, GlobalSettings.Value
FROM GlobalSettings
GROUP BY GlobalSettings.Key, GlobalSettings.Value
HAVING (((GlobalSettings.Key) In ("Minimum_Days_Before_Presale")) AND (LAST(GlobalSettings.dateUpdated<=#2/26/2017 06:18:28#)))
ORDER BY Last(GlobalSettings.dateUpdated) DESC
18:18:28	Max_Allowed_Showtime: 2
18:18:28	Location_Commission: 20
18:18:28	Show_Approval_Timeout: 7
18:18:28	Show_Addon_Commission: 2
18:18:28	Artist_Commission: 12
18:18:28	Birthday_Card: 
18:18:28	Max_Addon_Commission: 8
18:18:28	Presale_Discount: 10
18:18:28	Regular_Tickets_Sale: 14
18:18:28	Max_Presale_Tickets: 4
18:18:28	Minimum_Days_Before_Presale: 21
