=================  iMuzaMusic v1.0 - Sun Feb 26 14:07:13 IST 2017 ==================
14:07:13	Attempting connection to MS Access DB
14:07:13	DB File: C:\Users\Administrator\Documents\NetBeansProjects2\HandsInAir\sources\MM_DB.accdb
14:07:16	Successfully connected to MS Access DB.
14:07:16	Opening Login Window through iWindow
14:07:16	Submitted
14:07:16	User: CU0123 Password: eg2j0g
14:07:16	Attempting login using CU0123/eg2j0g
14:07:16	test
14:07:16	Customer logged in
14:07:16	Initiating main UI
14:07:16	Aquiring menu for CU0123 Auth: Customer
14:07:17	Exit command identified
14:07:17	Exporting XML for iRecord
14:07:17	Column: ArtistID
14:07:17	Column: strStageName
14:07:17	Column: strShortBio
14:07:17	Column: strEmailAddr
14:07:17	Column: strFaceBook
14:07:17	Column: AgentID
14:07:17	Column: iStatus
14:07:17	Column: sig
