=================  iMuzaMusic v1.0 - Mon Feb 27 23:45:54 IST 2017 ==================
23:45:54	Attempting connection to MS Access DB
23:45:54	DB File: C:\Users\nisan\Documents\Git\HandsInAirLatest\sources\MM_DB.accdb
23:45:55	Successfully connected to MS Access DB.
23:45:55	Opening Login Window through iWindow
23:45:55	Submitted
23:45:55	User: RE001 Password: admin
23:45:55	Attempting login using RE001/admin
23:45:55	Artist logged in
23:45:55	Initiating main UI
23:45:55	Aquiring menu for RE001 Auth: Representative
23:45:56	Exit command identified
23:45:56	Exporting XML for iRecord
23:45:57	Aquiring stream result
23:45:57	Transforming result
23:45:57	Successfully exported HIA-Artist-Data.xml file for iRecord System.
23:45:57	Aquiring stream result
23:45:57	Transforming result
23:45:57	Successfully exported HIA-Artist-Sessions.xml file for iRecord System.
23:45:57	Quitting MuzaMusic
