=================  iMuzaMusic v1.0 - Wed Feb 22 02:01:23 IST 2017 ==================
02:01:23	Attempting connection to MS Access DB
02:01:23	DB File: C:\Users\Administrator\Documents\NetBeansProjects2\HandsInAir\sources\MM_DB.accdb
02:01:26	Successfully connected to MS Access DB.
02:01:26	Opening Login Window through iWindow
02:01:26	Submitted
02:01:26	User: LR001 Password: 2ef92hf
02:01:26	Attempting login using LR001/2ef92hf
02:01:26	Location Represantative logged in
02:01:26	Initiating main UI
02:01:28	Added show to ShowList (PF045 Justin Bieber)
02:01:28	Added show to ShowList (PF018 Shawn Mendes)
02:01:28	Added show to ShowList (PF017 Justin Bieber)
02:01:28	Added show to ShowList (PF019 Shawn Mendes)
02:01:29	Refreshing show info (PF045)
02:01:29	Starting to refresh show details..
02:01:30	Refreshing show info (PF018)
02:01:30	Starting to refresh show details..
02:01:30	Refreshing show info (PF045)
02:01:30	Starting to refresh show details..
02:01:31	Refreshing show info (PF017)
02:01:31	Starting to refresh show details..
02:01:31	Refreshing show info (PF019)
02:01:31	Starting to refresh show details..
02:01:32	Refreshing show info (PF018)
02:01:32	Starting to refresh show details..
02:01:32	Refreshing show info (PF045)
02:01:32	Starting to refresh show details..
02:01:33	Refreshing show info (PF018)
02:01:33	Starting to refresh show details..
02:01:33	Refreshing show info (PF045)
02:01:33	Starting to refresh show details..
02:01:38	Refreshing show info (PF017)
02:01:38	Starting to refresh show details..
02:01:39	Refreshing show info (PF018)
02:01:39	Starting to refresh show details..
02:01:40	Refreshing show info (PF017)
02:01:40	Starting to refresh show details..
02:01:41	Refreshing show info (PF019)
02:01:41	Starting to refresh show details..
02:01:42	Quitting MuzaMusic
