=================  iMuzaMusic v1.0 - Tue Feb 28 13:52:52 IST 2017 ==================
13:52:52	Attempting connection to MS Access DB
13:52:52	DB File: C:\Users\nisan\Documents\Git\HandsInAirLatest\sources\MM_DB.accdb
13:52:54	Successfully connected to MS Access DB.
13:52:54	Opening Login Window through iWindow
13:53:02	Submitted
13:53:02	User: Username Password: Password
13:53:02	Attempting login using Username/Password
13:53:05	Submitted
13:53:05	User: Username Password: Password
13:53:05	Attempting login using Username/Password
13:53:05	Submitted
13:53:05	User: Username Password: Password
13:53:05	Attempting login using Username/Password
13:53:06	Submitted
13:53:06	User: Username Password: Password
13:53:06	Attempting login using Username/Password
13:53:07	Submitted
13:53:07	User: Username Password: Password
13:53:07	Attempting login using Username/Password
13:53:07	Submitted
13:53:07	User: Username Password: Password
13:53:07	Attempting login using Username/Password
13:53:08	Submitted
13:53:08	User: Username Password: Password
13:53:08	Attempting login using Username/Password
