=================  iMuzaMusic v1.0 - Mon Feb 20 00:36:52 IST 2017 ==================
00:36:52	Attempting connection to MS Access DB
00:36:52	DB File: C:\Users\nisan\Documents\Git\HandsInAirLatest\sources\MM_DB.accdb
00:36:53	Successfully connected to MS Access DB.
00:36:53	Opening Login Window through iWindow
00:36:53	Submitted
00:36:53	User: AG001 Password: asf230g2
00:36:53	Attempting login using AG001/asf230g2
00:36:53	Agent logged in
00:36:53	Initiating main UI
00:36:56	Removing Ha Beer from favorited list
00:36:56	Removing Sleek from favorited list
00:36:56	Found 2 favorited locations
00:37:08	Opening URL: https://www.google.co.il/maps/place/%25D7%2594%25D7%2594%25D7%2592%25D7%25A0%25D7%2594+20,+%25D7%2590%25D7%2596%25D7%2595%25D7%25A8%25E2%2580%25AD/@32.0267995,34.8072585,17z/data=!3m1!4b1!4m5!3m4!1s0x151d4b32506ae2e9:0x9040f73f144e5513!8m2!3d32.0267995!4d34.8050698 OK!
00:37:20	Sending UPDATE Query: delete from AgentPreferLocation where AgentID="AG001" AND LocationID="LC003"
00:37:20	Cancel favorited location: LocationID: LC003
00:37:20	Removing Sleek from favorited list
00:37:20	Found 1 favorited locations
00:37:24	Sending UPDATE Query: INSERT INTO AgentPreferLocation (AgentID, LocationID) values ("AG001","LC002")
00:37:24	Removing Rotshild from favorited list
00:37:24	Removing Sleek from favorited list
00:37:24	Found 2 favorited locations
