=================  iMuzaMusic v1.0 - Sat Feb 18 02:53:31 IST 2017 ==================
02:53:31	Attempting connection to MS Access DB
02:53:31	DB File: C:\Users\Administrator\Documents\NetBeansProjects2\HandsInAir\sources\MM_DB.accdb
02:53:34	Successfully connected to MS Access DB.
02:53:34	Opening Login Window through iWindow
02:53:34	Submitted
02:53:34	User: AG001 Password: asf230g2
02:53:34	Attempting login using AG001/asf230g2
02:53:35	Agent logged in
02:53:35	Initiating main UI
02:53:37	PF001 Drake Rotshild 2016-12-29
02:53:38	Getting unevaluated and evaluated artists for artist AR002
02:53:40	Sending UPDATE Query: DELETE FROM ArtistLikes WHERE ArtistID in("AR002")
02:53:40	Failed connected evaluations
02:53:40	Query: DELETE FROM ArtistLikes WHERE ArtistID in("AR002")
02:53:42	Getting unevaluated and evaluated artists for artist AR002
02:53:47	Sending UPDATE Query: DELETE FROM ArtistLikes WHERE ArtistID in("AR002")
02:53:47	Failed connected evaluations
02:53:47	Query: DELETE FROM ArtistLikes WHERE ArtistID in("AR002")
02:53:47	Sending UPDATE Query: INSERT INTO ArtistLikes (ArtistID, LikeID) VALUES ('AR002',"AR005")
02:53:47	Failed connected evaluations
02:53:47	Query: INSERT INTO ArtistLikes (ArtistID, LikeID) VALUES ('AR002',"AR005")
02:53:47	Quitting MuzaMusic
