=================  iMuzaMusic v1.0 - Wed Feb 22 16:17:20 IST 2017 ==================
16:17:20	Attempting connection to MS Access DB
16:17:20	DB File: C:\Users\nisan\Documents\Git\HandsInAirLatest\sources\MM_DB.accdb
16:17:22	Successfully connected to MS Access DB.
16:17:22	Opening Login Window through iWindow
16:17:22	Submitted
16:17:22	User: AG001 Password: asf230g2
16:17:22	Attempting login using AG001/asf230g2
16:17:22	Agent logged in
16:17:22	Initiating main UI
16:17:25	Returning next ID for Artist - AR232
16:17:35	Attempting to upload file size: 278KB
16:17:35	Upload dir: C:\Users\nisan\Documents\Git\HandsInAirLatest\.\src\sources\uploads
16:17:35	Tmp file: C:\Users\nisan\Documents\Git\HandsInAirLatest\.\src\sources\uploads\AR232.jpg
16:17:35	Finished uploading. Short path: .\src\sources\uploads\AR232.jpg
16:17:35	Short Icon Path: /sources/uploads/AR232.jpg
16:17:55	Attempting to upload file size: 171KB
16:17:55	Upload dir: C:\Users\nisan\Documents\Git\HandsInAirLatest\.\src\sources\uploads
16:17:55	Tmp file: C:\Users\nisan\Documents\Git\HandsInAirLatest\.\src\sources\uploads\AR232.jpeg
16:17:55	Finished uploading. Short path: .\src\sources\uploads\AR232.jpeg
16:17:55	Short Icon Path: /sources/uploads/AR232.jpeg
16:24:30	Quitting MuzaMusic
