=================  iMuzaMusic v1.0 - Wed Feb 22 19:10:56 IST 2017 ==================
19:10:56	Attempting connection to MS Access DB
19:10:56	DB File: C:\Users\nisan\Documents\Git\HandsInAirLatest\sources\MM_DB.accdb
19:10:58	Successfully connected to MS Access DB.
19:10:58	Opening Login Window through iWindow
19:10:58	Submitted
19:10:58	User: CU0124 Password: 2eg2eg2
19:10:58	Attempting login using CU0124/2eg2eg2
19:10:58	test
19:10:58	Customer logged in
19:10:58	Initiating main UI
19:10:59	Added show to ShowList (PF030 Justin Bieber)
19:11:00	Refreshing show info (PF030)
19:11:00	Starting to refresh show details..
19:11:00	TEXT BEFORE: 
19:11:00	TEXT AFTER: None
19:11:01	Difference between 2017-03-17 and 2017-02-18 is 27 days
19:11:01	Difference between 2017-03-17 and 2017-02-18 is 27 days
19:11:01	Client has 4 tickets left to purchase on Presale
19:11:01	Show PF030 is on PreSale!
19:11:01	Client can purchase presale tickets
