=================  iMuzaMusic v1.0 - Mon Feb 20 00:30:39 IST 2017 ==================
00:30:39	Attempting connection to MS Access DB
00:30:39	DB File: C:\Users\nisan\Documents\Git\HandsInAirLatest\sources\MM_DB.accdb
00:30:40	Successfully connected to MS Access DB.
00:30:40	Opening Login Window through iWindow
00:30:41	Submitted
00:30:41	User: AG001 Password: asf230g2
00:30:41	Attempting login using AG001/asf230g2
00:30:41	Agent logged in
00:30:41	Initiating main UI
00:30:43	Removing Barbarosa from favorited list
00:30:43	Removing Rotshild from favorited list
00:30:43	Removing Ha Beer from favorited list
00:30:43	Removing Sleek from favorited list
00:30:43	Removing OpenHouse from favorited list
00:30:43	Found 5 favorited locations
00:30:52	Sending UPDATE Query: delete from AgentPreferLocation where AgentID="AG001" AND LocationID="LC005"
00:30:52	Cancel favorited location: LocationID: LC005
00:30:52	Removing Barbarosa from favorited list
00:30:52	Removing Rotshild from favorited list
00:30:52	Removing Ha Beer from favorited list
00:30:52	Removing Sleek from favorited list
00:30:52	Found 4 favorited locations
