=================  iMuzaMusic v1.0 - Sun Feb 26 19:01:39 IST 2017 ==================
19:01:39	Attempting connection to MS Access DB
19:01:39	DB File: C:\Users\nisan\Documents\Git\HandsInAirLatest\sources\MM_DB.accdb
19:01:40	Successfully connected to MS Access DB.
19:01:40	Opening Login Window through iWindow
19:01:40	Submitted
19:01:40	User: RE001 Password: admin
19:01:40	Attempting login using RE001/admin
19:01:40	Artist logged in
19:01:40	Initiating main UI
19:01:40	Aquiring menu for RE001 Auth: Representative
19:01:41	DF: 2/26/2017 07:01:41 PM
19:01:41	TS: 2017-02-26 19:01:41.507 TST: 1488128501507 dd: 2017-02-26 ddt: 1488128501507
19:01:41	Pulling data for Max_Allowed_Showtime
19:01:41	Executing Query: SELECT TOP 1 GlobalSettings.Key, GlobalSettings.Value
FROM GlobalSettings
GROUP BY GlobalSettings.Key, GlobalSettings.Value
HAVING (((GlobalSettings.Key) In ("Max_Allowed_Showtime")) AND (LAST(GlobalSettings.dateUpdated<=#2/26/2017 07:01:41 PM#)))
ORDER BY Last(GlobalSettings.dateUpdated) DESC
19:01:41	Pulling data for Location_Commission
19:01:41	Executing Query: SELECT TOP 1 GlobalSettings.Key, GlobalSettings.Value
FROM GlobalSettings
GROUP BY GlobalSettings.Key, GlobalSettings.Value
HAVING (((GlobalSettings.Key) In ("Location_Commission")) AND (LAST(GlobalSettings.dateUpdated<=#2/26/2017 07:01:41 PM#)))
ORDER BY Last(GlobalSettings.dateUpdated) DESC
19:01:41	Pulling data for Show_Approval_Timeout
19:01:41	Executing Query: SELECT TOP 1 GlobalSettings.Key, GlobalSettings.Value
FROM GlobalSettings
GROUP BY GlobalSettings.Key, GlobalSettings.Value
HAVING (((GlobalSettings.Key) In ("Show_Approval_Timeout")) AND (LAST(GlobalSettings.dateUpdated<=#2/26/2017 07:01:41 PM#)))
ORDER BY Last(GlobalSettings.dateUpdated) DESC
19:01:41	Pulling data for Show_Addon_Commission
19:01:41	Executing Query: SELECT TOP 1 GlobalSettings.Key, GlobalSettings.Value
FROM GlobalSettings
GROUP BY GlobalSettings.Key, GlobalSettings.Value
HAVING (((GlobalSettings.Key) In ("Show_Addon_Commission")) AND (LAST(GlobalSettings.dateUpdated<=#2/26/2017 07:01:41 PM#)))
ORDER BY Last(GlobalSettings.dateUpdated) DESC
19:01:41	Pulling data for Artist_Commission
19:01:41	Executing Query: SELECT TOP 1 GlobalSettings.Key, GlobalSettings.Value
FROM GlobalSettings
GROUP BY GlobalSettings.Key, GlobalSettings.Value
HAVING (((GlobalSettings.Key) In ("Artist_Commission")) AND (LAST(GlobalSettings.dateUpdated<=#2/26/2017 07:01:41 PM#)))
ORDER BY Last(GlobalSettings.dateUpdated) DESC
19:01:41	Pulling data for Birthday_Card
19:01:41	Executing Query: SELECT TOP 1 GlobalSettings.Key, GlobalSettings.Value
FROM GlobalSettings
GROUP BY GlobalSettings.Key, GlobalSettings.Value
HAVING (((GlobalSettings.Key) In ("Birthday_Card")) AND (LAST(GlobalSettings.dateUpdated<=#2/26/2017 07:01:41 PM#)))
ORDER BY Last(GlobalSettings.dateUpdated) DESC
19:01:41	Pulling data for Max_Addon_Commission
19:01:41	Executing Query: SELECT TOP 1 GlobalSettings.Key, GlobalSettings.Value
FROM GlobalSettings
GROUP BY GlobalSettings.Key, GlobalSettings.Value
HAVING (((GlobalSettings.Key) In ("Max_Addon_Commission")) AND (LAST(GlobalSettings.dateUpdated<=#2/26/2017 07:01:41 PM#)))
ORDER BY Last(GlobalSettings.dateUpdated) DESC
19:01:41	Pulling data for Presale_Discount
19:01:41	Executing Query: SELECT TOP 1 GlobalSettings.Key, GlobalSettings.Value
FROM GlobalSettings
GROUP BY GlobalSettings.Key, GlobalSettings.Value
HAVING (((GlobalSettings.Key) In ("Presale_Discount")) AND (LAST(GlobalSettings.dateUpdated<=#2/26/2017 07:01:41 PM#)))
ORDER BY Last(GlobalSettings.dateUpdated) DESC
19:01:41	Pulling data for Regular_Tickets_Sale
19:01:41	Executing Query: SELECT TOP 1 GlobalSettings.Key, GlobalSettings.Value
FROM GlobalSettings
GROUP BY GlobalSettings.Key, GlobalSettings.Value
HAVING (((GlobalSettings.Key) In ("Regular_Tickets_Sale")) AND (LAST(GlobalSettings.dateUpdated<=#2/26/2017 07:01:41 PM#)))
ORDER BY Last(GlobalSettings.dateUpdated) DESC
19:01:41	Pulling data for Max_Presale_Tickets
19:01:41	Executing Query: SELECT TOP 1 GlobalSettings.Key, GlobalSettings.Value
FROM GlobalSettings
GROUP BY GlobalSettings.Key, GlobalSettings.Value
HAVING (((GlobalSettings.Key) In ("Max_Presale_Tickets")) AND (LAST(GlobalSettings.dateUpdated<=#2/26/2017 07:01:41 PM#)))
ORDER BY Last(GlobalSettings.dateUpdated) DESC
19:01:41	Pulling data for Minimum_Days_Before_Presale
19:01:41	Executing Query: SELECT TOP 1 GlobalSettings.Key, GlobalSettings.Value
FROM GlobalSettings
GROUP BY GlobalSettings.Key, GlobalSettings.Value
HAVING (((GlobalSettings.Key) In ("Minimum_Days_Before_Presale")) AND (LAST(GlobalSettings.dateUpdated<=#2/26/2017 07:01:41 PM#)))
ORDER BY Last(GlobalSettings.dateUpdated) DESC
19:01:41	Max_Allowed_Showtime: 3
19:01:41	Location_Commission: 25
19:01:41	Show_Approval_Timeout: 8
19:01:41	Show_Addon_Commission: 15
19:01:41	Artist_Commission: 17
19:01:41	Birthday_Card: test
bday
19:01:41	Max_Addon_Commission: 13
19:01:41	Presale_Discount: 15
19:01:41	Regular_Tickets_Sale: 15
19:01:41	Max_Presale_Tickets: 5
19:01:41	Minimum_Days_Before_Presale: 22
19:01:43	Getting Next ID for Location Representative
19:01:43	Current last ID is: LR007
19:01:43	Returning next ID for Location_Representative - LR008
