=================  iMuzaMusic v1.0 - Wed Feb 22 18:25:31 IST 2017 ==================
18:25:31	Attempting connection to MS Access DB
18:25:31	DB File: C:\Users\nisan\Documents\Git\HandsInAirLatest\sources\MM_DB.accdb
18:25:33	Successfully connected to MS Access DB.
18:25:33	Opening Login Window through iWindow
18:25:33	Submitted
18:25:33	User: CU0123 Password: eg2j0g
18:25:33	Attempting login using CU0123/eg2j0g
18:25:33	test
18:25:33	Customer logged in
18:25:33	Initiating main UI
18:25:34	Artist FB: #https://www.facebook.com/justin.bib#
18:25:34	Artist FB: #https://www.facebook.com/shawnm#
18:25:34	Artist FB: www.facebook.com/rihanna#http://www.facebook.com/rihanna#
18:25:34	Artist FB: www.facebook.com/sia#http://www.facebook.com/sia#
18:25:34	Artist FB: www.facebook.com/pita#http://www.facebook.com/pita#
18:25:34	Artist FB: www.facebook.com/drake#http://www.facebook.com/drake#
18:25:34	Artist FB: facebook.com/url
18:25:34	Artist FB: facebook.com
18:25:34	Artist FB: facebook.com
18:25:34	Artist FB: facebook.com
18:25:34	Artist FB: facebook.com
18:25:34	Artist FB: facebook.com/last.aspx
18:25:34	Found 0 favorited artists
18:25:34	Artist FB: #https://www.facebook.com/justin.bib#
18:25:34	Artist FB: #https://www.facebook.com/shawnm#
18:25:34	Artist FB: www.facebook.com/rihanna#http://www.facebook.com/rihanna#
18:25:34	Artist FB: www.facebook.com/sia#http://www.facebook.com/sia#
18:25:34	Artist FB: www.facebook.com/pita#http://www.facebook.com/pita#
18:25:34	Artist FB: www.facebook.com/drake#http://www.facebook.com/drake#
18:25:34	Artist FB: facebook.com/url
18:25:34	Artist FB: facebook.com
18:25:34	Artist FB: facebook.com
18:25:34	Artist FB: facebook.com
18:25:34	Artist FB: facebook.com
18:25:34	Artist FB: facebook.com/last.aspx
18:25:34	Found 0 favorited artists
18:25:40	Opening URL: https://www.facebook.com/justin.bib OK!
