=================  iMuzaMusic v1.0 - Tue Feb 28 14:52:55 IST 2017 ==================
14:52:55	Attempting connection to MS Access DB
14:52:55	DB File: C:\Users\nisan\Documents\Git\HandsInAirLatest\sources\MM_DB.accdb
14:52:56	Successfully connected to MS Access DB.
14:52:56	Opening Login Window through iWindow
14:52:59	Selected Debug Quick Login Feature for Johnny
14:52:59	Logging in...
14:52:59	Submitted from DEBUG Window
14:52:59	User: AG001 Password: admin
14:52:59	Attempting login using AG001/admin
14:52:59	Agent logged in
14:52:59	Initiating main UI
14:52:59	Aquiring menu for AG001 Auth: Agent
14:52:59	Selected Debug Quick Login Feature for Johnny
14:52:59	Logging in...
14:52:59	Submitted from DEBUG Window
14:52:59	User: AG001 Password: admin
14:52:59	Attempting login using AG001/admin
14:52:59	Agent logged in
14:52:59	Initiating main UI
14:52:59	Aquiring menu for AG001 Auth: Agent
14:53:00	Logging out..
14:53:00	Successfully logged out
14:53:00	Activating login screen
