=================  iMuzaMusic v1.0 - Thu Feb 23 15:26:30 IST 2017 ==================
15:26:30	Attempting connection to MS Access DB
15:26:30	DB File: C:\Users\nisan\Documents\Git\HandsInAirLatest\sources\MM_DB.accdb
15:26:31	Successfully connected to MS Access DB.
15:26:31	Opening Login Window through iWindow
15:26:32	Submitted
15:26:32	User: LR001 Password: 2ef92hf
15:26:32	Attempting login using LR001/2ef92hf
15:26:32	Location Represantative logged in
15:26:32	Initiating main UI
15:26:32	Aquiring menu for LR001 Auth: Location Representative
15:26:47	Added show to ShowList (PF018 Shawn Mendes)
15:26:47	Added show to ShowList (PF017 Justin Bieber)
15:26:47	Added show to ShowList (PF019 Shawn Mendes)
15:26:49	Added show to ShowList (PF018 Shawn Mendes)
15:26:49	Added show to ShowList (PF017 Justin Bieber)
15:26:49	Added show to ShowList (PF019 Shawn Mendes)
15:26:50	Added show to ShowList (PF018 Shawn Mendes)
15:26:50	Added show to ShowList (PF017 Justin Bieber)
15:26:50	Added show to ShowList (PF019 Shawn Mendes)
15:26:52	Added show to ShowList (PF018 Shawn Mendes)
15:26:52	Added show to ShowList (PF017 Justin Bieber)
15:26:52	Added show to ShowList (PF019 Shawn Mendes)
15:26:58	Added show to ShowList (PF018 Shawn Mendes)
15:26:58	Added show to ShowList (PF017 Justin Bieber)
15:26:58	Added show to ShowList (PF019 Shawn Mendes)
