=================  iMuzaMusic v1.0 - Tue Feb 28 12:47:36 IST 2017 ==================
12:47:36	Attempting connection to MS Access DB
12:47:36	DB File: C:\Users\nisan\Documents\Git\HandsInAirLatest\sources\MM_DB.accdb
12:47:37	Successfully connected to MS Access DB.
12:47:37	Opening Login Window through iWindow
12:47:37	Updating show status: PF009
12:47:37	Show date: 2017-02-14
12:47:38	Submitted
12:47:38	User: RE001 Password: admin
12:47:38	Attempting login using RE001/admin
12:47:38	Artist logged in
12:47:38	Initiating main UI
12:47:38	Aquiring menu for RE001 Auth: Representative
12:47:40	DF: 2/28/2017 12:47:40 PM
12:47:40	TS: 2017-02-28 12:47:40.019 TST: 1488278860019 dd: 2017-02-28 ddt: 1488278860019
12:47:40	Pulling data for Max_Allowed_Showtime
12:47:40	Executing Query: SELECT TOP 1 GlobalSettings.Key, GlobalSettings.Value
FROM GlobalSettings
GROUP BY GlobalSettings.Key, GlobalSettings.Value
HAVING (((GlobalSettings.Key) In ("Max_Allowed_Showtime")) AND (LAST(GlobalSettings.dateUpdated<=#2/28/2017 12:47:40 PM#)))
ORDER BY Last(GlobalSettings.dateUpdated) DESC
12:47:40	Pulling data for Location_Commission
12:47:40	Executing Query: SELECT TOP 1 GlobalSettings.Key, GlobalSettings.Value
FROM GlobalSettings
GROUP BY GlobalSettings.Key, GlobalSettings.Value
HAVING (((GlobalSettings.Key) In ("Location_Commission")) AND (LAST(GlobalSettings.dateUpdated<=#2/28/2017 12:47:40 PM#)))
ORDER BY Last(GlobalSettings.dateUpdated) DESC
12:47:40	Pulling data for Show_Approval_Timeout
12:47:40	Executing Query: SELECT TOP 1 GlobalSettings.Key, GlobalSettings.Value
FROM GlobalSettings
GROUP BY GlobalSettings.Key, GlobalSettings.Value
HAVING (((GlobalSettings.Key) In ("Show_Approval_Timeout")) AND (LAST(GlobalSettings.dateUpdated<=#2/28/2017 12:47:40 PM#)))
ORDER BY Last(GlobalSettings.dateUpdated) DESC
12:47:40	Pulling data for Show_Addon_Commission
12:47:40	Executing Query: SELECT TOP 1 GlobalSettings.Key, GlobalSettings.Value
FROM GlobalSettings
GROUP BY GlobalSettings.Key, GlobalSettings.Value
HAVING (((GlobalSettings.Key) In ("Show_Addon_Commission")) AND (LAST(GlobalSettings.dateUpdated<=#2/28/2017 12:47:40 PM#)))
ORDER BY Last(GlobalSettings.dateUpdated) DESC
12:47:40	Pulling data for Artist_Commission
12:47:40	Executing Query: SELECT TOP 1 GlobalSettings.Key, GlobalSettings.Value
FROM GlobalSettings
GROUP BY GlobalSettings.Key, GlobalSettings.Value
HAVING (((GlobalSettings.Key) In ("Artist_Commission")) AND (LAST(GlobalSettings.dateUpdated<=#2/28/2017 12:47:40 PM#)))
ORDER BY Last(GlobalSettings.dateUpdated) DESC
12:47:40	Pulling data for Birthday_Card
12:47:40	Executing Query: SELECT TOP 1 GlobalSettings.Key, GlobalSettings.Value
FROM GlobalSettings
GROUP BY GlobalSettings.Key, GlobalSettings.Value
HAVING (((GlobalSettings.Key) In ("Birthday_Card")) AND (LAST(GlobalSettings.dateUpdated<=#2/28/2017 12:47:40 PM#)))
ORDER BY Last(GlobalSettings.dateUpdated) DESC
12:47:40	Pulling data for Max_Addon_Commission
12:47:40	Executing Query: SELECT TOP 1 GlobalSettings.Key, GlobalSettings.Value
FROM GlobalSettings
GROUP BY GlobalSettings.Key, GlobalSettings.Value
HAVING (((GlobalSettings.Key) In ("Max_Addon_Commission")) AND (LAST(GlobalSettings.dateUpdated<=#2/28/2017 12:47:40 PM#)))
ORDER BY Last(GlobalSettings.dateUpdated) DESC
12:47:40	Pulling data for Presale_Discount
12:47:40	Executing Query: SELECT TOP 1 GlobalSettings.Key, GlobalSettings.Value
FROM GlobalSettings
GROUP BY GlobalSettings.Key, GlobalSettings.Value
HAVING (((GlobalSettings.Key) In ("Presale_Discount")) AND (LAST(GlobalSettings.dateUpdated<=#2/28/2017 12:47:40 PM#)))
ORDER BY Last(GlobalSettings.dateUpdated) DESC
12:47:40	Pulling data for Regular_Tickets_Sale
12:47:40	Executing Query: SELECT TOP 1 GlobalSettings.Key, GlobalSettings.Value
FROM GlobalSettings
GROUP BY GlobalSettings.Key, GlobalSettings.Value
HAVING (((GlobalSettings.Key) In ("Regular_Tickets_Sale")) AND (LAST(GlobalSettings.dateUpdated<=#2/28/2017 12:47:40 PM#)))
ORDER BY Last(GlobalSettings.dateUpdated) DESC
12:47:40	Pulling data for Max_Presale_Tickets
12:47:40	Executing Query: SELECT TOP 1 GlobalSettings.Key, GlobalSettings.Value
FROM GlobalSettings
GROUP BY GlobalSettings.Key, GlobalSettings.Value
HAVING (((GlobalSettings.Key) In ("Max_Presale_Tickets")) AND (LAST(GlobalSettings.dateUpdated<=#2/28/2017 12:47:40 PM#)))
ORDER BY Last(GlobalSettings.dateUpdated) DESC
12:47:40	Pulling data for Minimum_Days_Before_Presale
12:47:40	Executing Query: SELECT TOP 1 GlobalSettings.Key, GlobalSettings.Value
FROM GlobalSettings
GROUP BY GlobalSettings.Key, GlobalSettings.Value
HAVING (((GlobalSettings.Key) In ("Minimum_Days_Before_Presale")) AND (LAST(GlobalSettings.dateUpdated<=#2/28/2017 12:47:40 PM#)))
ORDER BY Last(GlobalSettings.dateUpdated) DESC
12:47:40	GOT TXT: asd22asd

asd
ad
sa
d
12:47:40	Max_Allowed_Showtime: 2
12:47:40	Location_Commission: 20
12:47:40	Show_Approval_Timeout: 7
12:47:40	Show_Addon_Commission: 10
12:47:40	Artist_Commission: 50
12:47:40	Birthday_Card: asd22asd

asd
ad
sa
d
12:47:40	Max_Addon_Commission: 8
12:47:40	Presale_Discount: 10
12:47:40	Regular_Tickets_Sale: 14
12:47:40	Max_Presale_Tickets: 4
12:47:40	Minimum_Days_Before_Presale: 21
