=================  iMuzaMusic v1.0 - Mon Feb 27 14:54:41 IST 2017 ==================
14:54:41	Attempting connection to MS Access DB
14:54:41	Attempting connection to MS Access DB
14:54:41	DB File: C:\Users\nisan\Documents\Git\HandsInAirLatest\sources\MM_DB.accdb
14:54:41	DB File: C:\Users\nisan\Documents\Git\HandsInAirLatest\sources\MM_DB.accdb
WARNING:Error in the metadata of the table ClientPurchases: table's row count in the metadata is 23 but 0 records have been found and loaded by UCanAccess. All will work fine, but it's better to repair your database.
14:54:42	Successfully connected to MS Access DB.
14:54:42	Successfully connected to MS Access DB.
14:54:42	Opening Login Window through iWindow
14:54:42	Opening Login Window through iWindow
14:54:43	Submitted
14:54:43	Submitted
14:54:43	User: AG001 Password: admin
14:54:43	User: AG001 Password: admin
14:54:43	Attempting login using AG001/admin
14:54:43	Attempting login using AG001/admin
14:54:43	Agent logged in
14:54:43	Agent logged in
14:54:43	Initiating main UI
14:54:43	Initiating main UI
14:54:43	Aquiring menu for AG001 Auth: Agent
14:54:43	Aquiring menu for AG001 Auth: Agent
14:54:43	Logging out..
14:54:43	Logging out..
14:54:43	Successfully logged out
14:54:43	Successfully logged out
14:54:43	Submitted
14:54:43	Submitted
14:54:43	User: AG001 Password: admin
14:54:43	User: AG001 Password: admin
14:54:43	Attempting login using AG001/admin
14:54:43	Attempting login using AG001/admin
14:54:43	Agent logged in
14:54:43	Agent logged in
14:54:43	Initiating main UI
14:54:43	Initiating main UI
14:54:43	Aquiring menu for AG001 Auth: Agent
14:54:43	Aquiring menu for AG001 Auth: Agent
14:54:43	Activating login screen
14:54:43	Activating login screen
14:54:46	Submitted
14:54:46	Submitted
14:54:46	User: RE001 Password: admin
14:54:46	User: RE001 Password: admin
14:54:46	Attempting login using RE001/admin
14:54:46	Attempting login using RE001/admin
14:54:46	Artist logged in
14:54:46	Artist logged in
14:54:46	Initiating main UI
14:54:46	Initiating main UI
14:54:46	Aquiring menu for RE001 Auth: Representative
14:54:46	Aquiring menu for RE001 Auth: Representative
14:54:48	Sending Report Query with Year: 2016
14:54:48	Sending Report Query with Year: 2016
Aquiring report jasper: java.io.BufferedInputStream@26553b90
net.sf.jasperreports.engine.JRException: Error preparing statement for executing the report query : 

SELECT
     generateReport.`pID` AS generateReport_pID,
     generateReport.`pStartDate` AS generateReport_pStartDate,
     generateReport.`pTicketPrice` AS generateReport_pTicketPrice,
     generateReport.`pMinAge` AS generateReport_pMinAge,
     generateReport.`pStatus` AS generateReport_pStatus,
     generateReport.`iLocation` AS generateReport_iLocation,
     generateReport.`iMainArtist` AS generateReport_iMainArtist,
     generateReport.`pDateCreated` AS generateReport_pDateCreated,
     generateReport.`PreSaleTotal` AS generateReport_PreSaleTotal,
     generateReport.`RegularSaleTotal` AS generateReport_RegularSaleTotal,
     generateReport.`pTotalSales` AS generateReport_pTotalSales,
     generateReport.`AdditionalCosts` AS generateReport_AdditionalCosts,
     generateReport.`LocComm` AS generateReport_LocComm,
     generateReport.`ArtistComm` AS generateReport_ArtistComm,
     generateReport.`TotalOutcome` AS generateReport_TotalOutcome,
     generateReport.`TotalRevenue` AS generateReport_TotalRevenue,
     generateReport.`strStageName` AS generateReport_strStageName,
     generateReport.`strName` AS generateReport_strName,
     generateReport.`AgentName` AS generateReport_AgentName,
     generateReport.`showYear` AS generateReport_showYear
FROM
     `generateReport` generateReport WHERE showYear=? order by TotalRevenue desc


	at net.sf.jasperreports.engine.query.JRJdbcQueryExecuter.createStatement(JRJdbcQueryExecuter.java:377)
	at net.sf.jasperreports.engine.query.JRJdbcQueryExecuter.createDatasource(JRJdbcQueryExecuter.java:196)
	at net.sf.jasperreports.engine.fill.JRFillDataset.createQueryDatasource(JRFillDataset.java:1112)
	at net.sf.jasperreports.engine.fill.JRFillDataset.initDatasource(JRFillDataset.java:689)
	at net.sf.jasperreports.engine.fill.JRBaseFiller.setParameters(JRBaseFiller.java:1281)
	at net.sf.jasperreports.engine.fill.JRBaseFiller.fill(JRBaseFiller.java:900)
	at net.sf.jasperreports.engine.fill.JRBaseFiller.fill(JRBaseFiller.java:845)
	at net.sf.jasperreports.engine.fill.JRFiller.fill(JRFiller.java:87)
	at net.sf.jasperreports.engine.JasperFillManager.fill(JasperFillManager.java:446)
	at net.sf.jasperreports.engine.JasperFillManager.fill(JasperFillManager.java:407)
	at net.sf.jasperreports.engine.JasperFillManager.fillReport(JasperFillManager.java:824)
	at Boundary.Rep.frmViewReport.slctYearItemStateChanged(frmViewReport.java:94)
	at Boundary.Rep.frmViewReport.access$000(frmViewReport.java:31)
	at Boundary.Rep.frmViewReport$1.itemStateChanged(frmViewReport.java:58)
	at javax.swing.JComboBox.fireItemStateChanged(JComboBox.java:1223)
	at javax.swing.JComboBox.selectedItemChanged(JComboBox.java:1280)
	at javax.swing.JComboBox.contentsChanged(JComboBox.java:1330)
	at javax.swing.AbstractListModel.fireContentsChanged(AbstractListModel.java:118)
	at javax.swing.DefaultComboBoxModel.setSelectedItem(DefaultComboBoxModel.java:93)
	at javax.swing.JComboBox.setSelectedItem(JComboBox.java:576)
	at javax.swing.JComboBox.setSelectedIndex(JComboBox.java:622)
	at javax.swing.plaf.basic.BasicComboPopup$Handler.mouseReleased(BasicComboPopup.java:852)
	at java.awt.AWTEventMulticaster.mouseReleased(AWTEventMulticaster.java:290)
	at java.awt.Component.processMouseEvent(Component.java:6533)
	at javax.swing.JComponent.processMouseEvent(JComponent.java:3324)
	at javax.swing.plaf.basic.BasicComboPopup$1.processMouseEvent(BasicComboPopup.java:501)
	at java.awt.Component.processEvent(Component.java:6298)
	at java.awt.Container.processEvent(Container.java:2236)
	at java.awt.Component.dispatchEventImpl(Component.java:4889)
	at java.awt.Container.dispatchEventImpl(Container.java:2294)
	at java.awt.Component.dispatchEvent(Component.java:4711)
	at java.awt.LightweightDispatcher.retargetMouseEvent(Container.java:4888)
	at java.awt.LightweightDispatcher.processMouseEvent(Container.java:4525)
	at java.awt.LightweightDispatcher.dispatchEvent(Container.java:4466)
	at java.awt.Container.dispatchEventImpl(Container.java:2280)
	at java.awt.Window.dispatchEventImpl(Window.java:2746)
	at java.awt.Component.dispatchEvent(Component.java:4711)
	at java.awt.EventQueue.dispatchEventImpl(EventQueue.java:758)
	at java.awt.EventQueue.access$500(EventQueue.java:97)
	at java.awt.EventQueue$3.run(EventQueue.java:709)
	at java.awt.EventQueue$3.run(EventQueue.java:703)
	at java.security.AccessController.doPrivileged(Native Method)
	at java.security.ProtectionDomain$JavaSecurityAccessImpl.doIntersectionPrivilege(ProtectionDomain.java:76)
	at java.security.ProtectionDomain$JavaSecurityAccessImpl.doIntersectionPrivilege(ProtectionDomain.java:86)
	at java.awt.EventQueue$4.run(EventQueue.java:731)
	at java.awt.EventQueue$4.run(EventQueue.java:729)
	at java.security.AccessController.doPrivileged(Native Method)
	at java.security.ProtectionDomain$JavaSecurityAccessImpl.doIntersectionPrivilege(ProtectionDomain.java:76)
	at java.awt.EventQueue.dispatchEvent(EventQueue.java:728)
	at java.awt.EventDispatchThread.pumpOneEventForFilters(EventDispatchThread.java:201)
	at java.awt.EventDispatchThread.pumpEventsForFilter(EventDispatchThread.java:116)
	at java.awt.EventDispatchThread.pumpEventsForHierarchy(EventDispatchThread.java:105)
	at java.awt.EventDispatchThread.pumpEvents(EventDispatchThread.java:101)
	at java.awt.EventDispatchThread.pumpEvents(EventDispatchThread.java:93)
	at java.awt.EventDispatchThread.run(EventDispatchThread.java:82)
Caused by: net.ucanaccess.jdbc.UcanaccessSQLException: UCAExc:::3.0.7 user lacks privilege or object not found: GENERATEREPORT
	at net.ucanaccess.jdbc.UcanaccessConnection.prepareStatement(UcanaccessConnection.java:528)
	at net.sf.jasperreports.engine.query.JRJdbcQueryExecuter.createStatement(JRJdbcQueryExecuter.java:267)
	... 54 more
Caused by: java.sql.SQLSyntaxErrorException: user lacks privilege or object not found: GENERATEREPORT
	at org.hsqldb.jdbc.JDBCUtil.sqlException(Unknown Source)
	at org.hsqldb.jdbc.JDBCUtil.sqlException(Unknown Source)
	at org.hsqldb.jdbc.JDBCPreparedStatement.<init>(Unknown Source)
	at org.hsqldb.jdbc.JDBCConnection.prepareStatement(Unknown Source)
	at net.ucanaccess.jdbc.UcanaccessConnection.prepareStatement(UcanaccessConnection.java:525)
	... 55 more
Caused by: org.hsqldb.HsqlException: user lacks privilege or object not found: GENERATEREPORT
	at org.hsqldb.error.Error.error(Unknown Source)
	at org.hsqldb.error.Error.error(Unknown Source)
	at org.hsqldb.SchemaManager.getTable(Unknown Source)
	at org.hsqldb.ParserDQL.readTableName(Unknown Source)
	at org.hsqldb.ParserDQL.readTableOrSubquery(Unknown Source)
	at org.hsqldb.ParserDQL.XreadTableReference(Unknown Source)
	at org.hsqldb.ParserDQL.XreadFromClause(Unknown Source)
	at org.hsqldb.ParserDQL.XreadTableExpression(Unknown Source)
	at org.hsqldb.ParserDQL.XreadQuerySpecification(Unknown Source)
	at org.hsqldb.ParserDQL.XreadSimpleTable(Unknown Source)
	at org.hsqldb.ParserDQL.XreadQueryPrimary(Unknown Source)
	at org.hsqldb.ParserDQL.XreadQueryTerm(Unknown Source)
	at org.hsqldb.ParserDQL.XreadQueryExpressionBody(Unknown Source)
	at org.hsqldb.ParserDQL.XreadQueryExpression(Unknown Source)
	at org.hsqldb.ParserDQL.compileCursorSpecification(Unknown Source)
	at org.hsqldb.ParserCommand.compilePart(Unknown Source)
	at org.hsqldb.ParserCommand.compileStatement(Unknown Source)
	at org.hsqldb.Session.compileStatement(Unknown Source)
	at org.hsqldb.StatementManager.compile(Unknown Source)
	at org.hsqldb.Session.execute(Unknown Source)
	... 58 more
