=================  iMuzaMusic v1.0 - Sun Feb 19 20:43:51 IST 2017 ==================
20:43:51	Attempting connection to MS Access DB
20:43:51	DB File: C:\Users\nisan\Documents\Git\HandsInAirLatest\sources\MM_DB.accdb
20:43:52	Successfully connected to MS Access DB.
20:43:52	Opening Login Window through iWindow
20:43:52	Submitted
20:43:52	User: AG001 Password: asf230g2
20:43:52	Attempting login using AG001/asf230g2
20:43:52	Agent logged in
20:43:52	Initiating main UI
20:44:00	PF002 Justin Bieber Barbarosa 2017-01-11
20:44:00	PF004 Sia Barbarosa 2016-10-10
20:44:03	Sending UPDATE Query: update Artists set iStatus=2 where ArtistID="AR003"
20:44:03	Sending UPDATE Query: update Artists set iStatus=1 where ArtistID="AR003"
20:44:04	PF001 Drake Rotshild 2016-12-29
20:44:18	Creating Show..
20:44:18	Starting to insert show PF048 with 1 sub artists
20:44:18	Sending UPDATE Query: INSERT INTO Shows (pID, pStartDate, pTicketPrice, pMinAge, pStatus, iLocation, iMainArtist, pDateCreated) VALUES ('PF048',"2017-02-07 10:00:00.0",'0.0','0','Awaiting Approval','LC001','AR004',"2017-02-19 20:44:18.977")
20:44:18	Sending UPDATE Query: INSERT INTO ShowsToArtists(ShowID, ArtistID) values ("PF048","AR231")
20:44:23	PF002 Justin Bieber Barbarosa 2017-01-11
20:44:23	PF004 Sia Barbarosa 2016-10-10
20:44:27	PF001 Drake Rotshild 2016-12-29
20:44:29	PF002 Justin Bieber Barbarosa 2017-01-11
20:44:29	PF004 Sia Barbarosa 2016-10-10
20:44:30	PF001 Drake Rotshild 2016-12-29
20:44:46	Creating Show..
20:44:46	Starting to insert show PF049 with 1 sub artists
20:44:46	Sending UPDATE Query: INSERT INTO Shows (pID, pStartDate, pTicketPrice, pMinAge, pStatus, iLocation, iMainArtist, pDateCreated) VALUES ('PF049',"2017-02-14 03:00:00.0",'0.0','0','Awaiting Approval','LC002','AR003',"2017-02-19 20:44:46.733")
20:44:46	Sending UPDATE Query: INSERT INTO ShowsToArtists(ShowID, ArtistID) values ("PF049","AR002")
20:44:49	PF001 Drake Rotshild 2016-12-29
