=================  iMuzaMusic v1.0 - Sun Feb 26 17:48:57 IST 2017 ==================
17:48:57	Attempting connection to MS Access DB
17:48:57	DB File: C:\Users\nisan\Documents\Git\HandsInAirLatest\sources\MM_DB.accdb
17:48:58	Successfully connected to MS Access DB.
17:48:58	Opening Login Window through iWindow
17:48:59	Submitted
17:48:59	User: RE001 Password: admin
17:48:59	Attempting login using RE001/admin
17:48:59	Artist logged in
17:48:59	Initiating main UI
17:48:59	Aquiring menu for RE001 Auth: Representative
17:48:59	TS: 2017-02-26 17:48:59.942 TST: 1488124139942 dd: 2017-02-26 ddt: 1488124139942
17:48:59	Executing Query: SELECT TOP 1 GlobalSettings.Key, GlobalSettings.Value
FROM GlobalSettings
GROUP BY GlobalSettings.Key, GlobalSettings.Value
HAVING (((GlobalSettings.Key) In ("Max_Allowed_Showtime")) AND (LAST(GlobalSettings.dateUpdated<#2/26/2017#)))
ORDER BY Last(GlobalSettings.dateUpdated) DESC
17:48:59	Executing Query: SELECT TOP 1 GlobalSettings.Key, GlobalSettings.Value
FROM GlobalSettings
GROUP BY GlobalSettings.Key, GlobalSettings.Value
HAVING (((GlobalSettings.Key) In ("Location_Commission")) AND (LAST(GlobalSettings.dateUpdated<#2/26/2017#)))
ORDER BY Last(GlobalSettings.dateUpdated) DESC
17:48:59	Executing Query: SELECT TOP 1 GlobalSettings.Key, GlobalSettings.Value
FROM GlobalSettings
GROUP BY GlobalSettings.Key, GlobalSettings.Value
HAVING (((GlobalSettings.Key) In ("Show_Approval_Timeout")) AND (LAST(GlobalSettings.dateUpdated<#2/26/2017#)))
ORDER BY Last(GlobalSettings.dateUpdated) DESC
17:48:59	Executing Query: SELECT TOP 1 GlobalSettings.Key, GlobalSettings.Value
FROM GlobalSettings
GROUP BY GlobalSettings.Key, GlobalSettings.Value
HAVING (((GlobalSettings.Key) In ("Show_Addon_Commission")) AND (LAST(GlobalSettings.dateUpdated<#2/26/2017#)))
ORDER BY Last(GlobalSettings.dateUpdated) DESC
17:48:59	Executing Query: SELECT TOP 1 GlobalSettings.Key, GlobalSettings.Value
FROM GlobalSettings
GROUP BY GlobalSettings.Key, GlobalSettings.Value
HAVING (((GlobalSettings.Key) In ("Artist_Commission")) AND (LAST(GlobalSettings.dateUpdated<#2/26/2017#)))
ORDER BY Last(GlobalSettings.dateUpdated) DESC
17:48:59	Executing Query: SELECT TOP 1 GlobalSettings.Key, GlobalSettings.Value
FROM GlobalSettings
GROUP BY GlobalSettings.Key, GlobalSettings.Value
HAVING (((GlobalSettings.Key) In ("Birthday_Card")) AND (LAST(GlobalSettings.dateUpdated<#2/26/2017#)))
ORDER BY Last(GlobalSettings.dateUpdated) DESC
17:48:59	Executing Query: SELECT TOP 1 GlobalSettings.Key, GlobalSettings.Value
FROM GlobalSettings
GROUP BY GlobalSettings.Key, GlobalSettings.Value
HAVING (((GlobalSettings.Key) In ("Max_Addon_Commission")) AND (LAST(GlobalSettings.dateUpdated<#2/26/2017#)))
ORDER BY Last(GlobalSettings.dateUpdated) DESC
17:48:59	Executing Query: SELECT TOP 1 GlobalSettings.Key, GlobalSettings.Value
FROM GlobalSettings
GROUP BY GlobalSettings.Key, GlobalSettings.Value
HAVING (((GlobalSettings.Key) In ("Presale_Discount")) AND (LAST(GlobalSettings.dateUpdated<#2/26/2017#)))
ORDER BY Last(GlobalSettings.dateUpdated) DESC
17:48:59	Executing Query: SELECT TOP 1 GlobalSettings.Key, GlobalSettings.Value
FROM GlobalSettings
GROUP BY GlobalSettings.Key, GlobalSettings.Value
HAVING (((GlobalSettings.Key) In ("Regular_Tickets_Sale")) AND (LAST(GlobalSettings.dateUpdated<#2/26/2017#)))
ORDER BY Last(GlobalSettings.dateUpdated) DESC
17:48:59	Executing Query: SELECT TOP 1 GlobalSettings.Key, GlobalSettings.Value
FROM GlobalSettings
GROUP BY GlobalSettings.Key, GlobalSettings.Value
HAVING (((GlobalSettings.Key) In ("Max_Presale_Tickets")) AND (LAST(GlobalSettings.dateUpdated<#2/26/2017#)))
ORDER BY Last(GlobalSettings.dateUpdated) DESC
17:48:59	Executing Query: SELECT TOP 1 GlobalSettings.Key, GlobalSettings.Value
FROM GlobalSettings
GROUP BY GlobalSettings.Key, GlobalSettings.Value
HAVING (((GlobalSettings.Key) In ("Minimum_Days_Before_Presale")) AND (LAST(GlobalSettings.dateUpdated<#2/26/2017#)))
ORDER BY Last(GlobalSettings.dateUpdated) DESC
17:48:59	Max_Allowed_Showtime: 2
17:48:59	Location_Commission: 20
17:48:59	Show_Approval_Timeout: 7
17:48:59	Show_Addon_Commission: 2
17:48:59	Artist_Commission: 12
