=================  iMuzaMusic v1.0 - Tue Feb 28 14:57:30 IST 2017 ==================
14:57:30	Attempting connection to MS Access DB
14:57:30	DB File: C:\Users\nisan\Documents\Git\HandsInAirLatest\sources\MM_DB.accdb
14:57:32	Successfully connected to MS Access DB.
14:57:32	Opening Login Window through iWindow
14:57:36	Selected Debug Quick Login Feature for Danny
14:57:36	Logging in...
14:57:36	Submitted from DEBUG Window
14:57:36	User: AG002 Password: 290egh20
14:57:36	Attempting login using AG002/290egh20
14:57:36	Agent logged in
14:57:36	Initiating main UI
14:57:36	Aquiring menu for AG002 Auth: Agent
14:57:36	Selected Debug Quick Login Feature for Danny
14:57:36	Logging in...
14:57:36	Submitted from DEBUG Window
14:57:36	User: AG002 Password: 290egh20
14:57:36	Attempting login using AG002/290egh20
14:57:36	Agent logged in
14:57:36	Initiating main UI
14:57:36	Aquiring menu for AG002 Auth: Agent
14:57:38	Logging out Hands In Air
14:58:07	Logging out Hands In Air
