=================  iMuzaMusic v1.0 - Tue Feb 28 17:34:34 IST 2017 ==================
17:34:34	Attempting connection to MS Access DB
17:34:34	DB File: C:\Users\nisan\Documents\Git\HandsInAirLatest\sources\MM_DB.accdb
17:34:35	Successfully connected to MS Access DB.
17:34:35	Opening Login Window through iWindow
17:34:36	Submitted
17:34:36	User: CU0123 Password: eg2j0g
17:34:36	Attempting login using CU0123/eg2j0g
17:34:36	test
17:34:36	Customer logged in
17:34:36	Initiating main UI
17:34:36	Aquiring menu for CU0123 Auth: Customer
17:34:40	Selected Debug Quick Login Feature for Johnny
17:34:40	Logging in...
17:34:40	Submitted from DEBUG Window
17:34:40	User: AG001 Password: admin
17:34:40	Attempting login using AG001/admin
17:34:40	Agent logged in
17:34:40	Initiating main UI
17:34:40	Aquiring menu for AG001 Auth: Agent
17:34:40	Selected Debug Quick Login Feature for Johnny
17:34:40	Logging in...
17:34:40	Submitted from DEBUG Window
17:34:40	User: AG001 Password: admin
17:34:40	Attempting login using AG001/admin
17:34:40	Agent logged in
17:34:40	Initiating main UI
17:34:40	Aquiring menu for AG001 Auth: Agent
