=================  iMuzaMusic v1.0 - Sun Feb 26 18:17:46 IST 2017 ==================
18:17:46	Attempting connection to MS Access DB
18:17:46	DB File: C:\Users\nisan\Documents\Git\HandsInAirLatest\sources\MM_DB.accdb
18:17:48	Successfully connected to MS Access DB.
18:17:48	Opening Login Window through iWindow
18:17:48	Submitted
18:17:48	User: RE001 Password: admin
18:17:48	Attempting login using RE001/admin
18:17:48	Artist logged in
18:17:48	Initiating main UI
18:17:48	Aquiring menu for RE001 Auth: Representative
18:17:49	TS: 2017-02-26 18:17:49.215 TST: 1488125869215 dd: 2017-02-26 ddt: 1488125869215
18:17:49	Pulling data for Max_Allowed_Showtime
18:17:49	Executing Query: SELECT TOP 1 GlobalSettings.Key, GlobalSettings.Value
FROM GlobalSettings
GROUP BY GlobalSettings.Key, GlobalSettings.Value
HAVING (((GlobalSettings.Key) In ("Max_Allowed_Showtime")) AND (LAST(GlobalSettings.dateUpdated>#2/26/2017#)))
ORDER BY Last(GlobalSettings.dateUpdated) DESC
18:17:49	Pulling data for Location_Commission
18:17:49	Executing Query: SELECT TOP 1 GlobalSettings.Key, GlobalSettings.Value
FROM GlobalSettings
GROUP BY GlobalSettings.Key, GlobalSettings.Value
HAVING (((GlobalSettings.Key) In ("Location_Commission")) AND (LAST(GlobalSettings.dateUpdated>#2/26/2017#)))
ORDER BY Last(GlobalSettings.dateUpdated) DESC
18:17:49	Pulling data for Show_Approval_Timeout
18:17:49	Executing Query: SELECT TOP 1 GlobalSettings.Key, GlobalSettings.Value
FROM GlobalSettings
GROUP BY GlobalSettings.Key, GlobalSettings.Value
HAVING (((GlobalSettings.Key) In ("Show_Approval_Timeout")) AND (LAST(GlobalSettings.dateUpdated>#2/26/2017#)))
ORDER BY Last(GlobalSettings.dateUpdated) DESC
18:17:49	Pulling data for Show_Addon_Commission
18:17:49	Executing Query: SELECT TOP 1 GlobalSettings.Key, GlobalSettings.Value
FROM GlobalSettings
GROUP BY GlobalSettings.Key, GlobalSettings.Value
HAVING (((GlobalSettings.Key) In ("Show_Addon_Commission")) AND (LAST(GlobalSettings.dateUpdated>#2/26/2017#)))
ORDER BY Last(GlobalSettings.dateUpdated) DESC
18:17:49	Pulling data for Artist_Commission
18:17:49	Executing Query: SELECT TOP 1 GlobalSettings.Key, GlobalSettings.Value
FROM GlobalSettings
GROUP BY GlobalSettings.Key, GlobalSettings.Value
HAVING (((GlobalSettings.Key) In ("Artist_Commission")) AND (LAST(GlobalSettings.dateUpdated>#2/26/2017#)))
ORDER BY Last(GlobalSettings.dateUpdated) DESC
18:17:49	Pulling data for Birthday_Card
18:17:49	Executing Query: SELECT TOP 1 GlobalSettings.Key, GlobalSettings.Value
FROM GlobalSettings
GROUP BY GlobalSettings.Key, GlobalSettings.Value
HAVING (((GlobalSettings.Key) In ("Birthday_Card")) AND (LAST(GlobalSettings.dateUpdated>#2/26/2017#)))
ORDER BY Last(GlobalSettings.dateUpdated) DESC
18:17:49	Pulling data for Max_Addon_Commission
18:17:49	Executing Query: SELECT TOP 1 GlobalSettings.Key, GlobalSettings.Value
FROM GlobalSettings
GROUP BY GlobalSettings.Key, GlobalSettings.Value
HAVING (((GlobalSettings.Key) In ("Max_Addon_Commission")) AND (LAST(GlobalSettings.dateUpdated>#2/26/2017#)))
ORDER BY Last(GlobalSettings.dateUpdated) DESC
18:17:49	Pulling data for Presale_Discount
18:17:49	Executing Query: SELECT TOP 1 GlobalSettings.Key, GlobalSettings.Value
FROM GlobalSettings
GROUP BY GlobalSettings.Key, GlobalSettings.Value
HAVING (((GlobalSettings.Key) In ("Presale_Discount")) AND (LAST(GlobalSettings.dateUpdated>#2/26/2017#)))
ORDER BY Last(GlobalSettings.dateUpdated) DESC
18:17:49	Pulling data for Regular_Tickets_Sale
18:17:49	Executing Query: SELECT TOP 1 GlobalSettings.Key, GlobalSettings.Value
FROM GlobalSettings
GROUP BY GlobalSettings.Key, GlobalSettings.Value
HAVING (((GlobalSettings.Key) In ("Regular_Tickets_Sale")) AND (LAST(GlobalSettings.dateUpdated>#2/26/2017#)))
ORDER BY Last(GlobalSettings.dateUpdated) DESC
18:17:49	Pulling data for Max_Presale_Tickets
18:17:49	Executing Query: SELECT TOP 1 GlobalSettings.Key, GlobalSettings.Value
FROM GlobalSettings
GROUP BY GlobalSettings.Key, GlobalSettings.Value
HAVING (((GlobalSettings.Key) In ("Max_Presale_Tickets")) AND (LAST(GlobalSettings.dateUpdated>#2/26/2017#)))
ORDER BY Last(GlobalSettings.dateUpdated) DESC
18:17:49	Pulling data for Minimum_Days_Before_Presale
18:17:49	Executing Query: SELECT TOP 1 GlobalSettings.Key, GlobalSettings.Value
FROM GlobalSettings
GROUP BY GlobalSettings.Key, GlobalSettings.Value
HAVING (((GlobalSettings.Key) In ("Minimum_Days_Before_Presale")) AND (LAST(GlobalSettings.dateUpdated>#2/26/2017#)))
ORDER BY Last(GlobalSettings.dateUpdated) DESC
18:17:49	Max_Allowed_Showtime: 3
18:17:49	Location_Commission: 25
18:17:49	Show_Approval_Timeout: 8
18:17:49	Show_Addon_Commission: 15
18:17:49	Artist_Commission: 17
18:17:49	Birthday_Card: 
18:17:49	Max_Addon_Commission: 13
18:17:49	Presale_Discount: 15
18:17:49	Regular_Tickets_Sale: 15
18:17:49	Max_Presale_Tickets: 5
18:17:49	Minimum_Days_Before_Presale: 22
