=================  iMuzaMusic v1.0 - Mon Feb 20 01:02:40 IST 2017 ==================
01:02:40	Attempting connection to MS Access DB
01:02:40	DB File: C:\Users\nisan\Documents\Git\HandsInAirLatest\sources\MM_DB.accdb
01:02:42	Successfully connected to MS Access DB.
01:02:42	Opening Login Window through iWindow
01:02:42	Submitted
01:02:42	User: AG001 Password: asf230g2
01:02:42	Attempting login using AG001/asf230g2
01:02:42	Agent logged in
01:02:42	Initiating main UI
01:02:49	Removing Barbarosa from favorited list
01:02:49	Removing Rotshild from favorited list
01:02:49	Removing Sleek from favorited list
01:02:49	Found 3 favorited locations
01:03:01	Sending UPDATE Query: INSERT INTO AgentPreferLocation (AgentID, LocationID) values ("AG001","LC005")
01:03:01	Removing Barbarosa from favorited list
01:03:01	Removing Rotshild from favorited list
01:03:01	Removing Sleek from favorited list
01:03:01	Removing OpenHouse from favorited list
01:03:01	Found 4 favorited locations
01:03:05	Sending UPDATE Query: delete from AgentPreferLocation where AgentID="AG001" AND LocationID="LC005"
01:03:05	Cancel favorited location: LocationID: LC005
01:03:05	Removing Barbarosa from favorited list
01:03:05	Removing Rotshild from favorited list
01:03:05	Removing Sleek from favorited list
01:03:05	Found 3 favorited locations
01:03:05	Removing Barbarosa from favorited list
01:03:05	Removing Rotshild from favorited list
01:03:05	Removing Sleek from favorited list
01:03:05	Found 3 favorited locations
01:03:08	Removing Barbarosa from favorited list
01:03:08	Removing Rotshild from favorited list
01:03:08	Removing Sleek from favorited list
01:03:08	Found 3 favorited locations
01:03:10	Sending UPDATE Query: INSERT INTO AgentPreferLocation (AgentID, LocationID) values ("AG001","LC005")
01:03:10	Removing Barbarosa from favorited list
01:03:10	Removing Rotshild from favorited list
01:03:10	Removing Sleek from favorited list
01:03:10	Removing OpenHouse from favorited list
01:03:10	Found 4 favorited locations
01:03:13	Opening URL: https://www.google.co.il/maps/place/%25D7%2594%25D7%2594%25D7%2592%25D7%25A0%25D7%2594+20,+%25D7%2590%25D7%2596%25D7%2595%25D7%25A8%25E2%2580%25AD/@32.0267995,34.8072585,17z/data=!3m1!4b1!4m5!3m4!1s0x151d4b32506ae2e9:0x9040f73f144e5513!8m2!3d32.0267995!4d34.8050698 OK!
01:03:29	Removing Barbarosa from favorited list
01:03:29	Removing Rotshild from favorited list
01:03:29	Removing Sleek from favorited list
01:03:29	Removing OpenHouse from favorited list
01:03:29	Found 4 favorited locations
01:03:39	Removing Barbarosa from favorited list
01:03:39	Removing Rotshild from favorited list
01:03:39	Removing Sleek from favorited list
01:03:39	Removing OpenHouse from favorited list
01:03:39	Found 4 favorited locations
01:03:42	Removing Barbarosa from favorited list
01:03:42	Removing Rotshild from favorited list
01:03:42	Removing Sleek from favorited list
01:03:42	Removing OpenHouse from favorited list
01:03:42	Found 4 favorited locations
01:04:30	Quitting MuzaMusic
