=================  iMuzaMusic v1.0 - Sun Feb 26 14:11:51 IST 2017 ==================
14:11:51	Attempting connection to MS Access DB
14:11:51	DB File: C:\Users\Administrator\Documents\NetBeansProjects2\HandsInAir\sources\MM_DB.accdb
14:11:53	Successfully connected to MS Access DB.
14:11:53	Opening Login Window through iWindow
14:11:53	Submitted
14:11:53	User: CU0123 Password: eg2j0g
14:11:53	Attempting login using CU0123/eg2j0g
14:11:54	test
14:11:54	Customer logged in
14:11:54	Initiating main UI
14:11:54	Aquiring menu for CU0123 Auth: Customer
14:11:55	Exit command identified
14:11:55	Exporting XML for iRecord
14:11:55	Column: ArtistID
14:11:55	Data Type: 12
14:11:55	Column: strStageName
14:11:55	Data Type: 12
14:11:55	Column: strShortBio
14:11:55	Data Type: 12
14:11:55	Column: strEmailAddr
14:11:55	Data Type: 12
14:11:55	Column: strFaceBook
14:11:55	Data Type: 12
14:11:55	Column: AgentID
14:11:55	Data Type: 12
14:11:55	Column: iStatus
14:11:55	Data Type: 12
14:11:55	Column: sig
14:11:55	Data Type: 12
14:11:55	Column: ArtistID
14:11:55	Data Type: 12
14:11:55	Column: strStageName
14:11:55	Data Type: 12
14:11:55	Column: strShortBio
14:11:55	Data Type: 12
14:11:55	Column: strEmailAddr
14:11:55	Data Type: 12
14:11:55	Column: strFaceBook
14:11:55	Data Type: 12
14:11:55	Column: AgentID
14:11:55	Data Type: 12
14:11:55	Column: iStatus
14:11:55	Data Type: 12
14:11:55	Column: sig
14:11:55	Data Type: 12
14:11:55	Column: ArtistID
14:11:55	Data Type: 12
14:11:55	Column: strStageName
14:11:55	Data Type: 12
14:11:55	Column: strShortBio
14:11:55	Data Type: 12
14:11:55	Column: strEmailAddr
14:11:55	Data Type: 12
14:11:55	Column: strFaceBook
14:11:55	Data Type: 12
14:11:55	Column: AgentID
14:11:55	Data Type: 12
14:11:55	Column: iStatus
14:11:55	Data Type: 12
14:11:55	Column: sig
14:11:55	Data Type: 12
14:11:55	Column: ArtistID
14:11:55	Data Type: 12
14:11:55	Column: strStageName
14:11:55	Data Type: 12
14:11:55	Column: strShortBio
14:11:55	Data Type: 12
14:11:55	Column: strEmailAddr
14:11:55	Data Type: 12
14:11:55	Column: strFaceBook
14:11:55	Data Type: 12
14:11:55	Column: AgentID
14:11:55	Data Type: 12
14:11:55	Column: iStatus
14:11:55	Data Type: 12
14:11:55	Column: sig
14:11:55	Data Type: 12
14:11:55	Column: ArtistID
14:11:55	Data Type: 12
14:11:55	Column: strStageName
14:11:55	Data Type: 12
14:11:55	Column: strShortBio
14:11:55	Data Type: 12
14:11:55	Column: strEmailAddr
14:11:55	Data Type: 12
14:11:55	Column: strFaceBook
14:11:55	Data Type: 12
14:11:55	Column: AgentID
14:11:55	Data Type: 12
14:11:55	Column: iStatus
14:11:55	Data Type: 12
14:11:55	Column: sig
14:11:55	Data Type: 12
14:11:55	Column: ArtistID
14:11:55	Data Type: 12
14:11:55	Column: strStageName
14:11:55	Data Type: 12
14:11:55	Column: strShortBio
14:11:55	Data Type: 12
14:11:55	Column: strEmailAddr
14:11:55	Data Type: 12
14:11:55	Column: strFaceBook
14:11:55	Data Type: 12
14:11:55	Column: AgentID
14:11:55	Data Type: 12
14:11:55	Column: iStatus
14:11:55	Data Type: 12
14:11:55	Column: sig
14:11:55	Data Type: 12
14:11:55	Column: ArtistID
14:11:55	Data Type: 12
14:11:55	Column: strStageName
14:11:55	Data Type: 12
14:11:55	Column: strShortBio
14:11:55	Data Type: 12
14:11:55	Column: strEmailAddr
14:11:55	Data Type: 12
14:11:55	Column: strFaceBook
14:11:55	Data Type: 12
14:11:55	Column: AgentID
14:11:55	Data Type: 12
14:11:55	Column: iStatus
14:11:55	Data Type: 12
14:11:55	Column: sig
14:11:55	Data Type: 12
14:11:55	Column: ArtistID
14:11:55	Data Type: 12
14:11:55	Column: strStageName
14:11:55	Data Type: 12
14:11:55	Column: strShortBio
14:11:55	Data Type: 12
14:11:55	Column: strEmailAddr
14:11:55	Data Type: 12
14:11:55	Column: strFaceBook
14:11:55	Data Type: 12
14:11:55	Column: AgentID
14:11:55	Data Type: 12
14:11:55	Column: iStatus
14:11:55	Data Type: 12
14:11:55	Column: sig
14:11:55	Data Type: 12
14:11:55	Column: ArtistID
14:11:55	Data Type: 12
14:11:55	Column: strStageName
14:11:55	Data Type: 12
14:11:55	Column: strShortBio
14:11:55	Data Type: 12
14:11:55	Column: strEmailAddr
14:11:55	Data Type: 12
14:11:55	Column: strFaceBook
14:11:55	Data Type: 12
14:11:55	Column: AgentID
14:11:55	Data Type: 12
14:11:55	Column: iStatus
14:11:55	Data Type: 12
14:11:55	Column: sig
14:11:55	Data Type: 12
14:11:55	Column: ArtistID
14:11:55	Data Type: 12
14:11:55	Column: strStageName
14:11:55	Data Type: 12
14:11:55	Column: strShortBio
14:11:55	Data Type: 12
14:11:55	Column: strEmailAddr
14:11:55	Data Type: 12
14:11:55	Column: strFaceBook
14:11:55	Data Type: 12
14:11:55	Column: AgentID
14:11:55	Data Type: 12
14:11:55	Column: iStatus
14:11:55	Data Type: 12
14:11:55	Column: sig
14:11:55	Data Type: 12
14:11:55	Column: ArtistID
14:11:55	Data Type: 12
14:11:55	Column: strStageName
14:11:55	Data Type: 12
14:11:55	Column: strShortBio
14:11:55	Data Type: 12
14:11:55	Column: strEmailAddr
14:11:55	Data Type: 12
14:11:55	Column: strFaceBook
14:11:55	Data Type: 12
14:11:55	Column: AgentID
14:11:55	Data Type: 12
14:11:55	Column: iStatus
14:11:55	Data Type: 12
14:11:55	Column: sig
14:11:55	Data Type: 12
14:11:55	Column: ArtistID
14:11:55	Data Type: 12
14:11:55	Column: strStageName
14:11:55	Data Type: 12
14:11:55	Column: strShortBio
14:11:55	Data Type: 12
14:11:55	Column: strEmailAddr
14:11:55	Data Type: 12
14:11:55	Column: strFaceBook
14:11:55	Data Type: 12
14:11:55	Column: AgentID
14:11:55	Data Type: 12
14:11:55	Column: iStatus
14:11:55	Data Type: 12
14:11:55	Column: sig
14:11:55	Data Type: 12
14:11:55	Column: ArtistID
14:11:55	Data Type: 12
14:11:55	Column: strStageName
14:11:55	Data Type: 12
14:11:55	Column: strShortBio
14:11:55	Data Type: 12
14:11:55	Column: strEmailAddr
14:11:55	Data Type: 12
14:11:55	Column: strFaceBook
14:11:55	Data Type: 12
14:11:55	Column: AgentID
14:11:55	Data Type: 12
14:11:55	Column: iStatus
14:11:55	Data Type: 12
14:11:55	Column: sig
14:11:55	Data Type: 12
14:11:55	Column: ArtistID
14:11:55	Data Type: 12
14:11:55	Column: strStageName
14:11:55	Data Type: 12
14:11:55	Column: strShortBio
14:11:55	Data Type: 12
14:11:55	Column: strEmailAddr
14:11:55	Data Type: 12
14:11:55	Column: strFaceBook
14:11:55	Data Type: 12
14:11:55	Column: AgentID
14:11:55	Data Type: 12
14:11:55	Column: iStatus
14:11:55	Data Type: 12
14:11:55	Column: sig
14:11:55	Data Type: 12
14:11:55	Aquiring stream result
14:11:55	Transforming result
14:11:55	Successfully exported HIA-Artist-Data.xml file for iRecord System.
14:11:55	Aquiring stream result
14:11:55	Transforming result
14:11:55	Successfully exported HIA-Artist-Sessions.xml file for iRecord System.
14:11:55	Quitting MuzaMusic
