=================  iMuzaMusic v1.0 - Tue Feb 28 12:39:39 IST 2017 ==================
12:39:39	Attempting connection to MS Access DB
12:39:39	DB File: C:\Users\nisan\Documents\Git\HandsInAirLatest\sources\MM_DB.accdb
12:39:41	Successfully connected to MS Access DB.
12:39:41	Opening Login Window through iWindow
12:39:41	Submitted
12:39:41	User: RE001 Password: admin
12:39:41	Attempting login using RE001/admin
12:39:41	Artist logged in
12:39:41	Initiating main UI
12:39:41	Aquiring menu for RE001 Auth: Representative
12:39:42	Logging out..
12:39:42	Successfully logged out
12:39:42	Submitted
12:39:42	User: RE001 Password: admin
12:39:42	Attempting login using RE001/admin
12:39:42	Artist logged in
12:39:42	Initiating main UI
12:39:42	Aquiring menu for RE001 Auth: Representative
12:39:42	Activating login screen
12:39:44	Submitted
12:39:44	User: AG001 Password: admin
12:39:44	Attempting login using AG001/admin
12:39:44	Agent logged in
12:39:44	Initiating main UI
12:39:44	Aquiring menu for AG001 Auth: Agent
12:39:50	Importing XML from iRecord System
12:39:50	Successfully imported 8 artists sessions from iRecord.
12:39:50	Adding session date occupied: 2017-01-02 00:00:00.0
12:39:50	Adding session date occupied: 2017-01-25 00:00:00.0
12:39:50	Adding session date occupied: 2017-01-11 00:00:00.0
12:39:50	Adding session date occupied: 2017-01-10 00:00:00.0
12:39:50	Adding session date occupied: 2017-01-05 00:00:00.0
12:39:50	Adding session date occupied: 2017-01-06 00:00:00.0
12:39:50	Adding session date occupied: 2017-01-07 00:00:00.0
12:39:50	Adding session date occupied: 2017-01-20 00:00:00.0
12:39:50	Adding session date occupied: 2017-01-12 00:00:00.0
12:39:50	Adding session date occupied: 2017-01-18 00:00:00.0
12:39:50	Adding session date occupied: 2017-01-13 00:00:00.0
12:39:50	Adding session date occupied: 2017-01-04 00:00:00.0
12:39:50	Adding session date occupied: 2017-01-26 00:00:00.0
12:39:50	Adding session date occupied: 2017-01-24 00:00:00.0
12:39:50	Adding session date occupied: 2017-01-03 00:00:00.0
12:39:50	Adding session date occupied: 2017-01-17 00:00:00.0
12:39:50	Adding session date occupied: 2017-01-09 00:00:00.0
12:39:50	Adding session date occupied: 2017-02-22 00:00:00.0
12:39:52	Importing XML from iRecord System
12:39:52	Successfully imported 8 artists sessions from iRecord.
