=================  iMuzaMusic v1.0 - Sat Feb 25 22:15:11 IST 2017 ==================
22:15:11	Attempting connection to MS Access DB
22:15:11	DB File: C:\Users\nisan\Documents\Git\HandsInAirLatest\sources\MM_DB.accdb
22:15:12	Successfully connected to MS Access DB.
22:15:12	Opening Login Window through iWindow
22:15:12	Submitted
22:15:12	User: LR006 Password: admin
22:15:12	Attempting login using LR006/admin
22:15:12	Location Represantative logged in
22:15:12	Initiating main UI
22:15:12	Aquiring menu for LR006 Auth: Location Representative
22:15:13	Aquiring location details for LRep LR006
22:15:13	Found open location New Location
22:15:13	Returning next ID for Location - LC007
22:15:14	SITS: true
22:15:15	SITS: true
22:15:15	SITS: true
22:15:15	SITS: true
22:15:15	SITS: true
22:15:16	SITS: true
22:15:16	SITS: true
22:15:16	Quitting MuzaMusic
