=================  iMuzaMusic v1.0 - Sun Feb 26 18:52:30 IST 2017 ==================
18:52:30	Attempting connection to MS Access DB
18:52:30	DB File: C:\Users\nisan\Documents\Git\HandsInAirLatest\sources\MM_DB.accdb
18:52:31	Successfully connected to MS Access DB.
18:52:31	Opening Login Window through iWindow
18:52:31	Submitted
18:52:31	User: RE001 Password: admin
18:52:31	Attempting login using RE001/admin
18:52:31	Artist logged in
18:52:31	Initiating main UI
18:52:31	Aquiring menu for RE001 Auth: Representative
18:52:35	DF: 2/26/2017 06:52:35 PM
18:52:35	TS: 2017-02-26 18:52:35.698 TST: 1488127955698 dd: 2017-02-26 ddt: 1488127955698
18:52:35	Pulling data for Max_Allowed_Showtime
18:52:35	Executing Query: SELECT TOP 1 GlobalSettings.Key, GlobalSettings.Value
FROM GlobalSettings
GROUP BY GlobalSettings.Key, GlobalSettings.Value
HAVING (((GlobalSettings.Key) In ("Max_Allowed_Showtime")) AND (LAST(GlobalSettings.dateUpdated<=#2/26/2017 06:52:35 PM#)))
ORDER BY Last(GlobalSettings.dateUpdated) DESC
18:52:35	Pulling data for Location_Commission
18:52:35	Executing Query: SELECT TOP 1 GlobalSettings.Key, GlobalSettings.Value
FROM GlobalSettings
GROUP BY GlobalSettings.Key, GlobalSettings.Value
HAVING (((GlobalSettings.Key) In ("Location_Commission")) AND (LAST(GlobalSettings.dateUpdated<=#2/26/2017 06:52:35 PM#)))
ORDER BY Last(GlobalSettings.dateUpdated) DESC
18:52:35	Pulling data for Show_Approval_Timeout
18:52:35	Executing Query: SELECT TOP 1 GlobalSettings.Key, GlobalSettings.Value
FROM GlobalSettings
GROUP BY GlobalSettings.Key, GlobalSettings.Value
HAVING (((GlobalSettings.Key) In ("Show_Approval_Timeout")) AND (LAST(GlobalSettings.dateUpdated<=#2/26/2017 06:52:35 PM#)))
ORDER BY Last(GlobalSettings.dateUpdated) DESC
18:52:35	Pulling data for Show_Addon_Commission
18:52:35	Executing Query: SELECT TOP 1 GlobalSettings.Key, GlobalSettings.Value
FROM GlobalSettings
GROUP BY GlobalSettings.Key, GlobalSettings.Value
HAVING (((GlobalSettings.Key) In ("Show_Addon_Commission")) AND (LAST(GlobalSettings.dateUpdated<=#2/26/2017 06:52:35 PM#)))
ORDER BY Last(GlobalSettings.dateUpdated) DESC
18:52:35	Pulling data for Artist_Commission
18:52:35	Executing Query: SELECT TOP 1 GlobalSettings.Key, GlobalSettings.Value
FROM GlobalSettings
GROUP BY GlobalSettings.Key, GlobalSettings.Value
HAVING (((GlobalSettings.Key) In ("Artist_Commission")) AND (LAST(GlobalSettings.dateUpdated<=#2/26/2017 06:52:35 PM#)))
ORDER BY Last(GlobalSettings.dateUpdated) DESC
18:52:35	Pulling data for Birthday_Card
18:52:35	Executing Query: SELECT TOP 1 GlobalSettings.Key, GlobalSettings.Value
FROM GlobalSettings
GROUP BY GlobalSettings.Key, GlobalSettings.Value
HAVING (((GlobalSettings.Key) In ("Birthday_Card")) AND (LAST(GlobalSettings.dateUpdated<=#2/26/2017 06:52:35 PM#)))
ORDER BY Last(GlobalSettings.dateUpdated) DESC
18:52:35	Pulling data for Max_Addon_Commission
18:52:35	Executing Query: SELECT TOP 1 GlobalSettings.Key, GlobalSettings.Value
FROM GlobalSettings
GROUP BY GlobalSettings.Key, GlobalSettings.Value
HAVING (((GlobalSettings.Key) In ("Max_Addon_Commission")) AND (LAST(GlobalSettings.dateUpdated<=#2/26/2017 06:52:35 PM#)))
ORDER BY Last(GlobalSettings.dateUpdated) DESC
18:52:35	Pulling data for Presale_Discount
18:52:35	Executing Query: SELECT TOP 1 GlobalSettings.Key, GlobalSettings.Value
FROM GlobalSettings
GROUP BY GlobalSettings.Key, GlobalSettings.Value
HAVING (((GlobalSettings.Key) In ("Presale_Discount")) AND (LAST(GlobalSettings.dateUpdated<=#2/26/2017 06:52:35 PM#)))
ORDER BY Last(GlobalSettings.dateUpdated) DESC
18:52:35	Pulling data for Regular_Tickets_Sale
18:52:35	Executing Query: SELECT TOP 1 GlobalSettings.Key, GlobalSettings.Value
FROM GlobalSettings
GROUP BY GlobalSettings.Key, GlobalSettings.Value
HAVING (((GlobalSettings.Key) In ("Regular_Tickets_Sale")) AND (LAST(GlobalSettings.dateUpdated<=#2/26/2017 06:52:35 PM#)))
ORDER BY Last(GlobalSettings.dateUpdated) DESC
18:52:35	Pulling data for Max_Presale_Tickets
18:52:35	Executing Query: SELECT TOP 1 GlobalSettings.Key, GlobalSettings.Value
FROM GlobalSettings
GROUP BY GlobalSettings.Key, GlobalSettings.Value
HAVING (((GlobalSettings.Key) In ("Max_Presale_Tickets")) AND (LAST(GlobalSettings.dateUpdated<=#2/26/2017 06:52:35 PM#)))
ORDER BY Last(GlobalSettings.dateUpdated) DESC
18:52:35	Pulling data for Minimum_Days_Before_Presale
18:52:35	Executing Query: SELECT TOP 1 GlobalSettings.Key, GlobalSettings.Value
FROM GlobalSettings
GROUP BY GlobalSettings.Key, GlobalSettings.Value
HAVING (((GlobalSettings.Key) In ("Minimum_Days_Before_Presale")) AND (LAST(GlobalSettings.dateUpdated<=#2/26/2017 06:52:35 PM#)))
ORDER BY Last(GlobalSettings.dateUpdated) DESC
18:52:35	Max_Allowed_Showtime: 3
18:52:35	Location_Commission: 25
18:52:35	Show_Approval_Timeout: 8
18:52:35	Show_Addon_Commission: 15
18:52:35	Artist_Commission: 17
18:52:35	Birthday_Card: test
bday
18:52:35	Max_Addon_Commission: 13
18:52:35	Presale_Discount: 15
18:52:35	Regular_Tickets_Sale: 15
18:52:35	Max_Presale_Tickets: 5
18:52:35	Minimum_Days_Before_Presale: 22
