=================  iMuzaMusic v1.0 - Tue Feb 28 15:26:09 IST 2017 ==================
15:26:09	Attempting connection to MS Access DB
15:26:09	DB File: C:\Users\nisan\Documents\Git\HandsInAirLatest\sources\MM_DB.accdb
15:26:10	Successfully connected to MS Access DB.
15:26:11	Opening Login Window through iWindow
15:26:15	Selected Debug Quick Login Feature for ex2
15:26:15	Logging in...
15:26:15	Submitted from DEBUG Window
15:26:15	User: RE004 Password: top
15:26:15	Attempting login using RE004/top
15:26:15	Artist logged in
15:26:15	Initiating main UI
15:26:15	Aquiring menu for RE004 Auth: Representative
15:26:16	Selected Debug Quick Login Feature for ex2
15:26:16	Logging in...
15:26:16	Submitted from DEBUG Window
15:26:16	User: RE004 Password: top
15:26:16	Attempting login using RE004/top
15:26:16	Artist logged in
15:26:16	Initiating main UI
15:26:16	Aquiring menu for RE004 Auth: Representative
15:26:18	Sending Report Query with Year: 2017
