=================  iMuzaMusic v1.0 - Wed Feb 22 02:25:33 IST 2017 ==================
02:25:33	Attempting connection to MS Access DB
02:25:33	DB File: C:\Users\Administrator\Documents\NetBeansProjects2\HandsInAir\sources\MM_DB.accdb
02:25:35	Successfully connected to MS Access DB.
02:25:35	Opening Login Window through iWindow
02:25:36	Submitted
02:25:36	User: LR001 Password: 2ef92hf
02:25:36	Attempting login using LR001/2ef92hf
02:25:36	Location Represantative logged in
02:25:36	Initiating main UI
02:25:37	Added show to ShowList (PF045 Justin Bieber)
02:25:37	Added show to ShowList (PF018 Shawn Mendes)
02:25:37	Added show to ShowList (PF017 Justin Bieber)
02:25:37	Added show to ShowList (PF019 Shawn Mendes)
02:25:38	Refreshing show info (PF018)
02:25:38	Starting to refresh show details..
02:25:39	Refreshing show info (PF017)
02:25:39	Starting to refresh show details..
02:25:39	Refreshing show info (PF019)
02:25:39	Starting to refresh show details..
02:25:40	Refreshing show info (PF045)
02:25:40	Starting to refresh show details..
02:25:41	Refreshing show info (PF018)
02:25:41	Starting to refresh show details..
02:25:41	Refreshing show info (PF017)
02:25:41	Starting to refresh show details..
02:25:42	Refreshing show info (PF018)
02:25:42	Starting to refresh show details..
02:25:43	Refreshing show info (PF045)
02:25:43	Starting to refresh show details..
02:25:45	Logging out..
02:25:45	Successfully logged out
02:25:45	Submitted
02:25:45	User: LR001 Password: 2ef92hf
02:25:45	Attempting login using LR001/2ef92hf
02:25:45	Location Represantative logged in
02:25:45	Initiating main UI
02:25:45	Activating login screen
02:25:58	Submitted
02:25:58	User: CU0123 Password: eg2j0g
02:25:58	Attempting login using CU0123/eg2j0g
02:25:58	test
02:25:58	Customer logged in
02:25:58	Initiating main UI
02:25:59	Added show to ShowList (PF030 Justin Bieber)
02:26:00	Refreshing show info (PF030)
02:26:00	Starting to refresh show details..
02:26:02	Quitting MuzaMusic
