=================  iMuzaMusic v1.0 - Sat Feb 25 22:54:51 IST 2017 ==================
22:54:51	Attempting connection to MS Access DB
22:54:51	DB File: C:\Users\nisan\Documents\Git\HandsInAirLatest\sources\MM_DB.accdb
22:54:53	Successfully connected to MS Access DB.
22:54:53	Opening Login Window through iWindow
22:54:53	Submitted
22:54:53	User: LR006 Password: admin
22:54:53	Attempting login using LR006/admin
22:54:53	Location Represantative logged in
22:54:53	Initiating main UI
22:54:53	Aquiring menu for LR006 Auth: Location Representative
22:54:54	Exit command identified
22:54:54	Exporting XML for iRecord
22:54:54	Aquiring stream result
22:54:54	Transforming result
22:54:54	Successfully exported HIA-Artist-Data.xml file for iRecord System.
22:54:54	Aquiring stream result
22:54:54	Transforming result
22:54:54	Successfully exported HIA-Artist-Sessions.xml file for iRecord System.
22:54:54	Quitting MuzaMusic
