=================  iMuzaMusic v1.0 - Sun Feb 26 13:25:54 IST 2017 ==================
13:25:54	Attempting connection to MS Access DB
13:25:54	DB File: C:\Users\Administrator\Documents\NetBeansProjects2\HandsInAir\sources\MM_DB.accdb
13:25:56	Successfully connected to MS Access DB.
13:25:56	Opening Login Window through iWindow
13:25:57	Submitted
13:25:57	User: AG001 Password: admin
13:25:57	Attempting login using AG001/admin
13:25:57	Agent logged in
13:25:57	Initiating main UI
13:25:57	Aquiring menu for AG001 Auth: Agent
13:26:00	Returning next ID for Artist - AR239
13:26:02	Attempting to upload file size: 111KB
13:26:09	Exit command identified
13:26:09	Exporting XML for iRecord
13:26:09	Aquiring stream result
13:26:09	Transforming result
13:26:09	Successfully exported HIA-Artist-Data.xml file for iRecord System.
13:26:09	Aquiring stream result
13:26:09	Transforming result
13:26:09	Successfully exported HIA-Artist-Sessions.xml file for iRecord System.
13:26:09	Quitting MuzaMusic
