=================  iMuzaMusic v1.0 - Tue Feb 28 12:13:57 IST 2017 ==================
12:13:57	Attempting connection to MS Access DB
12:13:57	DB File: C:\Users\nisan\Documents\Git\HandsInAirLatest\sources\MM_DB.accdb
12:13:58	Successfully connected to MS Access DB.
12:13:58	Opening Login Window through iWindow
12:13:58	Submitted
12:13:58	User: RE001 Password: admin
12:13:58	Attempting login using RE001/admin
12:13:58	Artist logged in
12:13:58	Initiating main UI
12:13:58	Aquiring menu for RE001 Auth: Representative
12:14:00	DF: 2/28/2017 12:14:00 PM
12:14:00	TS: 2017-02-28 12:14:00.037 TST: 1488276840037 dd: 2017-02-28 ddt: 1488276840037
12:14:00	Pulling data for Max_Allowed_Showtime
12:14:00	Executing Query: SELECT TOP 1 GlobalSettings.Key, GlobalSettings.Value
FROM GlobalSettings
GROUP BY GlobalSettings.Key, GlobalSettings.Value
HAVING (((GlobalSettings.Key) In ("Max_Allowed_Showtime")) AND (LAST(GlobalSettings.dateUpdated<=#2/28/2017 12:14:00 PM#)))
ORDER BY Last(GlobalSettings.dateUpdated) DESC
12:14:00	Pulling data for Location_Commission
12:14:00	Executing Query: SELECT TOP 1 GlobalSettings.Key, GlobalSettings.Value
FROM GlobalSettings
GROUP BY GlobalSettings.Key, GlobalSettings.Value
HAVING (((GlobalSettings.Key) In ("Location_Commission")) AND (LAST(GlobalSettings.dateUpdated<=#2/28/2017 12:14:00 PM#)))
ORDER BY Last(GlobalSettings.dateUpdated) DESC
12:14:00	Pulling data for Show_Approval_Timeout
12:14:00	Executing Query: SELECT TOP 1 GlobalSettings.Key, GlobalSettings.Value
FROM GlobalSettings
GROUP BY GlobalSettings.Key, GlobalSettings.Value
HAVING (((GlobalSettings.Key) In ("Show_Approval_Timeout")) AND (LAST(GlobalSettings.dateUpdated<=#2/28/2017 12:14:00 PM#)))
ORDER BY Last(GlobalSettings.dateUpdated) DESC
12:14:00	Pulling data for Show_Addon_Commission
12:14:00	Executing Query: SELECT TOP 1 GlobalSettings.Key, GlobalSettings.Value
FROM GlobalSettings
GROUP BY GlobalSettings.Key, GlobalSettings.Value
HAVING (((GlobalSettings.Key) In ("Show_Addon_Commission")) AND (LAST(GlobalSettings.dateUpdated<=#2/28/2017 12:14:00 PM#)))
ORDER BY Last(GlobalSettings.dateUpdated) DESC
12:14:00	Pulling data for Artist_Commission
12:14:00	Executing Query: SELECT TOP 1 GlobalSettings.Key, GlobalSettings.Value
FROM GlobalSettings
GROUP BY GlobalSettings.Key, GlobalSettings.Value
HAVING (((GlobalSettings.Key) In ("Artist_Commission")) AND (LAST(GlobalSettings.dateUpdated<=#2/28/2017 12:14:00 PM#)))
ORDER BY Last(GlobalSettings.dateUpdated) DESC
12:14:00	Pulling data for Birthday_Card
12:14:00	Executing Query: SELECT TOP 1 GlobalSettings.Key, GlobalSettings.Value
FROM GlobalSettings
GROUP BY GlobalSettings.Key, GlobalSettings.Value
HAVING (((GlobalSettings.Key) In ("Birthday_Card")) AND (LAST(GlobalSettings.dateUpdated<=#2/28/2017 12:14:00 PM#)))
ORDER BY Last(GlobalSettings.dateUpdated) DESC
12:14:00	Pulling data for Max_Addon_Commission
12:14:00	Executing Query: SELECT TOP 1 GlobalSettings.Key, GlobalSettings.Value
FROM GlobalSettings
GROUP BY GlobalSettings.Key, GlobalSettings.Value
HAVING (((GlobalSettings.Key) In ("Max_Addon_Commission")) AND (LAST(GlobalSettings.dateUpdated<=#2/28/2017 12:14:00 PM#)))
ORDER BY Last(GlobalSettings.dateUpdated) DESC
12:14:00	Pulling data for Presale_Discount
12:14:00	Executing Query: SELECT TOP 1 GlobalSettings.Key, GlobalSettings.Value
FROM GlobalSettings
GROUP BY GlobalSettings.Key, GlobalSettings.Value
HAVING (((GlobalSettings.Key) In ("Presale_Discount")) AND (LAST(GlobalSettings.dateUpdated<=#2/28/2017 12:14:00 PM#)))
ORDER BY Last(GlobalSettings.dateUpdated) DESC
12:14:00	Pulling data for Regular_Tickets_Sale
12:14:00	Executing Query: SELECT TOP 1 GlobalSettings.Key, GlobalSettings.Value
FROM GlobalSettings
GROUP BY GlobalSettings.Key, GlobalSettings.Value
HAVING (((GlobalSettings.Key) In ("Regular_Tickets_Sale")) AND (LAST(GlobalSettings.dateUpdated<=#2/28/2017 12:14:00 PM#)))
ORDER BY Last(GlobalSettings.dateUpdated) DESC
12:14:00	Pulling data for Max_Presale_Tickets
12:14:00	Executing Query: SELECT TOP 1 GlobalSettings.Key, GlobalSettings.Value
FROM GlobalSettings
GROUP BY GlobalSettings.Key, GlobalSettings.Value
HAVING (((GlobalSettings.Key) In ("Max_Presale_Tickets")) AND (LAST(GlobalSettings.dateUpdated<=#2/28/2017 12:14:00 PM#)))
ORDER BY Last(GlobalSettings.dateUpdated) DESC
12:14:00	Pulling data for Minimum_Days_Before_Presale
12:14:00	Executing Query: SELECT TOP 1 GlobalSettings.Key, GlobalSettings.Value
FROM GlobalSettings
GROUP BY GlobalSettings.Key, GlobalSettings.Value
HAVING (((GlobalSettings.Key) In ("Minimum_Days_Before_Presale")) AND (LAST(GlobalSettings.dateUpdated<=#2/28/2017 12:14:00 PM#)))
ORDER BY Last(GlobalSettings.dateUpdated) DESC
12:14:00	GOT TXT: asd
12:14:00	Max_Allowed_Showtime: 2
12:14:00	Location_Commission: 20
12:14:00	Show_Approval_Timeout: 7
12:14:00	Show_Addon_Commission: 10
12:14:00	Artist_Commission: 30
12:14:00	Birthday_Card: asd
12:14:00	Max_Addon_Commission: 8
12:14:00	Presale_Discount: 10
12:14:00	Regular_Tickets_Sale: 14
12:14:00	Max_Presale_Tickets: 4
12:14:00	Minimum_Days_Before_Presale: 21
