=================  iMuzaMusic v1.0 - Sun Feb 26 18:14:39 IST 2017 ==================
18:14:39	Attempting connection to MS Access DB
18:14:39	DB File: C:\Users\nisan\Documents\Git\HandsInAirLatest\sources\MM_DB.accdb
18:14:40	Successfully connected to MS Access DB.
18:14:40	Opening Login Window through iWindow
18:14:40	Submitted
18:14:40	User: RE001 Password: admin
18:14:40	Attempting login using RE001/admin
18:14:40	Artist logged in
18:14:40	Initiating main UI
18:14:40	Aquiring menu for RE001 Auth: Representative
18:14:41	TS: 2017-02-26 18:14:41.946 TST: 1488125681946 dd: 2017-02-26 ddt: 1488125681946
18:14:41	Pulling data for Max_Allowed_Showtime
18:14:41	Executing Query: SELECT TOP 1 GlobalSettings.Key, GlobalSettings.Value
FROM GlobalSettings
GROUP BY GlobalSettings.Key, GlobalSettings.Value
HAVING (((GlobalSettings.Key) In ("Max_Allowed_Showtime")) AND (LAST(GlobalSettings.dateUpdated<#2/26/2017#)))
ORDER BY Last(GlobalSettings.dateUpdated) DESC
18:14:41	Pulling data for Location_Commission
18:14:41	Executing Query: SELECT TOP 1 GlobalSettings.Key, GlobalSettings.Value
FROM GlobalSettings
GROUP BY GlobalSettings.Key, GlobalSettings.Value
HAVING (((GlobalSettings.Key) In ("Location_Commission")) AND (LAST(GlobalSettings.dateUpdated<#2/26/2017#)))
ORDER BY Last(GlobalSettings.dateUpdated) DESC
18:14:41	Pulling data for Show_Approval_Timeout
18:14:41	Executing Query: SELECT TOP 1 GlobalSettings.Key, GlobalSettings.Value
FROM GlobalSettings
GROUP BY GlobalSettings.Key, GlobalSettings.Value
HAVING (((GlobalSettings.Key) In ("Show_Approval_Timeout")) AND (LAST(GlobalSettings.dateUpdated<#2/26/2017#)))
ORDER BY Last(GlobalSettings.dateUpdated) DESC
18:14:41	Pulling data for Show_Addon_Commission
18:14:41	Executing Query: SELECT TOP 1 GlobalSettings.Key, GlobalSettings.Value
FROM GlobalSettings
GROUP BY GlobalSettings.Key, GlobalSettings.Value
HAVING (((GlobalSettings.Key) In ("Show_Addon_Commission")) AND (LAST(GlobalSettings.dateUpdated<#2/26/2017#)))
ORDER BY Last(GlobalSettings.dateUpdated) DESC
18:14:42	Pulling data for Artist_Commission
18:14:42	Executing Query: SELECT TOP 1 GlobalSettings.Key, GlobalSettings.Value
FROM GlobalSettings
GROUP BY GlobalSettings.Key, GlobalSettings.Value
HAVING (((GlobalSettings.Key) In ("Artist_Commission")) AND (LAST(GlobalSettings.dateUpdated<#2/26/2017#)))
ORDER BY Last(GlobalSettings.dateUpdated) DESC
18:14:42	Pulling data for Birthday_Card
18:14:42	Executing Query: SELECT TOP 1 GlobalSettings.Key, GlobalSettings.Value
FROM GlobalSettings
GROUP BY GlobalSettings.Key, GlobalSettings.Value
HAVING (((GlobalSettings.Key) In ("Birthday_Card")) AND (LAST(GlobalSettings.dateUpdated<#2/26/2017#)))
ORDER BY Last(GlobalSettings.dateUpdated) DESC
18:14:42	Pulling data for Max_Addon_Commission
18:14:42	Executing Query: SELECT TOP 1 GlobalSettings.Key, GlobalSettings.Value
FROM GlobalSettings
GROUP BY GlobalSettings.Key, GlobalSettings.Value
HAVING (((GlobalSettings.Key) In ("Max_Addon_Commission")) AND (LAST(GlobalSettings.dateUpdated<#2/26/2017#)))
ORDER BY Last(GlobalSettings.dateUpdated) DESC
18:14:42	Pulling data for Presale_Discount
18:14:42	Executing Query: SELECT TOP 1 GlobalSettings.Key, GlobalSettings.Value
FROM GlobalSettings
GROUP BY GlobalSettings.Key, GlobalSettings.Value
HAVING (((GlobalSettings.Key) In ("Presale_Discount")) AND (LAST(GlobalSettings.dateUpdated<#2/26/2017#)))
ORDER BY Last(GlobalSettings.dateUpdated) DESC
18:14:42	Pulling data for Regular_Tickets_Sale
18:14:42	Executing Query: SELECT TOP 1 GlobalSettings.Key, GlobalSettings.Value
FROM GlobalSettings
GROUP BY GlobalSettings.Key, GlobalSettings.Value
HAVING (((GlobalSettings.Key) In ("Regular_Tickets_Sale")) AND (LAST(GlobalSettings.dateUpdated<#2/26/2017#)))
ORDER BY Last(GlobalSettings.dateUpdated) DESC
18:14:42	Pulling data for Max_Presale_Tickets
18:14:42	Executing Query: SELECT TOP 1 GlobalSettings.Key, GlobalSettings.Value
FROM GlobalSettings
GROUP BY GlobalSettings.Key, GlobalSettings.Value
HAVING (((GlobalSettings.Key) In ("Max_Presale_Tickets")) AND (LAST(GlobalSettings.dateUpdated<#2/26/2017#)))
ORDER BY Last(GlobalSettings.dateUpdated) DESC
18:14:42	Pulling data for Minimum_Days_Before_Presale
18:14:42	Executing Query: SELECT TOP 1 GlobalSettings.Key, GlobalSettings.Value
FROM GlobalSettings
GROUP BY GlobalSettings.Key, GlobalSettings.Value
HAVING (((GlobalSettings.Key) In ("Minimum_Days_Before_Presale")) AND (LAST(GlobalSettings.dateUpdated<#2/26/2017#)))
ORDER BY Last(GlobalSettings.dateUpdated) DESC
18:14:42	Max_Allowed_Showtime: 2
18:14:42	Location_Commission: 20
18:14:42	Show_Approval_Timeout: 7
18:14:42	Show_Addon_Commission: 2
18:14:42	Artist_Commission: 12
18:14:42	Birthday_Card: 
18:14:42	Max_Addon_Commission: 8
18:14:42	Presale_Discount: 10
18:14:42	Regular_Tickets_Sale: 14
18:14:42	Max_Presale_Tickets: 4
18:14:42	Minimum_Days_Before_Presale: 21
18:15:32	Starting to update global settings
18:15:32	Sending UPDATE Query: INSERT INTO GlobalSettings(Key, Value, Comment, dateUpdated) VALUES ("Max_Allowed_Showtime","3","Updated By RE001", Now())
18:15:32	Sending UPDATE Query: INSERT INTO GlobalSettings(Key, Value, Comment, dateUpdated) VALUES ("Location_Commission","25","Updated By RE001", Now())
18:15:32	Sending UPDATE Query: INSERT INTO GlobalSettings(Key, Value, Comment, dateUpdated) VALUES ("Show_Approval_Timeout","8","Updated By RE001", Now())
18:15:32	Sending UPDATE Query: INSERT INTO GlobalSettings(Key, Value, Comment, dateUpdated) VALUES ("Show_Addon_Commission","15","Updated By RE001", Now())
18:15:32	Sending UPDATE Query: INSERT INTO GlobalSettings(Key, Value, Comment, dateUpdated) VALUES ("Artist_Commission","17","Updated By RE001", Now())
18:15:32	Sending UPDATE Query: INSERT INTO GlobalSettings(Key, Value, Comment, dateUpdated) VALUES ("Max_Addon_Commission","13","Updated By RE001", Now())
18:15:32	Sending UPDATE Query: INSERT INTO GlobalSettings(Key, Value, Comment, dateUpdated) VALUES ("Presale_Discount","15","Updated By RE001", Now())
18:15:32	Sending UPDATE Query: INSERT INTO GlobalSettings(Key, Value, Comment, dateUpdated) VALUES ("Regular_Tickets_Sale","15","Updated By RE001", Now())
18:15:32	Sending UPDATE Query: INSERT INTO GlobalSettings(Key, Value, Comment, dateUpdated) VALUES ("Max_Presale_Tickets","5","Updated By RE001", Now())
18:15:32	Sending UPDATE Query: INSERT INTO GlobalSettings(Key, Value, Comment, dateUpdated) VALUES ("Minimum_Days_Before_Presale","22","Updated By RE001", Now())
18:15:37	TS: 2017-02-26 18:15:37.049 TST: 1488125737049 dd: 2017-02-26 ddt: 1488125737049
18:15:37	Pulling data for Max_Allowed_Showtime
18:15:37	Executing Query: SELECT TOP 1 GlobalSettings.Key, GlobalSettings.Value
FROM GlobalSettings
GROUP BY GlobalSettings.Key, GlobalSettings.Value
HAVING (((GlobalSettings.Key) In ("Max_Allowed_Showtime")) AND (LAST(GlobalSettings.dateUpdated<#2/26/2017#)))
ORDER BY Last(GlobalSettings.dateUpdated) DESC
18:15:37	Pulling data for Location_Commission
18:15:37	Executing Query: SELECT TOP 1 GlobalSettings.Key, GlobalSettings.Value
FROM GlobalSettings
GROUP BY GlobalSettings.Key, GlobalSettings.Value
HAVING (((GlobalSettings.Key) In ("Location_Commission")) AND (LAST(GlobalSettings.dateUpdated<#2/26/2017#)))
ORDER BY Last(GlobalSettings.dateUpdated) DESC
18:15:37	Pulling data for Show_Approval_Timeout
18:15:37	Executing Query: SELECT TOP 1 GlobalSettings.Key, GlobalSettings.Value
FROM GlobalSettings
GROUP BY GlobalSettings.Key, GlobalSettings.Value
HAVING (((GlobalSettings.Key) In ("Show_Approval_Timeout")) AND (LAST(GlobalSettings.dateUpdated<#2/26/2017#)))
ORDER BY Last(GlobalSettings.dateUpdated) DESC
18:15:37	Pulling data for Show_Addon_Commission
18:15:37	Executing Query: SELECT TOP 1 GlobalSettings.Key, GlobalSettings.Value
FROM GlobalSettings
GROUP BY GlobalSettings.Key, GlobalSettings.Value
HAVING (((GlobalSettings.Key) In ("Show_Addon_Commission")) AND (LAST(GlobalSettings.dateUpdated<#2/26/2017#)))
ORDER BY Last(GlobalSettings.dateUpdated) DESC
18:15:37	Pulling data for Artist_Commission
18:15:37	Executing Query: SELECT TOP 1 GlobalSettings.Key, GlobalSettings.Value
FROM GlobalSettings
GROUP BY GlobalSettings.Key, GlobalSettings.Value
HAVING (((GlobalSettings.Key) In ("Artist_Commission")) AND (LAST(GlobalSettings.dateUpdated<#2/26/2017#)))
ORDER BY Last(GlobalSettings.dateUpdated) DESC
18:15:37	Pulling data for Birthday_Card
18:15:37	Executing Query: SELECT TOP 1 GlobalSettings.Key, GlobalSettings.Value
FROM GlobalSettings
GROUP BY GlobalSettings.Key, GlobalSettings.Value
HAVING (((GlobalSettings.Key) In ("Birthday_Card")) AND (LAST(GlobalSettings.dateUpdated<#2/26/2017#)))
ORDER BY Last(GlobalSettings.dateUpdated) DESC
18:15:37	Pulling data for Max_Addon_Commission
18:15:37	Executing Query: SELECT TOP 1 GlobalSettings.Key, GlobalSettings.Value
FROM GlobalSettings
GROUP BY GlobalSettings.Key, GlobalSettings.Value
HAVING (((GlobalSettings.Key) In ("Max_Addon_Commission")) AND (LAST(GlobalSettings.dateUpdated<#2/26/2017#)))
ORDER BY Last(GlobalSettings.dateUpdated) DESC
18:15:37	Pulling data for Presale_Discount
18:15:37	Executing Query: SELECT TOP 1 GlobalSettings.Key, GlobalSettings.Value
FROM GlobalSettings
GROUP BY GlobalSettings.Key, GlobalSettings.Value
HAVING (((GlobalSettings.Key) In ("Presale_Discount")) AND (LAST(GlobalSettings.dateUpdated<#2/26/2017#)))
ORDER BY Last(GlobalSettings.dateUpdated) DESC
18:15:37	Pulling data for Regular_Tickets_Sale
18:15:37	Executing Query: SELECT TOP 1 GlobalSettings.Key, GlobalSettings.Value
FROM GlobalSettings
GROUP BY GlobalSettings.Key, GlobalSettings.Value
HAVING (((GlobalSettings.Key) In ("Regular_Tickets_Sale")) AND (LAST(GlobalSettings.dateUpdated<#2/26/2017#)))
ORDER BY Last(GlobalSettings.dateUpdated) DESC
18:15:37	Pulling data for Max_Presale_Tickets
18:15:37	Executing Query: SELECT TOP 1 GlobalSettings.Key, GlobalSettings.Value
FROM GlobalSettings
GROUP BY GlobalSettings.Key, GlobalSettings.Value
HAVING (((GlobalSettings.Key) In ("Max_Presale_Tickets")) AND (LAST(GlobalSettings.dateUpdated<#2/26/2017#)))
ORDER BY Last(GlobalSettings.dateUpdated) DESC
18:15:37	Pulling data for Minimum_Days_Before_Presale
18:15:37	Executing Query: SELECT TOP 1 GlobalSettings.Key, GlobalSettings.Value
FROM GlobalSettings
GROUP BY GlobalSettings.Key, GlobalSettings.Value
HAVING (((GlobalSettings.Key) In ("Minimum_Days_Before_Presale")) AND (LAST(GlobalSettings.dateUpdated<#2/26/2017#)))
ORDER BY Last(GlobalSettings.dateUpdated) DESC
18:15:37	Max_Allowed_Showtime: 2
18:15:37	Location_Commission: 20
18:15:37	Show_Approval_Timeout: 7
18:15:37	Show_Addon_Commission: 2
18:15:37	Artist_Commission: 12
18:15:37	Birthday_Card: 
18:15:37	Max_Addon_Commission: 8
18:15:37	Presale_Discount: 10
18:15:37	Regular_Tickets_Sale: 14
18:15:37	Max_Presale_Tickets: 4
18:15:37	Minimum_Days_Before_Presale: 21
18:15:37	TS: 2017-02-26 18:15:37.843 TST: 1488125737843 dd: 2017-02-26 ddt: 1488125737843
18:15:37	Pulling data for Max_Allowed_Showtime
18:15:37	Executing Query: SELECT TOP 1 GlobalSettings.Key, GlobalSettings.Value
FROM GlobalSettings
GROUP BY GlobalSettings.Key, GlobalSettings.Value
HAVING (((GlobalSettings.Key) In ("Max_Allowed_Showtime")) AND (LAST(GlobalSettings.dateUpdated<#2/26/2017#)))
ORDER BY Last(GlobalSettings.dateUpdated) DESC
18:15:37	Pulling data for Location_Commission
18:15:37	Executing Query: SELECT TOP 1 GlobalSettings.Key, GlobalSettings.Value
FROM GlobalSettings
GROUP BY GlobalSettings.Key, GlobalSettings.Value
HAVING (((GlobalSettings.Key) In ("Location_Commission")) AND (LAST(GlobalSettings.dateUpdated<#2/26/2017#)))
ORDER BY Last(GlobalSettings.dateUpdated) DESC
18:15:37	Pulling data for Show_Approval_Timeout
18:15:37	Executing Query: SELECT TOP 1 GlobalSettings.Key, GlobalSettings.Value
FROM GlobalSettings
GROUP BY GlobalSettings.Key, GlobalSettings.Value
HAVING (((GlobalSettings.Key) In ("Show_Approval_Timeout")) AND (LAST(GlobalSettings.dateUpdated<#2/26/2017#)))
ORDER BY Last(GlobalSettings.dateUpdated) DESC
18:15:37	Pulling data for Show_Addon_Commission
18:15:37	Executing Query: SELECT TOP 1 GlobalSettings.Key, GlobalSettings.Value
FROM GlobalSettings
GROUP BY GlobalSettings.Key, GlobalSettings.Value
HAVING (((GlobalSettings.Key) In ("Show_Addon_Commission")) AND (LAST(GlobalSettings.dateUpdated<#2/26/2017#)))
ORDER BY Last(GlobalSettings.dateUpdated) DESC
18:15:37	Pulling data for Artist_Commission
18:15:37	Executing Query: SELECT TOP 1 GlobalSettings.Key, GlobalSettings.Value
FROM GlobalSettings
GROUP BY GlobalSettings.Key, GlobalSettings.Value
HAVING (((GlobalSettings.Key) In ("Artist_Commission")) AND (LAST(GlobalSettings.dateUpdated<#2/26/2017#)))
ORDER BY Last(GlobalSettings.dateUpdated) DESC
18:15:37	Pulling data for Birthday_Card
18:15:37	Executing Query: SELECT TOP 1 GlobalSettings.Key, GlobalSettings.Value
FROM GlobalSettings
GROUP BY GlobalSettings.Key, GlobalSettings.Value
HAVING (((GlobalSettings.Key) In ("Birthday_Card")) AND (LAST(GlobalSettings.dateUpdated<#2/26/2017#)))
ORDER BY Last(GlobalSettings.dateUpdated) DESC
18:15:37	Pulling data for Max_Addon_Commission
18:15:37	Executing Query: SELECT TOP 1 GlobalSettings.Key, GlobalSettings.Value
FROM GlobalSettings
GROUP BY GlobalSettings.Key, GlobalSettings.Value
HAVING (((GlobalSettings.Key) In ("Max_Addon_Commission")) AND (LAST(GlobalSettings.dateUpdated<#2/26/2017#)))
ORDER BY Last(GlobalSettings.dateUpdated) DESC
18:15:37	Pulling data for Presale_Discount
18:15:37	Executing Query: SELECT TOP 1 GlobalSettings.Key, GlobalSettings.Value
FROM GlobalSettings
GROUP BY GlobalSettings.Key, GlobalSettings.Value
HAVING (((GlobalSettings.Key) In ("Presale_Discount")) AND (LAST(GlobalSettings.dateUpdated<#2/26/2017#)))
ORDER BY Last(GlobalSettings.dateUpdated) DESC
18:15:37	Pulling data for Regular_Tickets_Sale
18:15:37	Executing Query: SELECT TOP 1 GlobalSettings.Key, GlobalSettings.Value
FROM GlobalSettings
GROUP BY GlobalSettings.Key, GlobalSettings.Value
HAVING (((GlobalSettings.Key) In ("Regular_Tickets_Sale")) AND (LAST(GlobalSettings.dateUpdated<#2/26/2017#)))
ORDER BY Last(GlobalSettings.dateUpdated) DESC
18:15:37	Pulling data for Max_Presale_Tickets
18:15:37	Executing Query: SELECT TOP 1 GlobalSettings.Key, GlobalSettings.Value
FROM GlobalSettings
GROUP BY GlobalSettings.Key, GlobalSettings.Value
HAVING (((GlobalSettings.Key) In ("Max_Presale_Tickets")) AND (LAST(GlobalSettings.dateUpdated<#2/26/2017#)))
ORDER BY Last(GlobalSettings.dateUpdated) DESC
18:15:37	Pulling data for Minimum_Days_Before_Presale
18:15:37	Executing Query: SELECT TOP 1 GlobalSettings.Key, GlobalSettings.Value
FROM GlobalSettings
GROUP BY GlobalSettings.Key, GlobalSettings.Value
HAVING (((GlobalSettings.Key) In ("Minimum_Days_Before_Presale")) AND (LAST(GlobalSettings.dateUpdated<#2/26/2017#)))
ORDER BY Last(GlobalSettings.dateUpdated) DESC
18:15:37	Max_Allowed_Showtime: 2
18:15:37	Location_Commission: 20
18:15:37	Show_Approval_Timeout: 7
18:15:37	Show_Addon_Commission: 2
18:15:37	Artist_Commission: 12
18:15:37	Birthday_Card: 
18:15:37	Max_Addon_Commission: 8
18:15:37	Presale_Discount: 10
18:15:37	Regular_Tickets_Sale: 14
18:15:37	Max_Presale_Tickets: 4
18:15:37	Minimum_Days_Before_Presale: 21
18:15:38	TS: 2017-02-26 18:15:38.583 TST: 1488125738583 dd: 2017-02-26 ddt: 1488125738583
18:15:38	Pulling data for Max_Allowed_Showtime
18:15:38	Executing Query: SELECT TOP 1 GlobalSettings.Key, GlobalSettings.Value
FROM GlobalSettings
GROUP BY GlobalSettings.Key, GlobalSettings.Value
HAVING (((GlobalSettings.Key) In ("Max_Allowed_Showtime")) AND (LAST(GlobalSettings.dateUpdated<#2/26/2017#)))
ORDER BY Last(GlobalSettings.dateUpdated) DESC
18:15:38	Pulling data for Location_Commission
18:15:38	Executing Query: SELECT TOP 1 GlobalSettings.Key, GlobalSettings.Value
FROM GlobalSettings
GROUP BY GlobalSettings.Key, GlobalSettings.Value
HAVING (((GlobalSettings.Key) In ("Location_Commission")) AND (LAST(GlobalSettings.dateUpdated<#2/26/2017#)))
ORDER BY Last(GlobalSettings.dateUpdated) DESC
18:15:38	Pulling data for Show_Approval_Timeout
18:15:38	Executing Query: SELECT TOP 1 GlobalSettings.Key, GlobalSettings.Value
FROM GlobalSettings
GROUP BY GlobalSettings.Key, GlobalSettings.Value
HAVING (((GlobalSettings.Key) In ("Show_Approval_Timeout")) AND (LAST(GlobalSettings.dateUpdated<#2/26/2017#)))
ORDER BY Last(GlobalSettings.dateUpdated) DESC
18:15:38	Pulling data for Show_Addon_Commission
18:15:38	Executing Query: SELECT TOP 1 GlobalSettings.Key, GlobalSettings.Value
FROM GlobalSettings
GROUP BY GlobalSettings.Key, GlobalSettings.Value
HAVING (((GlobalSettings.Key) In ("Show_Addon_Commission")) AND (LAST(GlobalSettings.dateUpdated<#2/26/2017#)))
ORDER BY Last(GlobalSettings.dateUpdated) DESC
18:15:38	Pulling data for Artist_Commission
18:15:38	Executing Query: SELECT TOP 1 GlobalSettings.Key, GlobalSettings.Value
FROM GlobalSettings
GROUP BY GlobalSettings.Key, GlobalSettings.Value
HAVING (((GlobalSettings.Key) In ("Artist_Commission")) AND (LAST(GlobalSettings.dateUpdated<#2/26/2017#)))
ORDER BY Last(GlobalSettings.dateUpdated) DESC
18:15:38	Pulling data for Birthday_Card
18:15:38	Executing Query: SELECT TOP 1 GlobalSettings.Key, GlobalSettings.Value
FROM GlobalSettings
GROUP BY GlobalSettings.Key, GlobalSettings.Value
HAVING (((GlobalSettings.Key) In ("Birthday_Card")) AND (LAST(GlobalSettings.dateUpdated<#2/26/2017#)))
ORDER BY Last(GlobalSettings.dateUpdated) DESC
18:15:38	Pulling data for Max_Addon_Commission
18:15:38	Executing Query: SELECT TOP 1 GlobalSettings.Key, GlobalSettings.Value
FROM GlobalSettings
GROUP BY GlobalSettings.Key, GlobalSettings.Value
HAVING (((GlobalSettings.Key) In ("Max_Addon_Commission")) AND (LAST(GlobalSettings.dateUpdated<#2/26/2017#)))
ORDER BY Last(GlobalSettings.dateUpdated) DESC
18:15:38	Pulling data for Presale_Discount
18:15:38	Executing Query: SELECT TOP 1 GlobalSettings.Key, GlobalSettings.Value
FROM GlobalSettings
GROUP BY GlobalSettings.Key, GlobalSettings.Value
HAVING (((GlobalSettings.Key) In ("Presale_Discount")) AND (LAST(GlobalSettings.dateUpdated<#2/26/2017#)))
ORDER BY Last(GlobalSettings.dateUpdated) DESC
18:15:38	Pulling data for Regular_Tickets_Sale
18:15:38	Executing Query: SELECT TOP 1 GlobalSettings.Key, GlobalSettings.Value
FROM GlobalSettings
GROUP BY GlobalSettings.Key, GlobalSettings.Value
HAVING (((GlobalSettings.Key) In ("Regular_Tickets_Sale")) AND (LAST(GlobalSettings.dateUpdated<#2/26/2017#)))
ORDER BY Last(GlobalSettings.dateUpdated) DESC
18:15:38	Pulling data for Max_Presale_Tickets
18:15:38	Executing Query: SELECT TOP 1 GlobalSettings.Key, GlobalSettings.Value
FROM GlobalSettings
GROUP BY GlobalSettings.Key, GlobalSettings.Value
HAVING (((GlobalSettings.Key) In ("Max_Presale_Tickets")) AND (LAST(GlobalSettings.dateUpdated<#2/26/2017#)))
ORDER BY Last(GlobalSettings.dateUpdated) DESC
18:15:38	Pulling data for Minimum_Days_Before_Presale
18:15:38	Executing Query: SELECT TOP 1 GlobalSettings.Key, GlobalSettings.Value
FROM GlobalSettings
GROUP BY GlobalSettings.Key, GlobalSettings.Value
HAVING (((GlobalSettings.Key) In ("Minimum_Days_Before_Presale")) AND (LAST(GlobalSettings.dateUpdated<#2/26/2017#)))
ORDER BY Last(GlobalSettings.dateUpdated) DESC
18:15:38	Max_Allowed_Showtime: 2
18:15:38	Location_Commission: 20
18:15:38	Show_Approval_Timeout: 7
18:15:38	Show_Addon_Commission: 2
18:15:38	Artist_Commission: 12
18:15:38	Birthday_Card: 
18:15:38	Max_Addon_Commission: 8
18:15:38	Presale_Discount: 10
18:15:38	Regular_Tickets_Sale: 14
18:15:38	Max_Presale_Tickets: 4
18:15:38	Minimum_Days_Before_Presale: 21
18:15:39	TS: 2017-02-26 18:15:39.23 TST: 1488125739230 dd: 2017-02-26 ddt: 1488125739230
18:15:39	Pulling data for Max_Allowed_Showtime
18:15:39	Executing Query: SELECT TOP 1 GlobalSettings.Key, GlobalSettings.Value
FROM GlobalSettings
GROUP BY GlobalSettings.Key, GlobalSettings.Value
HAVING (((GlobalSettings.Key) In ("Max_Allowed_Showtime")) AND (LAST(GlobalSettings.dateUpdated<#2/26/2017#)))
ORDER BY Last(GlobalSettings.dateUpdated) DESC
18:15:39	Pulling data for Location_Commission
18:15:39	Executing Query: SELECT TOP 1 GlobalSettings.Key, GlobalSettings.Value
FROM GlobalSettings
GROUP BY GlobalSettings.Key, GlobalSettings.Value
HAVING (((GlobalSettings.Key) In ("Location_Commission")) AND (LAST(GlobalSettings.dateUpdated<#2/26/2017#)))
ORDER BY Last(GlobalSettings.dateUpdated) DESC
18:15:39	Pulling data for Show_Approval_Timeout
18:15:39	Executing Query: SELECT TOP 1 GlobalSettings.Key, GlobalSettings.Value
FROM GlobalSettings
GROUP BY GlobalSettings.Key, GlobalSettings.Value
HAVING (((GlobalSettings.Key) In ("Show_Approval_Timeout")) AND (LAST(GlobalSettings.dateUpdated<#2/26/2017#)))
ORDER BY Last(GlobalSettings.dateUpdated) DESC
18:15:39	Pulling data for Show_Addon_Commission
18:15:39	Executing Query: SELECT TOP 1 GlobalSettings.Key, GlobalSettings.Value
FROM GlobalSettings
GROUP BY GlobalSettings.Key, GlobalSettings.Value
HAVING (((GlobalSettings.Key) In ("Show_Addon_Commission")) AND (LAST(GlobalSettings.dateUpdated<#2/26/2017#)))
ORDER BY Last(GlobalSettings.dateUpdated) DESC
18:15:39	Pulling data for Artist_Commission
18:15:39	Executing Query: SELECT TOP 1 GlobalSettings.Key, GlobalSettings.Value
FROM GlobalSettings
GROUP BY GlobalSettings.Key, GlobalSettings.Value
HAVING (((GlobalSettings.Key) In ("Artist_Commission")) AND (LAST(GlobalSettings.dateUpdated<#2/26/2017#)))
ORDER BY Last(GlobalSettings.dateUpdated) DESC
18:15:39	Pulling data for Birthday_Card
18:15:39	Executing Query: SELECT TOP 1 GlobalSettings.Key, GlobalSettings.Value
FROM GlobalSettings
GROUP BY GlobalSettings.Key, GlobalSettings.Value
HAVING (((GlobalSettings.Key) In ("Birthday_Card")) AND (LAST(GlobalSettings.dateUpdated<#2/26/2017#)))
ORDER BY Last(GlobalSettings.dateUpdated) DESC
18:15:39	Pulling data for Max_Addon_Commission
18:15:39	Executing Query: SELECT TOP 1 GlobalSettings.Key, GlobalSettings.Value
FROM GlobalSettings
GROUP BY GlobalSettings.Key, GlobalSettings.Value
HAVING (((GlobalSettings.Key) In ("Max_Addon_Commission")) AND (LAST(GlobalSettings.dateUpdated<#2/26/2017#)))
ORDER BY Last(GlobalSettings.dateUpdated) DESC
18:15:39	Pulling data for Presale_Discount
18:15:39	Executing Query: SELECT TOP 1 GlobalSettings.Key, GlobalSettings.Value
FROM GlobalSettings
GROUP BY GlobalSettings.Key, GlobalSettings.Value
HAVING (((GlobalSettings.Key) In ("Presale_Discount")) AND (LAST(GlobalSettings.dateUpdated<#2/26/2017#)))
ORDER BY Last(GlobalSettings.dateUpdated) DESC
18:15:39	Pulling data for Regular_Tickets_Sale
18:15:39	Executing Query: SELECT TOP 1 GlobalSettings.Key, GlobalSettings.Value
FROM GlobalSettings
GROUP BY GlobalSettings.Key, GlobalSettings.Value
HAVING (((GlobalSettings.Key) In ("Regular_Tickets_Sale")) AND (LAST(GlobalSettings.dateUpdated<#2/26/2017#)))
ORDER BY Last(GlobalSettings.dateUpdated) DESC
18:15:39	Pulling data for Max_Presale_Tickets
18:15:39	Executing Query: SELECT TOP 1 GlobalSettings.Key, GlobalSettings.Value
FROM GlobalSettings
GROUP BY GlobalSettings.Key, GlobalSettings.Value
HAVING (((GlobalSettings.Key) In ("Max_Presale_Tickets")) AND (LAST(GlobalSettings.dateUpdated<#2/26/2017#)))
ORDER BY Last(GlobalSettings.dateUpdated) DESC
18:15:39	Pulling data for Minimum_Days_Before_Presale
18:15:39	Executing Query: SELECT TOP 1 GlobalSettings.Key, GlobalSettings.Value
FROM GlobalSettings
GROUP BY GlobalSettings.Key, GlobalSettings.Value
HAVING (((GlobalSettings.Key) In ("Minimum_Days_Before_Presale")) AND (LAST(GlobalSettings.dateUpdated<#2/26/2017#)))
ORDER BY Last(GlobalSettings.dateUpdated) DESC
18:15:39	Max_Allowed_Showtime: 2
18:15:39	Location_Commission: 20
18:15:39	Show_Approval_Timeout: 7
18:15:39	Show_Addon_Commission: 2
18:15:39	Artist_Commission: 12
18:15:39	Birthday_Card: 
18:15:39	Max_Addon_Commission: 8
18:15:39	Presale_Discount: 10
18:15:39	Regular_Tickets_Sale: 14
18:15:39	Max_Presale_Tickets: 4
18:15:39	Minimum_Days_Before_Presale: 21
