=================  iMuzaMusic v1.0 - Wed Feb 22 01:48:03 IST 2017 ==================
01:48:03	Attempting connection to MS Access DB
01:48:03	DB File: C:\Users\Administrator\Documents\NetBeansProjects2\HandsInAir\sources\MM_DB.accdb
01:48:06	Successfully connected to MS Access DB.
01:48:06	Opening Login Window through iWindow
01:48:07	Submitted
01:48:07	User: LR001 Password: 2ef92hf
01:48:07	Attempting login using LR001/2ef92hf
01:48:07	Location Represantative logged in
01:48:07	Initiating main UI
01:48:08	Added show to ShowList (PF045 Justin Bieber)
01:48:08	Added show to ShowList (PF018 Shawn Mendes)
01:48:08	Added show to ShowList (PF017 Justin Bieber)
01:48:08	Added show to ShowList (PF019 Shawn Mendes)
01:48:09	Added show to ShowList (PF045 Justin Bieber)
01:48:09	Added show to ShowList (PF018 Shawn Mendes)
01:48:09	Added show to ShowList (PF017 Justin Bieber)
01:48:09	Added show to ShowList (PF019 Shawn Mendes)
01:48:09	Refreshing show info (PF017)
01:48:09	Starting to refresh show details..
01:48:10	Refreshing show info (PF019)
01:48:10	Starting to refresh show details..
01:48:11	Refreshing show info (PF017)
01:48:11	Starting to refresh show details..
01:48:11	Refreshing show info (PF018)
01:48:11	Starting to refresh show details..
01:48:12	Refreshing show info (PF045)
01:48:12	Starting to refresh show details..
01:48:13	Refreshing show info (PF018)
01:48:13	Starting to refresh show details..
01:48:13	Refreshing show info (PF017)
01:48:13	Starting to refresh show details..
01:48:14	Refreshing show info (PF019)
01:48:14	Starting to refresh show details..
01:48:15	Refreshing show info (PF017)
01:48:15	Starting to refresh show details..
01:48:17	Added show to ShowList (PF045 Justin Bieber)
01:48:17	Added show to ShowList (PF018 Shawn Mendes)
01:48:17	Added show to ShowList (PF017 Justin Bieber)
01:48:17	Added show to ShowList (PF019 Shawn Mendes)
01:48:18	Refreshing show info (PF019)
01:48:18	Starting to refresh show details..
01:48:18	Refreshing show info (PF017)
01:48:18	Starting to refresh show details..
01:48:18	Refreshing show info (PF018)
01:48:18	Starting to refresh show details..
01:48:19	Refreshing show info (PF045)
01:48:19	Starting to refresh show details..
01:48:27	Logging out..
01:48:27	Successfully logged out
01:48:27	Submitted
01:48:27	User: LR001 Password: 2ef92hf
01:48:27	Attempting login using LR001/2ef92hf
01:48:27	Location Represantative logged in
01:48:27	Initiating main UI
01:48:27	Activating login screen
01:48:35	Submitted
01:48:35	User: CU0123 Password: eg2j0g
01:48:35	Attempting login using CU0123/eg2j0g
01:48:35	test
01:48:35	Customer logged in
01:48:35	Initiating main UI
01:48:35	Added show to ShowList (PF030 Justin Bieber)
01:48:36	Refreshing show info (PF030)
01:48:36	Starting to refresh show details..
01:48:42	Quitting MuzaMusic
