=================  iMuzaMusic v1.0 - Sun Feb 26 18:58:34 IST 2017 ==================
18:58:34	Attempting connection to MS Access DB
18:58:34	DB File: C:\Users\nisan\Documents\Git\HandsInAirLatest\sources\MM_DB.accdb
18:58:35	Successfully connected to MS Access DB.
18:58:35	Opening Login Window through iWindow
18:58:36	Submitted
18:58:36	User: RE001 Password: admin
18:58:36	Attempting login using RE001/admin
18:58:36	Artist logged in
18:58:36	Initiating main UI
18:58:36	Aquiring menu for RE001 Auth: Representative
18:58:38	DF: 2/26/2017 06:58:38 PM
18:58:38	TS: 2017-02-26 18:58:38.15 TST: 1488128318150 dd: 2017-02-26 ddt: 1488128318150
18:58:38	Pulling data for Max_Allowed_Showtime
18:58:38	Executing Query: SELECT TOP 1 GlobalSettings.Key, GlobalSettings.Value
FROM GlobalSettings
GROUP BY GlobalSettings.Key, GlobalSettings.Value
HAVING (((GlobalSettings.Key) In ("Max_Allowed_Showtime")) AND (LAST(GlobalSettings.dateUpdated<=#2/26/2017 06:58:38 PM#)))
ORDER BY Last(GlobalSettings.dateUpdated) DESC
18:58:38	Pulling data for Location_Commission
18:58:38	Executing Query: SELECT TOP 1 GlobalSettings.Key, GlobalSettings.Value
FROM GlobalSettings
GROUP BY GlobalSettings.Key, GlobalSettings.Value
HAVING (((GlobalSettings.Key) In ("Location_Commission")) AND (LAST(GlobalSettings.dateUpdated<=#2/26/2017 06:58:38 PM#)))
ORDER BY Last(GlobalSettings.dateUpdated) DESC
18:58:38	Pulling data for Show_Approval_Timeout
18:58:38	Executing Query: SELECT TOP 1 GlobalSettings.Key, GlobalSettings.Value
FROM GlobalSettings
GROUP BY GlobalSettings.Key, GlobalSettings.Value
HAVING (((GlobalSettings.Key) In ("Show_Approval_Timeout")) AND (LAST(GlobalSettings.dateUpdated<=#2/26/2017 06:58:38 PM#)))
ORDER BY Last(GlobalSettings.dateUpdated) DESC
18:58:38	Pulling data for Show_Addon_Commission
18:58:38	Executing Query: SELECT TOP 1 GlobalSettings.Key, GlobalSettings.Value
FROM GlobalSettings
GROUP BY GlobalSettings.Key, GlobalSettings.Value
HAVING (((GlobalSettings.Key) In ("Show_Addon_Commission")) AND (LAST(GlobalSettings.dateUpdated<=#2/26/2017 06:58:38 PM#)))
ORDER BY Last(GlobalSettings.dateUpdated) DESC
18:58:38	Pulling data for Artist_Commission
18:58:38	Executing Query: SELECT TOP 1 GlobalSettings.Key, GlobalSettings.Value
FROM GlobalSettings
GROUP BY GlobalSettings.Key, GlobalSettings.Value
HAVING (((GlobalSettings.Key) In ("Artist_Commission")) AND (LAST(GlobalSettings.dateUpdated<=#2/26/2017 06:58:38 PM#)))
ORDER BY Last(GlobalSettings.dateUpdated) DESC
18:58:38	Pulling data for Birthday_Card
18:58:38	Executing Query: SELECT TOP 1 GlobalSettings.Key, GlobalSettings.Value
FROM GlobalSettings
GROUP BY GlobalSettings.Key, GlobalSettings.Value
HAVING (((GlobalSettings.Key) In ("Birthday_Card")) AND (LAST(GlobalSettings.dateUpdated<=#2/26/2017 06:58:38 PM#)))
ORDER BY Last(GlobalSettings.dateUpdated) DESC
18:58:38	Pulling data for Max_Addon_Commission
18:58:38	Executing Query: SELECT TOP 1 GlobalSettings.Key, GlobalSettings.Value
FROM GlobalSettings
GROUP BY GlobalSettings.Key, GlobalSettings.Value
HAVING (((GlobalSettings.Key) In ("Max_Addon_Commission")) AND (LAST(GlobalSettings.dateUpdated<=#2/26/2017 06:58:38 PM#)))
ORDER BY Last(GlobalSettings.dateUpdated) DESC
18:58:38	Pulling data for Presale_Discount
18:58:38	Executing Query: SELECT TOP 1 GlobalSettings.Key, GlobalSettings.Value
FROM GlobalSettings
GROUP BY GlobalSettings.Key, GlobalSettings.Value
HAVING (((GlobalSettings.Key) In ("Presale_Discount")) AND (LAST(GlobalSettings.dateUpdated<=#2/26/2017 06:58:38 PM#)))
ORDER BY Last(GlobalSettings.dateUpdated) DESC
18:58:38	Pulling data for Regular_Tickets_Sale
18:58:38	Executing Query: SELECT TOP 1 GlobalSettings.Key, GlobalSettings.Value
FROM GlobalSettings
GROUP BY GlobalSettings.Key, GlobalSettings.Value
HAVING (((GlobalSettings.Key) In ("Regular_Tickets_Sale")) AND (LAST(GlobalSettings.dateUpdated<=#2/26/2017 06:58:38 PM#)))
ORDER BY Last(GlobalSettings.dateUpdated) DESC
18:58:38	Pulling data for Max_Presale_Tickets
18:58:38	Executing Query: SELECT TOP 1 GlobalSettings.Key, GlobalSettings.Value
FROM GlobalSettings
GROUP BY GlobalSettings.Key, GlobalSettings.Value
HAVING (((GlobalSettings.Key) In ("Max_Presale_Tickets")) AND (LAST(GlobalSettings.dateUpdated<=#2/26/2017 06:58:38 PM#)))
ORDER BY Last(GlobalSettings.dateUpdated) DESC
18:58:38	Pulling data for Minimum_Days_Before_Presale
18:58:38	Executing Query: SELECT TOP 1 GlobalSettings.Key, GlobalSettings.Value
FROM GlobalSettings
GROUP BY GlobalSettings.Key, GlobalSettings.Value
HAVING (((GlobalSettings.Key) In ("Minimum_Days_Before_Presale")) AND (LAST(GlobalSettings.dateUpdated<=#2/26/2017 06:58:38 PM#)))
ORDER BY Last(GlobalSettings.dateUpdated) DESC
18:58:38	Max_Allowed_Showtime: 3
18:58:38	Location_Commission: 25
18:58:38	Show_Approval_Timeout: 8
18:58:38	Show_Addon_Commission: 15
18:58:38	Artist_Commission: 17
18:58:38	Birthday_Card: test
bday
18:58:38	Max_Addon_Commission: 13
18:58:38	Presale_Discount: 15
18:58:38	Regular_Tickets_Sale: 15
18:58:38	Max_Presale_Tickets: 5
18:58:38	Minimum_Days_Before_Presale: 22
18:58:39	Getting Next ID for Location Representative
18:58:39	Current last ID is: LR006
18:58:39	Returning next ID for Location_Representative - LR007
18:58:47	Sending UPDATE Query: INSERT INTO LReps (LRepID, FirstName, LastName, Email, birthDate, PhoneNumber, strPasswd) VALUES ("LR007","Asdasd","","","1999-02-26 00:00:00.0","124124","")
