=================  iMuzaMusic v1.0 - Sun Feb 26 14:05:51 IST 2017 ==================
14:05:51	Attempting connection to MS Access DB
14:05:51	DB File: C:\Users\Administrator\Documents\NetBeansProjects2\HandsInAir\sources\MM_DB.accdb
14:05:53	Successfully connected to MS Access DB.
14:05:53	Opening Login Window through iWindow
14:05:54	Submitted
14:05:54	User: CU0123 Password: eg2j0g
14:05:54	Attempting login using CU0123/eg2j0g
14:05:54	test
14:05:54	Customer logged in
14:05:54	Initiating main UI
14:05:54	Aquiring menu for CU0123 Auth: Customer
14:05:55	Artist FB: #https://www.facebook.com/justin.bib#
14:05:55	Artist FB: #https://www.facebook.com/shawnm#
14:05:55	Artist FB: #https://www.facebook.com/rihanna#
14:05:55	Artist FB: #https://www.facebook.com/sia#
14:05:55	Artist FB: #https://www.facebook.com/pita#
14:05:55	Artist FB: #https://www.facebook.com/drake#
14:05:55	Artist FB: facebook.com/url
14:05:55	Artist FB: facebook.com
14:05:55	Artist FB: facebook.com
14:05:55	Artist FB: facebook.com
14:05:55	Artist FB: facebook.com
14:05:55	Artist FB: facebook.com/last.aspx
14:05:55	Artist FB: facebook.com
14:05:55	Artist FB: facebook.com
14:05:55	Removing Justin Bieber from favorited list
14:05:55	Removing Rihanna from favorited list
14:05:55	Removing nis from favorited list
14:05:55	Found 3 favorited artists
14:06:14	Exit command identified
14:06:14	Exporting XML for iRecord
