=================  iMuzaMusic v1.0 - Sat Feb 25 23:31:54 IST 2017 ==================
23:31:54	Attempting connection to MS Access DB
23:31:54	DB File: C:\Users\nisan\Documents\Git\HandsInAirLatest\sources\MM_DB.accdb
23:31:55	Successfully connected to MS Access DB.
23:31:55	Opening Login Window through iWindow
23:31:56	Submitted
23:31:56	User: RE001 Password: admin
23:31:56	Attempting login using RE001/admin
23:31:56	Artist logged in
23:31:56	Initiating main UI
23:31:56	Aquiring menu for RE001 Auth: Representative
23:31:58	Aquiring stream result
23:31:58	Transforming result
23:31:58	Successfully exported HIA-Artist-Data.xml file for iRecord System.
23:31:58	Aquiring stream result
23:31:58	Transforming result
23:31:58	Successfully exported HIA-Artist-Sessions.xml file for iRecord System.
23:31:58	Sending Report Query with Year: 2017
23:32:07	Exit command identified
23:32:07	Exporting XML for iRecord
23:32:07	DB Error, possibly closed by jasper reports?
23:32:07	Recreating connection
23:32:07	DB File: C:\Users\nisan\Documents\Git\HandsInAirLatest\sources\MM_DB.accdb
