=================  iMuzaMusic v1.0 - Tue Feb 28 13:12:56 IST 2017 ==================
13:12:56	Attempting connection to MS Access DB
13:12:56	DB File: C:\Users\nisan\Documents\Git\HandsInAirLatest\sources\MM_DB.accdb
13:12:57	Successfully connected to MS Access DB.
13:12:57	Opening Login Window through iWindow
13:12:58	Submitted
13:12:58	User: RE001 Password: admin
13:12:58	Attempting login using RE001/admin
13:12:58	Artist logged in
13:12:58	Initiating main UI
13:12:58	Aquiring menu for RE001 Auth: Representative
13:12:59	Logging out..
13:12:59	Successfully logged out
13:12:59	Submitted
13:12:59	User: RE001 Password: admin
13:12:59	Attempting login using RE001/admin
13:12:59	Artist logged in
13:12:59	Initiating main UI
13:12:59	Aquiring menu for RE001 Auth: Representative
13:13:00	Activating login screen
13:13:27	Submitted
13:13:27	User: CU0123 Password: eg2j0g
13:13:27	Attempting login using CU0123/eg2j0g
13:13:28	test
13:13:28	Customer logged in
13:13:28	Initiating main UI
13:13:28	Aquiring menu for CU0123 Auth: Customer
13:13:29	Added show to ShowList (PF009 Rihanna)
13:13:29	Added show to ShowList (PF006 Rihanna)
13:13:30	Refreshing show info (PF006)
13:13:30	Starting to refresh show details..
13:13:30	TEXT BEFORE: Drake, 
13:13:30	TEXT AFTER: Drake.
13:13:32	Refreshing show info (PF009)
13:13:32	Starting to refresh show details..
13:13:32	TEXT BEFORE: Sia, Drake, 
13:13:32	TEXT AFTER: Sia, Drake.
13:13:33	Difference between 2017-03-03 and 2017-02-22 is 9 days
13:13:33	Difference between 2017-03-03 and 2017-02-22 is 9 days
13:13:33	Client has 4 tickets left to purchase on Presale
13:13:33	Show PF009 is not on Presale.
13:13:35	Purchasing 3 tickets to show PF009 for customer Rafi Ben Shushan
13:13:35	Sending UPDATE Query: INSERT INTO ClientPurchases (ClientID, PerformenceID, NumberofTickets, datePurchased) values ("CU0123","PF009",3, "2017-02-28 13:13:35.753")
13:13:37	Logging out..
13:13:37	Successfully logged out
13:13:37	Submitted
13:13:37	User: RE001 Password: admin
13:13:37	Attempting login using RE001/admin
13:13:37	Artist logged in
13:13:37	Initiating main UI
13:13:37	Aquiring menu for RE001 Auth: Representative
13:13:37	Activating login screen
13:13:40	Submitted
13:13:40	User: RE001 Password: admin
13:13:40	Attempting login using RE001/admin
13:13:40	Artist logged in
13:13:40	Initiating main UI
13:13:40	Aquiring menu for RE001 Auth: Representative
13:13:41	Sending Report Query with Year: 2017
