=================  iMuzaMusic v1.0 - Tue Feb 28 12:16:51 IST 2017 ==================
12:16:51	Attempting connection to MS Access DB
12:16:51	DB File: C:\Users\nisan\Documents\Git\HandsInAirLatest\sources\MM_DB.accdb
12:16:52	Successfully connected to MS Access DB.
12:16:52	Opening Login Window through iWindow
12:16:52	Submitted
12:16:52	User: RE001 Password: admin
12:16:52	Attempting login using RE001/admin
12:16:52	Artist logged in
12:16:52	Initiating main UI
12:16:52	Aquiring menu for RE001 Auth: Representative
12:16:54	Logging out..
12:16:54	Successfully logged out
12:16:54	Submitted
12:16:54	User: RE001 Password: admin
12:16:54	Attempting login using RE001/admin
12:16:54	Artist logged in
12:16:54	Initiating main UI
12:16:54	Aquiring menu for RE001 Auth: Representative
12:16:54	Activating login screen
12:16:56	Submitted
12:16:56	User: AG001 Password: admin
12:16:56	Attempting login using AG001/admin
12:16:56	Agent logged in
12:16:56	Initiating main UI
12:16:56	Aquiring menu for AG001 Auth: Agent
12:16:59	Importing XML from iRecord System
12:16:59	Successfully imported 8 artists sessions from iRecord.
12:16:59	Adding session date occupied: 2017-01-02 00:00:00.0
12:16:59	Adding session date occupied: 2017-01-25 00:00:00.0
12:16:59	Adding session date occupied: 2017-01-11 00:00:00.0
12:16:59	Adding session date occupied: 2017-01-10 00:00:00.0
12:16:59	Adding session date occupied: 2017-01-05 00:00:00.0
12:16:59	Adding session date occupied: 2017-01-06 00:00:00.0
12:16:59	Adding session date occupied: 2017-01-07 00:00:00.0
12:16:59	Adding session date occupied: 2017-01-20 00:00:00.0
12:16:59	Adding session date occupied: 2017-01-12 00:00:00.0
12:16:59	Adding session date occupied: 2017-01-18 00:00:00.0
12:16:59	Adding session date occupied: 2017-01-13 00:00:00.0
12:16:59	Adding session date occupied: 2017-01-04 00:00:00.0
12:16:59	Adding session date occupied: 2017-01-26 00:00:00.0
12:16:59	Adding session date occupied: 2017-01-24 00:00:00.0
12:16:59	Adding session date occupied: 2017-01-03 00:00:00.0
12:16:59	Adding session date occupied: 2017-01-17 00:00:00.0
12:16:59	Adding session date occupied: 2017-01-09 00:00:00.0
12:16:59	Adding session date occupied: 2017-02-22 00:00:00.0
12:17:00	Importing XML from iRecord System
12:17:00	Successfully imported 8 artists sessions from iRecord.
12:17:10	Creating Show..
12:17:10	Starting to insert show PF006 with 1 sub artists
12:17:10	Sending UPDATE Query: INSERT INTO Shows (pID, pStartDate, pTicketPrice, pMinAge, pStatus, iLocation, iMainArtist, pDateCreated) VALUES ('PF006',"2017-02-09 02:00:00.0",'150.0','18','Awaiting Approval','LC002','AR004',"2017-02-28 12:17:10.169")
12:17:10	Sending UPDATE Query: INSERT INTO ShowsToArtists(ShowID, ArtistID, Status) values ("PF006","AR231", 1)
12:17:15	Removing Rotshild from favorited list
12:17:15	Removing Sleek from favorited list
12:17:15	Removing OpenHouse from favorited list
12:17:15	Found 3 favorited locations
12:17:22	Exit command identified
12:17:22	Exporting XML for iRecord
12:17:22	Aquiring stream result
12:17:22	Transforming result
12:17:22	Successfully exported HIA-Artist-Data.xml file for iRecord System.
12:17:22	Aquiring stream result
12:17:22	Transforming result
12:17:22	Successfully exported HIA-Artist-Sessions.xml file for iRecord System.
12:17:22	Quitting MuzaMusic
