=================  iMuzaMusic v1.0 - Mon Feb 27 12:23:28 IST 2017 ==================
12:23:28	Attempting connection to MS Access DB
12:23:28	DB File: C:\Users\nisan\Documents\Git\HandsInAirLatest\sources\MM_DB.accdb
12:23:29	Successfully connected to MS Access DB.
12:23:29	Opening Login Window through iWindow
12:23:30	Submitted
12:23:30	User: AG001 Password: admin
12:23:30	Attempting login using AG001/admin
12:23:30	Agent logged in
12:23:30	Initiating main UI
12:23:30	Aquiring menu for AG001 Auth: Agent
12:23:32	Importing XML from iRecord System
12:23:32	Successfully imported 7 artists sessions from iRecord.
12:23:32	Adding session date occupied: 2017-01-02 00:00:00.0
12:23:32	Adding session date occupied: 2017-01-25 00:00:00.0
12:23:32	Adding session date occupied: 2017-01-11 00:00:00.0
12:23:32	Adding session date occupied: 2017-01-10 00:00:00.0
12:23:32	Adding session date occupied: 2017-01-05 00:00:00.0
12:23:32	Adding session date occupied: 2017-01-06 00:00:00.0
12:23:32	Adding session date occupied: 2017-01-07 00:00:00.0
12:23:32	Adding session date occupied: 2017-01-20 00:00:00.0
12:23:32	Adding session date occupied: 2017-01-12 00:00:00.0
12:23:32	Adding session date occupied: 2017-01-18 00:00:00.0
12:23:32	Adding session date occupied: 2017-01-13 00:00:00.0
12:23:32	Adding session date occupied: 2017-01-04 00:00:00.0
12:23:32	Adding session date occupied: 2017-01-26 00:00:00.0
12:23:32	Adding session date occupied: 2017-01-24 00:00:00.0
12:23:32	Adding session date occupied: 2017-01-03 00:00:00.0
12:23:32	Adding session date occupied: 2017-01-17 00:00:00.0
12:23:32	Adding session date occupied: 2017-01-09 00:00:00.0
12:23:32	Adding session date occupied: 2017-02-22 00:00:00.0
12:24:08	Importing XML from iRecord System
12:24:08	Successfully imported 7 artists sessions from iRecord.
12:24:21	Getting unevaluated and evaluated artists for artist AR232
12:24:25	Sending UPDATE Query: DELETE FROM ArtistLikes WHERE ArtistID in("AR232")
12:24:25	Successfully wiped artist evaluation (AR232 AR232
12:24:25	Sending UPDATE Query: INSERT INTO ArtistLikes (ArtistID, LikeID) VALUES ('AR232',"AR004")
12:24:28	Importing XML from iRecord System
12:24:28	Successfully imported 7 artists sessions from iRecord.
12:24:34	Creating Show..
12:24:34	Starting to insert show PF054 with 1 sub artists
12:24:34	Sending UPDATE Query: INSERT INTO Shows (pID, pStartDate, pTicketPrice, pMinAge, pStatus, iLocation, iMainArtist, pDateCreated) VALUES ('PF054',"2017-02-01 00:00:00.0",'0.0','0','Awaiting Approval','LC002','AR232',"2017-02-27 12:24:34.107")
12:24:34	Sending UPDATE Query: INSERT INTO ShowsToArtists(ShowID, ArtistID, Status) values ("PF054","AR004", 1)
12:24:38	PF054 Stage Name Rotshild 2017-02-01
12:24:42	Sending UPDATE Query: update ShowsToArtists set Status=2 where ShowID="PF054" AND ArtistID="AR004"
12:24:43	Update Attendance: ArtistID: AR004 ShowID: PF054 Status: true
12:24:44	Removing Rotshild from favorited list
12:24:44	Removing Sleek from favorited list
12:24:44	Removing OpenHouse from favorited list
12:24:44	Found 3 favorited locations
12:24:45	Added show to ShowList (PF050 Justin Bieber)
12:24:45	Added show to ShowList (PF032 Justin Bieber)
12:24:45	Added show to ShowList (PF018 Shawn Mendes)
12:24:45	Added show to ShowList (PF017 Justin Bieber)
12:24:45	Added show to ShowList (PF019 Shawn Mendes)
12:24:45	Added show to ShowList (PF031 Justin Bieber)
12:24:45	Added show to ShowList (PF033 Justin Bieber)
12:24:45	Added show to ShowList (PF030 Justin Bieber)
12:24:53	Exit command identified
12:24:53	Exporting XML for iRecord
12:24:53	Column: ArtistID
12:24:53	Data Type: 12
12:24:53	Column: strStageName
12:24:53	Data Type: 12
12:24:53	Column: strShortBio
12:24:53	Data Type: 12
12:24:53	Column: strEmailAddr
12:24:53	Data Type: 12
12:24:53	Column: strFaceBook
12:24:53	Data Type: 12
12:24:53	Column: AgentID
12:24:53	Data Type: 12
12:24:53	Column: iStatus
12:24:53	Data Type: 12
12:24:53	Column: sig
12:24:53	Data Type: 12
12:24:53	Column: ArtistID
12:24:53	Data Type: 12
12:24:53	Column: strStageName
12:24:53	Data Type: 12
12:24:53	Column: strShortBio
12:24:53	Data Type: 12
12:24:53	Column: strEmailAddr
12:24:53	Data Type: 12
12:24:53	Column: strFaceBook
12:24:53	Data Type: 12
12:24:53	Column: AgentID
12:24:53	Data Type: 12
12:24:53	Column: iStatus
12:24:53	Data Type: 12
12:24:53	Column: sig
12:24:53	Data Type: 12
12:24:53	Column: ArtistID
12:24:53	Data Type: 12
12:24:53	Column: strStageName
12:24:53	Data Type: 12
12:24:53	Column: strShortBio
12:24:53	Data Type: 12
12:24:53	Column: strEmailAddr
12:24:53	Data Type: 12
12:24:53	Column: strFaceBook
12:24:53	Data Type: 12
12:24:53	Column: AgentID
12:24:53	Data Type: 12
12:24:53	Column: iStatus
12:24:53	Data Type: 12
12:24:53	Column: sig
12:24:53	Data Type: 12
12:24:53	Column: ArtistID
12:24:53	Data Type: 12
12:24:53	Column: strStageName
12:24:53	Data Type: 12
12:24:53	Column: strShortBio
12:24:53	Data Type: 12
12:24:53	Column: strEmailAddr
12:24:53	Data Type: 12
12:24:53	Column: strFaceBook
12:24:53	Data Type: 12
12:24:53	Column: AgentID
12:24:53	Data Type: 12
12:24:53	Column: iStatus
12:24:53	Data Type: 12
12:24:53	Column: sig
12:24:53	Data Type: 12
12:24:53	Column: ArtistID
12:24:53	Data Type: 12
12:24:53	Column: strStageName
12:24:53	Data Type: 12
12:24:53	Column: strShortBio
12:24:53	Data Type: 12
12:24:53	Column: strEmailAddr
12:24:53	Data Type: 12
12:24:53	Column: strFaceBook
12:24:53	Data Type: 12
12:24:53	Column: AgentID
12:24:53	Data Type: 12
12:24:53	Column: iStatus
12:24:53	Data Type: 12
12:24:53	Column: sig
12:24:53	Data Type: 12
12:24:53	Column: ArtistID
12:24:53	Data Type: 12
12:24:53	Column: strStageName
12:24:53	Data Type: 12
12:24:53	Column: strShortBio
12:24:53	Data Type: 12
12:24:53	Column: strEmailAddr
12:24:53	Data Type: 12
12:24:53	Column: strFaceBook
12:24:53	Data Type: 12
12:24:53	Column: AgentID
12:24:53	Data Type: 12
12:24:53	Column: iStatus
12:24:53	Data Type: 12
12:24:53	Column: sig
12:24:53	Data Type: 12
12:24:53	Column: ArtistID
12:24:53	Data Type: 12
12:24:53	Column: strStageName
12:24:53	Data Type: 12
12:24:53	Column: strShortBio
12:24:53	Data Type: 12
12:24:53	Column: strEmailAddr
12:24:53	Data Type: 12
12:24:53	Column: strFaceBook
12:24:53	Data Type: 12
12:24:53	Column: AgentID
12:24:53	Data Type: 12
12:24:53	Column: iStatus
12:24:53	Data Type: 12
12:24:53	Column: sig
12:24:53	Data Type: 12
12:24:53	Column: ArtistID
12:24:53	Data Type: 12
12:24:53	Column: strStageName
12:24:53	Data Type: 12
12:24:53	Column: strShortBio
12:24:53	Data Type: 12
12:24:53	Column: strEmailAddr
12:24:53	Data Type: 12
12:24:53	Column: strFaceBook
12:24:53	Data Type: 12
12:24:53	Column: AgentID
12:24:53	Data Type: 12
12:24:53	Column: iStatus
12:24:53	Data Type: 12
12:24:53	Column: sig
12:24:53	Data Type: 12
12:24:53	Column: ArtistID
12:24:53	Data Type: 12
12:24:53	Column: strStageName
12:24:53	Data Type: 12
12:24:53	Column: strShortBio
12:24:53	Data Type: 12
12:24:53	Column: strEmailAddr
12:24:53	Data Type: 12
12:24:53	Column: strFaceBook
12:24:53	Data Type: 12
12:24:53	Column: AgentID
12:24:53	Data Type: 12
12:24:53	Column: iStatus
12:24:53	Data Type: 12
12:24:53	Column: sig
12:24:53	Data Type: 12
12:24:53	Column: ArtistID
12:24:53	Data Type: 12
12:24:53	Column: strStageName
12:24:53	Data Type: 12
12:24:53	Column: strShortBio
12:24:53	Data Type: 12
12:24:53	Column: strEmailAddr
12:24:53	Data Type: 12
12:24:53	Column: strFaceBook
12:24:53	Data Type: 12
12:24:53	Column: AgentID
12:24:53	Data Type: 12
12:24:53	Column: iStatus
12:24:53	Data Type: 12
12:24:53	Column: sig
12:24:53	Data Type: 12
12:24:53	Column: ArtistID
12:24:53	Data Type: 12
12:24:53	Column: strStageName
12:24:53	Data Type: 12
12:24:53	Column: strShortBio
12:24:53	Data Type: 12
12:24:53	Column: strEmailAddr
12:24:53	Data Type: 12
12:24:53	Column: strFaceBook
12:24:53	Data Type: 12
12:24:53	Column: AgentID
12:24:53	Data Type: 12
12:24:53	Column: iStatus
12:24:53	Data Type: 12
12:24:53	Column: sig
12:24:53	Data Type: 12
12:24:53	Column: ArtistID
12:24:53	Data Type: 12
12:24:53	Column: strStageName
12:24:53	Data Type: 12
12:24:53	Column: strShortBio
12:24:53	Data Type: 12
12:24:53	Column: strEmailAddr
12:24:53	Data Type: 12
12:24:53	Column: strFaceBook
12:24:53	Data Type: 12
12:24:53	Column: AgentID
12:24:53	Data Type: 12
12:24:53	Column: iStatus
12:24:53	Data Type: 12
12:24:53	Column: sig
12:24:53	Data Type: 12
12:24:53	Column: ArtistID
12:24:53	Data Type: 12
12:24:53	Column: strStageName
12:24:53	Data Type: 12
12:24:53	Column: strShortBio
12:24:53	Data Type: 12
12:24:53	Column: strEmailAddr
12:24:53	Data Type: 12
12:24:53	Column: strFaceBook
12:24:53	Data Type: 12
12:24:53	Column: AgentID
12:24:53	Data Type: 12
12:24:53	Column: iStatus
12:24:53	Data Type: 12
12:24:53	Column: sig
12:24:53	Data Type: 12
12:24:53	Column: ArtistID
12:24:53	Data Type: 12
12:24:53	Column: strStageName
12:24:53	Data Type: 12
12:24:53	Column: strShortBio
12:24:53	Data Type: 12
12:24:53	Column: strEmailAddr
12:24:53	Data Type: 12
12:24:53	Column: strFaceBook
12:24:53	Data Type: 12
12:24:53	Column: AgentID
12:24:53	Data Type: 12
12:24:53	Column: iStatus
12:24:53	Data Type: 12
12:24:53	Column: sig
12:24:53	Data Type: 12
12:24:53	Aquiring stream result
12:24:53	Transforming result
12:24:53	Successfully exported HIA-Artist-Data.xml file for iRecord System.
12:24:53	Aquiring stream result
12:24:53	Transforming result
12:24:53	Successfully exported HIA-Artist-Sessions.xml file for iRecord System.
12:24:53	Quitting MuzaMusic
