=================  iMuzaMusic v1.0 - Sun Feb 19 23:53:46 IST 2017 ==================
23:53:46	Attempting connection to MS Access DB
23:53:46	DB File: C:\Users\nisan\Documents\Git\HandsInAirLatest\sources\MM_DB.accdb
23:53:47	Successfully connected to MS Access DB.
23:53:47	Opening Login Window through iWindow
23:53:48	Submitted
23:53:48	User: AG001 Password: asf230g2
23:53:48	Attempting login using AG001/asf230g2
23:53:48	Agent logged in
23:53:48	Initiating main UI
23:56:01	Removing Barbarosa from favorited list
23:56:01	Removing Rotshild from favorited list
23:56:01	Removing Sleek from favorited list
23:56:01	Found 3 favorited locations
23:56:04	Sending UPDATE Query: delete from AgentPreferLocation where AgentID="AG001" AND LocationID="LC004"
23:56:04	Cancel favorited location: LocationID: LC004
23:56:04	Removing Barbarosa from favorited list
23:56:04	Removing Rotshild from favorited list
23:56:04	Found 2 favorited locations
23:56:12	Removing Barbarosa from favorited list
23:56:12	Removing Rotshild from favorited list
23:56:12	Found 2 favorited locations
23:56:15	Sending UPDATE Query: delete from AgentPreferLocation where AgentID="AG001" AND LocationID="LC002"
23:56:15	Cancel favorited location: LocationID: LC002
23:56:15	Removing Barbarosa from favorited list
23:56:15	Found 1 favorited locations
23:56:16	Sending UPDATE Query: delete from AgentPreferLocation where AgentID="AG001" AND LocationID="LC001"
23:56:16	Cancel favorited location: LocationID: LC001
23:56:16	Found 0 favorited locations
23:56:17	Found 0 favorited locations
23:56:26	Found 0 favorited locations
23:56:29	Sending UPDATE Query: INSERT INTO AgentPreferLocation (AgentID, LocationID) values ("AG001","LC005")
23:56:29	Removing OpenHouse from favorited list
23:56:29	Found 1 favorited locations
23:56:30	Sending UPDATE Query: INSERT INTO AgentPreferLocation (AgentID, LocationID) values ("AG001","LC003")
23:56:30	Removing Ha Beer from favorited list
23:56:30	Removing OpenHouse from favorited list
23:56:30	Found 2 favorited locations
23:56:31	Sending UPDATE Query: INSERT INTO AgentPreferLocation (AgentID, LocationID) values ("AG001","LC004")
23:56:31	Removing Ha Beer from favorited list
23:56:31	Removing Sleek from favorited list
23:56:31	Removing OpenHouse from favorited list
23:56:31	Found 3 favorited locations
23:56:34	URL #https://www.google.co.il/maps/place/%D7%94%D7%94%D7%92%D7%A0%D7%94+20,+%D7%90%D7%96%D7%95%D7%A8%E2%80%AD/@32.0267995,34.8072585,17z/data=!3m1!4b1!4m5!3m4!1s0x151d4b32506ae2e9:0x9040f73f144e5513!8m2!3d32.0267995!4d34.8050698# is a malformed URL
23:56:35	URL #https://www.google.co.il/maps/place/%D7%94%D7%94%D7%92%D7%A0%D7%94+20,+%D7%90%D7%96%D7%95%D7%A8%E2%80%AD/@32.0267995,34.8072585,17z/data=!3m1!4b1!4m5!3m4!1s0x151d4b32506ae2e9:0x9040f73f144e5513!8m2!3d32.0267995!4d34.8050698# is a malformed URL
