=================  iMuzaMusic v1.0 - Wed Feb 22 00:52:55 IST 2017 ==================
00:52:55	Attempting connection to MS Access DB
00:52:55	DB File: C:\Users\Administrator\Documents\NetBeansProjects2\HandsInAir\sources\MM_DB.accdb
00:52:57	Successfully connected to MS Access DB.
00:52:57	Opening Login Window through iWindow
00:52:58	Submitted
00:52:58	User: LR001 Password: 2ef92hf
00:52:58	Attempting login using LR001/2ef92hf
00:52:58	Location Represantative logged in
00:52:58	Initiating main UI
00:52:59	Added show to ShowList (PF005 Sia)
00:52:59	Added show to ShowList (PF002 Justin Bieber)
00:52:59	Added show to ShowList (PF016 Rihanna)
00:52:59	Added show to ShowList (PF015 Rihanna)
00:52:59	Added show to ShowList (PF051 Justin Bieber)
00:52:59	Added show to ShowList (PF048 Rihanna)
00:52:59	Added show to ShowList (PF011 Shawn Mendes)
00:52:59	Added show to ShowList (PF013 Shawn Mendes)
00:52:59	Added show to ShowList (PF012 Shawn Mendes)
00:52:59	Added show to ShowList (PF009 Shawn Mendes)
