=================  iMuzaMusic v1.0 - Tue Feb 28 14:53:32 IST 2017 ==================
14:53:32	Attempting connection to MS Access DB
14:53:32	DB File: C:\Users\nisan\Documents\Git\HandsInAirLatest\sources\MM_DB.accdb
14:53:33	Successfully connected to MS Access DB.
14:53:33	Opening Login Window through iWindow
14:53:35	Selected Debug Quick Login Feature for Nick
14:53:35	Logging in...
14:53:35	Submitted from DEBUG Window
14:53:35	User: AG005 Password: 61q6g1q
14:53:35	Attempting login using AG005/61q6g1q
14:53:35	Agent logged in
14:53:35	Initiating main UI
14:53:35	Aquiring menu for AG005 Auth: Agent
14:53:35	Selected Debug Quick Login Feature for Nick
14:53:35	Logging in...
14:53:35	Submitted from DEBUG Window
14:53:35	User: AG005 Password: 61q6g1q
14:53:35	Attempting login using AG005/61q6g1q
14:53:35	Agent logged in
14:53:35	Initiating main UI
14:53:35	Aquiring menu for AG005 Auth: Agent
14:53:36	Logging out..
14:53:36	Successfully logged out
14:53:36	Activating login screen
