=================  iMuzaMusic v1.0 - Mon Feb 20 00:23:57 IST 2017 ==================
00:23:57	Attempting connection to MS Access DB
00:23:57	DB File: C:\Users\nisan\Documents\Git\HandsInAirLatest\sources\MM_DB.accdb
00:23:59	Successfully connected to MS Access DB.
00:23:59	Opening Login Window through iWindow
00:23:59	Submitted
00:23:59	User: AG001 Password: asf230g2
00:23:59	Attempting login using AG001/asf230g2
00:23:59	Agent logged in
00:23:59	Initiating main UI
00:24:02	Removing Barbarosa from favorited list
00:24:02	Removing Ha Beer from favorited list
00:24:02	Removing Sleek from favorited list
00:24:02	Removing OpenHouse from favorited list
00:24:02	Found 4 favorited locations
00:24:08	Sending UPDATE Query: INSERT INTO AgentPreferLocation (AgentID, LocationID) values ("AG001","LC002")
00:24:08	Removing Barbarosa from favorited list
00:24:08	Removing Rotshild from favorited list
00:24:08	Removing Ha Beer from favorited list
00:24:08	Removing Sleek from favorited list
00:24:08	Removing OpenHouse from favorited list
00:24:08	Found 5 favorited locations
