=================  iMuzaMusic v1.0 - Tue Feb 28 17:06:32 IST 2017 ==================
17:06:32	Attempting connection to MS Access DB
17:06:32	DB File: C:\Users\nisan\Documents\Git\HandsInAirLatest\sources\MM_DB.accdb
17:06:33	Successfully connected to MS Access DB.
17:06:33	Opening Login Window through iWindow
17:06:33	Submitted
17:06:33	User: CU0123 Password: eg2j0g
17:06:33	Attempting login using CU0123/eg2j0g
17:06:33	test
17:06:33	Customer logged in
17:06:33	Initiating main UI
17:06:33	Aquiring menu for CU0123 Auth: Customer
17:06:34	Creating birthday card for customer: Rafi
17:06:34	Added signarture file of artist AR002
17:06:34	Added signarture file of artist AR004
17:06:34	Added signarture file of artist AR231
17:06:34	Added signarture file of artist AR235
17:07:08	Added show to ShowList (PF009 Rihanna)
17:07:08	Added show to ShowList (PF006 Rihanna)
17:07:09	Artist FB: #https://www.facebook.com/justin.bib#
17:07:09	Artist FB: #https://www.facebook.com/shawnm#
17:07:09	Artist FB: #https://www.facebook.com/rihanna#
17:07:09	Artist FB: #https://www.facebook.com/sia#
17:07:09	Artist FB: #https://www.facebook.com/pita#
17:07:09	Artist FB: #https://www.facebook.com/drake#
17:07:09	Artist FB: facebook.com/url
17:07:09	Artist FB: facebook.com
17:07:09	Artist FB: facebook.com
17:07:09	Artist FB: facebook.com
17:07:09	Artist FB: facebook.com
17:07:09	Artist FB: facebook.com/last.aspx
17:07:09	Artist FB: facebook.com
17:07:09	Artist FB: facebook.com
17:07:09	Artist FB: facebook.com
17:07:09	Artist FB: facebook.com
17:07:09	Artist FB: asdfacebook.com
17:07:09	Removing Justin Bieber from favorited list
17:07:09	Removing Rihanna from favorited list
17:07:09	Removing Drake from favorited list
17:07:09	Removing nis from favorited list
17:07:09	Found 4 favorited artists
17:07:17	Sending UPDATE Query: INSERT INTO CustomerAdmires (ClientID, ArtistID) values ("CU0123","AR237")
17:07:17	Artist FB: #https://www.facebook.com/justin.bib#
17:07:17	Artist FB: #https://www.facebook.com/shawnm#
17:07:17	Artist FB: #https://www.facebook.com/rihanna#
17:07:17	Artist FB: #https://www.facebook.com/sia#
17:07:17	Artist FB: #https://www.facebook.com/pita#
17:07:17	Artist FB: #https://www.facebook.com/drake#
17:07:17	Artist FB: facebook.com/url
17:07:17	Artist FB: facebook.com
17:07:17	Artist FB: facebook.com
17:07:17	Artist FB: facebook.com
17:07:17	Artist FB: facebook.com
17:07:17	Artist FB: facebook.com/last.aspx
17:07:17	Artist FB: facebook.com
17:07:17	Artist FB: facebook.com
17:07:17	Artist FB: facebook.com
17:07:17	Artist FB: facebook.com
17:07:17	Artist FB: asdfacebook.com
17:07:17	Removing Justin Bieber from favorited list
17:07:17	Removing Rihanna from favorited list
17:07:17	Removing Drake from favorited list
17:07:17	Removing nis from favorited list
17:07:17	Removing Last from favorited list
17:07:17	Found 5 favorited artists
17:07:19	Artist FB: #https://www.facebook.com/justin.bib#
17:07:19	Artist FB: #https://www.facebook.com/shawnm#
17:07:19	Artist FB: #https://www.facebook.com/rihanna#
17:07:19	Artist FB: #https://www.facebook.com/sia#
17:07:19	Artist FB: #https://www.facebook.com/pita#
17:07:19	Artist FB: #https://www.facebook.com/drake#
17:07:19	Artist FB: facebook.com/url
17:07:19	Artist FB: facebook.com
17:07:19	Artist FB: facebook.com
17:07:19	Artist FB: facebook.com
17:07:19	Artist FB: facebook.com
17:07:19	Artist FB: facebook.com/last.aspx
17:07:19	Artist FB: facebook.com
17:07:19	Artist FB: facebook.com
17:07:19	Artist FB: facebook.com
17:07:19	Artist FB: facebook.com
17:07:19	Artist FB: asdfacebook.com
17:07:19	Removing Justin Bieber from favorited list
17:07:19	Removing Rihanna from favorited list
17:07:19	Removing Drake from favorited list
17:07:19	Removing nis from favorited list
17:07:19	Removing Last from favorited list
17:07:19	Found 5 favorited artists
17:07:21	Creating birthday card for customer: Rafi
17:07:21	Added signarture file of artist AR002
17:07:21	Added signarture file of artist AR004
17:07:21	Added signarture file of artist AR231
17:07:21	Added signarture file of artist AR235
17:07:21	Added signarture file of artist AR237
17:07:22	Artist FB: #https://www.facebook.com/justin.bib#
17:07:22	Artist FB: #https://www.facebook.com/shawnm#
17:07:22	Artist FB: #https://www.facebook.com/rihanna#
17:07:22	Artist FB: #https://www.facebook.com/sia#
17:07:22	Artist FB: #https://www.facebook.com/pita#
17:07:22	Artist FB: #https://www.facebook.com/drake#
17:07:22	Artist FB: facebook.com/url
17:07:22	Artist FB: facebook.com
17:07:22	Artist FB: facebook.com
17:07:22	Artist FB: facebook.com
17:07:22	Artist FB: facebook.com
17:07:22	Artist FB: facebook.com/last.aspx
17:07:22	Artist FB: facebook.com
17:07:22	Artist FB: facebook.com
17:07:22	Artist FB: facebook.com
17:07:22	Artist FB: facebook.com
17:07:22	Artist FB: asdfacebook.com
17:07:22	Removing Justin Bieber from favorited list
17:07:22	Removing Rihanna from favorited list
17:07:22	Removing Drake from favorited list
17:07:22	Removing nis from favorited list
17:07:22	Removing Last from favorited list
17:07:22	Found 5 favorited artists
17:07:26	Creating birthday card for customer: Rafi
17:07:26	Added signarture file of artist AR002
17:07:26	Added signarture file of artist AR004
17:07:26	Added signarture file of artist AR231
17:07:26	Added signarture file of artist AR235
17:07:26	Added signarture file of artist AR237
17:07:29	Exit command identified
17:07:29	Exporting XML for iRecord
17:07:29	Aquiring stream result
17:07:29	Transforming result
17:07:29	Successfully exported HIA-Artist-Data.xml file for iRecord System.
17:07:29	Aquiring stream result
17:07:29	Transforming result
17:07:29	Successfully exported HIA-Artist-Sessions.xml file for iRecord System.
17:07:29	Quitting MuzaMusic
