=================  iMuzaMusic v1.0 - Thu Feb 23 14:51:54 IST 2017 ==================
14:51:54	Attempting connection to MS Access DB
14:51:54	DB File: C:\Users\nisan\Documents\Git\HandsInAirLatest\sources\MM_DB.accdb
14:51:56	Successfully connected to MS Access DB.
14:51:56	Opening Login Window through iWindow
14:51:56	Submitted
14:51:56	User: LR001 Password: 2ef92hf
14:51:56	Attempting login using LR001/2ef92hf
14:51:56	Location Represantative logged in
14:51:56	Initiating main UI
14:51:56	Aquiring menu for LR001 Auth: Location Representative
14:52:03	Added show to ShowList (PF018 Shawn Mendes)
14:52:03	Added show to ShowList (PF017 Justin Bieber)
14:52:03	Added show to ShowList (PF019 Shawn Mendes)
14:52:04	Refreshing show info (PF018)
14:52:04	Starting to refresh show details..
14:52:04	TEXT BEFORE: 
14:52:04	TEXT AFTER: None
14:52:05	Refreshing show info (PF019)
14:52:05	Starting to refresh show details..
14:52:05	TEXT BEFORE: 
14:52:05	TEXT AFTER: None
14:52:07	Opening URL: https://www.google.co.il/maps/place/%25D7%25A9%25D7%2593%25D7%25A8%25D7%2595%25D7%25AA+%25D7%2590%25D7%2597%2522%25D7%2599+%25D7%2590%25D7%2599%25D7%259C%25D7%25AA+69,+%25D7%2597%25D7%2599%25D7%25A4%25D7%2594%25E2%2580%25AD/@32.8179253,35.0786693,17z/data=!3m1!4b1!4m5!3m4!1s0x151db72e956c7c69:0xf90b87f3d721c14d!8m2!3d32.8179253!4d35.0764806 OK!
14:52:10	Refreshing show info (PF017)
14:52:10	Starting to refresh show details..
14:52:10	TEXT BEFORE: 
14:52:10	TEXT AFTER: None
