=================  iMuzaMusic v1.0 - Wed Feb 22 03:01:56 IST 2017 ==================
03:01:56	Attempting connection to MS Access DB
03:01:56	DB File: C:\Users\nisan\Documents\Git\HandsInAirLatest\sources\MM_DB.accdb
03:01:57	Successfully connected to MS Access DB.
03:01:57	Opening Login Window through iWindow
03:01:57	Submitted
03:01:57	User: LR001 Password: 2ef92hf
03:01:57	Attempting login using LR001/2ef92hf
03:01:57	Location Represantative logged in
03:01:57	Initiating main UI
03:01:59	Added show to ShowList (PF045 Justin Bieber)
03:01:59	Added show to ShowList (PF018 Shawn Mendes)
03:01:59	Added show to ShowList (PF017 Justin Bieber)
03:01:59	Added show to ShowList (PF019 Shawn Mendes)
03:01:59	Refreshing show info (PF018)
03:01:59	Starting to refresh show details..
03:01:59	TEXT BEFORE: 
03:02:00	Refreshing show info (PF045)
03:02:00	Starting to refresh show details..
03:02:00	TEXT BEFORE: Shawn Mendes, Rihanna, Sia, 
03:02:00	TEXT AFTER: Shawn Mendes, Rihanna, Sia.
03:02:01	Refreshing show info (PF017)
03:02:01	Starting to refresh show details..
03:02:01	TEXT BEFORE: 
03:02:01	Refreshing show info (PF019)
03:02:01	Starting to refresh show details..
03:02:01	TEXT BEFORE: 
