=================  iMuzaMusic v1.0 - Sun Feb 26 14:09:49 IST 2017 ==================
14:09:50	Attempting connection to MS Access DB
14:09:50	DB File: C:\Users\Administrator\Documents\NetBeansProjects2\HandsInAir\sources\MM_DB.accdb
14:09:52	Successfully connected to MS Access DB.
14:09:52	Opening Login Window through iWindow
14:09:52	Submitted
14:09:52	User: CU0123 Password: eg2j0g
14:09:52	Attempting login using CU0123/eg2j0g
14:09:53	test
14:09:53	Customer logged in
14:09:53	Initiating main UI
14:09:53	Aquiring menu for CU0123 Auth: Customer
14:09:53	Exit command identified
14:09:53	Exporting XML for iRecord
14:09:54	Column: ArtistID
14:09:54	Data Type: VARCHAR
14:09:54	Column: strStageName
14:09:54	Data Type: VARCHAR
14:09:54	Column: strShortBio
14:09:54	Data Type: VARCHAR
14:09:54	Column: strEmailAddr
14:09:54	Data Type: VARCHAR
14:09:54	Column: strFaceBook
14:09:54	Data Type: VARCHAR
14:09:54	Column: AgentID
14:09:54	Data Type: VARCHAR
14:09:54	Column: iStatus
14:09:54	Data Type: VARCHAR
14:09:54	Column: sig
14:09:54	Data Type: VARCHAR
