=================  iMuzaMusic v1.0 - Tue Feb 28 16:30:43 IST 2017 ==================
16:30:43	Attempting connection to MS Access DB
16:30:43	DB File: C:\Users\nisan\Documents\Git\HandsInAirLatest\sources\MM_DB.accdb
16:30:44	Successfully connected to MS Access DB.
16:30:45	Opening Login Window through iWindow
16:30:49	Selected Debug Quick Login Feature for Nick
16:30:49	Logging in...
16:30:49	Submitted from DEBUG Window
16:30:49	User: AG005 Password: 61q6g1q
16:30:49	Attempting login using AG005/61q6g1q
16:30:49	Agent logged in
16:30:49	Initiating main UI
16:30:49	Aquiring menu for AG005 Auth: Agent
16:30:49	Selected Debug Quick Login Feature for Nick
16:30:49	Logging in...
16:30:49	Submitted from DEBUG Window
16:30:49	User: AG005 Password: 61q6g1q
16:30:49	Attempting login using AG005/61q6g1q
16:30:49	Agent logged in
16:30:49	Initiating main UI
16:30:49	Aquiring menu for AG005 Auth: Agent
16:30:51	Logging out Hands In Air
16:30:56	Selected Debug Quick Login Feature for Nisan
16:30:56	Logging in...
16:30:56	Submitted from DEBUG Window
16:30:56	User: CU012 Password: eog32g34
16:30:56	Attempting login using CU012/eog32g34
16:30:56	test
16:30:56	Customer logged in
16:30:56	Initiating main UI
16:30:56	Aquiring menu for CU012 Auth: Customer
16:30:56	Selected Debug Quick Login Feature for Nisan
16:30:56	Logging in...
16:30:56	Submitted from DEBUG Window
16:30:56	User: CU012 Password: eog32g34
16:30:56	Attempting login using CU012/eog32g34
16:30:56	test
16:30:56	Customer logged in
16:30:56	Initiating main UI
16:30:56	Aquiring menu for CU012 Auth: Customer
