=================  iMuzaMusic v1.0 - Sun Feb 26 18:33:52 IST 2017 ==================
18:33:52	Attempting connection to MS Access DB
18:33:52	DB File: C:\Users\nisan\Documents\Git\HandsInAirLatest\sources\MM_DB.accdb
18:33:53	Successfully connected to MS Access DB.
18:33:53	Opening Login Window through iWindow
18:33:53	Submitted
18:33:53	User: RE001 Password: admin
18:33:53	Attempting login using RE001/admin
18:33:54	Artist logged in
18:33:54	Initiating main UI
18:33:54	Aquiring menu for RE001 Auth: Representative
18:33:56	Getting Next ID for Customer
18:33:56	Current last ID is: CU1111
18:33:56	Returning next ID for Customer - CU1112
18:33:59	Getting Next ID for Customer
18:33:59	Current last ID is: CU1111
18:33:59	Returning next ID for Customer - CU1112
18:34:05	Getting Next ID for Agent
18:34:05	Current last ID is: AG007
18:34:05	Returning next ID for Agent - AG008
18:34:11	Exit command identified
18:34:11	Exporting XML for iRecord
18:34:11	Column: ArtistID
18:34:11	Data Type: 12
18:34:11	Column: strStageName
18:34:11	Data Type: 12
18:34:11	Column: strShortBio
18:34:11	Data Type: 12
18:34:11	Column: strEmailAddr
18:34:11	Data Type: 12
18:34:11	Column: strFaceBook
18:34:11	Data Type: 12
18:34:11	Column: AgentID
18:34:11	Data Type: 12
18:34:11	Column: iStatus
18:34:11	Data Type: 12
18:34:11	Column: sig
18:34:11	Data Type: 12
18:34:11	Column: ArtistID
18:34:11	Data Type: 12
18:34:11	Column: strStageName
18:34:11	Data Type: 12
18:34:11	Column: strShortBio
18:34:11	Data Type: 12
18:34:11	Column: strEmailAddr
18:34:11	Data Type: 12
18:34:11	Column: strFaceBook
18:34:11	Data Type: 12
18:34:11	Column: AgentID
18:34:11	Data Type: 12
18:34:11	Column: iStatus
18:34:11	Data Type: 12
18:34:11	Column: sig
18:34:11	Data Type: 12
18:34:11	Column: ArtistID
18:34:11	Data Type: 12
18:34:11	Column: strStageName
18:34:11	Data Type: 12
18:34:11	Column: strShortBio
18:34:11	Data Type: 12
18:34:11	Column: strEmailAddr
18:34:11	Data Type: 12
18:34:11	Column: strFaceBook
18:34:11	Data Type: 12
18:34:11	Column: AgentID
18:34:11	Data Type: 12
18:34:11	Column: iStatus
18:34:11	Data Type: 12
18:34:11	Column: sig
18:34:11	Data Type: 12
18:34:11	Column: ArtistID
18:34:11	Data Type: 12
18:34:11	Column: strStageName
18:34:11	Data Type: 12
18:34:11	Column: strShortBio
18:34:11	Data Type: 12
18:34:11	Column: strEmailAddr
18:34:11	Data Type: 12
18:34:11	Column: strFaceBook
18:34:11	Data Type: 12
18:34:11	Column: AgentID
18:34:11	Data Type: 12
18:34:11	Column: iStatus
18:34:11	Data Type: 12
18:34:11	Column: sig
18:34:11	Data Type: 12
18:34:11	Column: ArtistID
18:34:11	Data Type: 12
18:34:11	Column: strStageName
18:34:11	Data Type: 12
18:34:11	Column: strShortBio
18:34:11	Data Type: 12
18:34:11	Column: strEmailAddr
18:34:11	Data Type: 12
18:34:11	Column: strFaceBook
18:34:11	Data Type: 12
18:34:11	Column: AgentID
18:34:11	Data Type: 12
18:34:11	Column: iStatus
18:34:11	Data Type: 12
18:34:11	Column: sig
18:34:11	Data Type: 12
18:34:11	Column: ArtistID
18:34:11	Data Type: 12
18:34:11	Column: strStageName
18:34:11	Data Type: 12
18:34:11	Column: strShortBio
18:34:11	Data Type: 12
18:34:11	Column: strEmailAddr
18:34:11	Data Type: 12
18:34:11	Column: strFaceBook
18:34:11	Data Type: 12
18:34:11	Column: AgentID
18:34:11	Data Type: 12
18:34:11	Column: iStatus
18:34:11	Data Type: 12
18:34:11	Column: sig
18:34:11	Data Type: 12
18:34:11	Column: ArtistID
18:34:11	Data Type: 12
18:34:11	Column: strStageName
18:34:11	Data Type: 12
18:34:11	Column: strShortBio
18:34:11	Data Type: 12
18:34:11	Column: strEmailAddr
18:34:11	Data Type: 12
18:34:11	Column: strFaceBook
18:34:11	Data Type: 12
18:34:11	Column: AgentID
18:34:11	Data Type: 12
18:34:11	Column: iStatus
18:34:11	Data Type: 12
18:34:11	Column: sig
18:34:11	Data Type: 12
18:34:11	Column: ArtistID
18:34:11	Data Type: 12
18:34:11	Column: strStageName
18:34:11	Data Type: 12
18:34:11	Column: strShortBio
18:34:11	Data Type: 12
18:34:11	Column: strEmailAddr
18:34:11	Data Type: 12
18:34:11	Column: strFaceBook
18:34:11	Data Type: 12
18:34:11	Column: AgentID
18:34:11	Data Type: 12
18:34:11	Column: iStatus
18:34:11	Data Type: 12
18:34:11	Column: sig
18:34:11	Data Type: 12
18:34:11	Column: ArtistID
18:34:11	Data Type: 12
18:34:11	Column: strStageName
18:34:11	Data Type: 12
18:34:11	Column: strShortBio
18:34:11	Data Type: 12
18:34:11	Column: strEmailAddr
18:34:11	Data Type: 12
18:34:11	Column: strFaceBook
18:34:11	Data Type: 12
18:34:11	Column: AgentID
18:34:11	Data Type: 12
18:34:11	Column: iStatus
18:34:11	Data Type: 12
18:34:11	Column: sig
18:34:11	Data Type: 12
18:34:11	Column: ArtistID
18:34:11	Data Type: 12
18:34:11	Column: strStageName
18:34:11	Data Type: 12
18:34:11	Column: strShortBio
18:34:11	Data Type: 12
18:34:11	Column: strEmailAddr
18:34:11	Data Type: 12
18:34:11	Column: strFaceBook
18:34:11	Data Type: 12
18:34:11	Column: AgentID
18:34:11	Data Type: 12
18:34:11	Column: iStatus
18:34:11	Data Type: 12
18:34:11	Column: sig
18:34:11	Data Type: 12
18:34:11	Column: ArtistID
18:34:11	Data Type: 12
18:34:11	Column: strStageName
18:34:11	Data Type: 12
18:34:11	Column: strShortBio
18:34:11	Data Type: 12
18:34:11	Column: strEmailAddr
18:34:11	Data Type: 12
18:34:11	Column: strFaceBook
18:34:11	Data Type: 12
18:34:11	Column: AgentID
18:34:11	Data Type: 12
18:34:11	Column: iStatus
18:34:11	Data Type: 12
18:34:11	Column: sig
18:34:11	Data Type: 12
18:34:11	Column: ArtistID
18:34:11	Data Type: 12
18:34:11	Column: strStageName
18:34:11	Data Type: 12
18:34:11	Column: strShortBio
18:34:11	Data Type: 12
18:34:11	Column: strEmailAddr
18:34:11	Data Type: 12
18:34:11	Column: strFaceBook
18:34:11	Data Type: 12
18:34:11	Column: AgentID
18:34:11	Data Type: 12
18:34:11	Column: iStatus
18:34:11	Data Type: 12
18:34:11	Column: sig
18:34:11	Data Type: 12
18:34:11	Column: ArtistID
18:34:11	Data Type: 12
18:34:11	Column: strStageName
18:34:11	Data Type: 12
18:34:11	Column: strShortBio
18:34:11	Data Type: 12
18:34:11	Column: strEmailAddr
18:34:11	Data Type: 12
18:34:11	Column: strFaceBook
18:34:11	Data Type: 12
18:34:11	Column: AgentID
18:34:11	Data Type: 12
18:34:11	Column: iStatus
18:34:11	Data Type: 12
18:34:11	Column: sig
18:34:11	Data Type: 12
18:34:11	Column: ArtistID
18:34:11	Data Type: 12
18:34:11	Column: strStageName
18:34:11	Data Type: 12
18:34:11	Column: strShortBio
18:34:11	Data Type: 12
18:34:11	Column: strEmailAddr
18:34:11	Data Type: 12
18:34:11	Column: strFaceBook
18:34:11	Data Type: 12
18:34:11	Column: AgentID
18:34:11	Data Type: 12
18:34:11	Column: iStatus
18:34:11	Data Type: 12
18:34:11	Column: sig
18:34:11	Data Type: 12
18:34:11	Aquiring stream result
18:34:11	Transforming result
18:34:11	Successfully exported HIA-Artist-Data.xml file for iRecord System.
18:34:11	Aquiring stream result
18:34:11	Transforming result
18:34:11	Successfully exported HIA-Artist-Sessions.xml file for iRecord System.
18:34:11	Quitting MuzaMusic
