=================  iMuzaMusic v1.0 - Sun Feb 26 18:27:11 IST 2017 ==================
18:27:11	Attempting connection to MS Access DB
18:27:11	DB File: C:\Users\nisan\Documents\Git\HandsInAirLatest\sources\MM_DB.accdb
18:27:12	Successfully connected to MS Access DB.
18:27:12	Opening Login Window through iWindow
18:27:12	Submitted
18:27:12	User: RE001 Password: admin
18:27:12	Attempting login using RE001/admin
18:27:12	Artist logged in
18:27:12	Initiating main UI
18:27:12	Aquiring menu for RE001 Auth: Representative
18:27:13	DF: 2/26/2017 06:27:13 PM
18:27:13	TS: 2017-02-26 18:27:13.413 TST: 1488126433413 dd: 2017-02-26 ddt: 1488126433413
18:27:13	Pulling data for Max_Allowed_Showtime
18:27:13	Executing Query: SELECT TOP 1 GlobalSettings.Key, GlobalSettings.Value
FROM GlobalSettings
GROUP BY GlobalSettings.Key, GlobalSettings.Value
HAVING (((GlobalSettings.Key) In ("Max_Allowed_Showtime")) AND (LAST(GlobalSettings.dateUpdated<=#2/26/2017 06:27:13 PM#)))
ORDER BY Last(GlobalSettings.dateUpdated) DESC
18:27:13	Pulling data for Location_Commission
18:27:13	Executing Query: SELECT TOP 1 GlobalSettings.Key, GlobalSettings.Value
FROM GlobalSettings
GROUP BY GlobalSettings.Key, GlobalSettings.Value
HAVING (((GlobalSettings.Key) In ("Location_Commission")) AND (LAST(GlobalSettings.dateUpdated<=#2/26/2017 06:27:13 PM#)))
ORDER BY Last(GlobalSettings.dateUpdated) DESC
18:27:13	Pulling data for Show_Approval_Timeout
18:27:13	Executing Query: SELECT TOP 1 GlobalSettings.Key, GlobalSettings.Value
FROM GlobalSettings
GROUP BY GlobalSettings.Key, GlobalSettings.Value
HAVING (((GlobalSettings.Key) In ("Show_Approval_Timeout")) AND (LAST(GlobalSettings.dateUpdated<=#2/26/2017 06:27:13 PM#)))
ORDER BY Last(GlobalSettings.dateUpdated) DESC
18:27:13	Pulling data for Show_Addon_Commission
18:27:13	Executing Query: SELECT TOP 1 GlobalSettings.Key, GlobalSettings.Value
FROM GlobalSettings
GROUP BY GlobalSettings.Key, GlobalSettings.Value
HAVING (((GlobalSettings.Key) In ("Show_Addon_Commission")) AND (LAST(GlobalSettings.dateUpdated<=#2/26/2017 06:27:13 PM#)))
ORDER BY Last(GlobalSettings.dateUpdated) DESC
18:27:13	Pulling data for Artist_Commission
18:27:13	Executing Query: SELECT TOP 1 GlobalSettings.Key, GlobalSettings.Value
FROM GlobalSettings
GROUP BY GlobalSettings.Key, GlobalSettings.Value
HAVING (((GlobalSettings.Key) In ("Artist_Commission")) AND (LAST(GlobalSettings.dateUpdated<=#2/26/2017 06:27:13 PM#)))
ORDER BY Last(GlobalSettings.dateUpdated) DESC
18:27:13	Pulling data for Birthday_Card
18:27:13	Executing Query: SELECT TOP 1 GlobalSettings.Key, GlobalSettings.Value
FROM GlobalSettings
GROUP BY GlobalSettings.Key, GlobalSettings.Value
HAVING (((GlobalSettings.Key) In ("Birthday_Card")) AND (LAST(GlobalSettings.dateUpdated<=#2/26/2017 06:27:13 PM#)))
ORDER BY Last(GlobalSettings.dateUpdated) DESC
18:27:13	Pulling data for Max_Addon_Commission
18:27:13	Executing Query: SELECT TOP 1 GlobalSettings.Key, GlobalSettings.Value
FROM GlobalSettings
GROUP BY GlobalSettings.Key, GlobalSettings.Value
HAVING (((GlobalSettings.Key) In ("Max_Addon_Commission")) AND (LAST(GlobalSettings.dateUpdated<=#2/26/2017 06:27:13 PM#)))
ORDER BY Last(GlobalSettings.dateUpdated) DESC
18:27:13	Pulling data for Presale_Discount
18:27:13	Executing Query: SELECT TOP 1 GlobalSettings.Key, GlobalSettings.Value
FROM GlobalSettings
GROUP BY GlobalSettings.Key, GlobalSettings.Value
HAVING (((GlobalSettings.Key) In ("Presale_Discount")) AND (LAST(GlobalSettings.dateUpdated<=#2/26/2017 06:27:13 PM#)))
ORDER BY Last(GlobalSettings.dateUpdated) DESC
18:27:13	Pulling data for Regular_Tickets_Sale
18:27:13	Executing Query: SELECT TOP 1 GlobalSettings.Key, GlobalSettings.Value
FROM GlobalSettings
GROUP BY GlobalSettings.Key, GlobalSettings.Value
HAVING (((GlobalSettings.Key) In ("Regular_Tickets_Sale")) AND (LAST(GlobalSettings.dateUpdated<=#2/26/2017 06:27:13 PM#)))
ORDER BY Last(GlobalSettings.dateUpdated) DESC
18:27:13	Pulling data for Max_Presale_Tickets
18:27:13	Executing Query: SELECT TOP 1 GlobalSettings.Key, GlobalSettings.Value
FROM GlobalSettings
GROUP BY GlobalSettings.Key, GlobalSettings.Value
HAVING (((GlobalSettings.Key) In ("Max_Presale_Tickets")) AND (LAST(GlobalSettings.dateUpdated<=#2/26/2017 06:27:13 PM#)))
ORDER BY Last(GlobalSettings.dateUpdated) DESC
18:27:13	Pulling data for Minimum_Days_Before_Presale
18:27:13	Executing Query: SELECT TOP 1 GlobalSettings.Key, GlobalSettings.Value
FROM GlobalSettings
GROUP BY GlobalSettings.Key, GlobalSettings.Value
HAVING (((GlobalSettings.Key) In ("Minimum_Days_Before_Presale")) AND (LAST(GlobalSettings.dateUpdated<=#2/26/2017 06:27:13 PM#)))
ORDER BY Last(GlobalSettings.dateUpdated) DESC
18:27:13	Max_Allowed_Showtime: 
18:27:13	Location_Commission: 
18:27:13	Show_Approval_Timeout: 
18:27:13	Show_Addon_Commission: 
18:27:13	Artist_Commission: 
18:27:13	Birthday_Card: 
18:27:13	Max_Addon_Commission: 
18:27:13	Presale_Discount: 
18:27:13	Regular_Tickets_Sale: 
18:27:13	Max_Presale_Tickets: 
18:27:13	Minimum_Days_Before_Presale: 
