=================  iMuzaMusic v1.0 - Wed Feb 22 01:58:16 IST 2017 ==================
01:58:16	Attempting connection to MS Access DB
01:58:16	DB File: C:\Users\Administrator\Documents\NetBeansProjects2\HandsInAir\sources\MM_DB.accdb
01:58:19	Successfully connected to MS Access DB.
01:58:19	Opening Login Window through iWindow
01:58:19	Submitted
01:58:19	User: LR001 Password: 2ef92hf
01:58:19	Attempting login using LR001/2ef92hf
01:58:19	Location Represantative logged in
01:58:19	Initiating main UI
01:58:20	Added show to ShowList (PF045 Justin Bieber)
01:58:20	Added show to ShowList (PF018 Shawn Mendes)
01:58:20	Added show to ShowList (PF017 Justin Bieber)
01:58:20	Added show to ShowList (PF019 Shawn Mendes)
01:58:21	Refreshing show info (PF018)
01:58:21	Starting to refresh show details..
01:58:22	Refreshing show info (PF017)
01:58:22	Starting to refresh show details..
01:58:22	Refreshing show info (PF019)
01:58:22	Starting to refresh show details..
01:58:22	Refreshing show info (PF018)
01:58:22	Starting to refresh show details..
01:58:24	Refreshing show info (PF045)
01:58:24	Starting to refresh show details..
01:58:25	Refreshing show info (PF017)
01:58:25	Starting to refresh show details..
01:58:25	Refreshing show info (PF018)
01:58:25	Starting to refresh show details..
01:58:26	Refreshing show info (PF045)
01:58:26	Starting to refresh show details..
01:58:28	Refreshing show info (PF019)
01:58:28	Starting to refresh show details..
01:58:28	Refreshing show info (PF017)
01:58:28	Starting to refresh show details..
01:58:29	Refreshing show info (PF018)
01:58:29	Starting to refresh show details..
01:58:29	Refreshing show info (PF045)
01:58:29	Starting to refresh show details..
01:58:30	Refreshing show info (PF018)
01:58:30	Starting to refresh show details..
01:58:30	Refreshing show info (PF017)
01:58:30	Starting to refresh show details..
01:58:30	Refreshing show info (PF019)
01:58:30	Starting to refresh show details..
01:58:31	Refreshing show info (PF018)
01:58:31	Starting to refresh show details..
01:58:32	Refreshing show info (PF045)
01:58:32	Starting to refresh show details..
01:58:35	Quitting MuzaMusic
