=================  iMuzaMusic v1.0 - Sun Feb 19 21:25:44 IST 2017 ==================
21:25:44	Attempting connection to MS Access DB
21:25:44	DB File: C:\Users\nisan\Documents\Git\HandsInAirLatest\sources\MM_DB.accdb
21:25:46	Successfully connected to MS Access DB.
21:25:46	Opening Login Window through iWindow
21:25:46	Submitted
21:25:46	User: AG001 Password: asf230g2
21:25:46	Attempting login using AG001/asf230g2
21:25:46	Agent logged in
21:25:46	Initiating main UI
21:25:49	PF005 Sia Barbarosa 2016-12-29
21:25:49	PF045 Justin Bieber Barbarosa 2017-02-23
21:25:49	PF051 Justin Bieber Barbarosa 2017-02-07
21:25:49	PF001 Drake Rotshild 2016-12-29
21:25:49	PF050 Justin Bieber Rotshild 2017-02-28
21:25:51	Sending UPDATE Query: update ShowsToArtists set Status=2 where ShowID="PF005" AND ArtistID="AR003"
21:25:51	Update Attendance: ArtistID: AR003 ShowID: PF005 Status: true
21:25:51	PF045 Justin Bieber Barbarosa 2017-02-23
21:25:51	PF051 Justin Bieber Barbarosa 2017-02-07
21:25:51	PF001 Drake Rotshild 2016-12-29
21:25:51	PF050 Justin Bieber Rotshild 2017-02-28
21:25:53	Sending UPDATE Query: update ShowsToArtists set Status=2 where ShowID="PF045" AND ArtistID="AR003"
21:25:53	Update Attendance: ArtistID: AR003 ShowID: PF045 Status: true
21:25:53	Sending UPDATE Query: update ShowsToArtists set Status=2 where ShowID="PF051" AND ArtistID="AR003"
21:25:53	Update Attendance: ArtistID: AR003 ShowID: PF051 Status: true
21:25:53	PF001 Drake Rotshild 2016-12-29
21:25:53	PF050 Justin Bieber Rotshild 2017-02-28
21:25:54	PF001 Drake Rotshild 2016-12-29
21:25:54	PF050 Justin Bieber Rotshild 2017-02-28
21:25:55	PF001 Drake Rotshild 2016-12-29
21:25:55	PF050 Justin Bieber Rotshild 2017-02-28
21:25:56	Sending UPDATE Query: update ShowsToArtists set Status=2 where ShowID="PF001" AND ArtistID="AR003"
21:25:56	Update Attendance: ArtistID: AR003 ShowID: PF001 Status: true
21:25:56	PF050 Justin Bieber Rotshild 2017-02-28
21:25:57	Sending UPDATE Query: update ShowsToArtists set Status=2 where ShowID="PF050" AND ArtistID="AR003"
21:25:57	Update Attendance: ArtistID: AR003 ShowID: PF050 Status: true
21:26:00	Quitting MuzaMusic
