=================  iMuzaMusic v1.0 - Tue Feb 28 18:05:34 IST 2017 ==================
18:05:34	Attempting connection to MS Access DB
18:05:34	DB File: C:\Users\nisan\Documents\Git\HandsInAirLatest\sources\MM_DB.accdb
18:05:35	Successfully connected to MS Access DB.
18:05:35	Opening Login Window through iWindow
18:05:38	Selected Debug Quick Login Feature for Gavriel
18:05:38	Logging in...
18:05:38	Submitted from DEBUG Window
18:05:38	User: CU0127 Password: g2gh2g
18:05:38	Attempting login using CU0127/g2gh2g
18:05:38	test
18:05:38	Customer logged in
18:05:38	Initiating main UI
18:05:38	Aquiring menu for CU0127 Auth: Customer
18:05:38	Selected Debug Quick Login Feature for Gavriel
18:05:38	Logging in...
18:05:38	Submitted from DEBUG Window
18:05:38	User: CU0127 Password: g2gh2g
18:05:38	Attempting login using CU0127/g2gh2g
18:05:38	test
18:05:38	Customer logged in
18:05:38	Initiating main UI
18:05:38	Aquiring menu for CU0127 Auth: Customer
18:05:39	Creating birthday card for customer: Gavriel
18:05:48	Creating birthday card for customer: Gavriel
18:06:05	Artist FB: #https://www.facebook.com/justin.bib#
18:06:05	Artist FB: #https://www.facebook.com/shawnm#
18:06:05	Artist FB: #https://www.facebook.com/rihanna#
18:06:05	Artist FB: #https://www.facebook.com/sia#
18:06:05	Artist FB: #https://www.facebook.com/pita#
18:06:05	Artist FB: #https://www.facebook.com/drake#
18:06:05	Artist FB: facebook.com
18:06:05	Found 0 favorited artists
18:06:08	Sending UPDATE Query: INSERT INTO CustomerAdmires (ClientID, ArtistID) values ("CU0127","AR231")
18:06:08	Artist FB: #https://www.facebook.com/justin.bib#
18:06:08	Artist FB: #https://www.facebook.com/shawnm#
18:06:08	Artist FB: #https://www.facebook.com/rihanna#
18:06:08	Artist FB: #https://www.facebook.com/sia#
18:06:08	Artist FB: #https://www.facebook.com/pita#
18:06:08	Artist FB: #https://www.facebook.com/drake#
18:06:08	Artist FB: facebook.com
18:06:08	Removing Drake from favorited list
18:06:08	Found 1 favorited artists
18:06:09	Sending UPDATE Query: INSERT INTO CustomerAdmires (ClientID, ArtistID) values ("CU0127","AR002")
18:06:09	Artist FB: #https://www.facebook.com/justin.bib#
18:06:09	Artist FB: #https://www.facebook.com/shawnm#
18:06:09	Artist FB: #https://www.facebook.com/rihanna#
18:06:09	Artist FB: #https://www.facebook.com/sia#
18:06:09	Artist FB: #https://www.facebook.com/pita#
18:06:09	Artist FB: #https://www.facebook.com/drake#
18:06:09	Artist FB: facebook.com
18:06:09	Removing Justin Bieber from favorited list
18:06:09	Removing Drake from favorited list
18:06:09	Found 2 favorited artists
18:06:12	Sending UPDATE Query: INSERT INTO CustomerAdmires (ClientID, ArtistID) values ("CU0127","AR004")
18:06:12	Artist FB: #https://www.facebook.com/justin.bib#
18:06:12	Artist FB: #https://www.facebook.com/shawnm#
18:06:12	Artist FB: #https://www.facebook.com/rihanna#
18:06:12	Artist FB: #https://www.facebook.com/sia#
18:06:12	Artist FB: #https://www.facebook.com/pita#
18:06:12	Artist FB: #https://www.facebook.com/drake#
18:06:12	Artist FB: facebook.com
18:06:12	Removing Justin Bieber from favorited list
18:06:12	Removing Rihanna from favorited list
18:06:12	Removing Drake from favorited list
18:06:12	Found 3 favorited artists
18:06:13	Sending UPDATE Query: INSERT INTO CustomerAdmires (ClientID, ArtistID) values ("CU0127","AR232")
18:06:13	Artist FB: #https://www.facebook.com/justin.bib#
18:06:13	Artist FB: #https://www.facebook.com/shawnm#
18:06:13	Artist FB: #https://www.facebook.com/rihanna#
18:06:13	Artist FB: #https://www.facebook.com/sia#
18:06:13	Artist FB: #https://www.facebook.com/pita#
18:06:13	Artist FB: #https://www.facebook.com/drake#
18:06:13	Artist FB: facebook.com
18:06:13	Removing Justin Bieber from favorited list
18:06:13	Removing Rihanna from favorited list
18:06:13	Removing Drake from favorited list
18:06:13	Removing TestA from favorited list
18:06:13	Found 4 favorited artists
18:06:14	Sending UPDATE Query: INSERT INTO CustomerAdmires (ClientID, ArtistID) values ("CU0127","AR003")
18:06:14	Artist FB: #https://www.facebook.com/justin.bib#
18:06:14	Artist FB: #https://www.facebook.com/shawnm#
18:06:14	Artist FB: #https://www.facebook.com/rihanna#
18:06:14	Artist FB: #https://www.facebook.com/sia#
18:06:14	Artist FB: #https://www.facebook.com/pita#
18:06:14	Artist FB: #https://www.facebook.com/drake#
18:06:14	Artist FB: facebook.com
18:06:14	Removing Justin Bieber from favorited list
18:06:14	Removing Shawn Mendes from favorited list
18:06:14	Removing Rihanna from favorited list
18:06:14	Removing Drake from favorited list
18:06:14	Removing TestA from favorited list
18:06:14	Found 5 favorited artists
18:06:15	Sending UPDATE Query: INSERT INTO CustomerAdmires (ClientID, ArtistID) values ("CU0127","AR005")
18:06:15	Artist FB: #https://www.facebook.com/justin.bib#
18:06:15	Artist FB: #https://www.facebook.com/shawnm#
18:06:15	Artist FB: #https://www.facebook.com/rihanna#
18:06:15	Artist FB: #https://www.facebook.com/sia#
18:06:15	Artist FB: #https://www.facebook.com/pita#
18:06:15	Artist FB: #https://www.facebook.com/drake#
18:06:15	Artist FB: facebook.com
18:06:15	Removing Justin Bieber from favorited list
18:06:15	Removing Shawn Mendes from favorited list
18:06:15	Removing Rihanna from favorited list
18:06:15	Removing Sia from favorited list
18:06:15	Removing Drake from favorited list
18:06:15	Removing TestA from favorited list
18:06:15	Found 6 favorited artists
18:06:16	Sending UPDATE Query: INSERT INTO CustomerAdmires (ClientID, ArtistID) values ("CU0127","AR007")
18:06:16	Artist FB: #https://www.facebook.com/justin.bib#
18:06:16	Artist FB: #https://www.facebook.com/shawnm#
18:06:16	Artist FB: #https://www.facebook.com/rihanna#
18:06:16	Artist FB: #https://www.facebook.com/sia#
18:06:16	Artist FB: #https://www.facebook.com/pita#
18:06:16	Artist FB: #https://www.facebook.com/drake#
18:06:16	Artist FB: facebook.com
18:06:16	Removing Justin Bieber from favorited list
18:06:16	Removing Shawn Mendes from favorited list
18:06:16	Removing Rihanna from favorited list
18:06:16	Removing Sia from favorited list
18:06:16	Removing Pita from favorited list
18:06:16	Removing Drake from favorited list
18:06:16	Removing TestA from favorited list
18:06:16	Found 7 favorited artists
18:06:17	Creating birthday card for customer: Gavriel
18:06:17	Added signarture file of artist AR002
18:06:17	Added signarture file of artist AR003
18:06:17	Added signarture file of artist AR004
18:06:17	Added signarture file of artist AR005
18:06:17	Added signarture file of artist AR007
18:06:17	Added signarture file of artist AR231
18:06:17	Added signarture file of artist AR232
18:06:20	Exit command identified
18:06:20	Exporting XML for iRecord
18:06:20	Aquiring stream result
18:06:20	Transforming result
18:06:20	Successfully exported HIA-Artist-Data.xml file for iRecord System.
18:06:20	Aquiring stream result
18:06:20	Transforming result
18:06:20	Successfully exported HIA-Artist-Sessions.xml file for iRecord System.
18:06:20	Quitting MuzaMusic
