=================  iMuzaMusic v1.0 - Wed Feb 22 01:52:19 IST 2017 ==================
01:52:19	Attempting connection to MS Access DB
01:52:19	DB File: C:\Users\Administrator\Documents\NetBeansProjects2\HandsInAir\sources\MM_DB.accdb
01:52:22	Successfully connected to MS Access DB.
01:52:22	Opening Login Window through iWindow
01:52:22	Submitted
01:52:22	User: LR001 Password: 2ef92hf
01:52:22	Attempting login using LR001/2ef92hf
01:52:22	Location Represantative logged in
01:52:23	Initiating main UI
01:52:24	Added show to ShowList (PF045 Justin Bieber)
01:52:24	Added show to ShowList (PF018 Shawn Mendes)
01:52:24	Added show to ShowList (PF017 Justin Bieber)
01:52:24	Added show to ShowList (PF019 Shawn Mendes)
01:52:24	Refreshing show info (PF018)
01:52:24	Starting to refresh show details..
01:52:25	Refreshing show info (PF017)
01:52:25	Starting to refresh show details..
01:52:25	Refreshing show info (PF019)
01:52:25	Starting to refresh show details..
01:52:27	Refreshing show info (PF017)
01:52:27	Starting to refresh show details..
