=================  iMuzaMusic v1.0 - Tue Feb 28 13:07:14 IST 2017 ==================
13:07:14	Attempting connection to MS Access DB
13:07:14	DB File: C:\Users\nisan\Documents\Git\HandsInAirLatest\sources\MM_DB.accdb
13:07:15	Successfully connected to MS Access DB.
13:07:15	Opening Login Window through iWindow
13:07:15	Submitted
13:07:15	User: RE001 Password: admin
13:07:15	Attempting login using RE001/admin
13:07:15	Artist logged in
13:07:15	Initiating main UI
13:07:16	Aquiring menu for RE001 Auth: Representative
13:07:18	Logging out..
13:07:18	Successfully logged out
13:07:18	Submitted
13:07:18	User: RE001 Password: admin
13:07:18	Attempting login using RE001/admin
13:07:18	Artist logged in
13:07:18	Initiating main UI
13:07:18	Aquiring menu for RE001 Auth: Representative
13:07:18	Activating login screen
13:07:36	Logging out..
13:07:36	Successfully logged out
13:07:36	Submitted
13:07:36	User: RE001 Password: admin
13:07:36	Attempting login using RE001/admin
13:07:36	Artist logged in
13:07:36	Initiating main UI
13:07:36	Aquiring menu for RE001 Auth: Representative
13:07:36	Activating login screen
13:07:41	Submitted
13:07:41	User: AG003 Password: asf12gg12
13:07:41	Attempting login using AG003/asf12gg12
13:07:41	Agent logged in
13:07:41	Initiating main UI
13:07:41	Aquiring menu for AG003 Auth: Agent
13:07:44	PF007 Rihanna Rotshild 2017-02-08
13:07:44	PF009 Rihanna Sleek 2017-02-14
13:07:46	Updating show status: PF007
13:07:46	Show date: 2017-02-08
13:07:46	Show Status: Awaiting Approval
13:07:46	Artists who did not approve show yet: 2
13:07:46	Sending UPDATE Query: update ShowsToArtists set Status=2 where ShowID="PF007" AND ArtistID="AR231"
13:07:46	Update Attendance: ArtistID: AR231 ShowID: PF007 Status: true
13:07:46	Updating show status: PF009
13:07:46	Show is already approved or cancelled.
13:07:46	Sending UPDATE Query: update ShowsToArtists set Status=2 where ShowID="PF009" AND ArtistID="AR231"
13:07:46	Update Attendance: ArtistID: AR231 ShowID: PF009 Status: true
