=================  iMuzaMusic v1.0 - Wed Feb 22 18:24:51 IST 2017 ==================
18:24:51	Attempting connection to MS Access DB
18:24:51	DB File: C:\Users\nisan\Documents\Git\HandsInAirLatest\sources\MM_DB.accdb
18:24:52	Successfully connected to MS Access DB.
18:24:52	Opening Login Window through iWindow
18:24:52	Submitted
18:24:52	User: CU0123 Password: eg2j0g
18:24:52	Attempting login using CU0123/eg2j0g
18:24:52	test
18:24:52	Customer logged in
18:24:52	Initiating main UI
18:24:55	Artist FB: www.facebook.com/justinbib#http://www.facebook.com/justinbib#
18:24:55	Artist FB: www.facebook.com/Shawnm#http://www.facebook.com/Shawnm#
18:24:55	Artist FB: www.facebook.com/rihanna#http://www.facebook.com/rihanna#
18:24:55	Artist FB: www.facebook.com/sia#http://www.facebook.com/sia#
18:24:55	Artist FB: www.facebook.com/pita#http://www.facebook.com/pita#
18:24:55	Artist FB: www.facebook.com/drake#http://www.facebook.com/drake#
18:24:55	Artist FB: facebook.com/url
18:24:55	Artist FB: facebook.com
18:24:55	Artist FB: facebook.com
18:24:55	Artist FB: facebook.com
18:24:55	Artist FB: facebook.com
18:24:55	Artist FB: facebook.com/last.aspx
18:24:55	Found 0 favorited artists
