=================  iMuzaMusic v1.0 - Tue Feb 28 14:59:40 IST 2017 ==================
14:59:40	Attempting connection to MS Access DB
14:59:40	DB File: C:\Users\nisan\Documents\Git\HandsInAirLatest\sources\MM_DB.accdb
14:59:42	Successfully connected to MS Access DB.
14:59:42	Opening Login Window through iWindow
14:59:47	Selected Debug Quick Login Feature for Nick
14:59:47	Logging in...
14:59:47	Submitted from DEBUG Window
14:59:47	User: AG005 Password: 61q6g1q
14:59:47	Attempting login using AG005/61q6g1q
14:59:47	Agent logged in
14:59:47	Initiating main UI
14:59:47	Aquiring menu for AG005 Auth: Agent
14:59:47	Selected Debug Quick Login Feature for Nick
14:59:47	Logging in...
14:59:47	Submitted from DEBUG Window
14:59:47	User: AG005 Password: 61q6g1q
14:59:47	Attempting login using AG005/61q6g1q
14:59:47	Agent logged in
14:59:47	Initiating main UI
14:59:47	Aquiring menu for AG005 Auth: Agent
14:59:50	Removing Sleek from favorited list
14:59:50	Found 1 favorited locations
14:59:50	Removing Sleek from favorited list
14:59:50	Found 1 favorited locations
14:59:51	Logging out Hands In Air
14:59:52	Logging out Hands In Air
