=================  iMuzaMusic v1.0 - Tue Feb 28 15:00:25 IST 2017 ==================
15:00:25	Attempting connection to MS Access DB
15:00:25	DB File: C:\Users\nisan\Documents\Git\HandsInAirLatest\sources\MM_DB.accdb
15:00:27	Successfully connected to MS Access DB.
15:00:27	Opening Login Window through iWindow
15:00:31	Selected Debug Quick Login Feature for Nick
15:00:31	Logging in...
15:00:31	Submitted from DEBUG Window
15:00:31	User: AG005 Password: 61q6g1q
15:00:31	Attempting login using AG005/61q6g1q
15:00:31	Agent logged in
15:00:31	Initiating main UI
15:00:31	Aquiring menu for AG005 Auth: Agent
15:00:31	Selected Debug Quick Login Feature for Nick
15:00:31	Logging in...
15:00:31	Submitted from DEBUG Window
15:00:31	User: AG005 Password: 61q6g1q
15:00:31	Attempting login using AG005/61q6g1q
15:00:31	Agent logged in
15:00:31	Initiating main UI
15:00:31	Aquiring menu for AG005 Auth: Agent
15:00:32	Logging out Hands In Air
15:00:36	Submitted
15:00:36	User: RE001 Password: admin
15:00:36	Attempting login using RE001/admin
15:00:36	Artist logged in
15:00:36	Initiating main UI
15:00:36	Aquiring menu for RE001 Auth: Representative
15:00:40	Sending Report Query with Year: 2015
