=================  iMuzaMusic v1.0 - Mon Feb 20 01:34:06 IST 2017 ==================
01:34:06	Attempting connection to MS Access DB
01:34:06	DB File: C:\Users\nisan\Documents\Git\HandsInAirLatest\sources\MM_DB.accdb
01:34:07	Successfully connected to MS Access DB.
01:34:07	Opening Login Window through iWindow
01:34:11	Submitted
01:34:11	User: AG001 Password: asf230g2
01:34:11	Attempting login using AG001/asf230g2
01:34:11	Agent logged in
01:34:11	Initiating main UI
01:34:13	Logging out..
01:34:13	Successfully logged out
01:34:13	Activating login screen
01:34:14	Submitted
01:34:14	User: Username Password: Password
01:34:14	Attempting login using Username/Password
01:34:19	Submitted
01:34:19	User: admin Password: admin
01:34:19	Attempting login using admin/admin
01:34:28	Submitted
01:34:28	User: AG001 Password: asf230g2
01:34:28	Attempting login using AG001/asf230g2
01:34:28	Agent logged in
01:34:28	Initiating main UI
01:34:29	Removing Rotshild from favorited list
01:34:29	Removing Sleek from favorited list
01:34:29	Found 2 favorited locations
01:35:45	Logging out..
01:35:45	Successfully logged out
01:35:45	Activating login screen
01:35:51	Submitted
01:35:51	User: CU0123 Password: eg2j0g
01:35:51	Attempting login using CU0123/eg2j0g
01:35:52	test
01:35:52	Customer logged in
01:35:52	Initiating main UI
