=================  iMuzaMusic v1.0 - Mon Feb 27 12:25:34 IST 2017 ==================
12:25:34	Attempting connection to MS Access DB
12:25:34	DB File: C:\Users\nisan\Documents\Git\HandsInAirLatest\sources\MM_DB.accdb
12:25:35	Successfully connected to MS Access DB.
12:25:35	Opening Login Window through iWindow
12:25:36	Submitted
12:25:36	User: AG001 Password: admin
12:25:36	Attempting login using AG001/admin
12:25:36	Agent logged in
12:25:36	Initiating main UI
12:25:36	Aquiring menu for AG001 Auth: Agent
12:25:46	Removing Rotshild from favorited list
12:25:46	Removing Sleek from favorited list
12:25:46	Removing OpenHouse from favorited list
12:25:46	Found 3 favorited locations
12:25:49	Added show to ShowList (PF050 Justin Bieber)
12:25:49	Added show to ShowList (PF032 Justin Bieber)
12:25:49	Added show to ShowList (PF018 Shawn Mendes)
12:25:49	Added show to ShowList (PF017 Justin Bieber)
12:25:49	Added show to ShowList (PF019 Shawn Mendes)
12:25:49	Added show to ShowList (PF031 Justin Bieber)
12:25:49	Added show to ShowList (PF033 Justin Bieber)
12:25:49	Added show to ShowList (PF030 Justin Bieber)
12:30:26	Exit command identified
12:30:26	Exporting XML for iRecord
12:30:26	Aquiring stream result
12:30:26	Transforming result
12:30:26	Successfully exported HIA-Artist-Data.xml file for iRecord System.
12:30:26	Aquiring stream result
12:30:26	Transforming result
12:30:26	Successfully exported HIA-Artist-Sessions.xml file for iRecord System.
12:30:26	Quitting MuzaMusic
