=================  iMuzaMusic v1.0 - Wed Feb 22 01:45:47 IST 2017 ==================
01:45:47	Attempting connection to MS Access DB
01:45:47	DB File: C:\Users\Administrator\Documents\NetBeansProjects2\HandsInAir\sources\MM_DB.accdb
01:45:50	Successfully connected to MS Access DB.
01:45:50	Opening Login Window through iWindow
01:45:50	Submitted
01:45:50	User: LR001 Password: 2ef92hf
01:45:50	Attempting login using LR001/2ef92hf
01:45:50	Location Represantative logged in
01:45:50	Initiating main UI
01:45:51	Added show to ShowList (PF045 Justin Bieber)
01:45:51	Added show to ShowList (PF018 Shawn Mendes)
01:45:51	Added show to ShowList (PF017 Justin Bieber)
01:45:51	Added show to ShowList (PF019 Shawn Mendes)
01:45:52	Refreshing show info (PF045)
01:45:52	Starting to refresh show details..
01:45:53	Refreshing show info (PF018)
01:45:53	Starting to refresh show details..
01:45:54	Refreshing show info (PF017)
01:45:54	Starting to refresh show details..
01:45:55	Refreshing show info (PF019)
01:45:55	Starting to refresh show details..
01:45:56	Logging out..
01:45:56	Successfully logged out
01:45:56	Submitted
01:45:56	User: LR001 Password: 2ef92hf
01:45:56	Attempting login using LR001/2ef92hf
01:45:56	Location Represantative logged in
01:45:56	Initiating main UI
01:45:56	Activating login screen
01:46:03	Submitted
01:46:03	User: CU0123 Password: eg2j0g
01:46:03	Attempting login using CU0123/eg2j0g
01:46:03	test
01:46:03	Customer logged in
01:46:03	Initiating main UI
01:46:04	Added show to ShowList (PF030 Justin Bieber)
01:46:05	Refreshing show info (PF030)
01:46:05	Starting to refresh show details..
