=================  iMuzaMusic v1.0 - Tue Feb 28 14:56:14 IST 2017 ==================
14:56:14	Attempting connection to MS Access DB
14:56:14	DB File: C:\Users\nisan\Documents\Git\HandsInAirLatest\sources\MM_DB.accdb
14:56:15	Successfully connected to MS Access DB.
14:56:15	Opening Login Window through iWindow
14:56:19	Selected Debug Quick Login Feature for Yaris
14:56:19	Logging in...
14:56:19	Submitted from DEBUG Window
14:56:19	User: AG004 Password: 616asfsaf
14:56:19	Attempting login using AG004/616asfsaf
14:56:19	Agent logged in
14:56:19	Initiating main UI
14:56:19	Aquiring menu for AG004 Auth: Agent
14:56:19	Selected Debug Quick Login Feature for Yaris
14:56:19	Logging in...
14:56:19	Submitted from DEBUG Window
14:56:19	User: AG004 Password: 616asfsaf
14:56:19	Attempting login using AG004/616asfsaf
14:56:19	Agent logged in
14:56:19	Initiating main UI
14:56:19	Aquiring menu for AG004 Auth: Agent
14:56:19	Logging out Hands In Air
14:56:24	Logging out Hands In Air
