=================  iMuzaMusic v1.0 - Wed Feb 22 18:29:27 IST 2017 ==================
18:29:27	Attempting connection to MS Access DB
18:29:27	DB File: C:\Users\nisan\Documents\Git\HandsInAirLatest\sources\MM_DB.accdb
18:29:28	Successfully connected to MS Access DB.
18:29:28	Opening Login Window through iWindow
18:29:29	Submitted
18:29:29	User: CU0123 Password: eg2j0g
18:29:29	Attempting login using CU0123/eg2j0g
18:29:29	test
18:29:29	Customer logged in
18:29:29	Initiating main UI
18:29:30	Artist FB: #https://www.facebook.com/justin.bib#
18:29:30	Artist FB: #https://www.facebook.com/shawnm#
18:29:30	Artist FB: #https://www.facebook.com/rihanna#
18:29:30	Artist FB: #https://www.facebook.com/sia#
18:29:30	Artist FB: #https://www.facebook.com/pita#
18:29:30	Artist FB: #https://www.facebook.com/drake#
18:29:30	Artist FB: facebook.com/url
18:29:30	Artist FB: facebook.com
18:29:30	Artist FB: facebook.com
18:29:30	Artist FB: facebook.com
18:29:30	Artist FB: facebook.com
18:29:30	Artist FB: facebook.com/last.aspx
18:29:30	Found 0 favorited artists
18:29:31	Sending UPDATE Query: INSERT INTO CustomerAdmires (ClientID, ArtistID) values ("CU0123","AR231")
18:29:31	Artist FB: #https://www.facebook.com/justin.bib#
18:29:31	Artist FB: #https://www.facebook.com/shawnm#
18:29:31	Artist FB: #https://www.facebook.com/rihanna#
18:29:31	Artist FB: #https://www.facebook.com/sia#
18:29:31	Artist FB: #https://www.facebook.com/pita#
18:29:31	Artist FB: #https://www.facebook.com/drake#
18:29:31	Artist FB: facebook.com/url
18:29:31	Artist FB: facebook.com
18:29:31	Artist FB: facebook.com
18:29:31	Artist FB: facebook.com
18:29:31	Artist FB: facebook.com
18:29:31	Artist FB: facebook.com/last.aspx
18:29:31	Removing Drake from favorited list
18:29:31	Found 1 favorited artists
18:29:35	Sending UPDATE Query: INSERT INTO CustomerAdmires (ClientID, ArtistID) values ("CU0123","AR235")
18:29:35	Artist FB: #https://www.facebook.com/justin.bib#
18:29:35	Artist FB: #https://www.facebook.com/shawnm#
18:29:35	Artist FB: #https://www.facebook.com/rihanna#
18:29:35	Artist FB: #https://www.facebook.com/sia#
18:29:35	Artist FB: #https://www.facebook.com/pita#
18:29:35	Artist FB: #https://www.facebook.com/drake#
18:29:35	Artist FB: facebook.com/url
18:29:35	Artist FB: facebook.com
18:29:35	Artist FB: facebook.com
18:29:35	Artist FB: facebook.com
18:29:35	Artist FB: facebook.com
18:29:35	Artist FB: facebook.com/last.aspx
18:29:35	Removing Drake from favorited list
18:29:35	Removing nis from favorited list
18:29:35	Found 2 favorited artists
18:29:38	Sending UPDATE Query: delete from AgentPreferLocation where AgentID="CU0123" AND LocationID="AR231"
18:29:38	Cancel favorited location: LocationID: AR231
18:29:38	Found 0 favorited locations
18:29:38	Sending UPDATE Query: delete from AgentPreferLocation where AgentID="CU0123" AND LocationID="AR231"
18:29:38	Cancel favorited location: LocationID: AR231
18:29:38	Found 0 favorited locations
