=================  iMuzaMusic v1.0 - Wed Feb 22 01:55:51 IST 2017 ==================
01:55:51	Attempting connection to MS Access DB
01:55:51	DB File: C:\Users\Administrator\Documents\NetBeansProjects2\HandsInAir\sources\MM_DB.accdb
01:55:53	Successfully connected to MS Access DB.
01:55:53	Opening Login Window through iWindow
01:55:54	Submitted
01:55:54	User: LR001 Password: 2ef92hf
01:55:54	Attempting login using LR001/2ef92hf
01:55:54	Location Represantative logged in
01:55:54	Initiating main UI
01:55:55	Added show to ShowList (PF045 Justin Bieber)
01:55:55	Added show to ShowList (PF018 Shawn Mendes)
01:55:55	Added show to ShowList (PF017 Justin Bieber)
01:55:55	Added show to ShowList (PF019 Shawn Mendes)
01:55:56	Refreshing show info (PF018)
01:55:56	Starting to refresh show details..
01:55:57	Refreshing show info (PF045)
01:55:57	Starting to refresh show details..
01:55:58	Refreshing show info (PF018)
01:55:58	Starting to refresh show details..
01:55:58	Refreshing show info (PF017)
01:55:58	Starting to refresh show details..
01:55:59	Refreshing show info (PF045)
01:55:59	Starting to refresh show details..
01:55:59	Refreshing show info (PF019)
01:55:59	Starting to refresh show details..
01:56:00	Refreshing show info (PF017)
01:56:00	Starting to refresh show details..
01:56:01	Refreshing show info (PF018)
01:56:01	Starting to refresh show details..
01:56:01	Refreshing show info (PF045)
01:56:01	Starting to refresh show details..
01:56:02	Refreshing show info (PF018)
01:56:02	Starting to refresh show details..
01:56:03	Refreshing show info (PF017)
01:56:03	Starting to refresh show details..
01:56:04	Refreshing show info (PF019)
01:56:04	Starting to refresh show details..
