=================  iMuzaMusic v1.0 - Sun Feb 26 18:25:34 IST 2017 ==================
18:25:34	Attempting connection to MS Access DB
18:25:34	DB File: C:\Users\nisan\Documents\Git\HandsInAirLatest\sources\MM_DB.accdb
18:25:36	Successfully connected to MS Access DB.
18:25:36	Opening Login Window through iWindow
18:25:36	Submitted
18:25:36	User: RE001 Password: admin
18:25:36	Attempting login using RE001/admin
18:25:36	Artist logged in
18:25:36	Initiating main UI
18:25:36	Aquiring menu for RE001 Auth: Representative
18:25:37	DF: 2/26/2017 06:25:37 PM
18:25:37	TS: 2017-02-26 18:25:37.245 TST: 1488126337245 dd: 2017-02-26 ddt: 1488126337245
18:25:37	Pulling data for Max_Allowed_Showtime
18:25:37	Executing Query: SELECT TOP 1 GlobalSettings.Key, GlobalSettings.Value
FROM GlobalSettings
GROUP BY GlobalSettings.Key, GlobalSettings.Value
HAVING (((GlobalSettings.Key) In ("Max_Allowed_Showtime")) AND (LAST(GlobalSettings.dateUpdated<=#2/26/2017 06:25:37 PM#)))
ORDER BY Last(GlobalSettings.dateUpdated) DESC
18:25:37	Pulling data for Location_Commission
18:25:37	Executing Query: SELECT TOP 1 GlobalSettings.Key, GlobalSettings.Value
FROM GlobalSettings
GROUP BY GlobalSettings.Key, GlobalSettings.Value
HAVING (((GlobalSettings.Key) In ("Location_Commission")) AND (LAST(GlobalSettings.dateUpdated<=#2/26/2017 06:25:37 PM#)))
ORDER BY Last(GlobalSettings.dateUpdated) DESC
18:25:37	Pulling data for Show_Approval_Timeout
18:25:37	Executing Query: SELECT TOP 1 GlobalSettings.Key, GlobalSettings.Value
FROM GlobalSettings
GROUP BY GlobalSettings.Key, GlobalSettings.Value
HAVING (((GlobalSettings.Key) In ("Show_Approval_Timeout")) AND (LAST(GlobalSettings.dateUpdated<=#2/26/2017 06:25:37 PM#)))
ORDER BY Last(GlobalSettings.dateUpdated) DESC
18:25:37	Pulling data for Show_Addon_Commission
18:25:37	Executing Query: SELECT TOP 1 GlobalSettings.Key, GlobalSettings.Value
FROM GlobalSettings
GROUP BY GlobalSettings.Key, GlobalSettings.Value
HAVING (((GlobalSettings.Key) In ("Show_Addon_Commission")) AND (LAST(GlobalSettings.dateUpdated<=#2/26/2017 06:25:37 PM#)))
ORDER BY Last(GlobalSettings.dateUpdated) DESC
18:25:37	Pulling data for Artist_Commission
18:25:37	Executing Query: SELECT TOP 1 GlobalSettings.Key, GlobalSettings.Value
FROM GlobalSettings
GROUP BY GlobalSettings.Key, GlobalSettings.Value
HAVING (((GlobalSettings.Key) In ("Artist_Commission")) AND (LAST(GlobalSettings.dateUpdated<=#2/26/2017 06:25:37 PM#)))
ORDER BY Last(GlobalSettings.dateUpdated) DESC
18:25:37	Pulling data for Birthday_Card
18:25:37	Executing Query: SELECT TOP 1 GlobalSettings.Key, GlobalSettings.Value
FROM GlobalSettings
GROUP BY GlobalSettings.Key, GlobalSettings.Value
HAVING (((GlobalSettings.Key) In ("Birthday_Card")) AND (LAST(GlobalSettings.dateUpdated<=#2/26/2017 06:25:37 PM#)))
ORDER BY Last(GlobalSettings.dateUpdated) DESC
18:25:37	Pulling data for Max_Addon_Commission
18:25:37	Executing Query: SELECT TOP 1 GlobalSettings.Key, GlobalSettings.Value
FROM GlobalSettings
GROUP BY GlobalSettings.Key, GlobalSettings.Value
HAVING (((GlobalSettings.Key) In ("Max_Addon_Commission")) AND (LAST(GlobalSettings.dateUpdated<=#2/26/2017 06:25:37 PM#)))
ORDER BY Last(GlobalSettings.dateUpdated) DESC
18:25:37	Pulling data for Presale_Discount
18:25:37	Executing Query: SELECT TOP 1 GlobalSettings.Key, GlobalSettings.Value
FROM GlobalSettings
GROUP BY GlobalSettings.Key, GlobalSettings.Value
HAVING (((GlobalSettings.Key) In ("Presale_Discount")) AND (LAST(GlobalSettings.dateUpdated<=#2/26/2017 06:25:37 PM#)))
ORDER BY Last(GlobalSettings.dateUpdated) DESC
18:25:37	Pulling data for Regular_Tickets_Sale
18:25:37	Executing Query: SELECT TOP 1 GlobalSettings.Key, GlobalSettings.Value
FROM GlobalSettings
GROUP BY GlobalSettings.Key, GlobalSettings.Value
HAVING (((GlobalSettings.Key) In ("Regular_Tickets_Sale")) AND (LAST(GlobalSettings.dateUpdated<=#2/26/2017 06:25:37 PM#)))
ORDER BY Last(GlobalSettings.dateUpdated) DESC
18:25:37	Pulling data for Max_Presale_Tickets
18:25:37	Executing Query: SELECT TOP 1 GlobalSettings.Key, GlobalSettings.Value
FROM GlobalSettings
GROUP BY GlobalSettings.Key, GlobalSettings.Value
HAVING (((GlobalSettings.Key) In ("Max_Presale_Tickets")) AND (LAST(GlobalSettings.dateUpdated<=#2/26/2017 06:25:37 PM#)))
ORDER BY Last(GlobalSettings.dateUpdated) DESC
18:25:37	Pulling data for Minimum_Days_Before_Presale
18:25:37	Executing Query: SELECT TOP 1 GlobalSettings.Key, GlobalSettings.Value
FROM GlobalSettings
GROUP BY GlobalSettings.Key, GlobalSettings.Value
HAVING (((GlobalSettings.Key) In ("Minimum_Days_Before_Presale")) AND (LAST(GlobalSettings.dateUpdated<=#2/26/2017 06:25:37 PM#)))
ORDER BY Last(GlobalSettings.dateUpdated) DESC
18:25:37	Max_Allowed_Showtime: 3
18:25:37	Location_Commission: 25
18:25:37	Show_Approval_Timeout: 8
18:25:37	Show_Addon_Commission: 15
18:25:37	Artist_Commission: 17
18:25:37	Birthday_Card: 
18:25:37	Max_Addon_Commission: 13
18:25:37	Presale_Discount: 15
18:25:37	Regular_Tickets_Sale: 15
18:25:37	Max_Presale_Tickets: 5
18:25:37	Minimum_Days_Before_Presale: 22
18:25:42	Starting to update global settings
18:25:42	Sending UPDATE Query: INSERT INTO GlobalSettings(Key, Value, Comment, dateUpdated) VALUES ("Max_Allowed_Showtime","3","Updated By RE001", Now())
18:25:42	Sending UPDATE Query: INSERT INTO GlobalSettings(Key, Value, Comment, dateUpdated) VALUES ("Location_Commission","25","Updated By RE001", Now())
18:25:42	Sending UPDATE Query: INSERT INTO GlobalSettings(Key, Value, Comment, dateUpdated) VALUES ("Show_Approval_Timeout","8","Updated By RE001", Now())
18:25:42	Sending UPDATE Query: INSERT INTO GlobalSettings(Key, Value, Comment, dateUpdated) VALUES ("Show_Addon_Commission","15","Updated By RE001", Now())
18:25:42	Sending UPDATE Query: INSERT INTO GlobalSettings(Key, Value, Comment, dateUpdated) VALUES ("Artist_Commission","17","Updated By RE001", Now())
18:25:42	Sending UPDATE Query: INSERT INTO GlobalSettings(Key, Value, Comment, dateUpdated) VALUES ("Max_Addon_Commission","13","Updated By RE001", Now())
18:25:42	Sending UPDATE Query: INSERT INTO GlobalSettings(Key, Value, Comment, dateUpdated) VALUES ("Presale_Discount","15","Updated By RE001", Now())
18:25:42	Sending UPDATE Query: INSERT INTO GlobalSettings(Key, Value, Comment, dateUpdated) VALUES ("Birthday_Card","test
bday","Updated By RE001", Now())
18:25:42	Sending UPDATE Query: INSERT INTO GlobalSettings(Key, Value, Comment, dateUpdated) VALUES ("Regular_Tickets_Sale","15","Updated By RE001", Now())
18:25:42	Sending UPDATE Query: INSERT INTO GlobalSettings(Key, Value, Comment, dateUpdated) VALUES ("Max_Presale_Tickets","5","Updated By RE001", Now())
18:25:42	Sending UPDATE Query: INSERT INTO GlobalSettings(Key, Value, Comment, dateUpdated) VALUES ("Minimum_Days_Before_Presale","22","Updated By RE001", Now())
