=================  iMuzaMusic v1.0 - Tue Feb 28 14:54:41 IST 2017 ==================
14:54:41	Attempting connection to MS Access DB
14:54:41	DB File: C:\Users\nisan\Documents\Git\HandsInAirLatest\sources\MM_DB.accdb
14:54:42	Successfully connected to MS Access DB.
14:54:42	Opening Login Window through iWindow
14:54:45	Selected Debug Quick Login Feature for Johnny
14:54:45	Logging in...
14:54:45	Submitted from DEBUG Window
14:54:45	User: AG001 Password: admin
14:54:45	Attempting login using AG001/admin
14:54:45	Agent logged in
14:54:45	Initiating main UI
14:54:45	Aquiring menu for AG001 Auth: Agent
14:54:45	Selected Debug Quick Login Feature for Johnny
14:54:45	Logging in...
14:54:45	Submitted from DEBUG Window
14:54:45	User: AG001 Password: admin
14:54:45	Attempting login using AG001/admin
14:54:45	Agent logged in
14:54:45	Initiating main UI
14:54:45	Aquiring menu for AG001 Auth: Agent
14:54:46	Logging out Hands In Air
14:54:47	Logging out Hands In Air
