=================  iMuzaMusic v1.0 - Sun Feb 26 14:00:26 IST 2017 ==================
14:00:26	Attempting connection to MS Access DB
14:00:26	DB File: C:\Users\Administrator\Documents\NetBeansProjects2\HandsInAir\sources\MM_DB.accdb
14:00:29	Successfully connected to MS Access DB.
14:00:29	Opening Login Window through iWindow
14:00:29	Submitted
14:00:29	User: CU0123 Password: eg2j0g
14:00:29	Attempting login using CU0123/eg2j0g
14:00:29	test
14:00:29	Customer logged in
14:00:29	Initiating main UI
14:00:29	Aquiring menu for CU0123 Auth: Customer
14:00:31	Artist FB: #https://www.facebook.com/justin.bib#
14:00:31	Artist FB: #https://www.facebook.com/shawnm#
14:00:31	Artist FB: #https://www.facebook.com/rihanna#
14:00:31	Artist FB: #https://www.facebook.com/sia#
14:00:31	Artist FB: #https://www.facebook.com/pita#
14:00:31	Artist FB: #https://www.facebook.com/drake#
14:00:31	Artist FB: facebook.com/url
14:00:31	Artist FB: facebook.com
14:00:31	Artist FB: facebook.com
14:00:31	Artist FB: facebook.com
14:00:31	Artist FB: facebook.com
14:00:31	Artist FB: facebook.com/last.aspx
14:00:31	Artist FB: facebook.com
14:00:31	Artist FB: facebook.com
14:00:31	Removing Justin Bieber from favorited list
14:00:31	Removing Rihanna from favorited list
14:00:31	Removing nis from favorited list
14:00:31	Found 3 favorited artists
