=================  iMuzaMusic v1.0 - Wed Feb 22 02:49:53 IST 2017 ==================
02:49:53	Attempting connection to MS Access DB
02:49:53	DB File: C:\Users\nisan\Documents\Git\HandsInAirLatest\sources\MM_DB.accdb
02:49:55	Successfully connected to MS Access DB.
02:49:55	Opening Login Window through iWindow
02:49:55	Submitted
02:49:55	User: LR001 Password: 2ef92hf
02:49:55	Attempting login using LR001/2ef92hf
02:49:55	Location Represantative logged in
02:49:55	Initiating main UI
02:49:57	Added show to ShowList (PF045 Justin Bieber)
02:49:57	Added show to ShowList (PF018 Shawn Mendes)
02:49:57	Added show to ShowList (PF017 Justin Bieber)
02:49:57	Added show to ShowList (PF019 Shawn Mendes)
02:49:58	Refreshing show info (PF018)
02:49:58	Starting to refresh show details..
02:49:58	Refreshing show info (PF045)
02:49:58	Starting to refresh show details..
02:49:59	Refreshing show info (PF017)
02:49:59	Starting to refresh show details..
02:50:06	Refreshing show info (PF019)
02:50:06	Starting to refresh show details..
02:50:07	Refreshing show info (PF045)
02:50:07	Starting to refresh show details..
02:50:08	Refreshing show info (PF018)
02:50:08	Starting to refresh show details..
02:50:08	Refreshing show info (PF045)
02:50:08	Starting to refresh show details..
02:50:09	Quitting MuzaMusic
