=================  iMuzaMusic v1.0 - Wed Feb 22 03:16:45 IST 2017 ==================
03:16:45	Attempting connection to MS Access DB
03:16:45	DB File: C:\Users\nisan\Documents\Git\HandsInAirLatest\sources\MM_DB.accdb
03:16:46	Successfully connected to MS Access DB.
03:16:46	Opening Login Window through iWindow
03:16:46	Submitted
03:16:46	User: CU0123 Password: eg2j0g
03:16:46	Attempting login using CU0123/eg2j0g
03:16:46	test
03:16:46	Customer logged in
03:16:46	Initiating main UI
03:16:47	Added show to ShowList (PF030 Justin Bieber)
03:16:48	Refreshing show info (PF030)
03:16:48	Starting to refresh show details..
03:16:48	TEXT BEFORE: 
03:16:48	TEXT AFTER: None
03:16:50	value changed: 2
03:16:50	value changed: 3
03:16:51	value changed: 4
03:16:51	value changed: 5
03:16:51	value changed: 6
03:16:52	value changed: 5
03:16:52	value changed: 4
03:16:52	value changed: 3
03:16:52	value changed: 2
