=================  iMuzaMusic v1.0 - Sun Feb 26 19:17:14 IST 2017 ==================
19:17:14	Attempting connection to MS Access DB
19:17:14	DB File: C:\Users\nisan\Documents\Git\HandsInAirLatest\sources\MM_DB.accdb
19:17:15	Successfully connected to MS Access DB.
19:17:15	Opening Login Window through iWindow
19:17:16	Submitted
19:17:16	User: RE001 Password: admin
19:17:16	Attempting login using RE001/admin
19:17:16	Artist logged in
19:17:16	Initiating main UI
19:17:16	Aquiring menu for RE001 Auth: Representative
19:17:17	DF: 2/26/2017 07:17:17 PM
19:17:17	TS: 2017-02-26 19:17:17.333 TST: 1488129437333 dd: 2017-02-26 ddt: 1488129437333
19:17:17	Pulling data for Max_Allowed_Showtime
19:17:17	Executing Query: SELECT TOP 1 GlobalSettings.Key, GlobalSettings.Value
FROM GlobalSettings
GROUP BY GlobalSettings.Key, GlobalSettings.Value
HAVING (((GlobalSettings.Key) In ("Max_Allowed_Showtime")) AND (LAST(GlobalSettings.dateUpdated<=#2/26/2017 07:17:17 PM#)))
ORDER BY Last(GlobalSettings.dateUpdated) DESC
19:17:17	Pulling data for Location_Commission
19:17:17	Executing Query: SELECT TOP 1 GlobalSettings.Key, GlobalSettings.Value
FROM GlobalSettings
GROUP BY GlobalSettings.Key, GlobalSettings.Value
HAVING (((GlobalSettings.Key) In ("Location_Commission")) AND (LAST(GlobalSettings.dateUpdated<=#2/26/2017 07:17:17 PM#)))
ORDER BY Last(GlobalSettings.dateUpdated) DESC
19:17:17	Pulling data for Show_Approval_Timeout
19:17:17	Executing Query: SELECT TOP 1 GlobalSettings.Key, GlobalSettings.Value
FROM GlobalSettings
GROUP BY GlobalSettings.Key, GlobalSettings.Value
HAVING (((GlobalSettings.Key) In ("Show_Approval_Timeout")) AND (LAST(GlobalSettings.dateUpdated<=#2/26/2017 07:17:17 PM#)))
ORDER BY Last(GlobalSettings.dateUpdated) DESC
19:17:17	Pulling data for Show_Addon_Commission
19:17:17	Executing Query: SELECT TOP 1 GlobalSettings.Key, GlobalSettings.Value
FROM GlobalSettings
GROUP BY GlobalSettings.Key, GlobalSettings.Value
HAVING (((GlobalSettings.Key) In ("Show_Addon_Commission")) AND (LAST(GlobalSettings.dateUpdated<=#2/26/2017 07:17:17 PM#)))
ORDER BY Last(GlobalSettings.dateUpdated) DESC
19:17:17	Pulling data for Artist_Commission
19:17:17	Executing Query: SELECT TOP 1 GlobalSettings.Key, GlobalSettings.Value
FROM GlobalSettings
GROUP BY GlobalSettings.Key, GlobalSettings.Value
HAVING (((GlobalSettings.Key) In ("Artist_Commission")) AND (LAST(GlobalSettings.dateUpdated<=#2/26/2017 07:17:17 PM#)))
ORDER BY Last(GlobalSettings.dateUpdated) DESC
19:17:17	Pulling data for Birthday_Card
19:17:17	Executing Query: SELECT TOP 1 GlobalSettings.Key, GlobalSettings.Value
FROM GlobalSettings
GROUP BY GlobalSettings.Key, GlobalSettings.Value
HAVING (((GlobalSettings.Key) In ("Birthday_Card")) AND (LAST(GlobalSettings.dateUpdated<=#2/26/2017 07:17:17 PM#)))
ORDER BY Last(GlobalSettings.dateUpdated) DESC
19:17:17	Pulling data for Max_Addon_Commission
19:17:17	Executing Query: SELECT TOP 1 GlobalSettings.Key, GlobalSettings.Value
FROM GlobalSettings
GROUP BY GlobalSettings.Key, GlobalSettings.Value
HAVING (((GlobalSettings.Key) In ("Max_Addon_Commission")) AND (LAST(GlobalSettings.dateUpdated<=#2/26/2017 07:17:17 PM#)))
ORDER BY Last(GlobalSettings.dateUpdated) DESC
19:17:17	Pulling data for Presale_Discount
19:17:17	Executing Query: SELECT TOP 1 GlobalSettings.Key, GlobalSettings.Value
FROM GlobalSettings
GROUP BY GlobalSettings.Key, GlobalSettings.Value
HAVING (((GlobalSettings.Key) In ("Presale_Discount")) AND (LAST(GlobalSettings.dateUpdated<=#2/26/2017 07:17:17 PM#)))
ORDER BY Last(GlobalSettings.dateUpdated) DESC
19:17:17	Pulling data for Regular_Tickets_Sale
19:17:17	Executing Query: SELECT TOP 1 GlobalSettings.Key, GlobalSettings.Value
FROM GlobalSettings
GROUP BY GlobalSettings.Key, GlobalSettings.Value
HAVING (((GlobalSettings.Key) In ("Regular_Tickets_Sale")) AND (LAST(GlobalSettings.dateUpdated<=#2/26/2017 07:17:17 PM#)))
ORDER BY Last(GlobalSettings.dateUpdated) DESC
19:17:17	Pulling data for Max_Presale_Tickets
19:17:17	Executing Query: SELECT TOP 1 GlobalSettings.Key, GlobalSettings.Value
FROM GlobalSettings
GROUP BY GlobalSettings.Key, GlobalSettings.Value
HAVING (((GlobalSettings.Key) In ("Max_Presale_Tickets")) AND (LAST(GlobalSettings.dateUpdated<=#2/26/2017 07:17:17 PM#)))
ORDER BY Last(GlobalSettings.dateUpdated) DESC
19:17:17	Pulling data for Minimum_Days_Before_Presale
19:17:17	Executing Query: SELECT TOP 1 GlobalSettings.Key, GlobalSettings.Value
FROM GlobalSettings
GROUP BY GlobalSettings.Key, GlobalSettings.Value
HAVING (((GlobalSettings.Key) In ("Minimum_Days_Before_Presale")) AND (LAST(GlobalSettings.dateUpdated<=#2/26/2017 07:17:17 PM#)))
ORDER BY Last(GlobalSettings.dateUpdated) DESC
19:17:17	Max_Allowed_Showtime: 3
19:17:17	Location_Commission: 25
19:17:17	Show_Approval_Timeout: 8
19:17:17	Show_Addon_Commission: 15
19:17:17	Artist_Commission: 17
19:17:17	Birthday_Card: test
bday
19:17:17	Max_Addon_Commission: 13
19:17:17	Presale_Discount: 15
19:17:17	Regular_Tickets_Sale: 15
19:17:17	Max_Presale_Tickets: 5
19:17:17	Minimum_Days_Before_Presale: 22
19:17:19	Getting Next ID for Customer
19:17:19	Current last ID is: CU1111
19:17:19	Returning next ID for Customer - CU1112
19:17:28	Image uploaded: C:\Users\nisan\Desktop\default.png
