=================  iMuzaMusic v1.0 - Mon Feb 27 23:41:52 IST 2017 ==================
23:41:52	Attempting connection to MS Access DB
23:41:52	DB File: C:\Users\nisan\Documents\Git\HandsInAirLatest\sources\MM_DB.accdb
23:41:53	Successfully connected to MS Access DB.
23:41:53	Opening Login Window through iWindow
23:41:54	Submitted
23:41:54	User: RE001 Password: admin
23:41:54	Attempting login using RE001/admin
23:41:54	Artist logged in
23:41:54	Initiating main UI
23:41:54	Aquiring menu for RE001 Auth: Representative
23:41:56	Sending Report Query with Year: 2017
23:41:58	Exit command identified
23:41:58	Exporting XML for iRecord
23:41:59	Exit command identified
23:41:59	Exporting XML for iRecord
23:41:59	Exit command identified
23:41:59	Exporting XML for iRecord
23:42:00	Exit command identified
23:42:00	Exporting XML for iRecord
23:49:00	Exit command identified
23:49:00	Exporting XML for iRecord
