=================  iMuzaMusic v1.0 - Tue Feb 28 13:20:55 IST 2017 ==================
13:20:55	Attempting connection to MS Access DB
13:20:55	DB File: C:\Users\nisan\Documents\Git\HandsInAirLatest\sources\MM_DB.accdb
13:20:57	Successfully connected to MS Access DB.
13:20:57	Opening Login Window through iWindow
13:20:57	Submitted
13:20:57	User: RE001 Password: admin
13:20:57	Attempting login using RE001/admin
13:20:57	Artist logged in
13:20:57	Initiating main UI
13:20:57	Aquiring menu for RE001 Auth: Representative
13:21:00	Logging out..
13:21:00	Successfully logged out
13:21:00	Submitted
13:21:00	User: RE001 Password: admin
13:21:00	Attempting login using RE001/admin
13:21:00	Artist logged in
13:21:00	Initiating main UI
13:21:00	Aquiring menu for RE001 Auth: Representative
13:21:00	Activating login screen
