=================  iMuzaMusic v1.0 - Wed Feb 22 01:57:59 IST 2017 ==================
01:57:59	Attempting connection to MS Access DB
01:57:59	DB File: C:\Users\Administrator\Documents\NetBeansProjects2\HandsInAir\sources\MM_DB.accdb
01:58:02	Successfully connected to MS Access DB.
01:58:02	Opening Login Window through iWindow
01:58:02	Submitted
01:58:02	User: LR001 Password: 2ef92hf
01:58:02	Attempting login using LR001/2ef92hf
01:58:02	Location Represantative logged in
01:58:02	Initiating main UI
01:58:04	Added show to ShowList (PF045 Justin Bieber)
01:58:04	Added show to ShowList (PF018 Shawn Mendes)
01:58:04	Added show to ShowList (PF017 Justin Bieber)
01:58:04	Added show to ShowList (PF019 Shawn Mendes)
01:58:05	Refreshing show info (PF045)
01:58:05	Starting to refresh show details..
01:58:05	Refreshing show info (PF018)
01:58:05	Starting to refresh show details..
01:58:06	Refreshing show info (PF017)
01:58:06	Starting to refresh show details..
01:58:06	Refreshing show info (PF045)
01:58:06	Starting to refresh show details..
01:58:07	Refreshing show info (PF018)
01:58:07	Starting to refresh show details..
01:58:07	Refreshing show info (PF017)
01:58:07	Starting to refresh show details..
01:58:08	Refreshing show info (PF018)
01:58:08	Starting to refresh show details..
01:58:08	Refreshing show info (PF045)
01:58:08	Starting to refresh show details..
