=================  iMuzaMusic v1.0 - Tue Feb 28 14:51:27 IST 2017 ==================
14:51:27	Attempting connection to MS Access DB
14:51:27	DB File: C:\Users\nisan\Documents\Git\HandsInAirLatest\sources\MM_DB.accdb
14:51:28	Successfully connected to MS Access DB.
14:51:28	Opening Login Window through iWindow
14:51:32	Selected Debug Quick Login Feature for Johnny
14:51:32	Logging in...
14:51:32	Submitted from DEBUG Window
14:51:32	User: AG001 Password: admin
14:51:32	Attempting login using AG001/admin
14:51:32	Agent logged in
14:51:32	Initiating main UI
14:51:32	Aquiring menu for AG001 Auth: Agent
14:51:32	Selected Debug Quick Login Feature for Johnny
14:51:32	Logging in...
14:51:32	Submitted from DEBUG Window
14:51:32	User: AG001 Password: admin
14:51:32	Attempting login using AG001/admin
14:51:32	Agent logged in
14:51:32	Initiating main UI
14:51:32	Aquiring menu for AG001 Auth: Agent
14:51:33	Logging out..
14:51:33	Successfully logged out
14:51:33	Activating login screen
14:51:34	Logging out..
14:51:34	Successfully logged out
14:51:34	Activating login screen
14:51:37	Submitted
14:51:37	User: Username Password: Password
14:51:37	Attempting login using Username/Password
14:51:38	Submitted
14:51:38	User: Username Password: Password
14:51:38	Attempting login using Username/Password
14:51:39	Selected Debug Quick Login Feature for Nick
14:51:39	Logging in...
14:51:39	Submitted from DEBUG Window
14:51:39	User: AG005 Password: 61q6g1q
14:51:39	Attempting login using AG005/61q6g1q
14:51:39	Agent logged in
14:51:39	Initiating main UI
14:51:39	Aquiring menu for AG005 Auth: Agent
14:51:39	Selected Debug Quick Login Feature for Nick
14:51:39	Logging in...
14:51:39	Submitted from DEBUG Window
14:51:39	User: AG005 Password: 61q6g1q
14:51:39	Attempting login using AG005/61q6g1q
14:51:39	Agent logged in
14:51:39	Initiating main UI
14:51:39	Aquiring menu for AG005 Auth: Agent
14:51:43	Added show to ShowList (PF009 Rihanna)
14:51:43	Added show to ShowList (PF006 Rihanna)
14:51:44	Refreshing show info (PF006)
14:51:44	Starting to refresh show details..
14:51:44	TEXT BEFORE: Drake, 
14:51:44	TEXT AFTER: Drake.
14:51:45	Logging out..
14:51:45	Successfully logged out
14:51:45	Activating login screen
14:51:48	Logging out..
14:51:48	Successfully logged out
14:51:48	Activating login screen
