=================  iMuzaMusic v1.0 - Sat Feb 25 22:25:56 IST 2017 ==================
22:25:56	Attempting connection to MS Access DB
22:25:56	DB File: C:\Users\nisan\Documents\Git\HandsInAirLatest\sources\MM_DB.accdb
22:25:57	Successfully connected to MS Access DB.
22:25:57	Opening Login Window through iWindow
22:25:57	Submitted
22:25:57	User: LR006 Password: admin
22:25:57	Attempting login using LR006/admin
22:25:57	Location Represantative logged in
22:25:57	Initiating main UI
22:25:57	Aquiring menu for LR006 Auth: Location Representative
22:25:58	Aquiring location details for LRep LR006
22:25:58	Returning next ID for Location - LC006
22:26:18	isSits: true
22:26:18	Inserting new location: LC006
22:26:18	INSERT INTO Locations(LocationID, strName, strAddress, strEmail, urlGoogleMap, iPhoneNumber, iMaxCapacity, RepID)
 VALUES ("LC006","aosghaog","aoghasj","oo@oagas.com", "http://google", "650505050", 10, "LR006")
22:26:18	Sending UPDATE Query: INSERT INTO Locations(LocationID, strName, strAddress, strEmail, urlGoogleMap, iPhoneNumber, iMaxCapacity, RepID)
 VALUES ("LC006","aosghaog","aoghasj","oo@oagas.com", "http://google", "650505050", 10, "LR006")
22:26:18	Adding OpenLocations Details for Location #LC006
22:26:18	Sending UPDATE Query: INSERT INTO OpenLocations (iLocation, StageTop, isExistingSits, isStageLifted, isExistingAmp, isExistingToilets) VALUES("LC006", "Partial",1, 1, 0, 0)
22:26:19	Aquiring location details for LRep LR006
22:26:19	Found open location aosghaog
22:26:19	Refreshing data for location #LC006
22:26:24	isSits: true
22:26:24	Updating existing location: LC006
22:26:24	Sending UPDATE Query: UPDATE Locations SET strName="aosghaog", strAddress="aoghasj", strEmail="oo@oagas.com", urlGoogleMap="http://google", iPhoneNumber=0650505050, iMaxCapacity="10" WHERE LocationID="LC006"
22:26:25	Aquiring location details for LRep LR006
22:26:25	Found open location aosghaog
22:26:25	Refreshing data for location #LC006
22:26:29	isSits: true
22:26:29	Updating existing location: LC006
22:26:29	Sending UPDATE Query: UPDATE Locations SET strName="aosghaog", strAddress="aoghasj", strEmail="oo@oagas.com", urlGoogleMap="http://google", iPhoneNumber=0650505050, iMaxCapacity="10" WHERE LocationID="LC006"
