=================  iMuzaMusic v1.0 - Mon Feb 27 14:55:23 IST 2017 ==================
14:55:23	Attempting connection to MS Access DB
14:55:23	DB File: C:\Users\nisan\Documents\Git\HandsInAirLatest\sources\MM_DB.accdb
14:55:24	Successfully connected to MS Access DB.
14:55:24	Opening Login Window through iWindow
14:55:25	Submitted
14:55:25	User: RE001 Password: admin
14:55:25	Attempting login using RE001/admin
14:55:25	Artist logged in
14:55:25	Initiating main UI
14:55:25	Aquiring menu for RE001 Auth: Representative
14:55:27	Sending Report Query with Year: 2017
14:57:43	Exit command identified
14:57:43	Exporting XML for iRecord
14:57:44	Exit command identified
14:57:44	Exporting XML for iRecord
14:57:44	Exit command identified
14:57:44	Exporting XML for iRecord
14:57:44	Exit command identified
14:57:44	Exporting XML for iRecord
14:57:45	Exit command identified
14:57:45	Exporting XML for iRecord
14:57:45	Exit command identified
14:57:45	Exporting XML for iRecord
