=================  iMuzaMusic v1.0 - Mon Feb 27 14:44:47 IST 2017 ==================
14:44:47	Attempting connection to MS Access DB
14:44:47	DB File: C:\Users\nisan\Documents\Git\HandsInAirLatest\sources\MM_DB.accdb
14:44:48	Successfully connected to MS Access DB.
14:44:48	Opening Login Window through iWindow
14:44:48	Submitted
14:44:48	User: AG001 Password: admin
14:44:48	Attempting login using AG001/admin
14:44:48	Agent logged in
14:44:48	Initiating main UI
14:44:48	Aquiring menu for AG001 Auth: Agent
14:44:53	Importing XML from iRecord System
14:44:53	Successfully imported 7 artists sessions from iRecord.
14:44:54	Importing XML from iRecord System
14:44:54	Successfully imported 7 artists sessions from iRecord.
14:45:03	Getting unevaluated and evaluated artists for artist AR237
14:45:19	Sending UPDATE Query: DELETE FROM ArtistLikes WHERE ArtistID in("AR237")
14:45:19	Successfully wiped artist evaluation (AR237 AR237
14:45:19	Sending UPDATE Query: INSERT INTO ArtistLikes (ArtistID, LikeID) VALUES ('AR237',"AR236")
14:45:19	Sending UPDATE Query: INSERT INTO ArtistLikes (ArtistID, LikeID) VALUES ('AR237',"AR004")
14:45:19	Sending UPDATE Query: INSERT INTO ArtistLikes (ArtistID, LikeID) VALUES ('AR237',"AR005")
14:45:19	Sending UPDATE Query: INSERT INTO ArtistLikes (ArtistID, LikeID) VALUES ('AR237',"AR007")
14:45:19	Sending UPDATE Query: INSERT INTO ArtistLikes (ArtistID, LikeID) VALUES ('AR237',"AR003")
14:45:19	Sending UPDATE Query: INSERT INTO ArtistLikes (ArtistID, LikeID) VALUES ('AR237',"AR231")
14:45:19	Sending UPDATE Query: INSERT INTO ArtistLikes (ArtistID, LikeID) VALUES ('AR237',"AR232")
14:45:19	Sending UPDATE Query: INSERT INTO ArtistLikes (ArtistID, LikeID) VALUES ('AR237',"AR233")
14:45:19	Sending UPDATE Query: INSERT INTO ArtistLikes (ArtistID, LikeID) VALUES ('AR237',"AR234")
14:45:19	Sending UPDATE Query: INSERT INTO ArtistLikes (ArtistID, LikeID) VALUES ('AR237',"AR235")
14:45:19	Sending UPDATE Query: INSERT INTO ArtistLikes (ArtistID, LikeID) VALUES ('AR237',"AR237")
14:45:19	Sending UPDATE Query: INSERT INTO ArtistLikes (ArtistID, LikeID) VALUES ('AR237',"AR238")
14:45:19	Sending UPDATE Query: INSERT INTO ArtistLikes (ArtistID, LikeID) VALUES ('AR237',"AR239")
14:45:22	Importing XML from iRecord System
14:45:22	Successfully imported 7 artists sessions from iRecord.
14:45:24	Importing XML from iRecord System
14:45:24	Successfully imported 7 artists sessions from iRecord.
14:45:35	Importing XML from iRecord System
14:45:35	Successfully imported 7 artists sessions from iRecord.
14:45:35	Removing sub artist Rihanna because artist isn't available at 2017-01-25 00:00:00.0
14:50:26	Exit command identified
14:50:26	Exporting XML for iRecord
14:50:27	Aquiring stream result
14:50:27	Transforming result
14:50:27	Successfully exported HIA-Artist-Data.xml file for iRecord System.
14:50:27	Aquiring stream result
14:50:27	Transforming result
14:50:27	Successfully exported HIA-Artist-Sessions.xml file for iRecord System.
14:50:27	Quitting MuzaMusic
