=================  iMuzaMusic v1.0 - Mon Feb 27 12:12:44 IST 2017 ==================
12:12:44	Attempting connection to MS Access DB
12:12:44	DB File: C:\Users\nisan\Documents\Git\HandsInAirLatest\sources\MM_DB.accdb
12:12:45	Successfully connected to MS Access DB.
12:12:45	Opening Login Window through iWindow
12:12:45	Importing XML from iRecord System
12:12:45	Fetching artist: admin
12:12:45	Fetching artist: AR011
12:12:45	Fetching artist: AR012
12:12:45	Fetching artist: AR013
12:12:45	Fetching artist: AR014
12:12:45	Fetching artist: AR015
12:12:45	Fetching artist: AR6588
12:12:45	
12:12:45	
12:12:45	
12:12:45	
12:12:45	
12:12:45	
12:12:45	
12:12:46	Submitted
12:12:46	User: RE001 Password: admin
12:12:46	Attempting login using RE001/admin
12:12:46	Artist logged in
12:12:46	Initiating main UI
12:12:46	Aquiring menu for RE001 Auth: Representative
