=================  iMuzaMusic v1.0 - Sun Feb 19 23:49:43 IST 2017 ==================
23:49:43	Attempting connection to MS Access DB
23:49:43	DB File: C:\Users\nisan\Documents\Git\HandsInAirLatest\sources\MM_DB.accdb
23:49:45	Successfully connected to MS Access DB.
23:49:45	Opening Login Window through iWindow
23:49:45	Submitted
23:49:45	User: AG001 Password: asf230g2
23:49:45	Attempting login using AG001/asf230g2
23:49:45	Agent logged in
23:49:45	Initiating main UI
23:49:46	Removing Barbarosa from favorited list
23:49:46	Found 1 favorited locations
23:49:48	Removing Barbarosa from favorited list
23:49:48	Found 1 favorited locations
23:49:49	Removing Barbarosa from favorited list
23:49:49	Found 1 favorited locations
23:49:50	Removing Barbarosa from favorited list
23:49:50	Found 1 favorited locations
23:49:51	Removing Barbarosa from favorited list
23:49:51	Found 1 favorited locations
23:49:51	Removing Barbarosa from favorited list
23:49:51	Found 1 favorited locations
23:49:54	Sending UPDATE Query: INSERT INTO AgentPreferLocation (AgentID, LocationID) values ("AG001","LC005"
23:49:54	Removing Barbarosa from favorited list
23:49:54	Found 1 favorited locations
23:49:55	Sending UPDATE Query: INSERT INTO AgentPreferLocation (AgentID, LocationID) values ("AG001","LC005"
23:49:56	Removing Barbarosa from favorited list
23:49:56	Found 1 favorited locations
