=================  iMuzaMusic v1.0 - Sun Feb 26 17:50:59 IST 2017 ==================
17:50:59	Attempting connection to MS Access DB
17:50:59	DB File: C:\Users\nisan\Documents\Git\HandsInAirLatest\sources\MM_DB.accdb
17:51:00	Successfully connected to MS Access DB.
17:51:00	Opening Login Window through iWindow
17:51:00	Submitted
17:51:00	User: RE001 Password: admin
17:51:00	Attempting login using RE001/admin
17:51:00	Artist logged in
17:51:00	Initiating main UI
17:51:00	Aquiring menu for RE001 Auth: Representative
17:51:01	TS: 2017-02-26 17:51:01.244 TST: 1488124261244 dd: 2017-02-26 ddt: 1488124261244
17:51:01	Pulling data for Max_Allowed_Showtime
17:51:01	Executing Query: SELECT TOP 1 GlobalSettings.Key, GlobalSettings.Value
FROM GlobalSettings
GROUP BY GlobalSettings.Key, GlobalSettings.Value
HAVING (((GlobalSettings.Key) In ("Max_Allowed_Showtime")) AND (LAST(GlobalSettings.dateUpdated<#2/26/2017#)))
ORDER BY Last(GlobalSettings.dateUpdated) DESC
17:51:01	Pulling data for Location_Commission
17:51:01	Executing Query: SELECT TOP 1 GlobalSettings.Key, GlobalSettings.Value
FROM GlobalSettings
GROUP BY GlobalSettings.Key, GlobalSettings.Value
HAVING (((GlobalSettings.Key) In ("Location_Commission")) AND (LAST(GlobalSettings.dateUpdated<#2/26/2017#)))
ORDER BY Last(GlobalSettings.dateUpdated) DESC
17:51:01	Pulling data for Show_Approval_Timeout
17:51:01	Executing Query: SELECT TOP 1 GlobalSettings.Key, GlobalSettings.Value
FROM GlobalSettings
GROUP BY GlobalSettings.Key, GlobalSettings.Value
HAVING (((GlobalSettings.Key) In ("Show_Approval_Timeout")) AND (LAST(GlobalSettings.dateUpdated<#2/26/2017#)))
ORDER BY Last(GlobalSettings.dateUpdated) DESC
17:51:01	Pulling data for Show_Addon_Commission
17:51:01	Executing Query: SELECT TOP 1 GlobalSettings.Key, GlobalSettings.Value
FROM GlobalSettings
GROUP BY GlobalSettings.Key, GlobalSettings.Value
HAVING (((GlobalSettings.Key) In ("Show_Addon_Commission")) AND (LAST(GlobalSettings.dateUpdated<#2/26/2017#)))
ORDER BY Last(GlobalSettings.dateUpdated) DESC
17:51:01	Pulling data for Artist_Commission
17:51:01	Executing Query: SELECT TOP 1 GlobalSettings.Key, GlobalSettings.Value
FROM GlobalSettings
GROUP BY GlobalSettings.Key, GlobalSettings.Value
HAVING (((GlobalSettings.Key) In ("Artist_Commission")) AND (LAST(GlobalSettings.dateUpdated<#2/26/2017#)))
ORDER BY Last(GlobalSettings.dateUpdated) DESC
17:51:01	Pulling data for Birthday_Card
17:51:01	Executing Query: SELECT TOP 1 GlobalSettings.Key, GlobalSettings.Value
FROM GlobalSettings
GROUP BY GlobalSettings.Key, GlobalSettings.Value
HAVING (((GlobalSettings.Key) In ("Birthday_Card")) AND (LAST(GlobalSettings.dateUpdated<#2/26/2017#)))
ORDER BY Last(GlobalSettings.dateUpdated) DESC
17:51:01	Pulling data for Max_Addon_Commission
17:51:01	Executing Query: SELECT TOP 1 GlobalSettings.Key, GlobalSettings.Value
FROM GlobalSettings
GROUP BY GlobalSettings.Key, GlobalSettings.Value
HAVING (((GlobalSettings.Key) In ("Max_Addon_Commission")) AND (LAST(GlobalSettings.dateUpdated<#2/26/2017#)))
ORDER BY Last(GlobalSettings.dateUpdated) DESC
17:51:01	Pulling data for Presale_Discount
17:51:01	Executing Query: SELECT TOP 1 GlobalSettings.Key, GlobalSettings.Value
FROM GlobalSettings
GROUP BY GlobalSettings.Key, GlobalSettings.Value
HAVING (((GlobalSettings.Key) In ("Presale_Discount")) AND (LAST(GlobalSettings.dateUpdated<#2/26/2017#)))
ORDER BY Last(GlobalSettings.dateUpdated) DESC
17:51:01	Pulling data for Regular_Tickets_Sale
17:51:01	Executing Query: SELECT TOP 1 GlobalSettings.Key, GlobalSettings.Value
FROM GlobalSettings
GROUP BY GlobalSettings.Key, GlobalSettings.Value
HAVING (((GlobalSettings.Key) In ("Regular_Tickets_Sale")) AND (LAST(GlobalSettings.dateUpdated<#2/26/2017#)))
ORDER BY Last(GlobalSettings.dateUpdated) DESC
17:51:01	Pulling data for Max_Presale_Tickets
17:51:01	Executing Query: SELECT TOP 1 GlobalSettings.Key, GlobalSettings.Value
FROM GlobalSettings
GROUP BY GlobalSettings.Key, GlobalSettings.Value
HAVING (((GlobalSettings.Key) In ("Max_Presale_Tickets")) AND (LAST(GlobalSettings.dateUpdated<#2/26/2017#)))
ORDER BY Last(GlobalSettings.dateUpdated) DESC
17:51:01	Pulling data for Minimum_Days_Before_Presale
17:51:01	Executing Query: SELECT TOP 1 GlobalSettings.Key, GlobalSettings.Value
FROM GlobalSettings
GROUP BY GlobalSettings.Key, GlobalSettings.Value
HAVING (((GlobalSettings.Key) In ("Minimum_Days_Before_Presale")) AND (LAST(GlobalSettings.dateUpdated<#2/26/2017#)))
ORDER BY Last(GlobalSettings.dateUpdated) DESC
17:51:01	Max_Allowed_Showtime: 2
17:51:01	Location_Commission: 20
17:51:01	Show_Approval_Timeout: 7
17:51:01	Show_Addon_Commission: 2
17:51:01	Artist_Commission: 12
17:51:01	Birthday_Card: 
17:51:01	Max_Addon_Commission: 8
17:51:01	Presale_Discount: 10
17:51:01	Regular_Tickets_Sale: 14
17:51:01	Max_Presale_Tickets: 4
17:51:01	Minimum_Days_Before_Presale: 21
