=================  iMuzaMusic v1.0 - Tue Feb 28 12:14:20 IST 2017 ==================
12:14:20	Attempting connection to MS Access DB
12:14:20	DB File: C:\Users\nisan\Documents\Git\HandsInAirLatest\sources\MM_DB.accdb
12:14:21	Successfully connected to MS Access DB.
12:14:21	Opening Login Window through iWindow
12:14:21	Submitted
12:14:21	User: RE001 Password: admin
12:14:21	Attempting login using RE001/admin
12:14:22	Artist logged in
12:14:22	Initiating main UI
12:14:22	Aquiring menu for RE001 Auth: Representative
12:14:26	DF: 2/28/2017 12:14:26 PM
12:14:26	TS: 2017-02-28 12:14:26.395 TST: 1488276866395 dd: 2017-02-28 ddt: 1488276866395
12:14:26	Pulling data for Max_Allowed_Showtime
12:14:26	Executing Query: SELECT TOP 1 GlobalSettings.Key, GlobalSettings.Value
FROM GlobalSettings
GROUP BY GlobalSettings.Key, GlobalSettings.Value
HAVING (((GlobalSettings.Key) In ("Max_Allowed_Showtime")) AND (LAST(GlobalSettings.dateUpdated<=#2/28/2017 12:14:26 PM#)))
ORDER BY Last(GlobalSettings.dateUpdated) DESC
12:14:26	Pulling data for Location_Commission
12:14:26	Executing Query: SELECT TOP 1 GlobalSettings.Key, GlobalSettings.Value
FROM GlobalSettings
GROUP BY GlobalSettings.Key, GlobalSettings.Value
HAVING (((GlobalSettings.Key) In ("Location_Commission")) AND (LAST(GlobalSettings.dateUpdated<=#2/28/2017 12:14:26 PM#)))
ORDER BY Last(GlobalSettings.dateUpdated) DESC
12:14:26	Pulling data for Show_Approval_Timeout
12:14:26	Executing Query: SELECT TOP 1 GlobalSettings.Key, GlobalSettings.Value
FROM GlobalSettings
GROUP BY GlobalSettings.Key, GlobalSettings.Value
HAVING (((GlobalSettings.Key) In ("Show_Approval_Timeout")) AND (LAST(GlobalSettings.dateUpdated<=#2/28/2017 12:14:26 PM#)))
ORDER BY Last(GlobalSettings.dateUpdated) DESC
12:14:26	Pulling data for Show_Addon_Commission
12:14:26	Executing Query: SELECT TOP 1 GlobalSettings.Key, GlobalSettings.Value
FROM GlobalSettings
GROUP BY GlobalSettings.Key, GlobalSettings.Value
HAVING (((GlobalSettings.Key) In ("Show_Addon_Commission")) AND (LAST(GlobalSettings.dateUpdated<=#2/28/2017 12:14:26 PM#)))
ORDER BY Last(GlobalSettings.dateUpdated) DESC
12:14:26	Pulling data for Artist_Commission
12:14:26	Executing Query: SELECT TOP 1 GlobalSettings.Key, GlobalSettings.Value
FROM GlobalSettings
GROUP BY GlobalSettings.Key, GlobalSettings.Value
HAVING (((GlobalSettings.Key) In ("Artist_Commission")) AND (LAST(GlobalSettings.dateUpdated<=#2/28/2017 12:14:26 PM#)))
ORDER BY Last(GlobalSettings.dateUpdated) DESC
12:14:26	Pulling data for Birthday_Card
12:14:26	Executing Query: SELECT TOP 1 GlobalSettings.Key, GlobalSettings.Value
FROM GlobalSettings
GROUP BY GlobalSettings.Key, GlobalSettings.Value
HAVING (((GlobalSettings.Key) In ("Birthday_Card")) AND (LAST(GlobalSettings.dateUpdated<=#2/28/2017 12:14:26 PM#)))
ORDER BY Last(GlobalSettings.dateUpdated) DESC
12:14:26	Pulling data for Max_Addon_Commission
12:14:26	Executing Query: SELECT TOP 1 GlobalSettings.Key, GlobalSettings.Value
FROM GlobalSettings
GROUP BY GlobalSettings.Key, GlobalSettings.Value
HAVING (((GlobalSettings.Key) In ("Max_Addon_Commission")) AND (LAST(GlobalSettings.dateUpdated<=#2/28/2017 12:14:26 PM#)))
ORDER BY Last(GlobalSettings.dateUpdated) DESC
12:14:26	Pulling data for Presale_Discount
12:14:26	Executing Query: SELECT TOP 1 GlobalSettings.Key, GlobalSettings.Value
FROM GlobalSettings
GROUP BY GlobalSettings.Key, GlobalSettings.Value
HAVING (((GlobalSettings.Key) In ("Presale_Discount")) AND (LAST(GlobalSettings.dateUpdated<=#2/28/2017 12:14:26 PM#)))
ORDER BY Last(GlobalSettings.dateUpdated) DESC
12:14:26	Pulling data for Regular_Tickets_Sale
12:14:26	Executing Query: SELECT TOP 1 GlobalSettings.Key, GlobalSettings.Value
FROM GlobalSettings
GROUP BY GlobalSettings.Key, GlobalSettings.Value
HAVING (((GlobalSettings.Key) In ("Regular_Tickets_Sale")) AND (LAST(GlobalSettings.dateUpdated<=#2/28/2017 12:14:26 PM#)))
ORDER BY Last(GlobalSettings.dateUpdated) DESC
12:14:26	Pulling data for Max_Presale_Tickets
12:14:26	Executing Query: SELECT TOP 1 GlobalSettings.Key, GlobalSettings.Value
FROM GlobalSettings
GROUP BY GlobalSettings.Key, GlobalSettings.Value
HAVING (((GlobalSettings.Key) In ("Max_Presale_Tickets")) AND (LAST(GlobalSettings.dateUpdated<=#2/28/2017 12:14:26 PM#)))
ORDER BY Last(GlobalSettings.dateUpdated) DESC
12:14:26	Pulling data for Minimum_Days_Before_Presale
12:14:26	Executing Query: SELECT TOP 1 GlobalSettings.Key, GlobalSettings.Value
FROM GlobalSettings
GROUP BY GlobalSettings.Key, GlobalSettings.Value
HAVING (((GlobalSettings.Key) In ("Minimum_Days_Before_Presale")) AND (LAST(GlobalSettings.dateUpdated<=#2/28/2017 12:14:26 PM#)))
ORDER BY Last(GlobalSettings.dateUpdated) DESC
12:14:26	Max_Allowed_Showtime: 2
12:14:26	Location_Commission: 20
12:14:26	Show_Approval_Timeout: 7
12:14:26	Show_Addon_Commission: 10
12:14:26	Artist_Commission: 30
12:14:26	Birthday_Card: 
12:14:26	Max_Addon_Commission: 8
12:14:26	Presale_Discount: 10
12:14:26	Regular_Tickets_Sale: 14
12:14:26	Max_Presale_Tickets: 4
12:14:26	Minimum_Days_Before_Presale: 21
12:14:30	Starting to update global settings
12:14:30	Sending UPDATE Query: INSERT INTO GlobalSettings(Key, Value, Comment, dateUpdated) VALUES ("Max_Allowed_Showtime","2","Updated By RE001", Now())
12:14:30	Sending UPDATE Query: INSERT INTO GlobalSettings(Key, Value, Comment, dateUpdated) VALUES ("Location_Commission","20","Updated By RE001", Now())
12:14:30	Sending UPDATE Query: INSERT INTO GlobalSettings(Key, Value, Comment, dateUpdated) VALUES ("Show_Approval_Timeout","7","Updated By RE001", Now())
12:14:30	Sending UPDATE Query: INSERT INTO GlobalSettings(Key, Value, Comment, dateUpdated) VALUES ("Show_Addon_Commission","10","Updated By RE001", Now())
12:14:30	Sending UPDATE Query: INSERT INTO GlobalSettings(Key, Value, Comment, dateUpdated) VALUES ("Artist_Commission","30","Updated By RE001", Now())
12:14:30	Sending UPDATE Query: INSERT INTO GlobalSettings(Key, Value, Comment, dateUpdated) VALUES ("Max_Addon_Commission","8","Updated By RE001", Now())
12:14:30	Sending UPDATE Query: INSERT INTO GlobalSettings(Key, Value, Comment, dateUpdated) VALUES ("Presale_Discount","10","Updated By RE001", Now())
12:14:30	Sending UPDATE Query: INSERT INTO GlobalSettings(Key, Value, Comment, dateUpdated) VALUES ("Regular_Tickets_Sale","14","Updated By RE001", Now())
12:14:30	Sending UPDATE Query: INSERT INTO GlobalSettings(Key, Value, Comment, dateUpdated) VALUES ("Max_Presale_Tickets","4","Updated By RE001", Now())
12:14:30	Sending UPDATE Query: INSERT INTO GlobalSettings(Key, Value, Comment, dateUpdated) VALUES ("Minimum_Days_Before_Presale","21","Updated By RE001", Now())
12:14:30	Sending UPDATE Query: INSERT INTO BDayCards values ("sss")
12:14:30	Sending UPDATE Query: INSERT INTO GlobalSettings(Key, Value, Comment, dateUpdated) VALUES ("Birthday_Card",1,"Updated By RE001", Now())
