=================  iMuzaMusic v1.0 - Mon Feb 20 00:38:47 IST 2017 ==================
00:38:47	Attempting connection to MS Access DB
00:38:47	DB File: C:\Users\nisan\Documents\Git\HandsInAirLatest\sources\MM_DB.accdb
00:38:48	Successfully connected to MS Access DB.
00:38:48	Opening Login Window through iWindow
00:38:48	Submitted
00:38:48	User: AG001 Password: asf230g2
00:38:48	Attempting login using AG001/asf230g2
00:38:48	Agent logged in
00:38:48	Initiating main UI
00:38:50	Removing Rotshild from favorited list
00:38:50	Removing Sleek from favorited list
00:38:50	Found 2 favorited locations
00:39:16	Removing Rotshild from favorited list
00:39:16	Removing Sleek from favorited list
00:39:16	Found 2 favorited locations
00:39:18	Sending UPDATE Query: INSERT INTO AgentPreferLocation (AgentID, LocationID) values ("AG001","LC001")
00:39:18	Removing Barbarosa from favorited list
00:39:18	Removing Rotshild from favorited list
00:39:18	Removing Sleek from favorited list
00:39:18	Found 3 favorited locations
00:39:42	Removing Barbarosa from favorited list
00:39:42	Removing Rotshild from favorited list
00:39:42	Removing Sleek from favorited list
00:39:42	Found 3 favorited locations
