=================  iMuzaMusic v1.0 - Wed Feb 22 03:00:45 IST 2017 ==================
03:00:45	Attempting connection to MS Access DB
03:00:45	DB File: C:\Users\nisan\Documents\Git\HandsInAirLatest\sources\MM_DB.accdb
03:00:46	Successfully connected to MS Access DB.
03:00:46	Opening Login Window through iWindow
03:00:47	Submitted
03:00:47	User: LR001 Password: 2ef92hf
03:00:47	Attempting login using LR001/2ef92hf
03:00:47	Location Represantative logged in
03:00:47	Initiating main UI
03:00:51	Logging out..
03:00:51	Successfully logged out
03:00:51	Submitted
03:00:51	User: LR001 Password: 2ef92hf
03:00:51	Attempting login using LR001/2ef92hf
03:00:51	Location Represantative logged in
03:00:51	Initiating main UI
03:00:51	Activating login screen
03:01:13	Submitted
03:01:13	User: CU0123 Password: eg2j0g
03:01:13	Attempting login using CU0123/eg2j0g
03:01:13	test
03:01:13	Customer logged in
03:01:13	Initiating main UI
03:01:13	Added show to ShowList (PF030 Justin Bieber)
03:01:14	Refreshing show info (PF030)
03:01:14	Starting to refresh show details..
03:01:18	Opening URL: https://www.google.co.il/maps/place/%25D7%2594%25D7%2594%25D7%2592%25D7%25A0%25D7%2594+20,+%25D7%2590%25D7%2596%25D7%2595%25D7%25A8%25E2%2580%25AD/@32.0267995,34.8072585,17z/data=!3m1!4b1!4m5!3m4!1s0x151d4b32506ae2e9:0x9040f73f144e5513!8m2!3d32.0267995!4d34.8050698 OK!
03:01:21	Quitting MuzaMusic
