=================  iMuzaMusic v1.0 - Tue Feb 28 13:10:09 IST 2017 ==================
13:10:09	Attempting connection to MS Access DB
13:10:09	DB File: C:\Users\nisan\Documents\Git\HandsInAirLatest\sources\MM_DB.accdb
13:10:10	Successfully connected to MS Access DB.
13:10:10	Opening Login Window through iWindow
13:10:10	Submitted
13:10:10	User: RE001 Password: admin
13:10:10	Attempting login using RE001/admin
13:10:10	Artist logged in
13:10:10	Initiating main UI
13:10:10	Aquiring menu for RE001 Auth: Representative
13:10:11	Logging out..
13:10:11	Successfully logged out
13:10:11	Submitted
13:10:11	User: RE001 Password: admin
13:10:11	Attempting login using RE001/admin
13:10:11	Artist logged in
13:10:11	Initiating main UI
13:10:11	Aquiring menu for RE001 Auth: Representative
13:10:11	Activating login screen
13:10:14	Submitted
13:10:14	User: AG003 Password: asf12gg12
13:10:14	Attempting login using AG003/asf12gg12
13:10:14	Agent logged in
13:10:14	Initiating main UI
13:10:14	Aquiring menu for AG003 Auth: Agent
13:10:17	Importing XML from iRecord System
13:10:17	Successfully imported 8 artists sessions from iRecord.
13:10:19	PF009 Rihanna Sleek 2017-02-14
13:10:22	Sending UPDATE Query: update ShowsToArtists set Status=2 where ShowID="PF009" AND ArtistID="AR231"
13:10:22	Updating show status: PF009
13:10:22	Show date: 2017-02-14
13:10:22	Show Status: Awaiting Approval
13:10:22	Approving show!
13:10:22	Sending UPDATE Query: UPDATE Shows set pStatus="Approved" where pID in ("PF009")
13:10:22	Update Attendance: ArtistID: AR231 ShowID: PF009 Status: true
13:10:25	Logging out..
13:10:25	Successfully logged out
13:10:25	Submitted
13:10:25	User: RE001 Password: admin
13:10:25	Attempting login using RE001/admin
13:10:25	Artist logged in
13:10:25	Initiating main UI
13:10:25	Aquiring menu for RE001 Auth: Representative
13:10:25	Activating login screen
13:10:44	Submitted
13:10:44	User: CU0123 Password: eg2j0g
13:10:44	Attempting login using CU0123/eg2j0g
13:10:44	test
13:10:44	Customer logged in
13:10:44	Initiating main UI
13:10:44	Aquiring menu for CU0123 Auth: Customer
13:10:45	Added show to ShowList (PF006 Rihanna)
13:10:48	Refreshing show info (PF006)
13:10:48	Starting to refresh show details..
13:10:48	TEXT BEFORE: Drake, 
13:10:48	TEXT AFTER: Drake.
13:10:49	Difference between 2017-03-23 and 2017-02-28 is 23 days
13:10:49	Difference between 2017-03-23 and 2017-02-28 is 23 days
13:10:49	Client has 0 tickets left to purchase on Presale
13:10:49	Show PF006 is on PreSale!
13:10:51	Purchasing 3 tickets to show PF006 for customer Rafi Ben Shushan
13:10:51	Sending UPDATE Query: INSERT INTO ClientPurchases (ClientID, PerformenceID, NumberofTickets, datePurchased) values ("CU0123","PF006",3, "2017-02-28 13:10:51.824")
13:10:54	Added show to ShowList (PF006 Rihanna)
13:10:55	Refreshing show info (PF006)
13:10:55	Starting to refresh show details..
13:10:55	TEXT BEFORE: Drake, 
13:10:55	TEXT AFTER: Drake.
13:11:04	Artist FB: #https://www.facebook.com/justin.bib#
13:11:04	Artist FB: #https://www.facebook.com/shawnm#
13:11:04	Artist FB: #https://www.facebook.com/rihanna#
13:11:04	Artist FB: #https://www.facebook.com/sia#
13:11:04	Artist FB: #https://www.facebook.com/pita#
13:11:04	Artist FB: #https://www.facebook.com/drake#
13:11:04	Artist FB: facebook.com/url
13:11:04	Artist FB: facebook.com
13:11:04	Artist FB: facebook.com
13:11:04	Artist FB: facebook.com
13:11:04	Artist FB: facebook.com
13:11:04	Artist FB: facebook.com/last.aspx
13:11:04	Artist FB: facebook.com
13:11:04	Artist FB: facebook.com
13:11:04	Removing Justin Bieber from favorited list
13:11:04	Removing Rihanna from favorited list
13:11:04	Removing Drake from favorited list
13:11:04	Removing nis from favorited list
13:11:04	Found 4 favorited artists
13:11:07	Added show to ShowList (PF006 Rihanna)
13:11:08	Refreshing show info (PF006)
13:11:08	Starting to refresh show details..
13:11:08	TEXT BEFORE: Drake, 
13:11:08	TEXT AFTER: Drake.
