=================  iMuzaMusic v1.0 - Sat Feb 18 18:15:17 IST 2017 ==================
18:15:17	Attempting connection to MS Access DB
18:15:17	DB File: C:\Users\Administrator\Documents\NetBeansProjects2\HandsInAir\sources\MM_DB.accdb
18:15:19	Successfully connected to MS Access DB.
18:15:19	Opening Login Window through iWindow
18:15:19	Submitted
18:15:19	User: AG001 Password: asf230g2
18:15:19	Attempting login using AG001/asf230g2
18:15:19	Agent logged in
18:15:19	Initiating main UI
18:15:23	PF001 Drake Rotshild 2016-12-29
18:15:31	Getting unevaluated and evaluated artists for artist AR002
18:15:35	Sending UPDATE Query: DELETE FROM ArtistLikes WHERE ArtistID in("AR002")
18:15:35	Failed connected evaluations
18:15:35	Query: DELETE FROM ArtistLikes WHERE ArtistID in("AR002")
18:15:35	Sending UPDATE Query: INSERT INTO ArtistLikes (ArtistID, LikeID) VALUES ('AR002',"AR003")
18:15:35	Failed connected evaluations
18:15:35	Query: INSERT INTO ArtistLikes (ArtistID, LikeID) VALUES ('AR002',"AR003")
18:15:35	Sending UPDATE Query: INSERT INTO ArtistLikes (ArtistID, LikeID) VALUES ('AR002',"AR004")
18:15:35	Failed connected evaluations
18:15:35	Query: INSERT INTO ArtistLikes (ArtistID, LikeID) VALUES ('AR002',"AR004")
18:15:35	Sending UPDATE Query: INSERT INTO ArtistLikes (ArtistID, LikeID) VALUES ('AR002',"AR005")
18:15:35	Failed connected evaluations
18:15:35	Query: INSERT INTO ArtistLikes (ArtistID, LikeID) VALUES ('AR002',"AR005")
18:15:35	Sending UPDATE Query: INSERT INTO ArtistLikes (ArtistID, LikeID) VALUES ('AR002',"AR007")
18:15:35	Failed connected evaluations
18:15:35	Query: INSERT INTO ArtistLikes (ArtistID, LikeID) VALUES ('AR002',"AR007")
18:15:46	Sending UPDATE Query: update Artists set iStatus=1 where ArtistID="AR002"
18:15:47	Sending UPDATE Query: update Artists set iStatus=2 where ArtistID="AR002"
18:15:49	Sending UPDATE Query: update Artists set iStatus=1 where ArtistID="AR002"
18:15:51	Sending UPDATE Query: update Artists set iStatus=2 where ArtistID="AR002"
18:15:51	Sending UPDATE Query: update Artists set iStatus=1 where ArtistID="AR002"
18:16:23	PF002 Justin Bieber Barbarosa 2017-01-11
18:16:23	PF004 Sia Barbarosa 2016-10-10
18:16:24	PF001 Drake Rotshild 2016-12-29
18:16:28	PF002 Justin Bieber Barbarosa 2017-01-11
18:16:28	PF004 Sia Barbarosa 2016-10-10
