=================  iMuzaMusic v1.0 - Sat Feb 18 02:48:36 IST 2017 ==================
02:48:36	Attempting connection to MS Access DB
02:48:36	DB File: C:\Users\Administrator\Documents\NetBeansProjects2\HandsInAir\sources\MM_DB.accdb
02:48:39	Successfully connected to MS Access DB.
02:48:39	Opening Login Window through iWindow
02:48:39	Submitted
02:48:39	User: AG001 Password: asf230g2
02:48:39	Attempting login using AG001/asf230g2
02:48:40	Agent logged in
02:48:40	Initiating main UI
02:48:51	PF001 Drake Rotshild 2016-12-29
02:48:53	Getting unevaluated and evaluated artists for artist AR002
02:49:09	Sending UPDATE Query: INSERT INTO ArtistLikes (ArtistID, LikeID) VALUES ('AR002',"AR005")
02:49:09	Failed connected evaluations
02:49:09	Query: INSERT INTO ArtistLikes (ArtistID, LikeID) VALUES ('AR002',"AR005")
02:49:09	Sending UPDATE Query: INSERT INTO ArtistLikes (ArtistID, LikeID) VALUES ('AR002',"AR003")
02:49:09	Failed connected evaluations
02:49:09	Query: INSERT INTO ArtistLikes (ArtistID, LikeID) VALUES ('AR002',"AR003")
02:49:09	Sending UPDATE Query: INSERT INTO ArtistLikes (ArtistID, LikeID) VALUES ('AR002',"AR005")
02:49:09	Failed connected evaluations
02:49:09	Query: INSERT INTO ArtistLikes (ArtistID, LikeID) VALUES ('AR002',"AR005")
02:49:09	Sending UPDATE Query: INSERT INTO ArtistLikes (ArtistID, LikeID) VALUES ('AR002',"AR003")
02:49:09	Failed connected evaluations
02:49:09	Query: INSERT INTO ArtistLikes (ArtistID, LikeID) VALUES ('AR002',"AR003")
