=================  iMuzaMusic v1.0 - Wed Feb 22 18:31:27 IST 2017 ==================
18:31:27	Attempting connection to MS Access DB
18:31:27	DB File: C:\Users\nisan\Documents\Git\HandsInAirLatest\sources\MM_DB.accdb
18:31:28	Successfully connected to MS Access DB.
18:31:28	Opening Login Window through iWindow
18:31:28	Submitted
18:31:28	User: CU0123 Password: eg2j0g
18:31:28	Attempting login using CU0123/eg2j0g
18:31:28	test
18:31:28	Customer logged in
18:31:28	Initiating main UI
18:31:32	Artist FB: #https://www.facebook.com/justin.bib#
18:31:32	Artist FB: #https://www.facebook.com/shawnm#
18:31:32	Artist FB: #https://www.facebook.com/rihanna#
18:31:32	Artist FB: #https://www.facebook.com/sia#
18:31:32	Artist FB: #https://www.facebook.com/pita#
18:31:32	Artist FB: #https://www.facebook.com/drake#
18:31:32	Artist FB: facebook.com/url
18:31:32	Artist FB: facebook.com
18:31:32	Artist FB: facebook.com
18:31:32	Artist FB: facebook.com
18:31:32	Artist FB: facebook.com
18:31:32	Artist FB: facebook.com/last.aspx
18:31:32	Removing Drake from favorited list
18:31:32	Removing nis from favorited list
18:31:32	Found 2 favorited artists
18:31:39	Sending UPDATE Query: INSERT INTO CustomerAdmires (ClientID, ArtistID) values ("CU0123","AR002")
18:31:39	Artist FB: #https://www.facebook.com/justin.bib#
18:31:39	Artist FB: #https://www.facebook.com/shawnm#
18:31:39	Artist FB: #https://www.facebook.com/rihanna#
18:31:39	Artist FB: #https://www.facebook.com/sia#
18:31:39	Artist FB: #https://www.facebook.com/pita#
18:31:39	Artist FB: #https://www.facebook.com/drake#
18:31:39	Artist FB: facebook.com/url
18:31:39	Artist FB: facebook.com
18:31:39	Artist FB: facebook.com
18:31:39	Artist FB: facebook.com
18:31:39	Artist FB: facebook.com
18:31:39	Artist FB: facebook.com/last.aspx
18:31:39	Removing Justin Bieber from favorited list
18:31:39	Removing Drake from favorited list
18:31:39	Removing nis from favorited list
18:31:39	Found 3 favorited artists
18:31:42	Sending UPDATE Query: delete from CustomerAdmires where ClientID="CU0123" AND ArtistID="AR235"
18:31:42	Cancel favorited Artist: ArtistID: AR235
18:31:42	Artist FB: #https://www.facebook.com/justin.bib#
18:31:42	Artist FB: #https://www.facebook.com/shawnm#
18:31:42	Artist FB: #https://www.facebook.com/rihanna#
18:31:42	Artist FB: #https://www.facebook.com/sia#
18:31:42	Artist FB: #https://www.facebook.com/pita#
18:31:42	Artist FB: #https://www.facebook.com/drake#
18:31:42	Artist FB: facebook.com/url
18:31:42	Artist FB: facebook.com
18:31:42	Artist FB: facebook.com
18:31:42	Artist FB: facebook.com
18:31:42	Artist FB: facebook.com
18:31:42	Artist FB: facebook.com/last.aspx
18:31:42	Removing Justin Bieber from favorited list
18:31:42	Removing Drake from favorited list
18:31:42	Found 2 favorited artists
18:31:44	Artist FB: #https://www.facebook.com/justin.bib#
18:31:44	Artist FB: #https://www.facebook.com/shawnm#
18:31:44	Artist FB: #https://www.facebook.com/rihanna#
18:31:44	Artist FB: #https://www.facebook.com/sia#
18:31:44	Artist FB: #https://www.facebook.com/pita#
18:31:44	Artist FB: #https://www.facebook.com/drake#
18:31:44	Artist FB: facebook.com/url
18:31:44	Artist FB: facebook.com
18:31:44	Artist FB: facebook.com
18:31:44	Artist FB: facebook.com
18:31:44	Artist FB: facebook.com
18:31:44	Artist FB: facebook.com/last.aspx
18:31:44	Removing Justin Bieber from favorited list
18:31:44	Removing Drake from favorited list
18:31:44	Found 2 favorited artists
18:31:47	Sending UPDATE Query: delete from CustomerAdmires where ClientID="CU0123" AND ArtistID="AR231"
18:31:47	Cancel favorited Artist: ArtistID: AR231
18:31:47	Artist FB: #https://www.facebook.com/justin.bib#
18:31:47	Artist FB: #https://www.facebook.com/shawnm#
18:31:47	Artist FB: #https://www.facebook.com/rihanna#
18:31:47	Artist FB: #https://www.facebook.com/sia#
18:31:47	Artist FB: #https://www.facebook.com/pita#
18:31:47	Artist FB: #https://www.facebook.com/drake#
18:31:47	Artist FB: facebook.com/url
18:31:47	Artist FB: facebook.com
18:31:47	Artist FB: facebook.com
18:31:47	Artist FB: facebook.com
18:31:47	Artist FB: facebook.com
18:31:47	Artist FB: facebook.com/last.aspx
18:31:47	Removing Justin Bieber from favorited list
18:31:47	Found 1 favorited artists
18:31:51	Sending UPDATE Query: INSERT INTO CustomerAdmires (ClientID, ArtistID) values ("CU0123","AR235")
18:31:51	Artist FB: #https://www.facebook.com/justin.bib#
18:31:51	Artist FB: #https://www.facebook.com/shawnm#
18:31:51	Artist FB: #https://www.facebook.com/rihanna#
18:31:51	Artist FB: #https://www.facebook.com/sia#
18:31:51	Artist FB: #https://www.facebook.com/pita#
18:31:51	Artist FB: #https://www.facebook.com/drake#
18:31:51	Artist FB: facebook.com/url
18:31:51	Artist FB: facebook.com
18:31:51	Artist FB: facebook.com
18:31:51	Artist FB: facebook.com
18:31:51	Artist FB: facebook.com
18:31:51	Artist FB: facebook.com/last.aspx
18:31:51	Removing Justin Bieber from favorited list
18:31:51	Removing nis from favorited list
18:31:51	Found 2 favorited artists
