=================  iMuzaMusic v1.0 - Thu Feb 23 14:41:15 IST 2017 ==================
14:41:15	Attempting connection to MS Access DB
14:41:15	DB File: C:\Users\nisan\Documents\Git\HandsInAirLatest\sources\MM_DB.accdb
14:41:17	Successfully connected to MS Access DB.
14:41:17	Opening Login Window through iWindow
14:41:17	Submitted
14:41:17	User: LR001 Password: 2ef92hf
14:41:17	Attempting login using LR001/2ef92hf
14:41:17	Location Represantative logged in
14:41:17	Initiating main UI
14:41:19	Artist FB: #https://www.facebook.com/justin.bib#
14:41:19	Artist FB: #https://www.facebook.com/shawnm#
14:41:19	Artist FB: #https://www.facebook.com/rihanna#
14:41:19	Artist FB: #https://www.facebook.com/sia#
14:41:19	Artist FB: #https://www.facebook.com/pita#
14:41:19	Artist FB: #https://www.facebook.com/drake#
14:41:19	Artist FB: facebook.com/url
14:41:19	Artist FB: facebook.com
14:41:19	Artist FB: facebook.com
14:41:19	Artist FB: facebook.com
14:41:19	Artist FB: facebook.com
14:41:19	Artist FB: facebook.com/last.aspx
14:41:19	Found 0 favorited artists
14:41:19	Added show to ShowList (PF018 Shawn Mendes)
14:41:19	Added show to ShowList (PF017 Justin Bieber)
14:41:19	Added show to ShowList (PF019 Shawn Mendes)
