=================  iMuzaMusic v1.0 - Sun Feb 26 18:00:08 IST 2017 ==================
18:00:08	Attempting connection to MS Access DB
18:00:08	DB File: C:\Users\nisan\Documents\Git\HandsInAirLatest\sources\MM_DB.accdb
18:00:09	Successfully connected to MS Access DB.
18:00:09	Opening Login Window through iWindow
18:00:09	Submitted
18:00:09	User: RE001 Password: admin
18:00:09	Attempting login using RE001/admin
18:00:09	Artist logged in
18:00:09	Initiating main UI
18:00:09	Aquiring menu for RE001 Auth: Representative
18:00:10	TS: 2017-02-26 18:00:10.854 TST: 1488124810854 dd: 2017-02-26 ddt: 1488124810854
18:00:10	Pulling data for Max_Allowed_Showtime
18:00:10	Executing Query: SELECT TOP 1 GlobalSettings.Key, GlobalSettings.Value
FROM GlobalSettings
GROUP BY GlobalSettings.Key, GlobalSettings.Value
HAVING (((GlobalSettings.Key) In ("Max_Allowed_Showtime")) AND (LAST(GlobalSettings.dateUpdated<#2/26/2017#)))
ORDER BY Last(GlobalSettings.dateUpdated) DESC
18:00:10	Pulling data for Location_Commission
18:00:10	Executing Query: SELECT TOP 1 GlobalSettings.Key, GlobalSettings.Value
FROM GlobalSettings
GROUP BY GlobalSettings.Key, GlobalSettings.Value
HAVING (((GlobalSettings.Key) In ("Location_Commission")) AND (LAST(GlobalSettings.dateUpdated<#2/26/2017#)))
ORDER BY Last(GlobalSettings.dateUpdated) DESC
18:00:10	Pulling data for Show_Approval_Timeout
18:00:10	Executing Query: SELECT TOP 1 GlobalSettings.Key, GlobalSettings.Value
FROM GlobalSettings
GROUP BY GlobalSettings.Key, GlobalSettings.Value
HAVING (((GlobalSettings.Key) In ("Show_Approval_Timeout")) AND (LAST(GlobalSettings.dateUpdated<#2/26/2017#)))
ORDER BY Last(GlobalSettings.dateUpdated) DESC
18:00:10	Pulling data for Show_Addon_Commission
18:00:10	Executing Query: SELECT TOP 1 GlobalSettings.Key, GlobalSettings.Value
FROM GlobalSettings
GROUP BY GlobalSettings.Key, GlobalSettings.Value
HAVING (((GlobalSettings.Key) In ("Show_Addon_Commission")) AND (LAST(GlobalSettings.dateUpdated<#2/26/2017#)))
ORDER BY Last(GlobalSettings.dateUpdated) DESC
18:00:10	Pulling data for Artist_Commission
18:00:10	Executing Query: SELECT TOP 1 GlobalSettings.Key, GlobalSettings.Value
FROM GlobalSettings
GROUP BY GlobalSettings.Key, GlobalSettings.Value
HAVING (((GlobalSettings.Key) In ("Artist_Commission")) AND (LAST(GlobalSettings.dateUpdated<#2/26/2017#)))
ORDER BY Last(GlobalSettings.dateUpdated) DESC
18:00:10	Pulling data for Birthday_Card
18:00:10	Executing Query: SELECT TOP 1 GlobalSettings.Key, GlobalSettings.Value
FROM GlobalSettings
GROUP BY GlobalSettings.Key, GlobalSettings.Value
HAVING (((GlobalSettings.Key) In ("Birthday_Card")) AND (LAST(GlobalSettings.dateUpdated<#2/26/2017#)))
ORDER BY Last(GlobalSettings.dateUpdated) DESC
18:00:10	Pulling data for Max_Addon_Commission
18:00:10	Executing Query: SELECT TOP 1 GlobalSettings.Key, GlobalSettings.Value
FROM GlobalSettings
GROUP BY GlobalSettings.Key, GlobalSettings.Value
HAVING (((GlobalSettings.Key) In ("Max_Addon_Commission")) AND (LAST(GlobalSettings.dateUpdated<#2/26/2017#)))
ORDER BY Last(GlobalSettings.dateUpdated) DESC
18:00:10	Pulling data for Presale_Discount
18:00:10	Executing Query: SELECT TOP 1 GlobalSettings.Key, GlobalSettings.Value
FROM GlobalSettings
GROUP BY GlobalSettings.Key, GlobalSettings.Value
HAVING (((GlobalSettings.Key) In ("Presale_Discount")) AND (LAST(GlobalSettings.dateUpdated<#2/26/2017#)))
ORDER BY Last(GlobalSettings.dateUpdated) DESC
18:00:10	Pulling data for Regular_Tickets_Sale
18:00:10	Executing Query: SELECT TOP 1 GlobalSettings.Key, GlobalSettings.Value
FROM GlobalSettings
GROUP BY GlobalSettings.Key, GlobalSettings.Value
HAVING (((GlobalSettings.Key) In ("Regular_Tickets_Sale")) AND (LAST(GlobalSettings.dateUpdated<#2/26/2017#)))
ORDER BY Last(GlobalSettings.dateUpdated) DESC
18:00:10	Pulling data for Max_Presale_Tickets
18:00:10	Executing Query: SELECT TOP 1 GlobalSettings.Key, GlobalSettings.Value
FROM GlobalSettings
GROUP BY GlobalSettings.Key, GlobalSettings.Value
HAVING (((GlobalSettings.Key) In ("Max_Presale_Tickets")) AND (LAST(GlobalSettings.dateUpdated<#2/26/2017#)))
ORDER BY Last(GlobalSettings.dateUpdated) DESC
18:00:10	Pulling data for Minimum_Days_Before_Presale
18:00:10	Executing Query: SELECT TOP 1 GlobalSettings.Key, GlobalSettings.Value
FROM GlobalSettings
GROUP BY GlobalSettings.Key, GlobalSettings.Value
HAVING (((GlobalSettings.Key) In ("Minimum_Days_Before_Presale")) AND (LAST(GlobalSettings.dateUpdated<#2/26/2017#)))
ORDER BY Last(GlobalSettings.dateUpdated) DESC
18:00:10	Max_Allowed_Showtime: 2
18:00:10	Location_Commission: 20
18:00:10	Show_Approval_Timeout: 7
18:00:10	Show_Addon_Commission: 2
18:00:10	Artist_Commission: 12
18:00:10	Birthday_Card: 
18:00:10	Max_Addon_Commission: 8
18:00:10	Presale_Discount: 10
18:00:10	Regular_Tickets_Sale: 14
18:00:10	Max_Presale_Tickets: 4
18:00:10	Minimum_Days_Before_Presale: 21
