=================  iMuzaMusic v1.0 - Sat Feb 25 22:08:08 IST 2017 ==================
22:08:08	Attempting connection to MS Access DB
22:08:08	DB File: C:\Users\nisan\Documents\Git\HandsInAirLatest\sources\MM_DB.accdb
22:08:10	Successfully connected to MS Access DB.
22:08:10	Opening Login Window through iWindow
22:08:10	Submitted
22:08:10	User: LR006 Password: admin
22:08:10	Attempting login using LR006/admin
22:08:10	Location Represantative logged in
22:08:10	Initiating main UI
22:08:10	Aquiring menu for LR006 Auth: Location Representative
22:08:11	Aquiring location details for LRep LR006
22:08:11	Returning next ID for Location - LC006
22:08:36	Inserting new location: LC006
22:08:36	INSERT INTO Locations(LocationID, strName, strAddress, strEmail, urlGoogleMap, iPhoneNumber, iMaxCapacity, RepID)
 VALUES ("LC006","Hanavi 6, TLV","new@email.com", "http://google.com", "0508557689", 99, "LR006")
22:08:36	Sending UPDATE Query: INSERT INTO Locations(LocationID, strName, strAddress, strEmail, urlGoogleMap, iPhoneNumber, iMaxCapacity, RepID)
 VALUES ("LC006","Hanavi 6, TLV","new@email.com", "http://google.com", "0508557689", 99, "LR006")
22:08:36	Adding OpenLocation Details for Location #LC006
22:08:36	Sending UPDATE Query: INSERT INTO OpenLocation (iLocation, StageTop, isExistingSits, isStageLifted, isExistingAmp, isExistingToilets)VALUES("LC006", "Partial",1, 1, 1, 1)
