=================  iMuzaMusic v1.0 - Mon Feb 20 01:33:45 IST 2017 ==================
01:33:45	Attempting connection to MS Access DB
01:33:45	DB File: C:\Users\nisan\Documents\Git\HandsInAirLatest\sources\MM_DB.accdb
01:33:47	Successfully connected to MS Access DB.
01:33:47	Opening Login Window through iWindow
01:33:47	Submitted
01:33:47	User: AG001 Password: asf230g2
01:33:47	Attempting login using AG001/asf230g2
01:33:47	Agent logged in
01:33:47	Initiating main UI
01:33:48	Logging out..
01:33:48	Successfully logged out
01:33:48	Submitted
01:33:48	User: AG001 Password: asf230g2
01:33:48	Attempting login using AG001/asf230g2
01:33:48	Agent logged in
01:33:48	Initiating main UI
01:33:48	Activating login screen
01:33:49	Logging out..
01:33:49	Successfully logged out
01:33:49	Submitted
01:33:49	User: AG001 Password: asf230g2
01:33:49	Attempting login using AG001/asf230g2
01:33:49	Agent logged in
01:33:49	Initiating main UI
01:33:49	Activating login screen
01:33:49	Logging out..
01:33:49	Successfully logged out
01:33:50	Submitted
01:33:50	User: AG001 Password: asf230g2
01:33:50	Attempting login using AG001/asf230g2
01:33:50	Agent logged in
01:33:50	Initiating main UI
01:33:50	Activating login screen
01:33:50	Logging out..
01:33:50	Successfully logged out
01:33:50	Submitted
01:33:50	User: AG001 Password: asf230g2
01:33:50	Attempting login using AG001/asf230g2
01:33:50	Agent logged in
01:33:50	Initiating main UI
01:33:50	Activating login screen
01:33:50	Logging out..
01:33:50	Successfully logged out
01:33:50	Submitted
01:33:50	User: AG001 Password: asf230g2
01:33:50	Attempting login using AG001/asf230g2
01:33:50	Agent logged in
01:33:50	Initiating main UI
01:33:50	Activating login screen
01:33:50	Logging out..
01:33:51	Successfully logged out
01:33:51	Submitted
01:33:51	User: AG001 Password: asf230g2
01:33:51	Attempting login using AG001/asf230g2
01:33:51	Agent logged in
01:33:51	Initiating main UI
01:33:51	Activating login screen
01:33:52	Logging out..
01:33:53	Successfully logged out
01:33:53	Submitted
01:33:53	User: AG001 Password: asf230g2
01:33:53	Attempting login using AG001/asf230g2
01:33:53	Agent logged in
01:33:53	Initiating main UI
01:33:53	Activating login screen
01:33:53	Logging out..
01:33:53	Successfully logged out
01:33:53	Submitted
01:33:53	User: AG001 Password: asf230g2
01:33:53	Attempting login using AG001/asf230g2
01:33:53	Agent logged in
01:33:53	Initiating main UI
01:33:53	Activating login screen
01:33:53	Logging out..
01:33:53	Successfully logged out
01:33:53	Submitted
01:33:53	User: AG001 Password: asf230g2
01:33:53	Attempting login using AG001/asf230g2
01:33:53	Agent logged in
01:33:53	Initiating main UI
01:33:53	Activating login screen
01:33:53	Logging out..
01:33:53	Successfully logged out
01:33:53	Submitted
01:33:53	User: AG001 Password: asf230g2
01:33:53	Attempting login using AG001/asf230g2
01:33:53	Agent logged in
01:33:53	Initiating main UI
01:33:53	Activating login screen
01:33:53	Logging out..
01:33:54	Successfully logged out
01:33:54	Submitted
01:33:54	User: AG001 Password: asf230g2
01:33:54	Attempting login using AG001/asf230g2
01:33:54	Agent logged in
01:33:54	Initiating main UI
01:33:54	Activating login screen
01:33:54	Logging out..
01:33:54	Successfully logged out
01:33:54	Submitted
01:33:54	User: AG001 Password: asf230g2
01:33:54	Attempting login using AG001/asf230g2
01:33:54	Agent logged in
01:33:54	Initiating main UI
01:33:54	Activating login screen
01:33:54	Logging out..
01:33:54	Successfully logged out
01:33:54	Submitted
01:33:54	User: AG001 Password: asf230g2
01:33:54	Attempting login using AG001/asf230g2
01:33:54	Agent logged in
01:33:54	Initiating main UI
01:33:54	Activating login screen
01:33:54	Logging out..
01:33:54	Successfully logged out
01:33:54	Submitted
01:33:54	User: AG001 Password: asf230g2
01:33:54	Attempting login using AG001/asf230g2
01:33:54	Agent logged in
01:33:54	Initiating main UI
01:33:54	Activating login screen
01:33:54	Logging out..
01:33:54	Successfully logged out
01:33:54	Submitted
01:33:54	User: AG001 Password: asf230g2
01:33:54	Attempting login using AG001/asf230g2
01:33:54	Agent logged in
01:33:54	Initiating main UI
01:33:54	Activating login screen
01:33:55	Logging out..
01:33:55	Successfully logged out
01:33:55	Submitted
01:33:55	User: AG001 Password: asf230g2
01:33:55	Attempting login using AG001/asf230g2
01:33:55	Agent logged in
01:33:55	Initiating main UI
01:33:55	Activating login screen
01:33:55	Logging out..
01:33:55	Successfully logged out
01:33:55	Submitted
01:33:55	User: AG001 Password: asf230g2
01:33:55	Attempting login using AG001/asf230g2
01:33:55	Agent logged in
01:33:55	Initiating main UI
01:33:55	Activating login screen
01:33:55	Logging out..
01:33:55	Successfully logged out
01:33:55	Submitted
01:33:55	User: AG001 Password: asf230g2
01:33:55	Attempting login using AG001/asf230g2
01:33:55	Agent logged in
01:33:55	Initiating main UI
01:33:55	Activating login screen
01:33:55	Logging out..
01:33:55	Successfully logged out
01:33:55	Submitted
01:33:55	User: AG001 Password: asf230g2
01:33:55	Attempting login using AG001/asf230g2
01:33:55	Agent logged in
01:33:55	Initiating main UI
01:33:55	Activating login screen
01:33:56	Logging out..
01:33:56	Successfully logged out
01:33:56	Submitted
01:33:56	User: AG001 Password: asf230g2
01:33:56	Attempting login using AG001/asf230g2
01:33:56	Agent logged in
01:33:56	Initiating main UI
01:33:56	Activating login screen
01:33:56	Logging out..
01:33:56	Successfully logged out
01:33:56	Submitted
01:33:56	User: AG001 Password: asf230g2
01:33:56	Attempting login using AG001/asf230g2
01:33:56	Agent logged in
01:33:56	Initiating main UI
01:33:56	Activating login screen
01:33:57	Quitting MuzaMusic
