=================  iMuzaMusic v1.0 - Wed Feb 22 01:43:19 IST 2017 ==================
01:43:19	Attempting connection to MS Access DB
01:43:19	DB File: C:\Users\Administrator\Documents\NetBeansProjects2\HandsInAir\sources\MM_DB.accdb
01:43:22	Successfully connected to MS Access DB.
01:43:22	Opening Login Window through iWindow
01:43:22	Submitted
01:43:22	User: LR001 Password: 2ef92hf
01:43:22	Attempting login using LR001/2ef92hf
01:43:22	Location Represantative logged in
01:43:22	Initiating main UI
01:43:23	Added show to ShowList (PF045 Justin Bieber)
01:43:23	Added show to ShowList (PF018 Shawn Mendes)
01:43:23	Added show to ShowList (PF017 Justin Bieber)
01:43:23	Added show to ShowList (PF019 Shawn Mendes)
01:43:24	Refreshing show info (PF045)
01:43:25	Refreshing show info (PF018)
01:43:26	Refreshing show info (PF045)
01:43:27	Refreshing show info (PF018)
01:43:27	Refreshing show info (PF017)
01:43:28	Refreshing show info (PF045)
01:43:29	Refreshing show info (PF017)
01:43:30	Refreshing show info (PF018)
01:43:31	Refreshing show info (PF045)
01:43:32	Refreshing show info (PF017)
01:43:33	Refreshing show info (PF019)
01:43:35	Refreshing show info (PF045)
01:43:43	Quitting MuzaMusic
