=================  iMuzaMusic v1.0 - Wed Feb 22 03:45:23 IST 2017 ==================
03:45:23	Attempting connection to MS Access DB
03:45:23	DB File: C:\Users\nisan\Documents\Git\HandsInAirLatest\sources\MM_DB.accdb
03:45:25	Successfully connected to MS Access DB.
03:45:25	Opening Login Window through iWindow
03:45:25	Submitted
03:45:25	User: CU0123 Password: eg2j0g
03:45:25	Attempting login using CU0123/eg2j0g
03:45:25	test
03:45:25	Customer logged in
03:45:25	Initiating main UI
03:45:26	Added show to ShowList (PF030 Justin Bieber)
03:45:27	Refreshing show info (PF030)
03:45:27	Starting to refresh show details..
03:45:27	TEXT BEFORE: 
03:45:27	TEXT AFTER: None
03:45:32	Purchasing 6 tickets to show PF030 for customer Rafi Ben Shushan
03:45:32	Sending UPDATE Query: INSERT INTO ClientPurchases (ClientID, PerformenceID, NumberofTickets, datePurchased) values ("CU0123","PF030",6, "2017-02-22 03:45:32.813")
03:45:32	Starting to refresh show details..
03:45:32	TEXT BEFORE: 
03:45:32	TEXT AFTER: None
03:46:04	Added show to ShowList (PF030 Justin Bieber)
03:46:05	Refreshing show info (PF030)
03:46:05	Starting to refresh show details..
03:46:05	TEXT BEFORE: 
03:46:05	TEXT AFTER: None
03:46:07	Quitting MuzaMusic
