=================  iMuzaMusic v1.0 - Sun Feb 19 23:50:41 IST 2017 ==================
23:50:41	Attempting connection to MS Access DB
23:50:41	DB File: C:\Users\nisan\Documents\Git\HandsInAirLatest\sources\MM_DB.accdb
23:50:43	Successfully connected to MS Access DB.
23:50:43	Opening Login Window through iWindow
23:50:43	Submitted
23:50:43	User: AG001 Password: asf230g2
23:50:43	Attempting login using AG001/asf230g2
23:50:43	Agent logged in
23:50:43	Initiating main UI
23:50:44	Removing Barbarosa from favorited list
23:50:44	Removing Rotshild from favorited list
23:50:44	Removing Sleek from favorited list
23:50:44	Removing OpenHouse from favorited list
23:50:44	Found 4 favorited locations
23:50:46	Sending UPDATE Query: INSERT INTO AgentPreferLocation (AgentID, LocationID) values ("AG001","LC003")
23:50:46	Removing Barbarosa from favorited list
23:50:46	Removing Rotshild from favorited list
23:50:46	Removing Ha Beer from favorited list
23:50:46	Removing Sleek from favorited list
23:50:46	Removing OpenHouse from favorited list
23:50:46	Found 5 favorited locations
23:50:48	Sending UPDATE Query: delete from AgentPreferLocation where AgentID="AG001" AND LocationID="LC005"
23:50:48	Cancel favorited location: LocationID: LC005
23:50:48	Sending UPDATE Query: delete from AgentPreferLocation where AgentID="AG001" AND LocationID="LC003"
23:50:48	Cancel favorited location: LocationID: LC003
23:50:48	Removing Barbarosa from favorited list
23:50:48	Removing Rotshild from favorited list
23:50:48	Removing Sleek from favorited list
23:50:48	Found 3 favorited locations
23:50:50	Sending UPDATE Query: INSERT INTO AgentPreferLocation (AgentID, LocationID) values ("AG001","LC005")
23:50:50	Removing Barbarosa from favorited list
23:50:50	Removing Rotshild from favorited list
23:50:50	Removing Sleek from favorited list
23:50:50	Removing OpenHouse from favorited list
23:50:50	Found 4 favorited locations
23:50:58	Quitting MuzaMusic
