=================  iMuzaMusic v1.0 - Wed Feb 22 02:28:36 IST 2017 ==================
02:28:36	Attempting connection to MS Access DB
02:28:36	DB File: C:\Users\Administrator\Documents\NetBeansProjects2\HandsInAir\sources\MM_DB.accdb
02:28:39	Successfully connected to MS Access DB.
02:28:39	Opening Login Window through iWindow
02:28:39	Submitted
02:28:39	User: LR001 Password: 2ef92hf
02:28:39	Attempting login using LR001/2ef92hf
02:28:39	Location Represantative logged in
02:28:39	Initiating main UI
02:28:41	Added show to ShowList (PF045 Justin Bieber)
02:28:41	Added show to ShowList (PF018 Shawn Mendes)
02:28:41	Added show to ShowList (PF017 Justin Bieber)
02:28:41	Added show to ShowList (PF019 Shawn Mendes)
02:28:42	Refreshing show info (PF019)
02:28:42	Starting to refresh show details..
02:28:42	Refreshing show info (PF017)
02:28:42	Starting to refresh show details..
02:28:43	Refreshing show info (PF018)
02:28:43	Starting to refresh show details..
02:28:43	Logging out..
02:28:43	Successfully logged out
02:28:43	Submitted
02:28:43	User: LR001 Password: 2ef92hf
02:28:43	Attempting login using LR001/2ef92hf
02:28:43	Location Represantative logged in
02:28:43	Initiating main UI
02:28:44	Activating login screen
02:28:49	Submitted
02:28:49	User: CU0123 Password: eg2j0g
02:28:49	Attempting login using CU0123/eg2j0g
02:28:49	test
02:28:49	Customer logged in
02:28:49	Initiating main UI
02:28:50	Added show to ShowList (PF030 Justin Bieber)
02:28:52	Refreshing show info (PF030)
02:28:52	Starting to refresh show details..
02:37:26	Opening URL: https://www.google.co.il/maps/place/%25D7%2594%25D7%2594%25D7%2592%25D7%25A0%25D7%2594+20,+%25D7%2590%25D7%2596%25D7%2595%25D7%25A8%25E2%2580%25AD/@32.0267995,34.8072585,17z/data=!3m1!4b1!4m5!3m4!1s0x151d4b32506ae2e9:0x9040f73f144e5513!8m2!3d32.0267995!4d34.8050698 OK!
