=================  iMuzaMusic v1.0 - Wed Feb 22 01:56:45 IST 2017 ==================
01:56:45	Attempting connection to MS Access DB
01:56:45	DB File: C:\Users\Administrator\Documents\NetBeansProjects2\HandsInAir\sources\MM_DB.accdb
01:56:48	Successfully connected to MS Access DB.
01:56:48	Opening Login Window through iWindow
01:56:48	Submitted
01:56:48	User: LR001 Password: 2ef92hf
01:56:48	Attempting login using LR001/2ef92hf
01:56:48	Location Represantative logged in
01:56:48	Initiating main UI
01:56:49	Added show to ShowList (PF045 Justin Bieber)
01:56:49	Added show to ShowList (PF018 Shawn Mendes)
01:56:49	Added show to ShowList (PF017 Justin Bieber)
01:56:49	Added show to ShowList (PF019 Shawn Mendes)
01:56:50	Refreshing show info (PF045)
01:56:50	Starting to refresh show details..
01:56:51	Refreshing show info (PF018)
01:56:51	Starting to refresh show details..
01:56:51	Refreshing show info (PF017)
01:56:51	Starting to refresh show details..
01:56:52	Refreshing show info (PF019)
01:56:52	Starting to refresh show details..
01:56:53	Refreshing show info (PF017)
01:56:53	Starting to refresh show details..
