=================  iMuzaMusic v1.0 - Sat Feb 18 02:52:03 IST 2017 ==================
02:52:03	Attempting connection to MS Access DB
02:52:03	DB File: C:\Users\Administrator\Documents\NetBeansProjects2\HandsInAir\sources\MM_DB.accdb
02:52:05	Successfully connected to MS Access DB.
02:52:05	Opening Login Window through iWindow
02:52:06	Submitted
02:52:06	User: AG001 Password: asf230g2
02:52:06	Attempting login using AG001/asf230g2
02:52:06	Agent logged in
02:52:06	Initiating main UI
02:52:08	PF001 Drake Rotshild 2016-12-29
02:52:09	Getting unevaluated and evaluated artists for artist AR002
02:52:15	Sending UPDATE Query: DELETE FROM ArtistLikes WHERE ArtistID in("AR002")
02:52:15	Failed connected evaluations
02:52:15	Query: DELETE FROM ArtistLikes WHERE ArtistID in("AR002")
02:52:15	Sending UPDATE Query: INSERT INTO ArtistLikes (ArtistID, LikeID) VALUES ('AR002',"AR003")
02:52:15	Failed connected evaluations
02:52:15	Query: INSERT INTO ArtistLikes (ArtistID, LikeID) VALUES ('AR002',"AR003")
02:52:15	Sending UPDATE Query: INSERT INTO ArtistLikes (ArtistID, LikeID) VALUES ('AR002',"AR004")
02:52:15	Failed connected evaluations
02:52:15	Query: INSERT INTO ArtistLikes (ArtistID, LikeID) VALUES ('AR002',"AR004")
02:52:17	Quitting MuzaMusic
