=================  iMuzaMusic v1.0 - Tue Feb 28 17:52:14 IST 2017 ==================
17:52:14	Attempting connection to MS Access DB
17:52:14	DB File: C:\Users\nisan\Documents\Git\HandsInAirLatest\sources\MM_DB.accdb
17:52:15	Successfully connected to MS Access DB.
17:52:16	Opening Login Window through iWindow
17:52:19	Selected Debug Quick Login Feature for Nisan
17:52:19	Logging in...
17:52:19	Submitted from DEBUG Window
17:52:19	User: CU012 Password: eog32g34
17:52:19	Attempting login using CU012/eog32g34
17:52:19	test
17:52:19	Customer logged in
17:52:19	Initiating main UI
17:52:19	Aquiring menu for CU012 Auth: Customer
17:52:19	Selected Debug Quick Login Feature for Nisan
17:52:19	Logging in...
17:52:19	Submitted from DEBUG Window
17:52:19	User: CU012 Password: eog32g34
17:52:19	Attempting login using CU012/eog32g34
17:52:19	test
17:52:19	Customer logged in
17:52:19	Initiating main UI
17:52:19	Aquiring menu for CU012 Auth: Customer
17:52:20	Creating birthday card for customer: Nisan
17:52:20	Added signarture file of artist AR232
