=================  iMuzaMusic v1.0 - Wed Feb 22 03:42:40 IST 2017 ==================
03:42:40	Attempting connection to MS Access DB
03:42:40	DB File: C:\Users\nisan\Documents\Git\HandsInAirLatest\sources\MM_DB.accdb
03:42:41	Successfully connected to MS Access DB.
03:42:41	Opening Login Window through iWindow
03:42:42	Submitted
03:42:42	User: CU0123 Password: eg2j0g
03:42:42	Attempting login using CU0123/eg2j0g
03:42:42	test
03:42:42	Customer logged in
03:42:42	Initiating main UI
03:42:43	Added show to ShowList (PF030 Justin Bieber)
03:42:43	Refreshing show info (PF030)
03:42:43	Starting to refresh show details..
03:42:43	TEXT BEFORE: 
03:42:43	TEXT AFTER: None
03:42:48	Purchasing 4 tickets to show PF030 for customer Rafi Ben Shushan
03:42:48	Sending UPDATE Query: INSERT INTO ClientPurchases (ClientID, PerformenceID, NumberofTickets, datePurchased) values ("CU0123","PF030",4, "2017-02-22 03:42:48.948")
03:42:48	Starting to refresh show details..
03:42:48	TEXT BEFORE: 
03:42:48	TEXT AFTER: None
