=================  iMuzaMusic v1.0 - Wed Feb 22 01:41:42 IST 2017 ==================
01:41:42	Attempting connection to MS Access DB
01:41:42	DB File: C:\Users\Administrator\Documents\NetBeansProjects2\HandsInAir\sources\MM_DB.accdb
01:41:44	Successfully connected to MS Access DB.
01:41:44	Opening Login Window through iWindow
01:41:45	Submitted
01:41:45	User: LR001 Password: 2ef92hf
01:41:45	Attempting login using LR001/2ef92hf
01:41:45	Location Represantative logged in
01:41:45	Initiating main UI
01:41:46	Added show to ShowList (PF045 Justin Bieber)
01:41:46	Added show to ShowList (PF018 Shawn Mendes)
01:41:46	Added show to ShowList (PF017 Justin Bieber)
01:41:46	Added show to ShowList (PF019 Shawn Mendes)
01:41:47	Refreshing show info (PF045)
01:41:47	Refreshing show info (PF045)
01:41:48	Refreshing show info (PF018)
01:41:48	Refreshing show info (PF018)
01:41:49	Refreshing show info (PF017)
01:41:49	Refreshing show info (PF017)
01:41:50	Refreshing show info (PF018)
01:41:50	Refreshing show info (PF018)
01:41:52	Refreshing show info (PF045)
01:41:52	Refreshing show info (PF045)
01:41:53	Refreshing show info (PF018)
01:41:53	Refreshing show info (PF018)
01:41:54	Refreshing show info (PF017)
01:41:54	Refreshing show info (PF017)
01:41:57	Refreshing show info (PF019)
01:41:57	Refreshing show info (PF019)
01:41:59	Refreshing show info (PF018)
01:41:59	Refreshing show info (PF018)
01:42:01	Refreshing show info (PF045)
01:42:01	Refreshing show info (PF045)
01:42:02	Quitting MuzaMusic
