=================  iMuzaMusic v1.0 - Tue Feb 28 20:41:53 IST 2017 ==================
20:41:53	Attempting connection to MS Access DB
20:41:53	Attempting connection to MS Access DB
20:41:53	DB File: C:\Users\nisan\Documents\Git\HandsInAirLatest\sources\MM_DB.accdb
20:41:53	DB File: C:\Users\nisan\Documents\Git\HandsInAirLatest\sources\MM_DB.accdb
CONNECTING DB TO: jdbc:ucanaccess://C:\Users\nisan\Documents\Git\HandsInAirLatest\sources\MM_DB.accdb
Using second URL: jdbc:ucanaccess://C:\Users\nisan\Documents\Git\HandsInAirLatest\src\sources\MM_DB.accdb
20:41:54	Successfully connected to MS Access DB.
20:41:54	Successfully connected to MS Access DB.
20:41:54	Opening Login Window through iWindow
20:41:54	Opening Login Window through iWindow
20:41:57	Selected Debug Quick Login Feature for John
20:41:57	Selected Debug Quick Login Feature for John
20:41:57	Logging in...
20:41:57	Logging in...
20:41:57	Submitted from DEBUG Window
20:41:57	Submitted from DEBUG Window
20:41:57	User: CU001 Password: john123
20:41:57	User: CU001 Password: john123
20:41:57	Attempting login using CU001/john123
20:41:57	Attempting login using CU001/john123
20:41:57	test
20:41:57	test
20:41:57	Customer logged in
20:41:57	Customer logged in
20:41:57	Initiating main UI
20:41:57	Initiating main UI
20:41:57	Aquiring menu for CU001 Auth: Customer
20:41:57	Aquiring menu for CU001 Auth: Customer
20:41:57	Selected Debug Quick Login Feature for John
20:41:57	Selected Debug Quick Login Feature for John
20:41:57	Logging in...
20:41:57	Logging in...
20:41:57	Submitted from DEBUG Window
20:41:57	Submitted from DEBUG Window
20:41:57	User: CU001 Password: john123
20:41:57	User: CU001 Password: john123
20:41:57	Attempting login using CU001/john123
20:41:57	Attempting login using CU001/john123
20:41:57	test
20:41:57	test
20:41:57	Customer logged in
20:41:57	Customer logged in
20:41:57	Initiating main UI
20:41:57	Initiating main UI
20:41:57	Aquiring menu for CU001 Auth: Customer
20:41:57	Aquiring menu for CU001 Auth: Customer
20:42:02	Getting count for customer admires: CU001
20:42:02	Getting count for customer admires: CU001
20:42:02	Count is: 1
20:42:02	Count is: 1
20:42:02	Creating birthday card for customer: John
20:42:02	Creating birthday card for customer: John
20:42:02	Added signarture file of artist AR1
20:42:02	Added signarture file of artist AR1
20:42:02	Deleting tmp files
20:42:02	Deleting tmp files
20:42:03	Artist FB: https://www.facebook.com/rihanna/
20:42:03	Artist FB: https://www.facebook.com/rihanna/
20:42:03	Removing Rihanna from favorited list
20:42:03	Removing Rihanna from favorited list
20:42:03	Found 1 favorited artists
20:42:03	Found 1 favorited artists
20:42:03	Deleting tmp files
20:42:03	Deleting tmp files
20:42:04	Getting count for customer admires: CU001
20:42:04	Getting count for customer admires: CU001
20:42:04	Count is: 1
20:42:04	Count is: 1
20:42:04	Creating birthday card for customer: John
20:42:04	Creating birthday card for customer: John
20:42:04	Added signarture file of artist AR1
20:42:04	Added signarture file of artist AR1
20:42:04	Deleting tmp files
20:42:04	Deleting tmp files
20:42:06	Getting count for customer admires: CU001
20:42:06	Getting count for customer admires: CU001
20:42:06	Count is: 1
20:42:06	Count is: 1
20:42:06	Creating birthday card for customer: John
20:42:06	Creating birthday card for customer: John
20:42:06	Added signarture file of artist AR1
20:42:06	Added signarture file of artist AR1
20:42:06	Deleting tmp files
20:42:06	Deleting tmp files
20:42:06	Getting count for customer admires: CU001
20:42:06	Getting count for customer admires: CU001
20:42:06	Count is: 1
20:42:06	Count is: 1
20:42:06	Creating birthday card for customer: John
20:42:06	Creating birthday card for customer: John
20:42:06	Added signarture file of artist AR1
20:42:06	Added signarture file of artist AR1
20:42:06	Deleting tmp files
20:42:06	Deleting tmp files
20:42:06	Getting count for customer admires: CU001
20:42:06	Getting count for customer admires: CU001
20:42:06	Count is: 1
20:42:06	Count is: 1
20:42:06	Creating birthday card for customer: John
20:42:06	Creating birthday card for customer: John
20:42:06	Added signarture file of artist AR1
20:42:06	Added signarture file of artist AR1
20:42:06	Deleting tmp files
20:42:06	Deleting tmp files
20:42:07	Getting count for customer admires: CU001
20:42:07	Getting count for customer admires: CU001
20:42:07	Count is: 1
20:42:07	Count is: 1
20:42:07	Creating birthday card for customer: John
20:42:07	Creating birthday card for customer: John
20:42:07	Added signarture file of artist AR1
20:42:07	Added signarture file of artist AR1
20:42:07	Deleting tmp files
20:42:07	Deleting tmp files
20:42:07	Getting count for customer admires: CU001
20:42:07	Getting count for customer admires: CU001
20:42:07	Count is: 1
20:42:07	Count is: 1
20:42:07	Creating birthday card for customer: John
20:42:07	Creating birthday card for customer: John
20:42:07	Added signarture file of artist AR1
20:42:07	Added signarture file of artist AR1
20:42:07	Deleting tmp files
20:42:07	Deleting tmp files
20:42:07	Getting count for customer admires: CU001
20:42:07	Getting count for customer admires: CU001
20:42:07	Count is: 1
20:42:07	Count is: 1
20:42:07	Creating birthday card for customer: John
20:42:07	Creating birthday card for customer: John
20:42:07	Added signarture file of artist AR1
20:42:07	Added signarture file of artist AR1
20:42:07	Deleting tmp files
20:42:07	Deleting tmp files
20:42:08	Getting count for customer admires: CU001
20:42:08	Getting count for customer admires: CU001
20:42:08	Count is: 1
20:42:08	Count is: 1
20:42:08	Creating birthday card for customer: John
20:42:08	Creating birthday card for customer: John
20:42:08	Added signarture file of artist AR1
20:42:08	Added signarture file of artist AR1
20:42:08	Deleting tmp files
20:42:08	Deleting tmp files
20:42:10	Artist FB: https://www.facebook.com/rihanna/
20:42:10	Artist FB: https://www.facebook.com/rihanna/
20:42:10	Removing Rihanna from favorited list
20:42:10	Removing Rihanna from favorited list
20:42:10	Found 1 favorited artists
20:42:10	Found 1 favorited artists
20:42:10	Deleting tmp files
20:42:10	Deleting tmp files
Rihanna
Rihanna
20:42:14	Sending UPDATE Query: delete from CustomerAdmires where ClientID="CU001" AND ArtistID="AR1"
20:42:14	Sending UPDATE Query: delete from CustomerAdmires where ClientID="CU001" AND ArtistID="AR1"
20:42:14	Cancel favorited Artist: ArtistID: AR1
20:42:14	Cancel favorited Artist: ArtistID: AR1
20:42:14	Artist FB: https://www.facebook.com/rihanna/
20:42:14	Artist FB: https://www.facebook.com/rihanna/
20:42:14	Found 0 favorited artists
20:42:14	Found 0 favorited artists
20:42:16	Getting count for customer admires: CU001
20:42:16	Getting count for customer admires: CU001
20:42:16	Count is: 0
20:42:16	Count is: 0
20:42:16	Deleting tmp files
20:42:16	Deleting tmp files
20:42:16	Artist FB: https://www.facebook.com/rihanna/
20:42:16	Artist FB: https://www.facebook.com/rihanna/
20:42:16	Found 0 favorited artists
20:42:16	Found 0 favorited artists
20:42:16	Deleting tmp files
20:42:16	Deleting tmp files
20:42:18	Sending UPDATE Query: INSERT INTO CustomerAdmires (ClientID, ArtistID) values ("CU001","AR1")
20:42:18	Sending UPDATE Query: INSERT INTO CustomerAdmires (ClientID, ArtistID) values ("CU001","AR1")
20:42:18	Artist FB: https://www.facebook.com/rihanna/
20:42:18	Artist FB: https://www.facebook.com/rihanna/
20:42:18	Removing Rihanna from favorited list
20:42:18	Removing Rihanna from favorited list
20:42:18	Found 1 favorited artists
20:42:18	Found 1 favorited artists
20:42:19	Getting count for customer admires: CU001
20:42:19	Getting count for customer admires: CU001
20:42:19	Count is: 1
20:42:19	Count is: 1
20:42:19	Creating birthday card for customer: John
20:42:19	Creating birthday card for customer: John
20:42:19	Added signarture file of artist AR1
20:42:19	Added signarture file of artist AR1
20:42:19	Deleting tmp files
20:42:19	Deleting tmp files
