=================  iMuzaMusic v1.0 - Tue Feb 28 20:38:01 IST 2017 ==================
20:38:01	Attempting connection to MS Access DB
20:38:01	Attempting connection to MS Access DB
20:38:01	DB File: C:\Users\nisan\Documents\Git\HandsInAirLatest\sources\MM_DB.accdb
20:38:01	DB File: C:\Users\nisan\Documents\Git\HandsInAirLatest\sources\MM_DB.accdb
CONNECTING DB TO: jdbc:ucanaccess://C:\Users\nisan\Documents\Git\HandsInAirLatest\sources\MM_DB.accdb
Using second URL: jdbc:ucanaccess://C:\Users\nisan\Documents\Git\HandsInAirLatest\src\sources\MM_DB.accdb
20:38:03	Successfully connected to MS Access DB.
20:38:03	Successfully connected to MS Access DB.
20:38:03	Opening Login Window through iWindow
20:38:03	Opening Login Window through iWindow
20:38:05	Selected Debug Quick Login Feature for John
20:38:05	Selected Debug Quick Login Feature for John
20:38:05	Logging in...
20:38:05	Logging in...
20:38:05	Submitted from DEBUG Window
20:38:05	Submitted from DEBUG Window
20:38:05	User: CU001 Password: john123
20:38:05	User: CU001 Password: john123
20:38:05	Attempting login using CU001/john123
20:38:05	Attempting login using CU001/john123
20:38:05	test
20:38:05	test
20:38:05	Customer logged in
20:38:05	Customer logged in
20:38:05	Initiating main UI
20:38:05	Initiating main UI
20:38:05	Aquiring menu for CU001 Auth: Customer
20:38:05	Aquiring menu for CU001 Auth: Customer
20:38:05	Selected Debug Quick Login Feature for John
20:38:05	Selected Debug Quick Login Feature for John
20:38:05	Logging in...
20:38:05	Logging in...
20:38:05	Submitted from DEBUG Window
20:38:05	Submitted from DEBUG Window
20:38:05	User: CU001 Password: john123
20:38:05	User: CU001 Password: john123
20:38:05	Attempting login using CU001/john123
20:38:05	Attempting login using CU001/john123
20:38:05	test
20:38:05	test
20:38:05	Customer logged in
20:38:05	Customer logged in
20:38:05	Initiating main UI
20:38:05	Initiating main UI
20:38:05	Aquiring menu for CU001 Auth: Customer
20:38:05	Aquiring menu for CU001 Auth: Customer
20:38:07	Deleting tmp files
20:38:07	Deleting tmp files
20:38:07	Deleting tmp files
20:38:07	Deleting tmp files
20:39:32	Deleting tmp files
20:39:32	Deleting tmp files
20:39:32	Deleting tmp files
20:39:32	Deleting tmp files
20:39:33	Artist FB: https://www.facebook.com/rihanna/
20:39:33	Artist FB: https://www.facebook.com/rihanna/
20:39:33	Removing Rihanna from favorited list
20:39:33	Removing Rihanna from favorited list
20:39:33	Found 1 favorited artists
20:39:33	Found 1 favorited artists
20:39:33	Deleting tmp files
20:39:33	Deleting tmp files
Rihanna
Rihanna
20:39:43	Sending UPDATE Query: delete from CustomerAdmires where ClientID="CU001" AND ArtistID="AR1"
20:39:43	Sending UPDATE Query: delete from CustomerAdmires where ClientID="CU001" AND ArtistID="AR1"
20:39:43	Cancel favorited Artist: ArtistID: AR1
20:39:43	Cancel favorited Artist: ArtistID: AR1
20:39:43	Artist FB: https://www.facebook.com/rihanna/
20:39:43	Artist FB: https://www.facebook.com/rihanna/
20:39:43	Found 0 favorited artists
20:39:43	Found 0 favorited artists
20:39:44	Deleting tmp files
20:39:44	Deleting tmp files
20:39:46	Deleting tmp files
20:39:46	Deleting tmp files
