=================  iMuzaMusic v1.0 - Tue Feb 28 19:10:14 IST 2017 ==================
19:10:14	Attempting connection to MS Access DB
19:10:14	Attempting connection to MS Access DB
19:10:14	DB File: C:\Users\nisan\Documents\Git\HandsInAirLatest\sources\MM_DB.accdb
19:10:14	DB File: C:\Users\nisan\Documents\Git\HandsInAirLatest\sources\MM_DB.accdb
CONNECTING DB TO: jdbc:ucanaccess://C:\Users\nisan\Documents\Git\HandsInAirLatest\sources\MM_DB.accdb
Using second URL: jdbc:ucanaccess://C:\Users\nisan\Documents\Git\HandsInAirLatest\src\sources\MM_DB.accdb
19:10:15	Successfully connected to MS Access DB.
19:10:15	Successfully connected to MS Access DB.
19:10:15	Opening Login Window through iWindow
19:10:15	Opening Login Window through iWindow
19:10:19	Selected Debug Quick Login Feature for Danny
19:10:19	Selected Debug Quick Login Feature for Danny
19:10:19	Logging in...
19:10:19	Logging in...
19:10:19	Submitted from DEBUG Window
19:10:19	Submitted from DEBUG Window
19:10:19	User: AG001 Password: dannyb
19:10:19	User: AG001 Password: dannyb
19:10:19	Attempting login using AG001/dannyb
19:10:19	Attempting login using AG001/dannyb
19:10:19	Agent logged in
19:10:19	Agent logged in
19:10:19	Initiating main UI
19:10:19	Initiating main UI
19:10:19	Aquiring menu for AG001 Auth: Agent
19:10:19	Aquiring menu for AG001 Auth: Agent
19:10:19	Selected Debug Quick Login Feature for Danny
19:10:19	Selected Debug Quick Login Feature for Danny
19:10:19	Logging in...
19:10:19	Logging in...
19:10:19	Submitted from DEBUG Window
19:10:19	Submitted from DEBUG Window
19:10:19	User: AG001 Password: dannyb
19:10:19	User: AG001 Password: dannyb
19:10:19	Attempting login using AG001/dannyb
19:10:19	Attempting login using AG001/dannyb
19:10:19	Agent logged in
19:10:19	Agent logged in
19:10:19	Initiating main UI
19:10:19	Initiating main UI
19:10:19	Aquiring menu for AG001 Auth: Agent
19:10:19	Aquiring menu for AG001 Auth: Agent
19:10:20	Added show to ShowList ( Rihanna)
19:10:20	Added show to ShowList ( Rihanna)
19:10:20	Deleting tmp files
19:10:20	Deleting tmp files
19:10:24	Removing The Duke from favorited list
19:10:24	Removing The Duke from favorited list
19:10:24	Found 1 favorited locations
19:10:24	Found 1 favorited locations
19:10:24	Deleting tmp files
19:10:24	Deleting tmp files
19:10:24	Removing The Duke from favorited list
19:10:24	Removing The Duke from favorited list
19:10:24	Found 1 favorited locations
19:10:24	Found 1 favorited locations
19:10:24	Deleting tmp files
19:10:24	Deleting tmp files
19:10:27	Exit command identified
19:10:27	Exit command identified
19:10:27	Exporting XML for iRecord
19:10:27	Exporting XML for iRecord
Feb 28, 2017 7:10:27 PM Controller.Main.XMLManager ExportArtistsXML
SEVERE: null
java.io.FileNotFoundException: sources\xml\HIA-Artist-Data.xml (The system cannot find the path specified)
	at java.io.FileOutputStream.open0(Native Method)
	at java.io.FileOutputStream.open(FileOutputStream.java:270)
	at java.io.FileOutputStream.<init>(FileOutputStream.java:213)
	at java.io.FileOutputStream.<init>(FileOutputStream.java:162)
	at java.io.PrintStream.<init>(PrintStream.java:279)
	at Controller.Main.XMLManager.ExportArtistsXML(XMLManager.java:179)
	at Controller.Main.XMLManager.ExportXML(XMLManager.java:108)
	at Boundary.Main.MainGui.btnExitMouseClicked(MainGui.java:402)
	at Boundary.Main.MainGui.access$1200(MainGui.java:35)
	at Boundary.Main.MainGui$13.mouseClicked(MainGui.java:368)
	at java.awt.AWTEventMulticaster.mouseClicked(AWTEventMulticaster.java:270)
	at java.awt.Component.processMouseEvent(Component.java:6536)
	at javax.swing.JComponent.processMouseEvent(JComponent.java:3324)
	at java.awt.Component.processEvent(Component.java:6298)
	at java.awt.Container.processEvent(Container.java:2236)
	at java.awt.Component.dispatchEventImpl(Component.java:4889)
	at java.awt.Container.dispatchEventImpl(Container.java:2294)
	at java.awt.Component.dispatchEvent(Component.java:4711)
	at java.awt.LightweightDispatcher.retargetMouseEvent(Container.java:4888)
	at java.awt.LightweightDispatcher.processMouseEvent(Container.java:4534)
	at java.awt.LightweightDispatcher.dispatchEvent(Container.java:4466)
	at java.awt.Container.dispatchEventImpl(Container.java:2280)
	at java.awt.Window.dispatchEventImpl(Window.java:2746)
	at java.awt.Component.dispatchEvent(Component.java:4711)
	at java.awt.EventQueue.dispatchEventImpl(EventQueue.java:758)
	at java.awt.EventQueue.access$500(EventQueue.java:97)
	at java.awt.EventQueue$3.run(EventQueue.java:709)
	at java.awt.EventQueue$3.run(EventQueue.java:703)
	at java.security.AccessController.doPrivileged(Native Method)
	at java.security.ProtectionDomain$JavaSecurityAccessImpl.doIntersectionPrivilege(ProtectionDomain.java:76)
	at java.security.ProtectionDomain$JavaSecurityAccessImpl.doIntersectionPrivilege(ProtectionDomain.java:86)
	at java.awt.EventQueue$4.run(EventQueue.java:731)
	at java.awt.EventQueue$4.run(EventQueue.java:729)
	at java.security.AccessController.doPrivileged(Native Method)
	at java.security.ProtectionDomain$JavaSecurityAccessImpl.doIntersectionPrivilege(ProtectionDomain.java:76)
	at java.awt.EventQueue.dispatchEvent(EventQueue.java:728)
	at java.awt.EventDispatchThread.pumpOneEventForFilters(EventDispatchThread.java:201)
	at java.awt.EventDispatchThread.pumpEventsForFilter(EventDispatchThread.java:116)
	at java.awt.EventDispatchThread.pumpEventsForHierarchy(EventDispatchThread.java:105)
	at java.awt.EventDispatchThread.pumpEvents(EventDispatchThread.java:101)
	at java.awt.EventDispatchThread.pumpEvents(EventDispatchThread.java:93)
	at java.awt.EventDispatchThread.run(EventDispatchThread.java:82)

Feb 28, 2017 7:10:27 PM Controller.Main.XMLManager ExportSessionXML
SEVERE: null
java.io.FileNotFoundException: sources\xml\HIA-Artist-Shows.xml (The system cannot find the path specified)
	at java.io.FileOutputStream.open0(Native Method)
	at java.io.FileOutputStream.open(FileOutputStream.java:270)
	at java.io.FileOutputStream.<init>(FileOutputStream.java:213)
	at java.io.FileOutputStream.<init>(FileOutputStream.java:162)
	at java.io.PrintStream.<init>(PrintStream.java:279)
	at Controller.Main.XMLManager.ExportSessionXML(XMLManager.java:254)
	at Controller.Main.XMLManager.ExportXML(XMLManager.java:109)
	at Boundary.Main.MainGui.btnExitMouseClicked(MainGui.java:402)
	at Boundary.Main.MainGui.access$1200(MainGui.java:35)
	at Boundary.Main.MainGui$13.mouseClicked(MainGui.java:368)
	at java.awt.AWTEventMulticaster.mouseClicked(AWTEventMulticaster.java:270)
	at java.awt.Component.processMouseEvent(Component.java:6536)
	at javax.swing.JComponent.processMouseEvent(JComponent.java:3324)
	at java.awt.Component.processEvent(Component.java:6298)
	at java.awt.Container.processEvent(Container.java:2236)
	at java.awt.Component.dispatchEventImpl(Component.java:4889)
	at java.awt.Container.dispatchEventImpl(Container.java:2294)
	at java.awt.Component.dispatchEvent(Component.java:4711)
	at java.awt.LightweightDispatcher.retargetMouseEvent(Container.java:4888)
	at java.awt.LightweightDispatcher.processMouseEvent(Container.java:4534)
	at java.awt.LightweightDispatcher.dispatchEvent(Container.java:4466)
	at java.awt.Container.dispatchEventImpl(Container.java:2280)
	at java.awt.Window.dispatchEventImpl(Window.java:2746)
	at java.awt.Component.dispatchEvent(Component.java:4711)
	at java.awt.EventQueue.dispatchEventImpl(EventQueue.java:758)
	at java.awt.EventQueue.access$500(EventQueue.java:97)
	at java.awt.EventQueue$3.run(EventQueue.java:709)
	at java.awt.EventQueue$3.run(EventQueue.java:703)
	at java.security.AccessController.doPrivileged(Native Method)
	at java.security.ProtectionDomain$JavaSecurityAccessImpl.doIntersectionPrivilege(ProtectionDomain.java:76)
	at java.security.ProtectionDomain$JavaSecurityAccessImpl.doIntersectionPrivilege(ProtectionDomain.java:86)
	at java.awt.EventQueue$4.run(EventQueue.java:731)
	at java.awt.EventQueue$4.run(EventQueue.java:729)
	at java.security.AccessController.doPrivileged(Native Method)
	at java.security.ProtectionDomain$JavaSecurityAccessImpl.doIntersectionPrivilege(ProtectionDomain.java:76)
	at java.awt.EventQueue.dispatchEvent(EventQueue.java:728)
	at java.awt.EventDispatchThread.pumpOneEventForFilters(EventDispatchThread.java:201)
	at java.awt.EventDispatchThread.pumpEventsForFilter(EventDispatchThread.java:116)
	at java.awt.EventDispatchThread.pumpEventsForHierarchy(EventDispatchThread.java:105)
	at java.awt.EventDispatchThread.pumpEvents(EventDispatchThread.java:101)
	at java.awt.EventDispatchThread.pumpEvents(EventDispatchThread.java:93)
	at java.awt.EventDispatchThread.run(EventDispatchThread.java:82)

19:10:27	Quitting MuzaMusic
19:10:27	Quitting MuzaMusic
