=================  iMuzaMusic v1.0 - Tue Feb 28 19:12:54 IST 2017 ==================
19:12:54	Attempting connection to MS Access DB
19:12:54	Attempting connection to MS Access DB
19:12:54	DB File: C:\Users\nisan\Documents\Git\HandsInAirLatest\sources\MM_DB.accdb
19:12:54	DB File: C:\Users\nisan\Documents\Git\HandsInAirLatest\sources\MM_DB.accdb
CONNECTING DB TO: jdbc:ucanaccess://C:\Users\nisan\Documents\Git\HandsInAirLatest\sources\MM_DB.accdb
Using second URL: jdbc:ucanaccess://C:\Users\nisan\Documents\Git\HandsInAirLatest\src\sources\MM_DB.accdb
19:12:55	Successfully connected to MS Access DB.
19:12:55	Successfully connected to MS Access DB.
19:12:56	Opening Login Window through iWindow
19:12:56	Opening Login Window through iWindow
19:12:56	Exporting XML Reports
19:12:56	Exporting XML Reports
19:12:56	Aquiring stream result
19:12:56	Aquiring stream result
19:12:56	Transforming result
19:12:56	Transforming result
Warning: Could not get charToByteConverterClass!
19:12:56	Successfully exported HIA-Artist-Data.xml file for iRecord System.
19:12:56	Successfully exported HIA-Artist-Data.xml file for iRecord System.
19:12:56	Aquiring stream result
19:12:56	Aquiring stream result
19:12:56	Transforming result
19:12:56	Transforming result
19:12:56	Successfully exported HIA-Artist-Shows.xml file for iRecord System.
19:12:56	Successfully exported HIA-Artist-Shows.xml file for iRecord System.
19:12:57	Exporting XML Reports
19:12:57	Exporting XML Reports
19:12:57	Aquiring stream result
19:12:57	Aquiring stream result
19:12:57	Transforming result
19:12:57	Transforming result
19:12:57	Successfully exported HIA-Artist-Data.xml file for iRecord System.
19:12:57	Successfully exported HIA-Artist-Data.xml file for iRecord System.
19:12:57	Aquiring stream result
19:12:57	Aquiring stream result
19:12:57	Transforming result
19:12:57	Transforming result
19:12:57	Successfully exported HIA-Artist-Shows.xml file for iRecord System.
19:12:57	Successfully exported HIA-Artist-Shows.xml file for iRecord System.
19:12:58	Exporting XML Reports
19:12:58	Exporting XML Reports
19:12:58	Aquiring stream result
19:12:58	Aquiring stream result
19:12:58	Transforming result
19:12:58	Transforming result
19:12:58	Successfully exported HIA-Artist-Data.xml file for iRecord System.
19:12:58	Successfully exported HIA-Artist-Data.xml file for iRecord System.
19:12:58	Aquiring stream result
19:12:58	Aquiring stream result
19:12:58	Transforming result
19:12:58	Transforming result
19:12:58	Successfully exported HIA-Artist-Shows.xml file for iRecord System.
19:12:58	Successfully exported HIA-Artist-Shows.xml file for iRecord System.
19:12:59	Submitted
19:12:59	Submitted
19:12:59	User: asd Password: asd
19:12:59	User: asd Password: asd
19:12:59	Attempting login using asd/asd
19:12:59	Attempting login using asd/asd
19:13:00	Exporting XML Reports
19:13:00	Exporting XML Reports
19:13:00	Aquiring stream result
19:13:00	Aquiring stream result
19:13:00	Transforming result
19:13:00	Transforming result
19:13:00	Successfully exported HIA-Artist-Data.xml file for iRecord System.
19:13:00	Successfully exported HIA-Artist-Data.xml file for iRecord System.
19:13:00	Aquiring stream result
19:13:00	Aquiring stream result
19:13:00	Transforming result
19:13:00	Transforming result
19:13:00	Successfully exported HIA-Artist-Shows.xml file for iRecord System.
19:13:00	Successfully exported HIA-Artist-Shows.xml file for iRecord System.
19:13:00	Exporting XML Reports
19:13:00	Exporting XML Reports
19:13:00	Aquiring stream result
19:13:00	Aquiring stream result
19:13:00	Transforming result
19:13:00	Transforming result
19:13:00	Successfully exported HIA-Artist-Data.xml file for iRecord System.
19:13:00	Successfully exported HIA-Artist-Data.xml file for iRecord System.
19:13:00	Aquiring stream result
19:13:00	Aquiring stream result
19:13:00	Transforming result
19:13:00	Transforming result
19:13:00	Successfully exported HIA-Artist-Shows.xml file for iRecord System.
19:13:00	Successfully exported HIA-Artist-Shows.xml file for iRecord System.
19:13:00	Exporting XML Reports
19:13:00	Exporting XML Reports
19:13:00	Aquiring stream result
19:13:00	Aquiring stream result
19:13:00	Transforming result
19:13:00	Transforming result
19:13:00	Successfully exported HIA-Artist-Data.xml file for iRecord System.
19:13:00	Successfully exported HIA-Artist-Data.xml file for iRecord System.
19:13:00	Aquiring stream result
19:13:00	Aquiring stream result
19:13:00	Transforming result
19:13:00	Transforming result
19:13:00	Successfully exported HIA-Artist-Shows.xml file for iRecord System.
19:13:00	Successfully exported HIA-Artist-Shows.xml file for iRecord System.
19:13:00	Exporting XML Reports
19:13:00	Exporting XML Reports
19:13:00	Aquiring stream result
19:13:00	Aquiring stream result
19:13:00	Transforming result
19:13:00	Transforming result
19:13:00	Successfully exported HIA-Artist-Data.xml file for iRecord System.
19:13:00	Successfully exported HIA-Artist-Data.xml file for iRecord System.
19:13:00	Aquiring stream result
19:13:00	Aquiring stream result
19:13:00	Transforming result
19:13:00	Transforming result
19:13:00	Successfully exported HIA-Artist-Shows.xml file for iRecord System.
19:13:00	Successfully exported HIA-Artist-Shows.xml file for iRecord System.
19:13:01	Exporting XML Reports
19:13:01	Exporting XML Reports
19:13:01	Aquiring stream result
19:13:01	Aquiring stream result
19:13:01	Transforming result
19:13:01	Transforming result
19:13:01	Successfully exported HIA-Artist-Data.xml file for iRecord System.
19:13:01	Successfully exported HIA-Artist-Data.xml file for iRecord System.
19:13:01	Aquiring stream result
19:13:01	Aquiring stream result
19:13:01	Transforming result
19:13:01	Transforming result
19:13:01	Successfully exported HIA-Artist-Shows.xml file for iRecord System.
19:13:01	Successfully exported HIA-Artist-Shows.xml file for iRecord System.
19:13:01	Exporting XML Reports
19:13:01	Exporting XML Reports
19:13:01	Aquiring stream result
19:13:01	Aquiring stream result
19:13:01	Transforming result
19:13:01	Transforming result
19:13:01	Successfully exported HIA-Artist-Data.xml file for iRecord System.
19:13:01	Successfully exported HIA-Artist-Data.xml file for iRecord System.
19:13:01	Aquiring stream result
19:13:01	Aquiring stream result
19:13:01	Transforming result
19:13:01	Transforming result
19:13:01	Successfully exported HIA-Artist-Shows.xml file for iRecord System.
19:13:01	Successfully exported HIA-Artist-Shows.xml file for iRecord System.
19:13:02	Exporting XML Reports
19:13:02	Exporting XML Reports
19:13:02	Aquiring stream result
19:13:02	Aquiring stream result
19:13:02	Transforming result
19:13:02	Transforming result
19:13:02	Successfully exported HIA-Artist-Data.xml file for iRecord System.
19:13:02	Successfully exported HIA-Artist-Data.xml file for iRecord System.
19:13:02	Aquiring stream result
19:13:02	Aquiring stream result
19:13:02	Transforming result
19:13:02	Transforming result
19:13:02	Successfully exported HIA-Artist-Shows.xml file for iRecord System.
19:13:02	Successfully exported HIA-Artist-Shows.xml file for iRecord System.
19:13:02	Exporting XML Reports
19:13:02	Exporting XML Reports
19:13:02	Aquiring stream result
19:13:02	Aquiring stream result
19:13:02	Transforming result
19:13:02	Transforming result
19:13:02	Successfully exported HIA-Artist-Data.xml file for iRecord System.
19:13:02	Successfully exported HIA-Artist-Data.xml file for iRecord System.
19:13:02	Aquiring stream result
19:13:02	Aquiring stream result
19:13:02	Transforming result
19:13:02	Transforming result
19:13:02	Successfully exported HIA-Artist-Shows.xml file for iRecord System.
19:13:02	Successfully exported HIA-Artist-Shows.xml file for iRecord System.
